This file contains any messages produced by compilers while
running configure, to aid debugging if configure makes a mistake.

It was created by tk configure 8.5, which was
generated by GNU Autoconf 2.59.  Invocation command line was

  $ ./configure --prefix=/Users/oide/SAD/oldsad//arch/i386-Darwin12 --enable-64bit --enable-xft --x-includes=/usr/X11R6/include --x-libraries=/usr/X11R6/lib --enable-shared

## --------- ##
## Platform. ##
## --------- ##

hostname = vpnk172.kek.jp
uname -m = x86_64
uname -r = 12.2.0
uname -s = Darwin
uname -v = Darwin Kernel Version 12.2.0: Sat Aug 25 00:48:52 PDT 2012; root:xnu-2050.18.24~1/RELEASE_X86_64

/usr/bin/uname -p = i386
/bin/uname -X     = unknown

/bin/arch              = unknown
/usr/bin/arch -k       = unknown
/usr/convex/getsysinfo = unknown
hostinfo               = Mach kernel version:
	 Darwin Kernel Version 12.2.0: Sat Aug 25 00:48:52 PDT 2012; root:xnu-2050.18.24~1/RELEASE_X86_64
Kernel configured for up to 4 processors.
2 processors are physically available.
4 processors are logically available.
Processor type: i486 (Intel 80486)
Processors active: 0 1 2 3
Primary memory available: 8.00 gigabytes
Default processor set: 179 tasks, 879 threads, 4 processors
Load average: 1.93, Mach factor: 2.16
/bin/machine           = unknown
/usr/bin/oslevel       = unknown
/bin/universe          = unknown

PATH: /opt/X11/bin
PATH: /opt/local/bin
PATH: /opt/local/sbin
PATH: /sw/bin
PATH: /sw/sbin
PATH: /opt/local/bin
PATH: /opt/local/sbin
PATH: /Users/oide/bin
PATH: /usr/local/bin
PATH: /usr/bin
PATH: /bin
PATH: /usr/local/sbin
PATH: /usr/sbin
PATH: /sbin
PATH: /usr/X11R6/bin
PATH: /usr/texbin
PATH: /Users/oide/SAD/oldsad/bin


## ----------- ##
## Core tests. ##
## ----------- ##

configure:1365: checking for Tcl configuration
configure:1469: result: found /Users/oide/SAD/oldsad/obj/i386-Darwin12/tcl8.5.12/unix/tclConfig.sh
configure:1475: checking for existence of /Users/oide/SAD/oldsad/obj/i386-Darwin12/tcl8.5.12/unix/tclConfig.sh
configure:1479: result: loading
configure:1545: checking for tclsh
configure:1569: result: /sw/bin/tclsh8.4
configure:1580: checking for tclsh in Tcl build directory
configure:1583: result: /Users/oide/SAD/oldsad/obj/i386-Darwin12/tcl8.5.12/unix/tclsh
configure:1617: checking whether to use symlinks for manpages
configure:1626: result: no
configure:1629: checking whether to compress the manpages
configure:1644: result: no
configure:1658: checking whether to add a package name suffix for the manpages
configure:1671: result: no
configure:1733: checking for gcc
configure:1759: result: gcc-mp-4.7 -Wall -std=gnu11 -m64  -m64
configure:2003: checking for C compiler version
configure:2006: gcc-mp-4.7 -Wall -std=gnu11 -m64  -m64 --version </dev/null >&5
gcc-mp-4.7 (MacPorts gcc47 4.7.2_2) 4.7.2
Copyright (C) 2012 Free Software Foundation, Inc.
This is free software; see the source for copying conditions.  There is NO
warranty; not even for MERCHANTABILITY or FITNESS FOR A PARTICULAR PURPOSE.

configure:2009: $? = 0
configure:2011: gcc-mp-4.7 -Wall -std=gnu11 -m64  -m64 -v </dev/null >&5
Using built-in specs.
COLLECT_GCC=gcc-mp-4.7
COLLECT_LTO_WRAPPER=/private/opt/local/bin/../libexec/gcc/x86_64-apple-darwin12/4.7.2/lto-wrapper
Target: x86_64-apple-darwin12
Configured with: ../gcc-4.7.2/configure --prefix=/opt/local --build=x86_64-apple-darwin12 --enable-languages=c,c++,objc,obj-c++,lto,fortran,java --libdir=/opt/local/lib/gcc47 --includedir=/opt/local/include/gcc47 --infodir=/opt/local/share/info --mandir=/opt/local/share/man --datarootdir=/opt/local/share/gcc-4.7 --with-libiconv-prefix=/opt/local --with-local-prefix=/opt/local --with-system-zlib --disable-nls --program-suffix=-mp-4.7 --with-gxx-include-dir=/opt/local/include/gcc47/c++/ --with-gmp=/opt/local --with-mpfr=/opt/local --with-mpc=/opt/local --with-ppl=/opt/local --with-cloog=/opt/local --enable-cloog-backend=isl --disable-cloog-version-check --enable-stage1-checking --disable-multilib --enable-lto --enable-libstdcxx-time --with-as=/opt/local/bin/as --with-ld=/opt/local/bin/ld --with-ar=/opt/local/bin/ar --with-bugurl=https://trac.macports.org/newticket --disable-ppl-version-check --with-pkgversion='MacPorts gcc47 4.7.2_2'
Thread model: posix
gcc version 4.7.2 (MacPorts gcc47 4.7.2_2) 
configure:2014: $? = 0
configure:2016: gcc-mp-4.7 -Wall -std=gnu11 -m64  -m64 -V </dev/null >&5
gcc-mp-4.7: error: unrecognized command line option '-V'
gcc-mp-4.7: fatal error: no input files
compilation terminated.
configure:2019: $? = 1
configure:2042: checking for C compiler default output file name
configure:2045: gcc-mp-4.7 -Wall -std=gnu11 -m64  -m64  -DTCL_NO_STACK_CHECK -m64 -DTCL_NO_STACK_CHECK -m64   conftest.c  >&5
configure:2048: $? = 0
configure:2094: result: a.out
configure:2099: checking whether the C compiler works
configure:2105: ./a.out
configure:2108: $? = 0
configure:2125: result: yes
configure:2132: checking whether we are cross compiling
configure:2134: result: no
configure:2137: checking for suffix of executables
configure:2139: gcc-mp-4.7 -Wall -std=gnu11 -m64  -m64 -o conftest  -DTCL_NO_STACK_CHECK -m64 -DTCL_NO_STACK_CHECK -m64   conftest.c  >&5
configure:2142: $? = 0
configure:2167: result: 
configure:2173: checking for suffix of object files
configure:2194: gcc-mp-4.7 -Wall -std=gnu11 -m64  -m64 -c  -DTCL_NO_STACK_CHECK -m64 -DTCL_NO_STACK_CHECK -m64  conftest.c >&5
configure:2197: $? = 0
configure:2219: result: o
configure:2223: checking whether we are using the GNU C compiler
configure:2247: gcc-mp-4.7 -Wall -std=gnu11 -m64  -m64 -c  -DTCL_NO_STACK_CHECK -m64 -DTCL_NO_STACK_CHECK -m64  conftest.c >&5
configure:2253: $? = 0
configure:2257: test -z 
			 || test ! -s conftest.err
configure:2260: $? = 0
configure:2263: test -s conftest.o
configure:2266: $? = 0
configure:2279: result: yes
configure:2285: checking whether gcc-mp-4.7 -Wall -std=gnu11 -m64  -m64 accepts -g
configure:2306: gcc-mp-4.7 -Wall -std=gnu11 -m64  -m64 -c -g  conftest.c >&5
configure:2312: $? = 0
configure:2316: test -z 
			 || test ! -s conftest.err
configure:2319: $? = 0
configure:2322: test -s conftest.o
configure:2325: $? = 0
configure:2336: result: yes
configure:2353: checking for gcc-mp-4.7 -Wall -std=gnu11 -m64  -m64 option to accept ANSI C
configure:2423: gcc-mp-4.7 -Wall -std=gnu11 -m64  -m64  -c  -DTCL_NO_STACK_CHECK -m64 -DTCL_NO_STACK_CHECK -m64  conftest.c >&5
configure:2429: $? = 0
configure:2433: test -z 
			 || test ! -s conftest.err
configure:2436: $? = 0
configure:2439: test -s conftest.o
configure:2442: $? = 0
configure:2460: result: none needed
configure:2478: gcc-mp-4.7 -Wall -std=gnu11 -m64  -m64 -c  -DTCL_NO_STACK_CHECK -m64 -DTCL_NO_STACK_CHECK -m64  conftest.c >&5
conftest.c:2:3: error: unknown type name 'choke'
conftest.c:2:3: error: expected '=', ',', ';', 'asm' or '__attribute__' at end of input
configure:2484: $? = 1
configure: failed program was:
| #ifndef __cplusplus
|   choke me
| #endif
configure:2626: checking how to run the C preprocessor
configure:2661: gcc-mp-4.7 -Wall -std=gnu11 -m64  -m64 -E  conftest.c
configure:2667: $? = 0
configure:2699: gcc-mp-4.7 -Wall -std=gnu11 -m64  -m64 -E  conftest.c
conftest.c:9:28: fatal error: ac_nonexistent.h: No such file or directory
compilation terminated.
configure:2705: $? = 1
configure: failed program was:
| /* confdefs.h.  */
| 
| #define PACKAGE_NAME "tk"
| #define PACKAGE_TARNAME "tk"
| #define PACKAGE_VERSION "8.5"
| #define PACKAGE_STRING "tk 8.5"
| #define PACKAGE_BUGREPORT ""
| /* end confdefs.h.  */
| #include <ac_nonexistent.h>
configure:2744: result: gcc-mp-4.7 -Wall -std=gnu11 -m64  -m64 -E
configure:2768: gcc-mp-4.7 -Wall -std=gnu11 -m64  -m64 -E  conftest.c
configure:2774: $? = 0
configure:2806: gcc-mp-4.7 -Wall -std=gnu11 -m64  -m64 -E  conftest.c
conftest.c:9:28: fatal error: ac_nonexistent.h: No such file or directory
compilation terminated.
configure:2812: $? = 1
configure: failed program was:
| /* confdefs.h.  */
| 
| #define PACKAGE_NAME "tk"
| #define PACKAGE_TARNAME "tk"
| #define PACKAGE_VERSION "8.5"
| #define PACKAGE_STRING "tk 8.5"
| #define PACKAGE_BUGREPORT ""
| /* end confdefs.h.  */
| #include <ac_nonexistent.h>
configure:2856: checking for egrep
configure:2866: result: grep -E
configure:2871: checking for ANSI C header files
configure:2896: gcc-mp-4.7 -Wall -std=gnu11 -m64  -m64 -c  -DTCL_NO_STACK_CHECK -m64 -DTCL_NO_STACK_CHECK -m64  conftest.c >&5
configure:2902: $? = 0
configure:2906: test -z 
			 || test ! -s conftest.err
configure:2909: $? = 0
configure:2912: test -s conftest.o
configure:2915: $? = 0
configure:3004: gcc-mp-4.7 -Wall -std=gnu11 -m64  -m64 -o conftest  -DTCL_NO_STACK_CHECK -m64 -DTCL_NO_STACK_CHECK -m64   conftest.c  >&5
conftest.c: In function 'main':
conftest.c:26:7: warning: implicit declaration of function 'exit' [-Wimplicit-function-declaration]
conftest.c:26:7: warning: incompatible implicit declaration of built-in function 'exit' [enabled by default]
conftest.c:27:3: warning: incompatible implicit declaration of built-in function 'exit' [enabled by default]
configure:3007: $? = 0
configure:3009: ./conftest
configure:3012: $? = 0
configure:3027: result: yes
configure:3051: checking for sys/types.h
configure:3067: gcc-mp-4.7 -Wall -std=gnu11 -m64  -m64 -c  -DTCL_NO_STACK_CHECK -m64 -DTCL_NO_STACK_CHECK -m64  conftest.c >&5
configure:3073: $? = 0
configure:3077: test -z 
			 || test ! -s conftest.err
configure:3080: $? = 0
configure:3083: test -s conftest.o
configure:3086: $? = 0
configure:3097: result: yes
configure:3051: checking for sys/stat.h
configure:3067: gcc-mp-4.7 -Wall -std=gnu11 -m64  -m64 -c  -DTCL_NO_STACK_CHECK -m64 -DTCL_NO_STACK_CHECK -m64  conftest.c >&5
configure:3073: $? = 0
configure:3077: test -z 
			 || test ! -s conftest.err
configure:3080: $? = 0
configure:3083: test -s conftest.o
configure:3086: $? = 0
configure:3097: result: yes
configure:3051: checking for stdlib.h
configure:3067: gcc-mp-4.7 -Wall -std=gnu11 -m64  -m64 -c  -DTCL_NO_STACK_CHECK -m64 -DTCL_NO_STACK_CHECK -m64  conftest.c >&5
configure:3073: $? = 0
configure:3077: test -z 
			 || test ! -s conftest.err
configure:3080: $? = 0
configure:3083: test -s conftest.o
configure:3086: $? = 0
configure:3097: result: yes
configure:3051: checking for string.h
configure:3067: gcc-mp-4.7 -Wall -std=gnu11 -m64  -m64 -c  -DTCL_NO_STACK_CHECK -m64 -DTCL_NO_STACK_CHECK -m64  conftest.c >&5
configure:3073: $? = 0
configure:3077: test -z 
			 || test ! -s conftest.err
configure:3080: $? = 0
configure:3083: test -s conftest.o
configure:3086: $? = 0
configure:3097: result: yes
configure:3051: checking for memory.h
configure:3067: gcc-mp-4.7 -Wall -std=gnu11 -m64  -m64 -c  -DTCL_NO_STACK_CHECK -m64 -DTCL_NO_STACK_CHECK -m64  conftest.c >&5
configure:3073: $? = 0
configure:3077: test -z 
			 || test ! -s conftest.err
configure:3080: $? = 0
configure:3083: test -s conftest.o
configure:3086: $? = 0
configure:3097: result: yes
configure:3051: checking for strings.h
configure:3067: gcc-mp-4.7 -Wall -std=gnu11 -m64  -m64 -c  -DTCL_NO_STACK_CHECK -m64 -DTCL_NO_STACK_CHECK -m64  conftest.c >&5
configure:3073: $? = 0
configure:3077: test -z 
			 || test ! -s conftest.err
configure:3080: $? = 0
configure:3083: test -s conftest.o
configure:3086: $? = 0
configure:3097: result: yes
configure:3051: checking for inttypes.h
configure:3067: gcc-mp-4.7 -Wall -std=gnu11 -m64  -m64 -c  -DTCL_NO_STACK_CHECK -m64 -DTCL_NO_STACK_CHECK -m64  conftest.c >&5
configure:3073: $? = 0
configure:3077: test -z 
			 || test ! -s conftest.err
configure:3080: $? = 0
configure:3083: test -s conftest.o
configure:3086: $? = 0
configure:3097: result: yes
configure:3051: checking for stdint.h
configure:3067: gcc-mp-4.7 -Wall -std=gnu11 -m64  -m64 -c  -DTCL_NO_STACK_CHECK -m64 -DTCL_NO_STACK_CHECK -m64  conftest.c >&5
configure:3073: $? = 0
configure:3077: test -z 
			 || test ! -s conftest.err
configure:3080: $? = 0
configure:3083: test -s conftest.o
configure:3086: $? = 0
configure:3097: result: yes
configure:3051: checking for unistd.h
configure:3067: gcc-mp-4.7 -Wall -std=gnu11 -m64  -m64 -c  -DTCL_NO_STACK_CHECK -m64 -DTCL_NO_STACK_CHECK -m64  conftest.c >&5
configure:3073: $? = 0
configure:3077: test -z 
			 || test ! -s conftest.err
configure:3080: $? = 0
configure:3083: test -s conftest.o
configure:3086: $? = 0
configure:3097: result: yes
configure:3119: checking limits.h usability
configure:3131: gcc-mp-4.7 -Wall -std=gnu11 -m64  -m64 -c  -DTCL_NO_STACK_CHECK -m64 -DTCL_NO_STACK_CHECK -m64  conftest.c >&5
configure:3137: $? = 0
configure:3141: test -z 
			 || test ! -s conftest.err
configure:3144: $? = 0
configure:3147: test -s conftest.o
configure:3150: $? = 0
configure:3160: result: yes
configure:3164: checking limits.h presence
configure:3174: gcc-mp-4.7 -Wall -std=gnu11 -m64  -m64 -E  conftest.c
configure:3180: $? = 0
configure:3200: result: yes
configure:3235: checking for limits.h
configure:3242: result: yes
configure:3268: checking for stdlib.h
configure:3273: result: yes
configure:3476: checking if the compiler understands -pipe
configure:3499: gcc-mp-4.7 -Wall -std=gnu11 -m64  -m64 -c  -DTCL_NO_STACK_CHECK -m64 -DTCL_NO_STACK_CHECK -m64 -pipe  conftest.c >&5
configure:3505: $? = 0
configure:3509: test -z 
			 || test ! -s conftest.err
configure:3512: $? = 0
configure:3515: test -s conftest.o
configure:3518: $? = 0
configure:3530: result: yes
configure:4449: checking for building with threads
configure:4465: result: no (default)
configure:4476: checking how to build libraries
configure:4494: result: shared
configure:4556: checking for ranlib
configure:4572: found /opt/local/bin/ranlib
configure:4583: result: ranlib
configure:4599: checking if 64bit support is requested
configure:4608: result: yes
configure:4613: checking if 64bit Sparc VIS support is requested
configure:4622: result: no
configure:4633: checking if compiler supports visibility "hidden"
configure:4658: gcc-mp-4.7 -Wall -std=gnu11 -m64  -m64 -o conftest  -DTCL_NO_STACK_CHECK -m64 -DTCL_NO_STACK_CHECK -m64 -pipe -Werror   conftest.c  >&5
configure:4664: $? = 0
configure:4668: test -z 
			 || test ! -s conftest.err
configure:4671: $? = 0
configure:4674: test -s conftest
configure:4677: $? = 0
configure:4690: result: yes
configure:4705: checking if rpath support is requested
configure:4714: result: yes
configure:4721: checking system version
configure:4749: result: Darwin-12.2.0
configure:4757: checking for dlopen in -ldl
configure:4787: gcc-mp-4.7 -Wall -std=gnu11 -m64  -m64 -o conftest  -DTCL_NO_STACK_CHECK -m64 -DTCL_NO_STACK_CHECK -m64 -pipe   conftest.c -ldl   >&5
configure:4793: $? = 0
configure:4797: test -z 
			 || test ! -s conftest.err
configure:4800: $? = 0
configure:4803: test -s conftest
configure:4806: $? = 0
configure:4819: result: yes
configure:4901: checking for ar
configure:4917: found /opt/local/bin/ar
configure:4927: result: ar
configure:6069: checking if compiler accepts -arch x86_64 flag
configure:6093: gcc-mp-4.7 -Wall -std=gnu11 -m64  -m64 -o conftest -DTCL_NO_STACK_CHECK -m64 -DTCL_NO_STACK_CHECK -m64 -pipe  -arch x86_64    conftest.c  >&5
configure:6099: $? = 0
configure:6103: test -z 
			 || test ! -s conftest.err
configure:6106: $? = 0
configure:6109: test -s conftest
configure:6112: $? = 0
configure:6125: result: yes
configure:6152: checking if ld accepts -single_module flag
configure:6176: gcc-mp-4.7 -Wall -std=gnu11 -m64  -m64 -o conftest -DTCL_NO_STACK_CHECK -m64 -DTCL_NO_STACK_CHECK -m64 -pipe  -arch x86_64    -dynamiclib -Wl,-single_module conftest.c  >&5
conftest.c: In function 'main':
conftest.c:25:5: warning: unused variable 'i' [-Wunused-variable]
configure:6182: $? = 0
configure:6186: test -z 
			 || test ! -s conftest.err
configure:6189: $? = 0
configure:6192: test -s conftest
configure:6195: $? = 0
configure:6208: result: yes
configure:6227: checking if ld accepts -search_paths_first flag
configure:6251: gcc-mp-4.7 -Wall -std=gnu11 -m64  -m64 -o conftest -DTCL_NO_STACK_CHECK -m64 -DTCL_NO_STACK_CHECK -m64 -pipe  -arch x86_64    -prebind -headerpad_max_install_names -Wl,-search_paths_first conftest.c  >&5
conftest.c: In function 'main':
conftest.c:25:5: warning: unused variable 'i' [-Wunused-variable]
configure:6257: $? = 0
configure:6261: test -z 
			 || test ! -s conftest.err
configure:6264: $? = 0
configure:6267: test -s conftest
configure:6270: $? = 0
configure:6283: result: yes
configure:6311: checking whether to use CoreFoundation
configure:6320: result: yes
configure:6324: checking for CoreFoundation.framework
configure:6359: gcc-mp-4.7 -Wall -std=gnu11 -m64  -m64 -o conftest -DTCL_NO_STACK_CHECK -m64 -DTCL_NO_STACK_CHECK -m64 -pipe  -arch x86_64    -prebind -headerpad_max_install_names -Wl,-search_paths_first conftest.c  -framework CoreFoundation >&5
conftest.c: In function 'main':
conftest.c:26:13: warning: unused variable 'b' [-Wunused-variable]
configure:6365: $? = 0
configure:6369: test -z 
			 || test ! -s conftest.err
configure:6372: $? = 0
configure:6375: test -s conftest
configure:6378: $? = 0
configure:6398: result: yes
configure:7246: checking for cast to union support
configure:7270: gcc-mp-4.7 -Wall -std=gnu11 -m64  -m64 -c -DTCL_NO_STACK_CHECK -m64 -DTCL_NO_STACK_CHECK -m64 -pipe  -arch x86_64   conftest.c >&5
conftest.c: In function 'main':
conftest.c:30:15: warning: unused variable 'f' [-Wunused-variable]
configure:7276: $? = 0
configure:7280: test -z 
			 || test ! -s conftest.err
configure:7283: $? = 0
configure:7286: test -s conftest.o
configure:7289: $? = 0
configure:7301: result: yes
configure:7353: checking for build with symbols
configure:7372: result: no
configure:7416: checking for required early compiler flags
configure:7439: gcc-mp-4.7 -Wall -std=gnu11 -m64  -m64 -c -DTCL_NO_STACK_CHECK -m64 -DTCL_NO_STACK_CHECK -m64 -pipe  -arch x86_64   conftest.c >&5
conftest.c: In function 'main':
conftest.c:32:34: warning: unused variable 'q' [-Wunused-variable]
conftest.c:32:7: warning: unused variable 'p' [-Wunused-variable]
configure:7445: $? = 0
configure:7449: test -z 
			 || test ! -s conftest.err
configure:7452: $? = 0
configure:7455: test -s conftest.o
configure:7458: $? = 0
configure:7544: gcc-mp-4.7 -Wall -std=gnu11 -m64  -m64 -c -DTCL_NO_STACK_CHECK -m64 -DTCL_NO_STACK_CHECK -m64 -pipe  -arch x86_64   conftest.c >&5
conftest.c: In function 'main':
conftest.c:32:8: warning: 'stat64' is deprecated (declared at /usr/include/sys/stat.h:466) [-Wdeprecated-declarations]
conftest.c:32:24: warning: unused variable 'i' [-Wunused-variable]
configure:7550: $? = 0
configure:7554: test -z 
			 || test ! -s conftest.err
configure:7557: $? = 0
configure:7560: test -s conftest.o
configure:7563: $? = 0
configure:7649: gcc-mp-4.7 -Wall -std=gnu11 -m64  -m64 -c -DTCL_NO_STACK_CHECK -m64 -DTCL_NO_STACK_CHECK -m64 -pipe  -arch x86_64   conftest.c >&5
conftest.c: In function 'main':
conftest.c:32:19: error: 'open64' undeclared (first use in this function)
conftest.c:32:19: note: each undeclared identifier is reported only once for each function it appears in
conftest.c:32:7: warning: unused variable 'p' [-Wunused-variable]
configure:7655: $? = 1
configure: failed program was:
| /* confdefs.h.  */
| 
| #define PACKAGE_NAME "tk"
| #define PACKAGE_TARNAME "tk"
| #define PACKAGE_VERSION "8.5"
| #define PACKAGE_STRING "tk 8.5"
| #define PACKAGE_BUGREPORT ""
| #define STDC_HEADERS 1
| #define HAVE_SYS_TYPES_H 1
| #define HAVE_SYS_STAT_H 1
| #define HAVE_STDLIB_H 1
| #define HAVE_STRING_H 1
| #define HAVE_MEMORY_H 1
| #define HAVE_STRINGS_H 1
| #define HAVE_INTTYPES_H 1
| #define HAVE_STDINT_H 1
| #define HAVE_UNISTD_H 1
| #define HAVE_LIMITS_H 1
| #define MODULE_SCOPE extern __attribute__((__visibility__("hidden")))
| #define MAC_OSX_TCL 1
| #define HAVE_COREFOUNDATION 1
| #define TCL_CFG_DO64BIT 1
| #define HAVE_CAST_TO_UNION 1
| #define TCL_SHLIB_EXT ".dylib"
| #define NDEBUG 1
| #define TCL_CFG_OPTIMIZED 1
| /* end confdefs.h.  */
| #include <sys/stat.h>
| int
| main ()
| {
| char *p = (char *)open64;
|   ;
|   return 0;
| }
configure:7692: gcc-mp-4.7 -Wall -std=gnu11 -m64  -m64 -c -DTCL_NO_STACK_CHECK -m64 -DTCL_NO_STACK_CHECK -m64 -pipe  -arch x86_64   conftest.c >&5
conftest.c: In function 'main':
conftest.c:33:19: error: 'open64' undeclared (first use in this function)
conftest.c:33:19: note: each undeclared identifier is reported only once for each function it appears in
conftest.c:33:7: warning: unused variable 'p' [-Wunused-variable]
configure:7698: $? = 1
configure: failed program was:
| /* confdefs.h.  */
| 
| #define PACKAGE_NAME "tk"
| #define PACKAGE_TARNAME "tk"
| #define PACKAGE_VERSION "8.5"
| #define PACKAGE_STRING "tk 8.5"
| #define PACKAGE_BUGREPORT ""
| #define STDC_HEADERS 1
| #define HAVE_SYS_TYPES_H 1
| #define HAVE_SYS_STAT_H 1
| #define HAVE_STDLIB_H 1
| #define HAVE_STRING_H 1
| #define HAVE_MEMORY_H 1
| #define HAVE_STRINGS_H 1
| #define HAVE_INTTYPES_H 1
| #define HAVE_STDINT_H 1
| #define HAVE_UNISTD_H 1
| #define HAVE_LIMITS_H 1
| #define MODULE_SCOPE extern __attribute__((__visibility__("hidden")))
| #define MAC_OSX_TCL 1
| #define HAVE_COREFOUNDATION 1
| #define TCL_CFG_DO64BIT 1
| #define HAVE_CAST_TO_UNION 1
| #define TCL_SHLIB_EXT ".dylib"
| #define NDEBUG 1
| #define TCL_CFG_OPTIMIZED 1
| /* end confdefs.h.  */
| #define _LARGEFILE_SOURCE64 1
| #include <sys/stat.h>
| int
| main ()
| {
| char *p = (char *)open64;
|   ;
|   return 0;
| }
configure:7735: result: none
configure:7744: checking for 64-bit integer type
configure:7768: gcc-mp-4.7 -Wall -std=gnu11 -m64  -m64 -c -DTCL_NO_STACK_CHECK -m64 -DTCL_NO_STACK_CHECK -m64 -pipe  -arch x86_64   conftest.c >&5
conftest.c: In function 'main':
conftest.c:32:1: error: unknown type name '__int64'
conftest.c:32:18: error: '__int64' undeclared (first use in this function)
conftest.c:32:18: note: each undeclared identifier is reported only once for each function it appears in
conftest.c:32:27: error: expected ',' or ';' before numeric constant
conftest.c:32:9: warning: unused variable 'value' [-Wunused-variable]
configure:7774: $? = 1
configure: failed program was:
| /* confdefs.h.  */
| 
| #define PACKAGE_NAME "tk"
| #define PACKAGE_TARNAME "tk"
| #define PACKAGE_VERSION "8.5"
| #define PACKAGE_STRING "tk 8.5"
| #define PACKAGE_BUGREPORT ""
| #define STDC_HEADERS 1
| #define HAVE_SYS_TYPES_H 1
| #define HAVE_SYS_STAT_H 1
| #define HAVE_STDLIB_H 1
| #define HAVE_STRING_H 1
| #define HAVE_MEMORY_H 1
| #define HAVE_STRINGS_H 1
| #define HAVE_INTTYPES_H 1
| #define HAVE_STDINT_H 1
| #define HAVE_UNISTD_H 1
| #define HAVE_LIMITS_H 1
| #define MODULE_SCOPE extern __attribute__((__visibility__("hidden")))
| #define MAC_OSX_TCL 1
| #define HAVE_COREFOUNDATION 1
| #define TCL_CFG_DO64BIT 1
| #define HAVE_CAST_TO_UNION 1
| #define TCL_SHLIB_EXT ".dylib"
| #define NDEBUG 1
| #define TCL_CFG_OPTIMIZED 1
| /* end confdefs.h.  */
| 
| int
| main ()
| {
| __int64 value = (__int64) 0;
|   ;
|   return 0;
| }
configure:7818: gcc-mp-4.7 -Wall -std=gnu11 -m64  -m64 -c -DTCL_NO_STACK_CHECK -m64 -DTCL_NO_STACK_CHECK -m64 -pipe  -arch x86_64   conftest.c >&5
conftest.c: In function 'main':
conftest.c:33:21: error: duplicate case value
conftest.c:33:13: error: previously used here
configure:7824: $? = 1
configure: failed program was:
| /* confdefs.h.  */
| 
| #define PACKAGE_NAME "tk"
| #define PACKAGE_TARNAME "tk"
| #define PACKAGE_VERSION "8.5"
| #define PACKAGE_STRING "tk 8.5"
| #define PACKAGE_BUGREPORT ""
| #define STDC_HEADERS 1
| #define HAVE_SYS_TYPES_H 1
| #define HAVE_SYS_STAT_H 1
| #define HAVE_STDLIB_H 1
| #define HAVE_STRING_H 1
| #define HAVE_MEMORY_H 1
| #define HAVE_STRINGS_H 1
| #define HAVE_INTTYPES_H 1
| #define HAVE_STDINT_H 1
| #define HAVE_UNISTD_H 1
| #define HAVE_LIMITS_H 1
| #define MODULE_SCOPE extern __attribute__((__visibility__("hidden")))
| #define MAC_OSX_TCL 1
| #define HAVE_COREFOUNDATION 1
| #define TCL_CFG_DO64BIT 1
| #define HAVE_CAST_TO_UNION 1
| #define TCL_SHLIB_EXT ".dylib"
| #define NDEBUG 1
| #define TCL_CFG_OPTIMIZED 1
| /* end confdefs.h.  */
| 
| int
| main ()
| {
| switch (0) {
|             case 1: case (sizeof(long long)==sizeof(long)): ;
|         }
|   ;
|   return 0;
| }
configure:7854: result: using long
configure:8170: checking whether byte ordering is bigendian
configure:8197: gcc-mp-4.7 -Wall -std=gnu11 -m64  -m64 -c -DTCL_NO_STACK_CHECK -m64 -DTCL_NO_STACK_CHECK -m64 -pipe  -arch x86_64   conftest.c >&5
configure:8203: $? = 0
configure:8207: test -z 
			 || test ! -s conftest.err
configure:8210: $? = 0
configure:8213: test -s conftest.o
configure:8216: $? = 0
configure:8240: gcc-mp-4.7 -Wall -std=gnu11 -m64  -m64 -c -DTCL_NO_STACK_CHECK -m64 -DTCL_NO_STACK_CHECK -m64 -pipe  -arch x86_64   conftest.c >&5
conftest.c: In function 'main':
conftest.c:36:2: error: unknown type name 'not'
conftest.c:36:10: error: expected '=', ',', ';', 'asm' or '__attribute__' before 'endian'
configure:8246: $? = 1
configure: failed program was:
| /* confdefs.h.  */
| 
| #define PACKAGE_NAME "tk"
| #define PACKAGE_TARNAME "tk"
| #define PACKAGE_VERSION "8.5"
| #define PACKAGE_STRING "tk 8.5"
| #define PACKAGE_BUGREPORT ""
| #define STDC_HEADERS 1
| #define HAVE_SYS_TYPES_H 1
| #define HAVE_SYS_STAT_H 1
| #define HAVE_STDLIB_H 1
| #define HAVE_STRING_H 1
| #define HAVE_MEMORY_H 1
| #define HAVE_STRINGS_H 1
| #define HAVE_INTTYPES_H 1
| #define HAVE_STDINT_H 1
| #define HAVE_UNISTD_H 1
| #define HAVE_LIMITS_H 1
| #define MODULE_SCOPE extern __attribute__((__visibility__("hidden")))
| #define MAC_OSX_TCL 1
| #define HAVE_COREFOUNDATION 1
| #define TCL_CFG_DO64BIT 1
| #define HAVE_CAST_TO_UNION 1
| #define TCL_SHLIB_EXT ".dylib"
| #define NDEBUG 1
| #define TCL_CFG_OPTIMIZED 1
| #define TCL_WIDE_INT_IS_LONG 1
| /* end confdefs.h.  */
| #include <sys/types.h>
| #include <sys/param.h>
| 
| int
| main ()
| {
| #if BYTE_ORDER != BIG_ENDIAN
|  not big endian
| #endif
| 
|   ;
|   return 0;
| }
configure:8381: result: no
configure:8431: checking for fd_set in sys/types
configure:8453: gcc-mp-4.7 -Wall -std=gnu11 -m64  -m64 -c -DTCL_NO_STACK_CHECK -m64 -DTCL_NO_STACK_CHECK -m64 -pipe  -arch x86_64   conftest.c >&5
conftest.c: In function 'main':
conftest.c:33:18: warning: unused variable 'writeMask' [-Wunused-variable]
conftest.c:33:8: warning: unused variable 'readMask' [-Wunused-variable]
configure:8459: $? = 0
configure:8463: test -z 
			 || test ! -s conftest.err
configure:8466: $? = 0
configure:8469: test -s conftest.o
configure:8472: $? = 0
configure:8483: result: yes
configure:8548: checking sys/time.h usability
configure:8560: gcc-mp-4.7 -Wall -std=gnu11 -m64  -m64 -c -DTCL_NO_STACK_CHECK -m64 -DTCL_NO_STACK_CHECK -m64 -pipe  -arch x86_64   conftest.c >&5
configure:8566: $? = 0
configure:8570: test -z 
			 || test ! -s conftest.err
configure:8573: $? = 0
configure:8576: test -s conftest.o
configure:8579: $? = 0
configure:8589: result: yes
configure:8593: checking sys/time.h presence
configure:8603: gcc-mp-4.7 -Wall -std=gnu11 -m64  -m64 -E   conftest.c
configure:8609: $? = 0
configure:8629: result: yes
configure:8664: checking for sys/time.h
configure:8671: result: yes
configure:8684: checking whether time.h and sys/time.h may both be included
configure:8709: gcc-mp-4.7 -Wall -std=gnu11 -m64  -m64 -c -DTCL_NO_STACK_CHECK -m64 -DTCL_NO_STACK_CHECK -m64 -pipe  -arch x86_64   conftest.c >&5
configure:8715: $? = 0
configure:8719: test -z 
			 || test ! -s conftest.err
configure:8722: $? = 0
configure:8725: test -s conftest.o
configure:8728: $? = 0
configure:8739: result: yes
configure:8758: checking for strtod
configure:8815: gcc-mp-4.7 -Wall -std=gnu11 -m64  -m64 -o conftest -DTCL_NO_STACK_CHECK -m64 -DTCL_NO_STACK_CHECK -m64 -pipe  -arch x86_64    -prebind -headerpad_max_install_names -Wl,-search_paths_first  conftest.c  -framework CoreFoundation >&5
configure:8821: $? = 0
configure:8825: test -z 
			 || test ! -s conftest.err
configure:8828: $? = 0
configure:8831: test -s conftest
configure:8834: $? = 0
configure:8846: result: yes
configure:8855: checking for Solaris2.4/Tru64 strtod bugs
configure:8892: gcc-mp-4.7 -Wall -std=gnu11 -m64  -m64 -o conftest -DTCL_NO_STACK_CHECK -m64 -DTCL_NO_STACK_CHECK -m64 -pipe  -arch x86_64    -prebind -headerpad_max_install_names -Wl,-search_paths_first  conftest.c  -framework CoreFoundation >&5
conftest.c: In function 'main':
conftest.c:39:4: warning: implicit declaration of function 'exit' [-Wimplicit-function-declaration]
conftest.c:39:4: warning: incompatible implicit declaration of built-in function 'exit' [enabled by default]
conftest.c:43:4: warning: incompatible implicit declaration of built-in function 'exit' [enabled by default]
conftest.c:47:4: warning: incompatible implicit declaration of built-in function 'exit' [enabled by default]
conftest.c:49:7: warning: incompatible implicit declaration of built-in function 'exit' [enabled by default]
conftest.c:36:14: warning: variable 'value' set but not used [-Wunused-but-set-variable]
configure:8895: $? = 0
configure:8897: ./conftest
configure:8900: $? = 0
configure:8914: result: ok
configure:8940: checking for mode_t
configure:8964: gcc-mp-4.7 -Wall -std=gnu11 -m64  -m64 -c -DTCL_NO_STACK_CHECK -m64 -DTCL_NO_STACK_CHECK -m64 -pipe  -arch x86_64   conftest.c >&5
configure:8970: $? = 0
configure:8974: test -z 
			 || test ! -s conftest.err
configure:8977: $? = 0
configure:8980: test -s conftest.o
configure:8983: $? = 0
configure:8994: result: yes
configure:9006: checking for pid_t
configure:9030: gcc-mp-4.7 -Wall -std=gnu11 -m64  -m64 -c -DTCL_NO_STACK_CHECK -m64 -DTCL_NO_STACK_CHECK -m64 -pipe  -arch x86_64   conftest.c >&5
configure:9036: $? = 0
configure:9040: test -z 
			 || test ! -s conftest.err
configure:9043: $? = 0
configure:9046: test -s conftest.o
configure:9049: $? = 0
configure:9060: result: yes
configure:9072: checking for size_t
configure:9096: gcc-mp-4.7 -Wall -std=gnu11 -m64  -m64 -c -DTCL_NO_STACK_CHECK -m64 -DTCL_NO_STACK_CHECK -m64 -pipe  -arch x86_64   conftest.c >&5
configure:9102: $? = 0
configure:9106: test -z 
			 || test ! -s conftest.err
configure:9109: $? = 0
configure:9112: test -s conftest.o
configure:9115: $? = 0
configure:9126: result: yes
configure:9138: checking for uid_t in sys/types.h
configure:9161: result: yes
configure:9177: checking for intptr_t
configure:9201: gcc-mp-4.7 -Wall -std=gnu11 -m64  -m64 -c -DTCL_NO_STACK_CHECK -m64 -DTCL_NO_STACK_CHECK -m64 -pipe  -arch x86_64   conftest.c >&5
configure:9207: $? = 0
configure:9211: test -z 
			 || test ! -s conftest.err
configure:9214: $? = 0
configure:9217: test -s conftest.o
configure:9220: $? = 0
configure:9231: result: yes
configure:9312: checking for uintptr_t
configure:9336: gcc-mp-4.7 -Wall -std=gnu11 -m64  -m64 -c -DTCL_NO_STACK_CHECK -m64 -DTCL_NO_STACK_CHECK -m64 -pipe  -arch x86_64   conftest.c >&5
configure:9342: $? = 0
configure:9346: test -z 
			 || test ! -s conftest.err
configure:9349: $? = 0
configure:9352: test -s conftest.o
configure:9355: $? = 0
configure:9366: result: yes
configure:9453: checking pw_gecos in struct pwd
configure:9475: gcc-mp-4.7 -Wall -std=gnu11 -m64  -m64 -c -DTCL_NO_STACK_CHECK -m64 -DTCL_NO_STACK_CHECK -m64 -pipe  -arch x86_64   conftest.c >&5
conftest.c: In function 'main':
conftest.c:37:20: warning: statement with no effect [-Wunused-value]
configure:9481: $? = 0
configure:9485: test -z 
			 || test ! -s conftest.err
configure:9488: $? = 0
configure:9491: test -s conftest.o
configure:9494: $? = 0
configure:9505: result: yes
configure:9520: checking whether to use Aqua
configure:9546: result: no
configure:9626: checking if ld accepts -weak-l flag
configure:9650: gcc-mp-4.7 -Wall -std=gnu11 -m64  -m64 -o conftest -DTCL_NO_STACK_CHECK -m64 -DTCL_NO_STACK_CHECK -m64 -pipe  -arch x86_64    -prebind -headerpad_max_install_names -Wl,-search_paths_first  -Wl,-weak-lm conftest.c  -framework CoreFoundation >&5
conftest.c: In function 'main':
conftest.c:38:8: warning: unused variable 'f' [-Wunused-variable]
configure:9656: $? = 0
configure:9660: test -z 
			 || test ! -s conftest.err
configure:9663: $? = 0
configure:9666: test -s conftest
configure:9669: $? = 0
configure:9682: result: yes
configure:9699: checking AvailabilityMacros.h usability
configure:9711: gcc-mp-4.7 -Wall -std=gnu11 -m64  -m64 -c -DTCL_NO_STACK_CHECK -m64 -DTCL_NO_STACK_CHECK -m64 -pipe  -arch x86_64   conftest.c >&5
configure:9717: $? = 0
configure:9721: test -z 
			 || test ! -s conftest.err
configure:9724: $? = 0
configure:9727: test -s conftest.o
configure:9730: $? = 0
configure:9740: result: yes
configure:9744: checking AvailabilityMacros.h presence
configure:9754: gcc-mp-4.7 -Wall -std=gnu11 -m64  -m64 -E   conftest.c
configure:9760: $? = 0
configure:9780: result: yes
configure:9815: checking for AvailabilityMacros.h
configure:9822: result: yes
configure:9836: checking if weak import is available
configure:9868: gcc-mp-4.7 -Wall -std=gnu11 -m64  -m64 -o conftest -DTCL_NO_STACK_CHECK -m64 -DTCL_NO_STACK_CHECK -m64 -pipe  -arch x86_64 -Werror    -prebind -headerpad_max_install_names -Wl,-search_paths_first  conftest.c  -framework CoreFoundation >&5
configure:9874: $? = 0
configure:9878: test -z 
			 || test ! -s conftest.err
configure:9881: $? = 0
configure:9884: test -s conftest
configure:9887: $? = 0
configure:9900: result: yes
configure:9909: checking if Darwin SUSv3 extensions are available
configure:9942: gcc-mp-4.7 -Wall -std=gnu11 -m64  -m64 -c -DTCL_NO_STACK_CHECK -m64 -DTCL_NO_STACK_CHECK -m64 -pipe  -arch x86_64 -Werror   conftest.c >&5
configure:9948: $? = 0
configure:9952: test -z 
			 || test ! -s conftest.err
configure:9955: $? = 0
configure:9958: test -s conftest.o
configure:9961: $? = 0
configure:9973: result: yes
configure:10014: checking for X
configure:10244: result: libraries /usr/X11R6/lib, headers /usr/X11R6/include
configure:10492: checking for main in -lXbsd
configure:10516: gcc-mp-4.7 -Wall -std=gnu11 -m64  -m64 -o conftest -DTCL_NO_STACK_CHECK -m64 -DTCL_NO_STACK_CHECK -m64 -pipe  -arch x86_64    -prebind -headerpad_max_install_names -Wl,-search_paths_first  conftest.c -lXbsd   -framework CoreFoundation >&5
ld: library not found for -lXbsd
collect2: error: ld returned 1 exit status
configure:10522: $? = 1
configure: failed program was:
| /* confdefs.h.  */
| 
| #define PACKAGE_NAME "tk"
| #define PACKAGE_TARNAME "tk"
| #define PACKAGE_VERSION "8.5"
| #define PACKAGE_STRING "tk 8.5"
| #define PACKAGE_BUGREPORT ""
| #define STDC_HEADERS 1
| #define HAVE_SYS_TYPES_H 1
| #define HAVE_SYS_STAT_H 1
| #define HAVE_STDLIB_H 1
| #define HAVE_STRING_H 1
| #define HAVE_MEMORY_H 1
| #define HAVE_STRINGS_H 1
| #define HAVE_INTTYPES_H 1
| #define HAVE_STDINT_H 1
| #define HAVE_UNISTD_H 1
| #define HAVE_LIMITS_H 1
| #define MODULE_SCOPE extern __attribute__((__visibility__("hidden")))
| #define MAC_OSX_TCL 1
| #define HAVE_COREFOUNDATION 1
| #define TCL_CFG_DO64BIT 1
| #define HAVE_CAST_TO_UNION 1
| #define TCL_SHLIB_EXT ".dylib"
| #define NDEBUG 1
| #define TCL_CFG_OPTIMIZED 1
| #define TCL_WIDE_INT_IS_LONG 1
| #define HAVE_SYS_TIME_H 1
| #define TIME_WITH_SYS_TIME 1
| #define HAVE_INTPTR_T 1
| #define HAVE_UINTPTR_T 1
| #define HAVE_PW_GECOS 1
| #define HAVE_AVAILABILITYMACROS_H 1
| #define HAVE_WEAK_IMPORT 1
| #define _DARWIN_C_SOURCE 1
| /* end confdefs.h.  */
| 
| 
| int
| main ()
| {
| main ();
|   ;
|   return 0;
| }
configure:10548: result: no
configure:10647: checking whether to try to use XScreenSaver
configure:10660: result: yes
configure:10662: checking for X11/extensions/scrnsaver.h
configure:10678: gcc-mp-4.7 -Wall -std=gnu11 -m64  -m64 -c -DTCL_NO_STACK_CHECK -m64 -DTCL_NO_STACK_CHECK -m64 -pipe  -arch x86_64 -I/usr/X11R6/include   conftest.c >&5
configure:10684: $? = 0
configure:10688: test -z 
			 || test ! -s conftest.err
configure:10691: $? = 0
configure:10694: test -s conftest.o
configure:10697: $? = 0
configure:10708: result: yes
configure:10717: checking for XScreenSaverQueryInfo
configure:10774: gcc-mp-4.7 -Wall -std=gnu11 -m64  -m64 -o conftest -DTCL_NO_STACK_CHECK -m64 -DTCL_NO_STACK_CHECK -m64 -pipe  -arch x86_64 -I/usr/X11R6/include    -prebind -headerpad_max_install_names -Wl,-search_paths_first  conftest.c  -framework CoreFoundation -L/usr/X11R6/lib -lX11 >&5
Undefined symbols for architecture x86_64:
  "_XScreenSaverQueryInfo", referenced from:
      _main in ccVj6cCk.o
      _f in ccVj6cCk.o
ld: symbol(s) not found for architecture x86_64
collect2: error: ld returned 1 exit status
configure:10780: $? = 1
configure: failed program was:
| /* confdefs.h.  */
| 
| #define PACKAGE_NAME "tk"
| #define PACKAGE_TARNAME "tk"
| #define PACKAGE_VERSION "8.5"
| #define PACKAGE_STRING "tk 8.5"
| #define PACKAGE_BUGREPORT ""
| #define STDC_HEADERS 1
| #define HAVE_SYS_TYPES_H 1
| #define HAVE_SYS_STAT_H 1
| #define HAVE_STDLIB_H 1
| #define HAVE_STRING_H 1
| #define HAVE_MEMORY_H 1
| #define HAVE_STRINGS_H 1
| #define HAVE_INTTYPES_H 1
| #define HAVE_STDINT_H 1
| #define HAVE_UNISTD_H 1
| #define HAVE_LIMITS_H 1
| #define MODULE_SCOPE extern __attribute__((__visibility__("hidden")))
| #define MAC_OSX_TCL 1
| #define HAVE_COREFOUNDATION 1
| #define TCL_CFG_DO64BIT 1
| #define HAVE_CAST_TO_UNION 1
| #define TCL_SHLIB_EXT ".dylib"
| #define NDEBUG 1
| #define TCL_CFG_OPTIMIZED 1
| #define TCL_WIDE_INT_IS_LONG 1
| #define HAVE_SYS_TIME_H 1
| #define TIME_WITH_SYS_TIME 1
| #define HAVE_INTPTR_T 1
| #define HAVE_UINTPTR_T 1
| #define HAVE_PW_GECOS 1
| #define HAVE_AVAILABILITYMACROS_H 1
| #define HAVE_WEAK_IMPORT 1
| #define _DARWIN_C_SOURCE 1
| /* end confdefs.h.  */
| /* Define XScreenSaverQueryInfo to an innocuous variant, in case <limits.h> declares XScreenSaverQueryInfo.
|    For example, HP-UX 11i <limits.h> declares gettimeofday.  */
| #define XScreenSaverQueryInfo innocuous_XScreenSaverQueryInfo
| 
| /* System header to define __stub macros and hopefully few prototypes,
|     which can conflict with char XScreenSaverQueryInfo (); below.
|     Prefer <limits.h> to <assert.h> if __STDC__ is defined, since
|     <limits.h> exists even on freestanding compilers.  */
| 
| #ifdef __STDC__
| # include <limits.h>
| #else
| # include <assert.h>
| #endif
| 
| #undef XScreenSaverQueryInfo
| 
| /* Override any gcc2 internal prototype to avoid an error.  */
| #ifdef __cplusplus
| extern "C"
| {
| #endif
| /* We use char because int might match the return type of a gcc2
|    builtin and then its argument prototype would still apply.  */
| char XScreenSaverQueryInfo ();
| /* The GNU C library defines this for functions which it implements
|     to always fail with ENOSYS.  Some functions are actually named
|     something starting with __ and the normal name is an alias.  */
| #if defined (__stub_XScreenSaverQueryInfo) || defined (__stub___XScreenSaverQueryInfo)
| choke me
| #else
| char (*f) () = XScreenSaverQueryInfo;
| #endif
| #ifdef __cplusplus
| }
| #endif
| 
| int
| main ()
| {
| return f != XScreenSaverQueryInfo;
|   ;
|   return 0;
| }
configure:10805: result: no
configure:10811: checking for XScreenSaverQueryInfo in -lXext
configure:10841: gcc-mp-4.7 -Wall -std=gnu11 -m64  -m64 -o conftest -DTCL_NO_STACK_CHECK -m64 -DTCL_NO_STACK_CHECK -m64 -pipe  -arch x86_64 -I/usr/X11R6/include    -prebind -headerpad_max_install_names -Wl,-search_paths_first  conftest.c -lXext   -framework CoreFoundation -L/usr/X11R6/lib -lX11 >&5
Undefined symbols for architecture x86_64:
  "_XScreenSaverQueryInfo", referenced from:
      _main in ccjjVX28.o
ld: symbol(s) not found for architecture x86_64
collect2: error: ld returned 1 exit status
configure:10847: $? = 1
configure: failed program was:
| /* confdefs.h.  */
| 
| #define PACKAGE_NAME "tk"
| #define PACKAGE_TARNAME "tk"
| #define PACKAGE_VERSION "8.5"
| #define PACKAGE_STRING "tk 8.5"
| #define PACKAGE_BUGREPORT ""
| #define STDC_HEADERS 1
| #define HAVE_SYS_TYPES_H 1
| #define HAVE_SYS_STAT_H 1
| #define HAVE_STDLIB_H 1
| #define HAVE_STRING_H 1
| #define HAVE_MEMORY_H 1
| #define HAVE_STRINGS_H 1
| #define HAVE_INTTYPES_H 1
| #define HAVE_STDINT_H 1
| #define HAVE_UNISTD_H 1
| #define HAVE_LIMITS_H 1
| #define MODULE_SCOPE extern __attribute__((__visibility__("hidden")))
| #define MAC_OSX_TCL 1
| #define HAVE_COREFOUNDATION 1
| #define TCL_CFG_DO64BIT 1
| #define HAVE_CAST_TO_UNION 1
| #define TCL_SHLIB_EXT ".dylib"
| #define NDEBUG 1
| #define TCL_CFG_OPTIMIZED 1
| #define TCL_WIDE_INT_IS_LONG 1
| #define HAVE_SYS_TIME_H 1
| #define TIME_WITH_SYS_TIME 1
| #define HAVE_INTPTR_T 1
| #define HAVE_UINTPTR_T 1
| #define HAVE_PW_GECOS 1
| #define HAVE_AVAILABILITYMACROS_H 1
| #define HAVE_WEAK_IMPORT 1
| #define _DARWIN_C_SOURCE 1
| /* end confdefs.h.  */
| 
| /* Override any gcc2 internal prototype to avoid an error.  */
| #ifdef __cplusplus
| extern "C"
| #endif
| /* We use char because int might match the return type of a gcc2
|    builtin and then its argument prototype would still apply.  */
| char XScreenSaverQueryInfo ();
| int
| main ()
| {
| XScreenSaverQueryInfo ();
|   ;
|   return 0;
| }
configure:10873: result: no
configure:10882: checking for XScreenSaverQueryInfo in -lXss
configure:10912: gcc-mp-4.7 -Wall -std=gnu11 -m64  -m64 -o conftest -DTCL_NO_STACK_CHECK -m64 -DTCL_NO_STACK_CHECK -m64 -pipe  -arch x86_64 -I/usr/X11R6/include    -prebind -headerpad_max_install_names -Wl,-search_paths_first  conftest.c -lXss -lXext  -framework CoreFoundation -L/usr/X11R6/lib -lX11 >&5
configure:10918: $? = 0
configure:10922: test -z 
			 || test ! -s conftest.err
configure:10925: $? = 0
configure:10928: test -s conftest
configure:10931: $? = 0
configure:10944: result: yes
configure:10982: checking whether to use xft
configure:11005: result: yes
configure:11012: checking for X11/Xft/Xft.h
configure:11028: gcc-mp-4.7 -Wall -std=gnu11 -m64  -m64 -c -DTCL_NO_STACK_CHECK -m64 -DTCL_NO_STACK_CHECK -m64 -pipe  -arch x86_64 -I/usr/X11R6/include -I/usr/X11/include -I/usr/X11/include/freetype2 -I/usr/X11/include -I/usr/X11/include -I/usr/X11/include   conftest.c >&5
configure:11034: $? = 0
configure:11038: test -z 
			 || test ! -s conftest.err
configure:11041: $? = 0
configure:11044: test -s conftest.o
configure:11047: $? = 0
configure:11058: result: yes
configure:11078: checking for XftFontOpen in -lXft
configure:11108: gcc-mp-4.7 -Wall -std=gnu11 -m64  -m64 -o conftest -DTCL_NO_STACK_CHECK -m64 -DTCL_NO_STACK_CHECK -m64 -pipe  -arch x86_64 -I/usr/X11R6/include -I/usr/X11/include -I/usr/X11/include/freetype2 -I/usr/X11/include -I/usr/X11/include -I/usr/X11/include    -prebind -headerpad_max_install_names -Wl,-search_paths_first  conftest.c -lXft   -L/usr/X11/lib -lXft -lX11 -L/usr/X11/lib -lfreetype -L/usr/X11/lib -lfontconfig -L/usr/X11/lib -lXrender -lX11 -L/usr/X11R6/lib -lX11 -Wl,-weak-lXss -lXext >&5
configure:11114: $? = 0
configure:11118: test -z 
			 || test ! -s conftest.err
configure:11121: $? = 0
configure:11124: test -s conftest
configure:11127: $? = 0
configure:11140: result: yes
configure:11191: checking whether char is unsigned
configure:11214: gcc-mp-4.7 -Wall -std=gnu11 -m64  -m64 -c -DTCL_NO_STACK_CHECK -m64 -DTCL_NO_STACK_CHECK -m64 -pipe  -arch x86_64   conftest.c >&5
conftest.c: In function 'main':
conftest.c:77:12: warning: variable 'test_array' set but not used [-Wunused-but-set-variable]
configure:11220: $? = 0
configure:11224: test -z 
			 || test ! -s conftest.err
configure:11227: $? = 0
configure:11230: test -s conftest.o
configure:11233: $? = 0
configure:11244: result: no
configure:11288: checking how to package libraries
configure:11315: result: shared library
configure:11624: creating ./config.status

## ---------------------- ##
## Running config.status. ##
## ---------------------- ##

This file was extended by tk config.status 8.5, which was
generated by GNU Autoconf 2.59.  Invocation command line was

  CONFIG_FILES    = 
  CONFIG_HEADERS  = 
  CONFIG_LINKS    = 
  CONFIG_COMMANDS = 
  $ ./config.status 

on vpnk172.kek.jp

config.status:737: creating Tk-Info.plist
config.status:737: creating Wish-Info.plist
config.status:737: creating Makefile
config.status:737: creating tkConfig.sh

## ---------------- ##
## Cache variables. ##
## ---------------- ##

ac_cv_c_bigendian=no
ac_cv_c_char_unsigned=no
ac_cv_c_compiler_gnu=yes
ac_cv_c_tclconfig=/Users/oide/SAD/oldsad/obj/i386-Darwin12/tcl8.5.12/unix
ac_cv_env_CC_set=set
ac_cv_env_CC_value='gcc-mp-4.7 -Wall -std=gnu11 -m64  -m64'
ac_cv_env_CFLAGS_set=set
ac_cv_env_CFLAGS_value=' -DTCL_NO_STACK_CHECK -m64 -DTCL_NO_STACK_CHECK -m64'
ac_cv_env_CPPFLAGS_set=
ac_cv_env_CPPFLAGS_value=
ac_cv_env_CPP_set=
ac_cv_env_CPP_value=
ac_cv_env_LDFLAGS_set=set
ac_cv_env_LDFLAGS_value=
ac_cv_env_build_alias_set=
ac_cv_env_build_alias_value=
ac_cv_env_host_alias_set=
ac_cv_env_host_alias_value=
ac_cv_env_target_alias_set=
ac_cv_env_target_alias_value=
ac_cv_exeext=
ac_cv_func_XScreenSaverQueryInfo=no
ac_cv_func_strtod=yes
ac_cv_have_x='have_x=yes 		ac_x_includes=/usr/X11R6/include ac_x_libraries=/usr/X11R6/lib'
ac_cv_header_AvailabilityMacros_h=yes
ac_cv_header_X11_Xft_Xft_h=yes
ac_cv_header_X11_extensions_scrnsaver_h=yes
ac_cv_header_inttypes_h=yes
ac_cv_header_limits_h=yes
ac_cv_header_memory_h=yes
ac_cv_header_stdc=yes
ac_cv_header_stdint_h=yes
ac_cv_header_stdlib_h=yes
ac_cv_header_string_h=yes
ac_cv_header_strings_h=yes
ac_cv_header_sys_stat_h=yes
ac_cv_header_sys_time_h=yes
ac_cv_header_sys_types_h=yes
ac_cv_header_time=yes
ac_cv_header_unistd_h=yes
ac_cv_lib_Xbsd_main=no
ac_cv_lib_Xext_XScreenSaverQueryInfo=no
ac_cv_lib_Xft_XftFontOpen=yes
ac_cv_lib_Xss_XScreenSaverQueryInfo=yes
ac_cv_lib_dl_dlopen=yes
ac_cv_objext=o
ac_cv_path_INTLTOOL_PERL=/usr/bin/perl
ac_cv_path_tclsh=/sw/bin/tclsh8.4
ac_cv_prog_CPP='gcc-mp-4.7 -Wall -std=gnu11 -m64  -m64 -E'
ac_cv_prog_ac_ct_AR=ar
ac_cv_prog_ac_ct_CC='gcc-mp-4.7 -Wall -std=gnu11 -m64  -m64'
ac_cv_prog_ac_ct_RANLIB=ranlib
ac_cv_prog_cc_g=yes
ac_cv_prog_cc_stdc=
ac_cv_prog_egrep='grep -E'
ac_cv_type_intptr_t=yes
ac_cv_type_mode_t=yes
ac_cv_type_pid_t=yes
ac_cv_type_size_t=yes
ac_cv_type_uid_t=yes
ac_cv_type_uintptr_t=yes
tcl_cv_cast_to_union=yes
tcl_cv_cc_arch_x86_64=yes
tcl_cv_cc_darwin_c_source=yes
tcl_cv_cc_pipe=yes
tcl_cv_cc_visibility_hidden=yes
tcl_cv_cc_weak_import=yes
tcl_cv_flag__isoc99_source=no
tcl_cv_flag__largefile64_source=no
tcl_cv_flag__largefile_source64=no
tcl_cv_ld_search_paths_first=yes
tcl_cv_ld_single_module=yes
tcl_cv_ld_weak_l=yes
tcl_cv_lib_corefoundation=yes
tcl_cv_pwd_pw_gecos=yes
tcl_cv_strtod_buggy=ok
tcl_cv_sys_version=Darwin-12.2.0
tcl_cv_type_64bit=none
tcl_cv_type_fd_set=yes

## ----------------- ##
## Output variables. ##
## ----------------- ##

APP_RSRC_FILE=''
AR='ar'
BUILD_TCLSH='/Users/oide/SAD/oldsad/obj/i386-Darwin12/tcl8.5.12/unix/tclsh'
CC='gcc-mp-4.7 -Wall -std=gnu11 -m64  -m64'
CC_SEARCH_FLAGS=''
CFBUNDLELOCALIZATIONS='<string>cs</string><string>da</string><string>de</string><string>el</string><string>en</string><string>en_gb</string><string>eo</string><string>es</string><string>fr</string><string>hu</string><string>it</string><string>nl</string><string>pl</string><string>pt</string><string>ru</string><string>sv</string>'
CFLAGS='-DTCL_NO_STACK_CHECK -m64 -DTCL_NO_STACK_CHECK -m64 -pipe  -arch x86_64  '
CFLAGS_DEBUG='-g'
CFLAGS_DEFAULT='$(CFLAGS_OPTIMIZE)'
CFLAGS_OPTIMIZE='-Os'
CFLAGS_WARNING='-Wall'
CPP='gcc-mp-4.7 -Wall -std=gnu11 -m64  -m64 -E'
CPPFLAGS=''
DEFS='-DPACKAGE_NAME=\"tk\" -DPACKAGE_TARNAME=\"tk\" -DPACKAGE_VERSION=\"8.5\" -DPACKAGE_STRING=\"tk\ 8.5\" -DPACKAGE_BUGREPORT=\"\" -DSTDC_HEADERS=1 -DHAVE_SYS_TYPES_H=1 -DHAVE_SYS_STAT_H=1 -DHAVE_STDLIB_H=1 -DHAVE_STRING_H=1 -DHAVE_MEMORY_H=1 -DHAVE_STRINGS_H=1 -DHAVE_INTTYPES_H=1 -DHAVE_STDINT_H=1 -DHAVE_UNISTD_H=1 -DHAVE_LIMITS_H=1 -DMODULE_SCOPE=extern\ __attribute__\(\(__visibility__\(\"hidden\"\)\)\) -DMAC_OSX_TCL=1 -DHAVE_COREFOUNDATION=1 -DTCL_CFG_DO64BIT=1 -DHAVE_CAST_TO_UNION=1 -DTCL_SHLIB_EXT=\".dylib\" -DNDEBUG=1 -DTCL_CFG_OPTIMIZED=1 -DTCL_WIDE_INT_IS_LONG=1 -DHAVE_SYS_TIME_H=1 -DTIME_WITH_SYS_TIME=1 -DHAVE_INTPTR_T=1 -DHAVE_UINTPTR_T=1 -DHAVE_PW_GECOS=1 -DHAVE_AVAILABILITYMACROS_H=1 -DHAVE_WEAK_IMPORT=1 -D_DARWIN_C_SOURCE=1 -DHAVE_XSS=1 -DHAVE_LIBXFT=1 -DHAVE_XFT=1 '
DLL_INSTALL_DIR='$(LIB_INSTALL_DIR)'
DL_LIBS=''
DL_OBJS='tclLoadDyld.o'
ECHO_C='ECHO_N=''
ECHO_T=''
EGREP='grep -E'
EXEEXT=''
EXTRA_APP_CC_SWITCHES=''
EXTRA_BUILD_HTML=''
EXTRA_CC_SWITCHES=''
EXTRA_INSTALL=''
EXTRA_INSTALL_BINARIES=''
EXTRA_WISH_LIBS='-sectcreate __TEXT __info_plist Wish-Info.plist'
HTML_DIR='$(DISTDIR)/html'
INSTALL_LIB='$(INSTALL_LIBRARY) $(LIB_FILE) "$(LIB_INSTALL_DIR)/$(LIB_FILE)"'
INSTALL_STUB_LIB='$(INSTALL_LIBRARY) $(STUB_LIB_FILE) "$(LIB_INSTALL_DIR)/$(STUB_LIB_FILE)" ; (cd "$(LIB_INSTALL_DIR)" ; $(RANLIB) $(STUB_LIB_FILE))'
LDAIX_SRC=''
LDFLAGS=' -prebind -headerpad_max_install_names -Wl,-search_paths_first '
LDFLAGS_DEBUG=''
LDFLAGS_DEFAULT='$(LDFLAGS_OPTIMIZE)'
LDFLAGS_OPTIMIZE=''
LD_LIBRARY_PATH_VAR='DYLD_LIBRARY_PATH'
LD_SEARCH_FLAGS=''
LIBOBJS=''
LIBS=' -framework CoreFoundation'
LIB_RSRC_FILE=''
LOCALES='cs da de el en en_gb eo es fr hu it nl pl pt ru sv'
LTLIBOBJS=''
MAKE_LIB='${SHLIB_LD} -o $@ ${OBJS} ${SHLIB_LD_LIBS} ${TCL_SHLIB_LD_EXTRAS} ${TK_SHLIB_LD_EXTRAS} ${LD_SEARCH_FLAGS}'
MAKE_STUB_LIB='${STLIB_LD} $@ ${STUB_LIB_OBJS} ; ${RANLIB} $@'
MAN_FLAGS=''
OBJEXT='o'
PACKAGE_BUGREPORT=''
PACKAGE_NAME='tk'
PACKAGE_STRING='tk 8.5'
PACKAGE_TARNAME='tk'
PACKAGE_VERSION='8.5'
PATH_SEPARATOR=':'
PLAT_OBJS='${MAC_OSX_OBJS}'
PLAT_SRCS='${MAC_OSX_SRCS}'
PRIVATE_INCLUDE_DIR='$(includedir)'
RANLIB='ranlib'
REZ=''
REZ_FLAGS=''
SHELL='/bin/sh'
SHLIB_CFLAGS='-fno-common'
SHLIB_LD='${CC} -dynamiclib ${CFLAGS} ${LDFLAGS} -Wl,-single_module'
SHLIB_LD_LIBS='${LIBS} ${TCL_STUB_LIB_SPEC}'
SHLIB_SUFFIX='.dylib'
STLIB_LD='${AR} cr'
TCLSH_PROG='/sw/bin/tclsh8.4'
TCL_BIN_DIR='/Users/oide/SAD/oldsad/obj/i386-Darwin12/tcl8.5.12/unix'
TCL_LIBS='  -framework CoreFoundation '
TCL_LIB_FILE='libtcl8.5.dylib'
TCL_LIB_FLAG='-ltcl8.5'
TCL_LIB_SPEC='-L/Users/oide/SAD/oldsad/obj/i386-Darwin12/tcl8.5.12/unix -ltcl8.5'
TCL_PATCH_LEVEL='.12'
TCL_SHLIB_LD_EXTRAS=''
TCL_SRC_DIR='/Users/oide/SAD/oldsad/obj/i386-Darwin12/tcl8.5.12'
TCL_STUB_FLAGS='-DUSE_TCL_STUBS'
TCL_STUB_LIB_FILE='libtclstub8.5.a'
TCL_STUB_LIB_FLAG='-ltclstub8.5'
TCL_STUB_LIB_SPEC='-L/Users/oide/SAD/oldsad/obj/i386-Darwin12/tcl8.5.12/unix -ltclstub8.5'
TCL_THREADS='0'
TCL_VERSION='8.5'
TK_BUILD_LIB_SPEC='-L/Users/oide/SAD/oldsad/obj/i386-Darwin12/tk8.5.12/unix -ltk8.5'
TK_BUILD_STUB_LIB_PATH='/Users/oide/SAD/oldsad/obj/i386-Darwin12/tk8.5.12/unix/libtkstub8.5.a'
TK_BUILD_STUB_LIB_SPEC='-L/Users/oide/SAD/oldsad/obj/i386-Darwin12/tk8.5.12/unix -ltkstub8.5'
TK_INCLUDE_SPEC='-I/Users/oide/SAD/oldsad//arch/i386-Darwin12/include'
TK_LIBRARY='$(prefix)/lib/tk$(VERSION)'
TK_LIB_FILE='libtk8.5.dylib'
TK_LIB_FLAG='-ltk8.5'
TK_LIB_SPEC='-L/Users/oide/SAD/oldsad//arch/i386-Darwin12/lib -ltk8.5'
TK_MAJOR_VERSION='8'
TK_MINOR_VERSION='5'
TK_PATCH_LEVEL='.12'
TK_PKG_DIR='tk$(VERSION)'
TK_RSRC_FILE='tk$(VERSION).rsrc'
TK_SHARED_BUILD='1'
TK_SHLIB_LD_EXTRAS='-compatibility_version 8.5 -current_version 8.5.12 -install_name "${DYLIB_INSTALL_DIR}/${TK_LIB_FILE}" -unexported_symbols_list $$(f=$(TCL_STUB_LIB_FILE).E && nm -gjp "$(TCL_BIN_DIR)/$(TCL_STUB_LIB_FILE)" | grep ^_[^_] > $$f && echo $$f) -seg1addr 0xb000000 -sectcreate __TEXT __info_plist Tk-Info.plist'
TK_SRC_DIR='/Users/oide/SAD/oldsad/obj/i386-Darwin12/tk8.5.12'
TK_STUB_LIB_FILE='libtkstub8.5.a'
TK_STUB_LIB_FLAG='-ltkstub8.5'
TK_STUB_LIB_PATH='/Users/oide/SAD/oldsad//arch/i386-Darwin12/lib/libtkstub8.5.a'
TK_STUB_LIB_SPEC='-L/Users/oide/SAD/oldsad//arch/i386-Darwin12/lib -ltkstub8.5'
TK_VERSION='8.5'
TK_WINDOWINGSYSTEM='X11'
TK_YEAR='2012'
UNIX_FONT_OBJS='tkUnixRFont.o'
WISH_BUILD_LIB_SPEC='-L/Users/oide/SAD/oldsad/obj/i386-Darwin12/tk8.5.12/unix -ltk8.5 ${WISH_LIBS}'
WISH_RSRC_FILE='wish$(VERSION).rsrc'
XFT_CFLAGS='-I/usr/X11/include -I/usr/X11/include/freetype2 -I/usr/X11/include -I/usr/X11/include -I/usr/X11/include'
XFT_LIBS='-L/usr/X11/lib -lXft -lX11 -L/usr/X11/lib -lfreetype -L/usr/X11/lib -lfontconfig -L/usr/X11/lib -lXrender -lX11'
XINCLUDES='-I/usr/X11R6/include'
XLIBSW='-L/usr/X11R6/lib -lX11 -Wl,-weak-lXss -lXext'
ac_ct_AR='ar'
ac_ct_CC='gcc-mp-4.7 -Wall -std=gnu11 -m64  -m64'
ac_ct_RANLIB='ranlib'
bindir='${exec_prefix}/bin'
build_alias=''
datadir='${prefix}/share'
exec_prefix='/Users/oide/SAD/oldsad//arch/i386-Darwin12'
host_alias=''
includedir='${prefix}/include'
infodir='${prefix}/info'
libdir='/Users/oide/SAD/oldsad//arch/i386-Darwin12/lib'
libexecdir='${exec_prefix}/libexec'
localstatedir='${prefix}/var'
mandir='${prefix}/man'
oldincludedir='/usr/include'
prefix='/Users/oide/SAD/oldsad//arch/i386-Darwin12'
program_transform_name='s,x,x,'
sbindir='${exec_prefix}/sbin'
sharedstatedir='${prefix}/com'
sysconfdir='${prefix}/etc'
target_alias=''

## ----------- ##
## confdefs.h. ##
## ----------- ##

#define HAVE_AVAILABILITYMACROS_H 1
#define HAVE_CAST_TO_UNION 1
#define HAVE_COREFOUNDATION 1
#define HAVE_INTPTR_T 1
#define HAVE_INTTYPES_H 1
#define HAVE_LIBXFT 1
#define HAVE_LIMITS_H 1
#define HAVE_MEMORY_H 1
#define HAVE_PW_GECOS 1
#define HAVE_STDINT_H 1
#define HAVE_STDLIB_H 1
#define HAVE_STRINGS_H 1
#define HAVE_STRING_H 1
#define HAVE_SYS_STAT_H 1
#define HAVE_SYS_TIME_H 1
#define HAVE_SYS_TYPES_H 1
#define HAVE_UINTPTR_T 1
#define HAVE_UNISTD_H 1
#define HAVE_WEAK_IMPORT 1
#define HAVE_XFT 1
#define HAVE_XSS 1
#define MAC_OSX_TCL 1
#define MODULE_SCOPE extern __attribute__((__visibility__("hidden")))
#define NDEBUG 1
#define PACKAGE_BUGREPORT ""
#define PACKAGE_NAME "tk"
#define PACKAGE_STRING "tk 8.5"
#define PACKAGE_TARNAME "tk"
#define PACKAGE_VERSION "8.5"
#define STDC_HEADERS 1
#define TCL_CFG_DO64BIT 1
#define TCL_CFG_OPTIMIZED 1
#define TCL_SHLIB_EXT ".dylib"
#define TCL_WIDE_INT_IS_LONG 1
#define TIME_WITH_SYS_TIME 1
#define _DARWIN_C_SOURCE 1

configure: exit 0
