This file contains any messages produced by compilers while
running configure, to aid debugging if configure makes a mistake.

It was created by tk configure 8.5, which was
generated by GNU Autoconf 2.59.  Invocation command line was

  $ ./configure --prefix=/Users/oide/SAD/oldsad//arch/i386-Darwin13 --enable-64bit --enable-xft --x-includes=/usr/X11R6/include --x-libraries=/usr/X11R6/lib --enable-shared

## --------- ##
## Platform. ##
## --------- ##

hostname = B-2021.local
uname -m = x86_64
uname -r = 13.0.0
uname -s = Darwin
uname -v = Darwin Kernel Version 13.0.0: Thu Sep 19 22:22:27 PDT 2013; root:xnu-2422.1.72~6/RELEASE_X86_64

/usr/bin/uname -p = i386
/bin/uname -X     = unknown

/bin/arch              = unknown
/usr/bin/arch -k       = unknown
/usr/convex/getsysinfo = unknown
hostinfo               = Mach kernel version:
	 Darwin Kernel Version 13.0.0: Thu Sep 19 22:22:27 PDT 2013; root:xnu-2422.1.72~6/RELEASE_X86_64
Kernel configured for up to 8 processors.
4 processors are physically available.
8 processors are logically available.
Processor type: i486 (Intel 80486)
Processors active: 0 1 2 3 4 5 6 7
Primary memory available: 16.00 gigabytes
Default processor set: 252 tasks, 1124 threads, 8 processors
Load average: 2.93, Mach factor: 5.06
/bin/machine           = unknown
/usr/bin/oslevel       = unknown
/bin/universe          = unknown

PATH: /opt/local/bin
PATH: /opt/local/sbin
PATH: /opt/local/bin
PATH: /opt/local/sbin
PATH: /opt/X11/bin
PATH: /opt/local/bin
PATH: /opt/local/sbin
PATH: /Users/oide/bin
PATH: /usr/local/bin
PATH: /usr/bin
PATH: /bin
PATH: /usr/local/sbin
PATH: /usr/sbin
PATH: /sbin
PATH: /usr/X11R6/bin
PATH: /usr/texbin
PATH: /Users/oide/SAD/oldsad/bin


## ----------- ##
## Core tests. ##
## ----------- ##

configure:1365: checking for Tcl configuration
configure:1469: result: found /Users/oide/SAD/oldsad/obj/i386-Darwin13/tcl8.5.15/unix/tclConfig.sh
configure:1475: checking for existence of /Users/oide/SAD/oldsad/obj/i386-Darwin13/tcl8.5.15/unix/tclConfig.sh
configure:1479: result: loading
configure:1555: checking for tclsh
configure:1579: result: /usr/bin/tclsh8.5
configure:1590: checking for tclsh in Tcl build directory
configure:1593: result: /Users/oide/SAD/oldsad/obj/i386-Darwin13/tcl8.5.15/unix/tclsh
configure:1617: checking whether to use symlinks for manpages
configure:1626: result: no
configure:1629: checking whether to compress the manpages
configure:1644: result: no
configure:1658: checking whether to add a package name suffix for the manpages
configure:1671: result: no
configure:1733: checking for gcc
configure:1759: result: gcc-mp-4.7 -Wall -std=gnu11 -m64  -m64
configure:2003: checking for C compiler version
configure:2006: gcc-mp-4.7 -Wall -std=gnu11 -m64  -m64 --version </dev/null >&5
gcc-mp-4.7 (MacPorts gcc47 4.7.3_3) 4.7.3
Copyright (C) 2012 Free Software Foundation, Inc.
This is free software; see the source for copying conditions.  There is NO
warranty; not even for MERCHANTABILITY or FITNESS FOR A PARTICULAR PURPOSE.

configure:2009: $? = 0
configure:2011: gcc-mp-4.7 -Wall -std=gnu11 -m64  -m64 -v </dev/null >&5
Using built-in specs.
COLLECT_GCC=gcc-mp-4.7
COLLECT_LTO_WRAPPER=/opt/local/libexec/gcc/x86_64-apple-darwin13/4.7.3/lto-wrapper
Target: x86_64-apple-darwin13
Configured with: /opt/local/var/macports/build/_opt_mports_dports_lang_gcc47/gcc47/work/gcc-4.7.3/configure --prefix=/opt/local --build=x86_64-apple-darwin13 --enable-languages=c,c++,objc,obj-c++,lto,fortran,java --libdir=/opt/local/lib/gcc47 --includedir=/opt/local/include/gcc47 --infodir=/opt/local/share/info --mandir=/opt/local/share/man --datarootdir=/opt/local/share/gcc-4.7 --with-libiconv-prefix=/opt/local --with-local-prefix=/opt/local --with-system-zlib --disable-nls --program-suffix=-mp-4.7 --with-gxx-include-dir=/opt/local/include/gcc47/c++/ --with-gmp=/opt/local --with-mpfr=/opt/local --with-mpc=/opt/local --with-ppl=/opt/local --with-cloog=/opt/local --enable-cloog-backend=isl --disable-cloog-version-check --enable-stage1-checking --disable-multilib --enable-lto --enable-libstdcxx-time --with-as=/opt/local/bin/as --with-ld=/opt/local/bin/ld --with-ar=/opt/local/bin/ar --with-bugurl=https://trac.macports.org/newticket --disable-ppl-version-check --with-pkgversion='MacPorts gcc47 4.7.3_3'
Thread model: posix
gcc version 4.7.3 (MacPorts gcc47 4.7.3_3) 
configure:2014: $? = 0
configure:2016: gcc-mp-4.7 -Wall -std=gnu11 -m64  -m64 -V </dev/null >&5
gcc-mp-4.7: error: unrecognized command line option '-V'
gcc-mp-4.7: fatal error: no input files
compilation terminated.
configure:2019: $? = 1
configure:2042: checking for C compiler default output file name
configure:2045: gcc-mp-4.7 -Wall -std=gnu11 -m64  -m64  -DTCL_NO_STACK_CHECK -m64 -DTCL_NO_STACK_CHECK -m64   conftest.c  >&5
configure:2048: $? = 0
configure:2094: result: a.out
configure:2099: checking whether the C compiler works
configure:2105: ./a.out
configure:2108: $? = 0
configure:2125: result: yes
configure:2132: checking whether we are cross compiling
configure:2134: result: no
configure:2137: checking for suffix of executables
configure:2139: gcc-mp-4.7 -Wall -std=gnu11 -m64  -m64 -o conftest  -DTCL_NO_STACK_CHECK -m64 -DTCL_NO_STACK_CHECK -m64   conftest.c  >&5
configure:2142: $? = 0
configure:2167: result: 
configure:2173: checking for suffix of object files
configure:2194: gcc-mp-4.7 -Wall -std=gnu11 -m64  -m64 -c  -DTCL_NO_STACK_CHECK -m64 -DTCL_NO_STACK_CHECK -m64  conftest.c >&5
configure:2197: $? = 0
configure:2219: result: o
configure:2223: checking whether we are using the GNU C compiler
configure:2247: gcc-mp-4.7 -Wall -std=gnu11 -m64  -m64 -c  -DTCL_NO_STACK_CHECK -m64 -DTCL_NO_STACK_CHECK -m64  conftest.c >&5
configure:2253: $? = 0
configure:2257: test -z 
			 || test ! -s conftest.err
configure:2260: $? = 0
configure:2263: test -s conftest.o
configure:2266: $? = 0
configure:2279: result: yes
configure:2285: checking whether gcc-mp-4.7 -Wall -std=gnu11 -m64  -m64 accepts -g
configure:2306: gcc-mp-4.7 -Wall -std=gnu11 -m64  -m64 -c -g  conftest.c >&5
configure:2312: $? = 0
configure:2316: test -z 
			 || test ! -s conftest.err
configure:2319: $? = 0
configure:2322: test -s conftest.o
configure:2325: $? = 0
configure:2336: result: yes
configure:2353: checking for gcc-mp-4.7 -Wall -std=gnu11 -m64  -m64 option to accept ANSI C
configure:2423: gcc-mp-4.7 -Wall -std=gnu11 -m64  -m64  -c  -DTCL_NO_STACK_CHECK -m64 -DTCL_NO_STACK_CHECK -m64  conftest.c >&5
configure:2429: $? = 0
configure:2433: test -z 
			 || test ! -s conftest.err
configure:2436: $? = 0
configure:2439: test -s conftest.o
configure:2442: $? = 0
configure:2460: result: none needed
configure:2478: gcc-mp-4.7 -Wall -std=gnu11 -m64  -m64 -c  -DTCL_NO_STACK_CHECK -m64 -DTCL_NO_STACK_CHECK -m64  conftest.c >&5
conftest.c:2:3: error: unknown type name 'choke'
conftest.c:2:3: error: expected '=', ',', ';', 'asm' or '__attribute__' at end of input
configure:2484: $? = 1
configure: failed program was:
| #ifndef __cplusplus
|   choke me
| #endif
configure:2626: checking how to run the C preprocessor
configure:2661: gcc-mp-4.7 -Wall -std=gnu11 -m64  -m64 -E  conftest.c
configure:2667: $? = 0
configure:2699: gcc-mp-4.7 -Wall -std=gnu11 -m64  -m64 -E  conftest.c
conftest.c:9:28: fatal error: ac_nonexistent.h: No such file or directory
compilation terminated.
configure:2705: $? = 1
configure: failed program was:
| /* confdefs.h.  */
| 
| #define PACKAGE_NAME "tk"
| #define PACKAGE_TARNAME "tk"
| #define PACKAGE_VERSION "8.5"
| #define PACKAGE_STRING "tk 8.5"
| #define PACKAGE_BUGREPORT ""
| /* end confdefs.h.  */
| #include <ac_nonexistent.h>
configure:2744: result: gcc-mp-4.7 -Wall -std=gnu11 -m64  -m64 -E
configure:2768: gcc-mp-4.7 -Wall -std=gnu11 -m64  -m64 -E  conftest.c
configure:2774: $? = 0
configure:2806: gcc-mp-4.7 -Wall -std=gnu11 -m64  -m64 -E  conftest.c
conftest.c:9:28: fatal error: ac_nonexistent.h: No such file or directory
compilation terminated.
configure:2812: $? = 1
configure: failed program was:
| /* confdefs.h.  */
| 
| #define PACKAGE_NAME "tk"
| #define PACKAGE_TARNAME "tk"
| #define PACKAGE_VERSION "8.5"
| #define PACKAGE_STRING "tk 8.5"
| #define PACKAGE_BUGREPORT ""
| /* end confdefs.h.  */
| #include <ac_nonexistent.h>
configure:2856: checking for egrep
configure:2866: result: grep -E
configure:2871: checking for ANSI C header files
configure:2896: gcc-mp-4.7 -Wall -std=gnu11 -m64  -m64 -c  -DTCL_NO_STACK_CHECK -m64 -DTCL_NO_STACK_CHECK -m64  conftest.c >&5
configure:2902: $? = 0
configure:2906: test -z 
			 || test ! -s conftest.err
configure:2909: $? = 0
configure:2912: test -s conftest.o
configure:2915: $? = 0
configure:3004: gcc-mp-4.7 -Wall -std=gnu11 -m64  -m64 -o conftest  -DTCL_NO_STACK_CHECK -m64 -DTCL_NO_STACK_CHECK -m64   conftest.c  >&5
conftest.c: In function 'main':
conftest.c:26:7: warning: implicit declaration of function 'exit' [-Wimplicit-function-declaration]
conftest.c:26:7: warning: incompatible implicit declaration of built-in function 'exit' [enabled by default]
conftest.c:27:3: warning: incompatible implicit declaration of built-in function 'exit' [enabled by default]
configure:3007: $? = 0
configure:3009: ./conftest
configure:3012: $? = 0
configure:3027: result: yes
configure:3051: checking for sys/types.h
configure:3067: gcc-mp-4.7 -Wall -std=gnu11 -m64  -m64 -c  -DTCL_NO_STACK_CHECK -m64 -DTCL_NO_STACK_CHECK -m64  conftest.c >&5
configure:3073: $? = 0
configure:3077: test -z 
			 || test ! -s conftest.err
configure:3080: $? = 0
configure:3083: test -s conftest.o
configure:3086: $? = 0
configure:3097: result: yes
configure:3051: checking for sys/stat.h
configure:3067: gcc-mp-4.7 -Wall -std=gnu11 -m64  -m64 -c  -DTCL_NO_STACK_CHECK -m64 -DTCL_NO_STACK_CHECK -m64  conftest.c >&5
configure:3073: $? = 0
configure:3077: test -z 
			 || test ! -s conftest.err
configure:3080: $? = 0
configure:3083: test -s conftest.o
configure:3086: $? = 0
configure:3097: result: yes
configure:3051: checking for stdlib.h
configure:3067: gcc-mp-4.7 -Wall -std=gnu11 -m64  -m64 -c  -DTCL_NO_STACK_CHECK -m64 -DTCL_NO_STACK_CHECK -m64  conftest.c >&5
configure:3073: $? = 0
configure:3077: test -z 
			 || test ! -s conftest.err
configure:3080: $? = 0
configure:3083: test -s conftest.o
configure:3086: $? = 0
configure:3097: result: yes
configure:3051: checking for string.h
configure:3067: gcc-mp-4.7 -Wall -std=gnu11 -m64  -m64 -c  -DTCL_NO_STACK_CHECK -m64 -DTCL_NO_STACK_CHECK -m64  conftest.c >&5
configure:3073: $? = 0
configure:3077: test -z 
			 || test ! -s conftest.err
configure:3080: $? = 0
configure:3083: test -s conftest.o
configure:3086: $? = 0
configure:3097: result: yes
configure:3051: checking for memory.h
configure:3067: gcc-mp-4.7 -Wall -std=gnu11 -m64  -m64 -c  -DTCL_NO_STACK_CHECK -m64 -DTCL_NO_STACK_CHECK -m64  conftest.c >&5
configure:3073: $? = 0
configure:3077: test -z 
			 || test ! -s conftest.err
configure:3080: $? = 0
configure:3083: test -s conftest.o
configure:3086: $? = 0
configure:3097: result: yes
configure:3051: checking for strings.h
configure:3067: gcc-mp-4.7 -Wall -std=gnu11 -m64  -m64 -c  -DTCL_NO_STACK_CHECK -m64 -DTCL_NO_STACK_CHECK -m64  conftest.c >&5
configure:3073: $? = 0
configure:3077: test -z 
			 || test ! -s conftest.err
configure:3080: $? = 0
configure:3083: test -s conftest.o
configure:3086: $? = 0
configure:3097: result: yes
configure:3051: checking for inttypes.h
configure:3067: gcc-mp-4.7 -Wall -std=gnu11 -m64  -m64 -c  -DTCL_NO_STACK_CHECK -m64 -DTCL_NO_STACK_CHECK -m64  conftest.c >&5
configure:3073: $? = 0
configure:3077: test -z 
			 || test ! -s conftest.err
configure:3080: $? = 0
configure:3083: test -s conftest.o
configure:3086: $? = 0
configure:3097: result: yes
configure:3051: checking for stdint.h
configure:3067: gcc-mp-4.7 -Wall -std=gnu11 -m64  -m64 -c  -DTCL_NO_STACK_CHECK -m64 -DTCL_NO_STACK_CHECK -m64  conftest.c >&5
configure:3073: $? = 0
configure:3077: test -z 
			 || test ! -s conftest.err
configure:3080: $? = 0
configure:3083: test -s conftest.o
configure:3086: $? = 0
configure:3097: result: yes
configure:3051: checking for unistd.h
configure:3067: gcc-mp-4.7 -Wall -std=gnu11 -m64  -m64 -c  -DTCL_NO_STACK_CHECK -m64 -DTCL_NO_STACK_CHECK -m64  conftest.c >&5
configure:3073: $? = 0
configure:3077: test -z 
			 || test ! -s conftest.err
configure:3080: $? = 0
configure:3083: test -s conftest.o
configure:3086: $? = 0
configure:3097: result: yes
configure:3119: checking limits.h usability
configure:3131: gcc-mp-4.7 -Wall -std=gnu11 -m64  -m64 -c  -DTCL_NO_STACK_CHECK -m64 -DTCL_NO_STACK_CHECK -m64  conftest.c >&5
configure:3137: $? = 0
configure:3141: test -z 
			 || test ! -s conftest.err
configure:3144: $? = 0
configure:3147: test -s conftest.o
configure:3150: $? = 0
configure:3160: result: yes
configure:3164: checking limits.h presence
configure:3174: gcc-mp-4.7 -Wall -std=gnu11 -m64  -m64 -E  conftest.c
configure:3180: $? = 0
configure:3200: result: yes
configure:3235: checking for limits.h
configure:3242: result: yes
configure:3268: checking for stdlib.h
configure:3273: result: yes
configure:3476: checking if the compiler understands -pipe
configure:3499: gcc-mp-4.7 -Wall -std=gnu11 -m64  -m64 -c  -DTCL_NO_STACK_CHECK -m64 -DTCL_NO_STACK_CHECK -m64 -pipe  conftest.c >&5
configure:3505: $? = 0
configure:3509: test -z 
			 || test ! -s conftest.err
configure:3512: $? = 0
configure:3515: test -s conftest.o
configure:3518: $? = 0
configure:3530: result: yes
configure:4450: checking for building with threads
configure:4466: result: no (default)
configure:4477: checking how to build libraries
configure:4495: result: shared
configure:4557: checking for ranlib
configure:4573: found /opt/local/bin/ranlib
configure:4584: result: ranlib
configure:4600: checking if 64bit support is requested
configure:4609: result: yes
configure:4614: checking if 64bit Sparc VIS support is requested
configure:4623: result: no
configure:4634: checking if compiler supports visibility "hidden"
configure:4659: gcc-mp-4.7 -Wall -std=gnu11 -m64  -m64 -o conftest  -DTCL_NO_STACK_CHECK -m64 -DTCL_NO_STACK_CHECK -m64 -pipe -Werror   conftest.c  >&5
configure:4665: $? = 0
configure:4669: test -z 
			 || test ! -s conftest.err
configure:4672: $? = 0
configure:4675: test -s conftest
configure:4678: $? = 0
configure:4691: result: yes
configure:4706: checking if rpath support is requested
configure:4715: result: yes
configure:4722: checking system version
configure:4750: result: Darwin-13.0.0
configure:4758: checking for dlopen in -ldl
configure:4788: gcc-mp-4.7 -Wall -std=gnu11 -m64  -m64 -o conftest  -DTCL_NO_STACK_CHECK -m64 -DTCL_NO_STACK_CHECK -m64 -pipe   conftest.c -ldl   >&5
configure:4794: $? = 0
configure:4798: test -z 
			 || test ! -s conftest.err
configure:4801: $? = 0
configure:4804: test -s conftest
configure:4807: $? = 0
configure:4820: result: yes
configure:4902: checking for ar
configure:4918: found /opt/local/bin/ar
configure:4928: result: ar
configure:5962: checking if compiler accepts -arch x86_64 flag
configure:5986: gcc-mp-4.7 -Wall -std=gnu11 -m64  -m64 -o conftest -DTCL_NO_STACK_CHECK -m64 -DTCL_NO_STACK_CHECK -m64 -pipe  -arch x86_64    conftest.c  >&5
configure:5992: $? = 0
configure:5996: test -z 
			 || test ! -s conftest.err
configure:5999: $? = 0
configure:6002: test -s conftest
configure:6005: $? = 0
configure:6018: result: yes
configure:6045: checking if ld accepts -single_module flag
configure:6069: gcc-mp-4.7 -Wall -std=gnu11 -m64  -m64 -o conftest -DTCL_NO_STACK_CHECK -m64 -DTCL_NO_STACK_CHECK -m64 -pipe  -arch x86_64    -dynamiclib -Wl,-single_module conftest.c  >&5
conftest.c: In function 'main':
conftest.c:25:5: warning: unused variable 'i' [-Wunused-variable]
configure:6075: $? = 0
configure:6079: test -z 
			 || test ! -s conftest.err
configure:6082: $? = 0
configure:6085: test -s conftest
configure:6088: $? = 0
configure:6101: result: yes
configure:6120: checking if ld accepts -search_paths_first flag
configure:6144: gcc-mp-4.7 -Wall -std=gnu11 -m64  -m64 -o conftest -DTCL_NO_STACK_CHECK -m64 -DTCL_NO_STACK_CHECK -m64 -pipe  -arch x86_64    -prebind -headerpad_max_install_names -Wl,-search_paths_first conftest.c  >&5
conftest.c: In function 'main':
conftest.c:25:5: warning: unused variable 'i' [-Wunused-variable]
configure:6150: $? = 0
configure:6154: test -z 
			 || test ! -s conftest.err
configure:6157: $? = 0
configure:6160: test -s conftest
configure:6163: $? = 0
configure:6176: result: yes
configure:6204: checking whether to use CoreFoundation
configure:6213: result: yes
configure:6217: checking for CoreFoundation.framework
configure:6252: gcc-mp-4.7 -Wall -std=gnu11 -m64  -m64 -o conftest -DTCL_NO_STACK_CHECK -m64 -DTCL_NO_STACK_CHECK -m64 -pipe  -arch x86_64    -prebind -headerpad_max_install_names -Wl,-search_paths_first conftest.c  -framework CoreFoundation >&5
conftest.c: In function 'main':
conftest.c:26:13: warning: unused variable 'b' [-Wunused-variable]
configure:6258: $? = 0
configure:6262: test -z 
			 || test ! -s conftest.err
configure:6265: $? = 0
configure:6268: test -s conftest
configure:6271: $? = 0
configure:6291: result: yes
configure:7139: checking for cast to union support
configure:7163: gcc-mp-4.7 -Wall -std=gnu11 -m64  -m64 -c -DTCL_NO_STACK_CHECK -m64 -DTCL_NO_STACK_CHECK -m64 -pipe  -arch x86_64   conftest.c >&5
conftest.c: In function 'main':
conftest.c:30:15: warning: unused variable 'f' [-Wunused-variable]
configure:7169: $? = 0
configure:7173: test -z 
			 || test ! -s conftest.err
configure:7176: $? = 0
configure:7179: test -s conftest.o
configure:7182: $? = 0
configure:7194: result: yes
configure:7246: checking for build with symbols
configure:7265: result: no
configure:7309: checking for required early compiler flags
configure:7332: gcc-mp-4.7 -Wall -std=gnu11 -m64  -m64 -c -DTCL_NO_STACK_CHECK -m64 -DTCL_NO_STACK_CHECK -m64 -pipe  -arch x86_64   conftest.c >&5
conftest.c: In function 'main':
conftest.c:32:34: warning: unused variable 'q' [-Wunused-variable]
conftest.c:32:7: warning: unused variable 'p' [-Wunused-variable]
configure:7338: $? = 0
configure:7342: test -z 
			 || test ! -s conftest.err
configure:7345: $? = 0
configure:7348: test -s conftest.o
configure:7351: $? = 0
configure:7437: gcc-mp-4.7 -Wall -std=gnu11 -m64  -m64 -c -DTCL_NO_STACK_CHECK -m64 -DTCL_NO_STACK_CHECK -m64 -pipe  -arch x86_64   conftest.c >&5
conftest.c: In function 'main':
conftest.c:32:8: warning: 'stat64' is deprecated (declared at /usr/include/sys/stat.h:380) [-Wdeprecated-declarations]
conftest.c:32:24: warning: unused variable 'i' [-Wunused-variable]
configure:7443: $? = 0
configure:7447: test -z 
			 || test ! -s conftest.err
configure:7450: $? = 0
configure:7453: test -s conftest.o
configure:7456: $? = 0
configure:7542: gcc-mp-4.7 -Wall -std=gnu11 -m64  -m64 -c -DTCL_NO_STACK_CHECK -m64 -DTCL_NO_STACK_CHECK -m64 -pipe  -arch x86_64   conftest.c >&5
conftest.c: In function 'main':
conftest.c:32:19: error: 'open64' undeclared (first use in this function)
conftest.c:32:19: note: each undeclared identifier is reported only once for each function it appears in
conftest.c:32:7: warning: unused variable 'p' [-Wunused-variable]
configure:7548: $? = 1
configure: failed program was:
| /* confdefs.h.  */
| 
| #define PACKAGE_NAME "tk"
| #define PACKAGE_TARNAME "tk"
| #define PACKAGE_VERSION "8.5"
| #define PACKAGE_STRING "tk 8.5"
| #define PACKAGE_BUGREPORT ""
| #define STDC_HEADERS 1
| #define HAVE_SYS_TYPES_H 1
| #define HAVE_SYS_STAT_H 1
| #define HAVE_STDLIB_H 1
| #define HAVE_STRING_H 1
| #define HAVE_MEMORY_H 1
| #define HAVE_STRINGS_H 1
| #define HAVE_INTTYPES_H 1
| #define HAVE_STDINT_H 1
| #define HAVE_UNISTD_H 1
| #define HAVE_LIMITS_H 1
| #define MODULE_SCOPE extern __attribute__((__visibility__("hidden")))
| #define MAC_OSX_TCL 1
| #define HAVE_COREFOUNDATION 1
| #define TCL_CFG_DO64BIT 1
| #define HAVE_CAST_TO_UNION 1
| #define TCL_SHLIB_EXT ".dylib"
| #define NDEBUG 1
| #define TCL_CFG_OPTIMIZED 1
| /* end confdefs.h.  */
| #include <sys/stat.h>
| int
| main ()
| {
| char *p = (char *)open64;
|   ;
|   return 0;
| }
configure:7585: gcc-mp-4.7 -Wall -std=gnu11 -m64  -m64 -c -DTCL_NO_STACK_CHECK -m64 -DTCL_NO_STACK_CHECK -m64 -pipe  -arch x86_64   conftest.c >&5
conftest.c: In function 'main':
conftest.c:33:19: error: 'open64' undeclared (first use in this function)
conftest.c:33:19: note: each undeclared identifier is reported only once for each function it appears in
conftest.c:33:7: warning: unused variable 'p' [-Wunused-variable]
configure:7591: $? = 1
configure: failed program was:
| /* confdefs.h.  */
| 
| #define PACKAGE_NAME "tk"
| #define PACKAGE_TARNAME "tk"
| #define PACKAGE_VERSION "8.5"
| #define PACKAGE_STRING "tk 8.5"
| #define PACKAGE_BUGREPORT ""
| #define STDC_HEADERS 1
| #define HAVE_SYS_TYPES_H 1
| #define HAVE_SYS_STAT_H 1
| #define HAVE_STDLIB_H 1
| #define HAVE_STRING_H 1
| #define HAVE_MEMORY_H 1
| #define HAVE_STRINGS_H 1
| #define HAVE_INTTYPES_H 1
| #define HAVE_STDINT_H 1
| #define HAVE_UNISTD_H 1
| #define HAVE_LIMITS_H 1
| #define MODULE_SCOPE extern __attribute__((__visibility__("hidden")))
| #define MAC_OSX_TCL 1
| #define HAVE_COREFOUNDATION 1
| #define TCL_CFG_DO64BIT 1
| #define HAVE_CAST_TO_UNION 1
| #define TCL_SHLIB_EXT ".dylib"
| #define NDEBUG 1
| #define TCL_CFG_OPTIMIZED 1
| /* end confdefs.h.  */
| #define _LARGEFILE_SOURCE64 1
| #include <sys/stat.h>
| int
| main ()
| {
| char *p = (char *)open64;
|   ;
|   return 0;
| }
configure:7628: result: none
configure:7637: checking for 64-bit integer type
configure:7661: gcc-mp-4.7 -Wall -std=gnu11 -m64  -m64 -c -DTCL_NO_STACK_CHECK -m64 -DTCL_NO_STACK_CHECK -m64 -pipe  -arch x86_64   conftest.c >&5
conftest.c: In function 'main':
conftest.c:32:1: error: unknown type name '__int64'
conftest.c:32:18: error: '__int64' undeclared (first use in this function)
conftest.c:32:18: note: each undeclared identifier is reported only once for each function it appears in
conftest.c:32:27: error: expected ',' or ';' before numeric constant
conftest.c:32:9: warning: unused variable 'value' [-Wunused-variable]
configure:7667: $? = 1
configure: failed program was:
| /* confdefs.h.  */
| 
| #define PACKAGE_NAME "tk"
| #define PACKAGE_TARNAME "tk"
| #define PACKAGE_VERSION "8.5"
| #define PACKAGE_STRING "tk 8.5"
| #define PACKAGE_BUGREPORT ""
| #define STDC_HEADERS 1
| #define HAVE_SYS_TYPES_H 1
| #define HAVE_SYS_STAT_H 1
| #define HAVE_STDLIB_H 1
| #define HAVE_STRING_H 1
| #define HAVE_MEMORY_H 1
| #define HAVE_STRINGS_H 1
| #define HAVE_INTTYPES_H 1
| #define HAVE_STDINT_H 1
| #define HAVE_UNISTD_H 1
| #define HAVE_LIMITS_H 1
| #define MODULE_SCOPE extern __attribute__((__visibility__("hidden")))
| #define MAC_OSX_TCL 1
| #define HAVE_COREFOUNDATION 1
| #define TCL_CFG_DO64BIT 1
| #define HAVE_CAST_TO_UNION 1
| #define TCL_SHLIB_EXT ".dylib"
| #define NDEBUG 1
| #define TCL_CFG_OPTIMIZED 1
| /* end confdefs.h.  */
| 
| int
| main ()
| {
| __int64 value = (__int64) 0;
|   ;
|   return 0;
| }
configure:7711: gcc-mp-4.7 -Wall -std=gnu11 -m64  -m64 -c -DTCL_NO_STACK_CHECK -m64 -DTCL_NO_STACK_CHECK -m64 -pipe  -arch x86_64   conftest.c >&5
conftest.c: In function 'main':
conftest.c:33:21: error: duplicate case value
conftest.c:33:13: error: previously used here
configure:7717: $? = 1
configure: failed program was:
| /* confdefs.h.  */
| 
| #define PACKAGE_NAME "tk"
| #define PACKAGE_TARNAME "tk"
| #define PACKAGE_VERSION "8.5"
| #define PACKAGE_STRING "tk 8.5"
| #define PACKAGE_BUGREPORT ""
| #define STDC_HEADERS 1
| #define HAVE_SYS_TYPES_H 1
| #define HAVE_SYS_STAT_H 1
| #define HAVE_STDLIB_H 1
| #define HAVE_STRING_H 1
| #define HAVE_MEMORY_H 1
| #define HAVE_STRINGS_H 1
| #define HAVE_INTTYPES_H 1
| #define HAVE_STDINT_H 1
| #define HAVE_UNISTD_H 1
| #define HAVE_LIMITS_H 1
| #define MODULE_SCOPE extern __attribute__((__visibility__("hidden")))
| #define MAC_OSX_TCL 1
| #define HAVE_COREFOUNDATION 1
| #define TCL_CFG_DO64BIT 1
| #define HAVE_CAST_TO_UNION 1
| #define TCL_SHLIB_EXT ".dylib"
| #define NDEBUG 1
| #define TCL_CFG_OPTIMIZED 1
| /* end confdefs.h.  */
| 
| int
| main ()
| {
| switch (0) {
|             case 1: case (sizeof(long long)==sizeof(long)): ;
|         }
|   ;
|   return 0;
| }
configure:7747: result: using long
configure:8063: checking whether byte ordering is bigendian
configure:8090: gcc-mp-4.7 -Wall -std=gnu11 -m64  -m64 -c -DTCL_NO_STACK_CHECK -m64 -DTCL_NO_STACK_CHECK -m64 -pipe  -arch x86_64   conftest.c >&5
configure:8096: $? = 0
configure:8100: test -z 
			 || test ! -s conftest.err
configure:8103: $? = 0
configure:8106: test -s conftest.o
configure:8109: $? = 0
configure:8133: gcc-mp-4.7 -Wall -std=gnu11 -m64  -m64 -c -DTCL_NO_STACK_CHECK -m64 -DTCL_NO_STACK_CHECK -m64 -pipe  -arch x86_64   conftest.c >&5
conftest.c: In function 'main':
conftest.c:36:2: error: unknown type name 'not'
conftest.c:36:10: error: expected '=', ',', ';', 'asm' or '__attribute__' before 'endian'
configure:8139: $? = 1
configure: failed program was:
| /* confdefs.h.  */
| 
| #define PACKAGE_NAME "tk"
| #define PACKAGE_TARNAME "tk"
| #define PACKAGE_VERSION "8.5"
| #define PACKAGE_STRING "tk 8.5"
| #define PACKAGE_BUGREPORT ""
| #define STDC_HEADERS 1
| #define HAVE_SYS_TYPES_H 1
| #define HAVE_SYS_STAT_H 1
| #define HAVE_STDLIB_H 1
| #define HAVE_STRING_H 1
| #define HAVE_MEMORY_H 1
| #define HAVE_STRINGS_H 1
| #define HAVE_INTTYPES_H 1
| #define HAVE_STDINT_H 1
| #define HAVE_UNISTD_H 1
| #define HAVE_LIMITS_H 1
| #define MODULE_SCOPE extern __attribute__((__visibility__("hidden")))
| #define MAC_OSX_TCL 1
| #define HAVE_COREFOUNDATION 1
| #define TCL_CFG_DO64BIT 1
| #define HAVE_CAST_TO_UNION 1
| #define TCL_SHLIB_EXT ".dylib"
| #define NDEBUG 1
| #define TCL_CFG_OPTIMIZED 1
| #define TCL_WIDE_INT_IS_LONG 1
| /* end confdefs.h.  */
| #include <sys/types.h>
| #include <sys/param.h>
| 
| int
| main ()
| {
| #if BYTE_ORDER != BIG_ENDIAN
|  not big endian
| #endif
| 
|   ;
|   return 0;
| }
configure:8274: result: no
configure:8324: checking for fd_set in sys/types
configure:8346: gcc-mp-4.7 -Wall -std=gnu11 -m64  -m64 -c -DTCL_NO_STACK_CHECK -m64 -DTCL_NO_STACK_CHECK -m64 -pipe  -arch x86_64   conftest.c >&5
conftest.c: In function 'main':
conftest.c:33:18: warning: unused variable 'writeMask' [-Wunused-variable]
conftest.c:33:8: warning: unused variable 'readMask' [-Wunused-variable]
configure:8352: $? = 0
configure:8356: test -z 
			 || test ! -s conftest.err
configure:8359: $? = 0
configure:8362: test -s conftest.o
configure:8365: $? = 0
configure:8376: result: yes
configure:8441: checking sys/time.h usability
configure:8453: gcc-mp-4.7 -Wall -std=gnu11 -m64  -m64 -c -DTCL_NO_STACK_CHECK -m64 -DTCL_NO_STACK_CHECK -m64 -pipe  -arch x86_64   conftest.c >&5
configure:8459: $? = 0
configure:8463: test -z 
			 || test ! -s conftest.err
configure:8466: $? = 0
configure:8469: test -s conftest.o
configure:8472: $? = 0
configure:8482: result: yes
configure:8486: checking sys/time.h presence
configure:8496: gcc-mp-4.7 -Wall -std=gnu11 -m64  -m64 -E   conftest.c
configure:8502: $? = 0
configure:8522: result: yes
configure:8557: checking for sys/time.h
configure:8564: result: yes
configure:8577: checking whether time.h and sys/time.h may both be included
configure:8602: gcc-mp-4.7 -Wall -std=gnu11 -m64  -m64 -c -DTCL_NO_STACK_CHECK -m64 -DTCL_NO_STACK_CHECK -m64 -pipe  -arch x86_64   conftest.c >&5
configure:8608: $? = 0
configure:8612: test -z 
			 || test ! -s conftest.err
configure:8615: $? = 0
configure:8618: test -s conftest.o
configure:8621: $? = 0
configure:8632: result: yes
configure:8651: checking for strtod
configure:8708: gcc-mp-4.7 -Wall -std=gnu11 -m64  -m64 -o conftest -DTCL_NO_STACK_CHECK -m64 -DTCL_NO_STACK_CHECK -m64 -pipe  -arch x86_64    -prebind -headerpad_max_install_names -Wl,-search_paths_first  conftest.c  -framework CoreFoundation >&5
configure:8714: $? = 0
configure:8718: test -z 
			 || test ! -s conftest.err
configure:8721: $? = 0
configure:8724: test -s conftest
configure:8727: $? = 0
configure:8739: result: yes
configure:8748: checking for Solaris2.4/Tru64 strtod bugs
configure:8785: gcc-mp-4.7 -Wall -std=gnu11 -m64  -m64 -o conftest -DTCL_NO_STACK_CHECK -m64 -DTCL_NO_STACK_CHECK -m64 -pipe  -arch x86_64    -prebind -headerpad_max_install_names -Wl,-search_paths_first  conftest.c  -framework CoreFoundation >&5
conftest.c: In function 'main':
conftest.c:39:4: warning: implicit declaration of function 'exit' [-Wimplicit-function-declaration]
conftest.c:39:4: warning: incompatible implicit declaration of built-in function 'exit' [enabled by default]
conftest.c:43:4: warning: incompatible implicit declaration of built-in function 'exit' [enabled by default]
conftest.c:47:4: warning: incompatible implicit declaration of built-in function 'exit' [enabled by default]
conftest.c:49:7: warning: incompatible implicit declaration of built-in function 'exit' [enabled by default]
conftest.c:36:14: warning: variable 'value' set but not used [-Wunused-but-set-variable]
configure:8788: $? = 0
configure:8790: ./conftest
configure:8793: $? = 0
configure:8807: result: ok
configure:8833: checking for mode_t
configure:8857: gcc-mp-4.7 -Wall -std=gnu11 -m64  -m64 -c -DTCL_NO_STACK_CHECK -m64 -DTCL_NO_STACK_CHECK -m64 -pipe  -arch x86_64   conftest.c >&5
configure:8863: $? = 0
configure:8867: test -z 
			 || test ! -s conftest.err
configure:8870: $? = 0
configure:8873: test -s conftest.o
configure:8876: $? = 0
configure:8887: result: yes
configure:8899: checking for pid_t
configure:8923: gcc-mp-4.7 -Wall -std=gnu11 -m64  -m64 -c -DTCL_NO_STACK_CHECK -m64 -DTCL_NO_STACK_CHECK -m64 -pipe  -arch x86_64   conftest.c >&5
configure:8929: $? = 0
configure:8933: test -z 
			 || test ! -s conftest.err
configure:8936: $? = 0
configure:8939: test -s conftest.o
configure:8942: $? = 0
configure:8953: result: yes
configure:8965: checking for size_t
configure:8989: gcc-mp-4.7 -Wall -std=gnu11 -m64  -m64 -c -DTCL_NO_STACK_CHECK -m64 -DTCL_NO_STACK_CHECK -m64 -pipe  -arch x86_64   conftest.c >&5
configure:8995: $? = 0
configure:8999: test -z 
			 || test ! -s conftest.err
configure:9002: $? = 0
configure:9005: test -s conftest.o
configure:9008: $? = 0
configure:9019: result: yes
configure:9031: checking for uid_t in sys/types.h
configure:9054: result: yes
configure:9070: checking for intptr_t
configure:9094: gcc-mp-4.7 -Wall -std=gnu11 -m64  -m64 -c -DTCL_NO_STACK_CHECK -m64 -DTCL_NO_STACK_CHECK -m64 -pipe  -arch x86_64   conftest.c >&5
configure:9100: $? = 0
configure:9104: test -z 
			 || test ! -s conftest.err
configure:9107: $? = 0
configure:9110: test -s conftest.o
configure:9113: $? = 0
configure:9124: result: yes
configure:9205: checking for uintptr_t
configure:9229: gcc-mp-4.7 -Wall -std=gnu11 -m64  -m64 -c -DTCL_NO_STACK_CHECK -m64 -DTCL_NO_STACK_CHECK -m64 -pipe  -arch x86_64   conftest.c >&5
configure:9235: $? = 0
configure:9239: test -z 
			 || test ! -s conftest.err
configure:9242: $? = 0
configure:9245: test -s conftest.o
configure:9248: $? = 0
configure:9259: result: yes
configure:9346: checking pw_gecos in struct pwd
configure:9368: gcc-mp-4.7 -Wall -std=gnu11 -m64  -m64 -c -DTCL_NO_STACK_CHECK -m64 -DTCL_NO_STACK_CHECK -m64 -pipe  -arch x86_64   conftest.c >&5
conftest.c: In function 'main':
conftest.c:37:20: warning: statement with no effect [-Wunused-value]
configure:9374: $? = 0
configure:9378: test -z 
			 || test ! -s conftest.err
configure:9381: $? = 0
configure:9384: test -s conftest.o
configure:9387: $? = 0
configure:9398: result: yes
configure:9413: checking whether to use Aqua
configure:9440: result: no
configure:9520: checking if ld accepts -weak-l flag
configure:9544: gcc-mp-4.7 -Wall -std=gnu11 -m64  -m64 -o conftest -DTCL_NO_STACK_CHECK -m64 -DTCL_NO_STACK_CHECK -m64 -pipe  -arch x86_64    -prebind -headerpad_max_install_names -Wl,-search_paths_first  -Wl,-weak-lm conftest.c  -framework CoreFoundation >&5
conftest.c: In function 'main':
conftest.c:38:8: warning: unused variable 'f' [-Wunused-variable]
configure:9550: $? = 0
configure:9554: test -z 
			 || test ! -s conftest.err
configure:9557: $? = 0
configure:9560: test -s conftest
configure:9563: $? = 0
configure:9576: result: yes
configure:9593: checking AvailabilityMacros.h usability
configure:9605: gcc-mp-4.7 -Wall -std=gnu11 -m64  -m64 -c -DTCL_NO_STACK_CHECK -m64 -DTCL_NO_STACK_CHECK -m64 -pipe  -arch x86_64   conftest.c >&5
configure:9611: $? = 0
configure:9615: test -z 
			 || test ! -s conftest.err
configure:9618: $? = 0
configure:9621: test -s conftest.o
configure:9624: $? = 0
configure:9634: result: yes
configure:9638: checking AvailabilityMacros.h presence
configure:9648: gcc-mp-4.7 -Wall -std=gnu11 -m64  -m64 -E   conftest.c
configure:9654: $? = 0
configure:9674: result: yes
configure:9709: checking for AvailabilityMacros.h
configure:9716: result: yes
configure:9730: checking if weak import is available
configure:9762: gcc-mp-4.7 -Wall -std=gnu11 -m64  -m64 -o conftest -DTCL_NO_STACK_CHECK -m64 -DTCL_NO_STACK_CHECK -m64 -pipe  -arch x86_64 -Werror    -prebind -headerpad_max_install_names -Wl,-search_paths_first  conftest.c  -framework CoreFoundation >&5
configure:9768: $? = 0
configure:9772: test -z 
			 || test ! -s conftest.err
configure:9775: $? = 0
configure:9778: test -s conftest
configure:9781: $? = 0
configure:9794: result: yes
configure:9803: checking if Darwin SUSv3 extensions are available
configure:9836: gcc-mp-4.7 -Wall -std=gnu11 -m64  -m64 -c -DTCL_NO_STACK_CHECK -m64 -DTCL_NO_STACK_CHECK -m64 -pipe  -arch x86_64 -Werror   conftest.c >&5
configure:9842: $? = 0
configure:9846: test -z 
			 || test ! -s conftest.err
configure:9849: $? = 0
configure:9852: test -s conftest.o
configure:9855: $? = 0
configure:9867: result: yes
configure:9908: checking for X
configure:10138: result: libraries /usr/X11R6/lib, headers /usr/X11R6/include
configure:10388: checking for main in -lXbsd
configure:10412: gcc-mp-4.7 -Wall -std=gnu11 -m64  -m64 -o conftest -DTCL_NO_STACK_CHECK -m64 -DTCL_NO_STACK_CHECK -m64 -pipe  -arch x86_64    -prebind -headerpad_max_install_names -Wl,-search_paths_first  conftest.c -lXbsd   -framework CoreFoundation >&5
ld: library not found for -lXbsd
collect2: error: ld returned 1 exit status
configure:10418: $? = 1
configure: failed program was:
| /* confdefs.h.  */
| 
| #define PACKAGE_NAME "tk"
| #define PACKAGE_TARNAME "tk"
| #define PACKAGE_VERSION "8.5"
| #define PACKAGE_STRING "tk 8.5"
| #define PACKAGE_BUGREPORT ""
| #define STDC_HEADERS 1
| #define HAVE_SYS_TYPES_H 1
| #define HAVE_SYS_STAT_H 1
| #define HAVE_STDLIB_H 1
| #define HAVE_STRING_H 1
| #define HAVE_MEMORY_H 1
| #define HAVE_STRINGS_H 1
| #define HAVE_INTTYPES_H 1
| #define HAVE_STDINT_H 1
| #define HAVE_UNISTD_H 1
| #define HAVE_LIMITS_H 1
| #define MODULE_SCOPE extern __attribute__((__visibility__("hidden")))
| #define MAC_OSX_TCL 1
| #define HAVE_COREFOUNDATION 1
| #define TCL_CFG_DO64BIT 1
| #define HAVE_CAST_TO_UNION 1
| #define TCL_SHLIB_EXT ".dylib"
| #define NDEBUG 1
| #define TCL_CFG_OPTIMIZED 1
| #define TCL_WIDE_INT_IS_LONG 1
| #define HAVE_SYS_TIME_H 1
| #define TIME_WITH_SYS_TIME 1
| #define HAVE_INTPTR_T 1
| #define HAVE_UINTPTR_T 1
| #define HAVE_PW_GECOS 1
| #define HAVE_AVAILABILITYMACROS_H 1
| #define HAVE_WEAK_IMPORT 1
| #define _DARWIN_C_SOURCE 1
| /* end confdefs.h.  */
| 
| 
| int
| main ()
| {
| main ();
|   ;
|   return 0;
| }
configure:10444: result: no
configure:10535: checking whether to use xft
configure:10558: result: yes
configure:10565: checking for X11/Xft/Xft.h
configure:10581: gcc-mp-4.7 -Wall -std=gnu11 -m64  -m64 -c -DTCL_NO_STACK_CHECK -m64 -DTCL_NO_STACK_CHECK -m64 -pipe  -arch x86_64 -I/usr/X11R6/include -I/usr/X11/include -I/usr/X11/include/freetype2 -I/usr/X11/include -I/usr/X11/include -I/usr/X11/include   conftest.c >&5
configure:10587: $? = 0
configure:10591: test -z 
			 || test ! -s conftest.err
configure:10594: $? = 0
configure:10597: test -s conftest.o
configure:10600: $? = 0
configure:10611: result: yes
configure:10631: checking for XftFontOpen in -lXft
configure:10661: gcc-mp-4.7 -Wall -std=gnu11 -m64  -m64 -o conftest -DTCL_NO_STACK_CHECK -m64 -DTCL_NO_STACK_CHECK -m64 -pipe  -arch x86_64 -I/usr/X11R6/include -I/usr/X11/include -I/usr/X11/include/freetype2 -I/usr/X11/include -I/usr/X11/include -I/usr/X11/include    -prebind -headerpad_max_install_names -Wl,-search_paths_first  conftest.c -lXft   -L/usr/X11/lib -lXft -lX11 -L/usr/X11/lib -lfreetype -L/usr/X11/lib -lfontconfig -L/usr/X11/lib -lXrender -lX11 -L/usr/X11R6/lib -lX11 >&5
configure:10667: $? = 0
configure:10671: test -z 
			 || test ! -s conftest.err
configure:10674: $? = 0
configure:10677: test -s conftest
configure:10680: $? = 0
configure:10693: result: yes
configure:10747: checking for X11/XKBlib.h
configure:10763: gcc-mp-4.7 -Wall -std=gnu11 -m64  -m64 -c -DTCL_NO_STACK_CHECK -m64 -DTCL_NO_STACK_CHECK -m64 -pipe  -arch x86_64 -I/usr/X11R6/include   conftest.c >&5
configure:10769: $? = 0
configure:10773: test -z 
			 || test ! -s conftest.err
configure:10776: $? = 0
configure:10779: test -s conftest.o
configure:10782: $? = 0
configure:10793: result: yes
configure:10807: checking for XkbKeycodeToKeysym in -lX11
configure:10837: gcc-mp-4.7 -Wall -std=gnu11 -m64  -m64 -o conftest -DTCL_NO_STACK_CHECK -m64 -DTCL_NO_STACK_CHECK -m64 -pipe  -arch x86_64 -I/usr/X11R6/include    -prebind -headerpad_max_install_names -Wl,-search_paths_first  conftest.c -lX11   -framework CoreFoundation -L/usr/X11R6/lib -lX11 >&5
configure:10843: $? = 0
configure:10847: test -z 
			 || test ! -s conftest.err
configure:10850: $? = 0
configure:10853: test -s conftest
configure:10856: $? = 0
configure:10869: result: yes
configure:10911: checking whether to try to use XScreenSaver
configure:10924: result: yes
configure:10926: checking for X11/extensions/scrnsaver.h
configure:10942: gcc-mp-4.7 -Wall -std=gnu11 -m64  -m64 -c -DTCL_NO_STACK_CHECK -m64 -DTCL_NO_STACK_CHECK -m64 -pipe  -arch x86_64 -I/usr/X11R6/include   conftest.c >&5
configure:10948: $? = 0
configure:10952: test -z 
			 || test ! -s conftest.err
configure:10955: $? = 0
configure:10958: test -s conftest.o
configure:10961: $? = 0
configure:10972: result: yes
configure:10981: checking for XScreenSaverQueryInfo
configure:11038: gcc-mp-4.7 -Wall -std=gnu11 -m64  -m64 -o conftest -DTCL_NO_STACK_CHECK -m64 -DTCL_NO_STACK_CHECK -m64 -pipe  -arch x86_64 -I/usr/X11R6/include    -prebind -headerpad_max_install_names -Wl,-search_paths_first  conftest.c  -framework CoreFoundation -L/usr/X11R6/lib -lX11 >&5
Undefined symbols for architecture x86_64:
  "_XScreenSaverQueryInfo", referenced from:
      _main in ccrkS0zT.o
      _f in ccrkS0zT.o
ld: symbol(s) not found for architecture x86_64
collect2: error: ld returned 1 exit status
configure:11044: $? = 1
configure: failed program was:
| /* confdefs.h.  */
| 
| #define PACKAGE_NAME "tk"
| #define PACKAGE_TARNAME "tk"
| #define PACKAGE_VERSION "8.5"
| #define PACKAGE_STRING "tk 8.5"
| #define PACKAGE_BUGREPORT ""
| #define STDC_HEADERS 1
| #define HAVE_SYS_TYPES_H 1
| #define HAVE_SYS_STAT_H 1
| #define HAVE_STDLIB_H 1
| #define HAVE_STRING_H 1
| #define HAVE_MEMORY_H 1
| #define HAVE_STRINGS_H 1
| #define HAVE_INTTYPES_H 1
| #define HAVE_STDINT_H 1
| #define HAVE_UNISTD_H 1
| #define HAVE_LIMITS_H 1
| #define MODULE_SCOPE extern __attribute__((__visibility__("hidden")))
| #define MAC_OSX_TCL 1
| #define HAVE_COREFOUNDATION 1
| #define TCL_CFG_DO64BIT 1
| #define HAVE_CAST_TO_UNION 1
| #define TCL_SHLIB_EXT ".dylib"
| #define NDEBUG 1
| #define TCL_CFG_OPTIMIZED 1
| #define TCL_WIDE_INT_IS_LONG 1
| #define HAVE_SYS_TIME_H 1
| #define TIME_WITH_SYS_TIME 1
| #define HAVE_INTPTR_T 1
| #define HAVE_UINTPTR_T 1
| #define HAVE_PW_GECOS 1
| #define HAVE_AVAILABILITYMACROS_H 1
| #define HAVE_WEAK_IMPORT 1
| #define _DARWIN_C_SOURCE 1
| #define HAVE_LIBXFT 1
| #define HAVE_XFT 1
| #define HAVE_XKBKEYCODETOKEYSYM 1
| /* end confdefs.h.  */
| /* Define XScreenSaverQueryInfo to an innocuous variant, in case <limits.h> declares XScreenSaverQueryInfo.
|    For example, HP-UX 11i <limits.h> declares gettimeofday.  */
| #define XScreenSaverQueryInfo innocuous_XScreenSaverQueryInfo
| 
| /* System header to define __stub macros and hopefully few prototypes,
|     which can conflict with char XScreenSaverQueryInfo (); below.
|     Prefer <limits.h> to <assert.h> if __STDC__ is defined, since
|     <limits.h> exists even on freestanding compilers.  */
| 
| #ifdef __STDC__
| # include <limits.h>
| #else
| # include <assert.h>
| #endif
| 
| #undef XScreenSaverQueryInfo
| 
| /* Override any gcc2 internal prototype to avoid an error.  */
| #ifdef __cplusplus
| extern "C"
| {
| #endif
| /* We use char because int might match the return type of a gcc2
|    builtin and then its argument prototype would still apply.  */
| char XScreenSaverQueryInfo ();
| /* The GNU C library defines this for functions which it implements
|     to always fail with ENOSYS.  Some functions are actually named
|     something starting with __ and the normal name is an alias.  */
| #if defined (__stub_XScreenSaverQueryInfo) || defined (__stub___XScreenSaverQueryInfo)
| choke me
| #else
| char (*f) () = XScreenSaverQueryInfo;
| #endif
| #ifdef __cplusplus
| }
| #endif
| 
| int
| main ()
| {
| return f != XScreenSaverQueryInfo;
|   ;
|   return 0;
| }
configure:11069: result: no
configure:11075: checking for XScreenSaverQueryInfo in -lXext
configure:11105: gcc-mp-4.7 -Wall -std=gnu11 -m64  -m64 -o conftest -DTCL_NO_STACK_CHECK -m64 -DTCL_NO_STACK_CHECK -m64 -pipe  -arch x86_64 -I/usr/X11R6/include    -prebind -headerpad_max_install_names -Wl,-search_paths_first  conftest.c -lXext   -framework CoreFoundation -L/usr/X11R6/lib -lX11 >&5
Undefined symbols for architecture x86_64:
  "_XScreenSaverQueryInfo", referenced from:
      _main in cc1EuDaM.o
ld: symbol(s) not found for architecture x86_64
collect2: error: ld returned 1 exit status
configure:11111: $? = 1
configure: failed program was:
| /* confdefs.h.  */
| 
| #define PACKAGE_NAME "tk"
| #define PACKAGE_TARNAME "tk"
| #define PACKAGE_VERSION "8.5"
| #define PACKAGE_STRING "tk 8.5"
| #define PACKAGE_BUGREPORT ""
| #define STDC_HEADERS 1
| #define HAVE_SYS_TYPES_H 1
| #define HAVE_SYS_STAT_H 1
| #define HAVE_STDLIB_H 1
| #define HAVE_STRING_H 1
| #define HAVE_MEMORY_H 1
| #define HAVE_STRINGS_H 1
| #define HAVE_INTTYPES_H 1
| #define HAVE_STDINT_H 1
| #define HAVE_UNISTD_H 1
| #define HAVE_LIMITS_H 1
| #define MODULE_SCOPE extern __attribute__((__visibility__("hidden")))
| #define MAC_OSX_TCL 1
| #define HAVE_COREFOUNDATION 1
| #define TCL_CFG_DO64BIT 1
| #define HAVE_CAST_TO_UNION 1
| #define TCL_SHLIB_EXT ".dylib"
| #define NDEBUG 1
| #define TCL_CFG_OPTIMIZED 1
| #define TCL_WIDE_INT_IS_LONG 1
| #define HAVE_SYS_TIME_H 1
| #define TIME_WITH_SYS_TIME 1
| #define HAVE_INTPTR_T 1
| #define HAVE_UINTPTR_T 1
| #define HAVE_PW_GECOS 1
| #define HAVE_AVAILABILITYMACROS_H 1
| #define HAVE_WEAK_IMPORT 1
| #define _DARWIN_C_SOURCE 1
| #define HAVE_LIBXFT 1
| #define HAVE_XFT 1
| #define HAVE_XKBKEYCODETOKEYSYM 1
| /* end confdefs.h.  */
| 
| /* Override any gcc2 internal prototype to avoid an error.  */
| #ifdef __cplusplus
| extern "C"
| #endif
| /* We use char because int might match the return type of a gcc2
|    builtin and then its argument prototype would still apply.  */
| char XScreenSaverQueryInfo ();
| int
| main ()
| {
| XScreenSaverQueryInfo ();
|   ;
|   return 0;
| }
configure:11137: result: no
configure:11146: checking for XScreenSaverQueryInfo in -lXss
configure:11176: gcc-mp-4.7 -Wall -std=gnu11 -m64  -m64 -o conftest -DTCL_NO_STACK_CHECK -m64 -DTCL_NO_STACK_CHECK -m64 -pipe  -arch x86_64 -I/usr/X11R6/include    -prebind -headerpad_max_install_names -Wl,-search_paths_first  conftest.c -lXss -lXext  -framework CoreFoundation -L/usr/X11R6/lib -lX11 >&5
configure:11182: $? = 0
configure:11186: test -z 
			 || test ! -s conftest.err
configure:11189: $? = 0
configure:11192: test -s conftest
configure:11195: $? = 0
configure:11208: result: yes
configure:11247: checking whether char is unsigned
configure:11270: gcc-mp-4.7 -Wall -std=gnu11 -m64  -m64 -c -DTCL_NO_STACK_CHECK -m64 -DTCL_NO_STACK_CHECK -m64 -pipe  -arch x86_64   conftest.c >&5
conftest.c: In function 'main':
conftest.c:78:12: warning: variable 'test_array' set but not used [-Wunused-but-set-variable]
configure:11276: $? = 0
configure:11280: test -z 
			 || test ! -s conftest.err
configure:11283: $? = 0
configure:11286: test -s conftest.o
configure:11289: $? = 0
configure:11300: result: no
configure:11344: checking how to package libraries
configure:11371: result: shared library
configure:11667: creating ./config.status

## ---------------------- ##
## Running config.status. ##
## ---------------------- ##

This file was extended by tk config.status 8.5, which was
generated by GNU Autoconf 2.59.  Invocation command line was

  CONFIG_FILES    = 
  CONFIG_HEADERS  = 
  CONFIG_LINKS    = 
  CONFIG_COMMANDS = 
  $ ./config.status 

on B-2021.local

config.status:738: creating Tk-Info.plist
config.status:738: creating Wish-Info.plist
config.status:738: creating Makefile
config.status:738: creating tkConfig.sh
config.status:738: creating tk.pc

## ---------------- ##
## Cache variables. ##
## ---------------- ##

ac_cv_c_bigendian=no
ac_cv_c_char_unsigned=no
ac_cv_c_compiler_gnu=yes
ac_cv_c_tclconfig=/Users/oide/SAD/oldsad/obj/i386-Darwin13/tcl8.5.15/unix
ac_cv_env_CC_set=set
ac_cv_env_CC_value='gcc-mp-4.7 -Wall -std=gnu11 -m64  -m64'
ac_cv_env_CFLAGS_set=set
ac_cv_env_CFLAGS_value=' -DTCL_NO_STACK_CHECK -m64 -DTCL_NO_STACK_CHECK -m64'
ac_cv_env_CPPFLAGS_set=
ac_cv_env_CPPFLAGS_value=
ac_cv_env_CPP_set=
ac_cv_env_CPP_value=
ac_cv_env_LDFLAGS_set=set
ac_cv_env_LDFLAGS_value=
ac_cv_env_build_alias_set=
ac_cv_env_build_alias_value=
ac_cv_env_host_alias_set=
ac_cv_env_host_alias_value=
ac_cv_env_target_alias_set=
ac_cv_env_target_alias_value=
ac_cv_exeext=
ac_cv_func_XScreenSaverQueryInfo=no
ac_cv_func_strtod=yes
ac_cv_have_x='have_x=yes 		ac_x_includes=/usr/X11R6/include ac_x_libraries=/usr/X11R6/lib'
ac_cv_header_AvailabilityMacros_h=yes
ac_cv_header_X11_XKBlib_h=yes
ac_cv_header_X11_Xft_Xft_h=yes
ac_cv_header_X11_extensions_scrnsaver_h=yes
ac_cv_header_inttypes_h=yes
ac_cv_header_limits_h=yes
ac_cv_header_memory_h=yes
ac_cv_header_stdc=yes
ac_cv_header_stdint_h=yes
ac_cv_header_stdlib_h=yes
ac_cv_header_string_h=yes
ac_cv_header_strings_h=yes
ac_cv_header_sys_stat_h=yes
ac_cv_header_sys_time_h=yes
ac_cv_header_sys_types_h=yes
ac_cv_header_time=yes
ac_cv_header_unistd_h=yes
ac_cv_lib_X11_XkbKeycodeToKeysym=yes
ac_cv_lib_Xbsd_main=no
ac_cv_lib_Xext_XScreenSaverQueryInfo=no
ac_cv_lib_Xft_XftFontOpen=yes
ac_cv_lib_Xss_XScreenSaverQueryInfo=yes
ac_cv_lib_dl_dlopen=yes
ac_cv_objext=o
ac_cv_path_tclsh=/usr/bin/tclsh8.5
ac_cv_prog_CPP='gcc-mp-4.7 -Wall -std=gnu11 -m64  -m64 -E'
ac_cv_prog_ac_ct_AR=ar
ac_cv_prog_ac_ct_CC='gcc-mp-4.7 -Wall -std=gnu11 -m64  -m64'
ac_cv_prog_ac_ct_RANLIB=ranlib
ac_cv_prog_cc_g=yes
ac_cv_prog_cc_stdc=
ac_cv_prog_egrep='grep -E'
ac_cv_type_intptr_t=yes
ac_cv_type_mode_t=yes
ac_cv_type_pid_t=yes
ac_cv_type_size_t=yes
ac_cv_type_uid_t=yes
ac_cv_type_uintptr_t=yes
tcl_cv_cast_to_union=yes
tcl_cv_cc_arch_x86_64=yes
tcl_cv_cc_darwin_c_source=yes
tcl_cv_cc_pipe=yes
tcl_cv_cc_visibility_hidden=yes
tcl_cv_cc_weak_import=yes
tcl_cv_flag__isoc99_source=no
tcl_cv_flag__largefile64_source=no
tcl_cv_flag__largefile_source64=no
tcl_cv_ld_search_paths_first=yes
tcl_cv_ld_single_module=yes
tcl_cv_ld_weak_l=yes
tcl_cv_lib_corefoundation=yes
tcl_cv_pwd_pw_gecos=yes
tcl_cv_strtod_buggy=ok
tcl_cv_sys_version=Darwin-13.0.0
tcl_cv_type_64bit=none
tcl_cv_type_fd_set=yes

## ----------------- ##
## Output variables. ##
## ----------------- ##

APP_RSRC_FILE=''
AR='ar'
BUILD_TCLSH='/Users/oide/SAD/oldsad/obj/i386-Darwin13/tcl8.5.15/unix/tclsh'
CC='gcc-mp-4.7 -Wall -std=gnu11 -m64  -m64'
CC_SEARCH_FLAGS=''
CFBUNDLELOCALIZATIONS='<string>cs</string><string>da</string><string>de</string><string>el</string><string>en</string><string>en_gb</string><string>eo</string><string>es</string><string>fr</string><string>hu</string><string>it</string><string>nl</string><string>pl</string><string>pt</string><string>ru</string><string>sv</string>'
CFLAGS='-DTCL_NO_STACK_CHECK -m64 -DTCL_NO_STACK_CHECK -m64 -pipe  -arch x86_64  '
CFLAGS_DEBUG='-g'
CFLAGS_DEFAULT='$(CFLAGS_OPTIMIZE)'
CFLAGS_OPTIMIZE='-Os'
CFLAGS_WARNING='-Wall'
CPP='gcc-mp-4.7 -Wall -std=gnu11 -m64  -m64 -E'
CPPFLAGS=''
DEFS='-DPACKAGE_NAME=\"tk\" -DPACKAGE_TARNAME=\"tk\" -DPACKAGE_VERSION=\"8.5\" -DPACKAGE_STRING=\"tk\ 8.5\" -DPACKAGE_BUGREPORT=\"\" -DSTDC_HEADERS=1 -DHAVE_SYS_TYPES_H=1 -DHAVE_SYS_STAT_H=1 -DHAVE_STDLIB_H=1 -DHAVE_STRING_H=1 -DHAVE_MEMORY_H=1 -DHAVE_STRINGS_H=1 -DHAVE_INTTYPES_H=1 -DHAVE_STDINT_H=1 -DHAVE_UNISTD_H=1 -DHAVE_LIMITS_H=1 -DMODULE_SCOPE=extern\ __attribute__\(\(__visibility__\(\"hidden\"\)\)\) -DMAC_OSX_TCL=1 -DHAVE_COREFOUNDATION=1 -DTCL_CFG_DO64BIT=1 -DHAVE_CAST_TO_UNION=1 -DTCL_SHLIB_EXT=\".dylib\" -DNDEBUG=1 -DTCL_CFG_OPTIMIZED=1 -DTCL_WIDE_INT_IS_LONG=1 -DHAVE_SYS_TIME_H=1 -DTIME_WITH_SYS_TIME=1 -DHAVE_INTPTR_T=1 -DHAVE_UINTPTR_T=1 -DHAVE_PW_GECOS=1 -DHAVE_AVAILABILITYMACROS_H=1 -DHAVE_WEAK_IMPORT=1 -D_DARWIN_C_SOURCE=1 -DHAVE_LIBXFT=1 -DHAVE_XFT=1 -DHAVE_XKBKEYCODETOKEYSYM=1 -DHAVE_XSS=1 '
DLL_INSTALL_DIR='$(LIB_INSTALL_DIR)'
DL_LIBS=''
DL_OBJS='tclLoadDyld.o'
ECHO_C='ECHO_N=''
ECHO_T=''
EGREP='grep -E'
EXEEXT=''
EXTRA_APP_CC_SWITCHES=''
EXTRA_BUILD_HTML=''
EXTRA_CC_SWITCHES=''
EXTRA_INSTALL=''
EXTRA_INSTALL_BINARIES=''
EXTRA_WISH_LIBS='-sectcreate __TEXT __info_plist Wish-Info.plist'
HTML_DIR='$(DISTDIR)/html'
INSTALL_LIB='$(INSTALL_LIBRARY) $(LIB_FILE) "$(LIB_INSTALL_DIR)/$(LIB_FILE)"'
INSTALL_STUB_LIB='$(INSTALL_LIBRARY) $(STUB_LIB_FILE) "$(LIB_INSTALL_DIR)/$(STUB_LIB_FILE)" ; (cd "$(LIB_INSTALL_DIR)" ; $(RANLIB) $(STUB_LIB_FILE))'
LDAIX_SRC=''
LDFLAGS=' -prebind -headerpad_max_install_names -Wl,-search_paths_first '
LDFLAGS_DEBUG=''
LDFLAGS_DEFAULT='$(LDFLAGS_OPTIMIZE)'
LDFLAGS_OPTIMIZE=''
LD_LIBRARY_PATH_VAR='DYLD_LIBRARY_PATH'
LD_SEARCH_FLAGS=''
LIBOBJS=''
LIBS=' -framework CoreFoundation'
LIB_RSRC_FILE=''
LIB_RUNTIME_DIR='${LIB_RUNTIME_DIR}:/usr/X11R6/lib'
LOCALES='cs da de el en en_gb eo es fr hu it nl pl pt ru sv'
LTLIBOBJS=''
MAKE_LIB='${SHLIB_LD} -o $@ ${OBJS} ${SHLIB_LD_LIBS} ${TCL_SHLIB_LD_EXTRAS} ${TK_SHLIB_LD_EXTRAS} ${LD_SEARCH_FLAGS}'
MAKE_STUB_LIB='${STLIB_LD} $@ ${STUB_LIB_OBJS} ; ${RANLIB} $@'
MAN_FLAGS=''
OBJEXT='o'
PACKAGE_BUGREPORT=''
PACKAGE_NAME='tk'
PACKAGE_STRING='tk 8.5'
PACKAGE_TARNAME='tk'
PACKAGE_VERSION='8.5'
PATH_SEPARATOR=':'
PLAT_OBJS='${MAC_OSX_OBJS}'
PLAT_SRCS='${MAC_OSX_SRCS}'
PRIVATE_INCLUDE_DIR='$(includedir)'
RANLIB='ranlib'
REZ=''
REZ_FLAGS=''
SHELL='/bin/sh'
SHLIB_CFLAGS='-fno-common'
SHLIB_LD='${CC} -dynamiclib ${CFLAGS} ${LDFLAGS} -Wl,-single_module'
SHLIB_LD_LIBS='${LIBS} ${TCL_STUB_LIB_SPEC}'
SHLIB_SUFFIX='.dylib'
STLIB_LD='${AR} cr'
TCLSH_PROG='/usr/bin/tclsh8.5'
TCL_BIN_DIR='/Users/oide/SAD/oldsad/obj/i386-Darwin13/tcl8.5.15/unix'
TCL_LIBS='  -framework CoreFoundation '
TCL_LIB_FILE='libtcl8.5.dylib'
TCL_LIB_FLAG='-ltcl8.5'
TCL_LIB_SPEC='-L/Users/oide/SAD/oldsad/obj/i386-Darwin13/tcl8.5.15/unix -ltcl8.5'
TCL_PATCH_LEVEL='.15'
TCL_SHLIB_LD_EXTRAS=''
TCL_SRC_DIR='/Users/oide/SAD/oldsad/obj/i386-Darwin13/tcl8.5.15'
TCL_STUB_FLAGS='-DUSE_TCL_STUBS'
TCL_STUB_LIB_FILE='libtclstub8.5.a'
TCL_STUB_LIB_FLAG='-ltclstub8.5'
TCL_STUB_LIB_SPEC='-L/Users/oide/SAD/oldsad/obj/i386-Darwin13/tcl8.5.15/unix -ltclstub8.5'
TCL_THREADS='0'
TCL_VERSION='8.5'
TK_BUILD_LIB_SPEC='-L/Users/oide/SAD/oldsad/obj/i386-Darwin13/tk8.5.15/unix -ltk8.5'
TK_BUILD_STUB_LIB_PATH='/Users/oide/SAD/oldsad/obj/i386-Darwin13/tk8.5.15/unix/libtkstub8.5.a'
TK_BUILD_STUB_LIB_SPEC='-L/Users/oide/SAD/oldsad/obj/i386-Darwin13/tk8.5.15/unix -ltkstub8.5'
TK_INCLUDE_SPEC='-I/Users/oide/SAD/oldsad//arch/i386-Darwin13/include'
TK_LIBRARY='$(prefix)/lib/tk$(VERSION)'
TK_LIB_FILE='libtk8.5.dylib'
TK_LIB_FLAG='-ltk8.5'
TK_LIB_SPEC='-L/Users/oide/SAD/oldsad//arch/i386-Darwin13/lib -ltk8.5'
TK_MAJOR_VERSION='8'
TK_MINOR_VERSION='5'
TK_PATCH_LEVEL='.15'
TK_PKG_DIR='tk$(VERSION)'
TK_RSRC_FILE='tk$(VERSION).rsrc'
TK_SHARED_BUILD='1'
TK_SHLIB_LD_EXTRAS='-compatibility_version 8.5 -current_version 8.5.15 -install_name "${DYLIB_INSTALL_DIR}/${TK_LIB_FILE}" -unexported_symbols_list $$(f=$(TK_LIB_FILE).E && nm -gp tkMacOSX*.o 2>/dev/null | awk "/^[0-9a-f]+ . \.objc/ {print \$$3}" > $$f && nm -gjp "$(TCL_BIN_DIR)"/$(TCL_STUB_LIB_FILE) | grep ^_[^_] >> $$f && echo $$f) -seg1addr 0xb000000 -sectcreate __TEXT __info_plist Tk-Info.plist'
TK_SRC_DIR='/Users/oide/SAD/oldsad/obj/i386-Darwin13/tk8.5.15'
TK_STUB_LIB_FILE='libtkstub8.5.a'
TK_STUB_LIB_FLAG='-ltkstub8.5'
TK_STUB_LIB_PATH='/Users/oide/SAD/oldsad//arch/i386-Darwin13/lib/libtkstub8.5.a'
TK_STUB_LIB_SPEC='-L/Users/oide/SAD/oldsad//arch/i386-Darwin13/lib -ltkstub8.5'
TK_VERSION='8.5'
TK_WINDOWINGSYSTEM='X11'
TK_YEAR='2013'
UNIX_FONT_OBJS='tkUnixRFont.o'
WISH_RSRC_FILE='wish$(VERSION).rsrc'
XFT_CFLAGS='-I/usr/X11/include -I/usr/X11/include/freetype2 -I/usr/X11/include -I/usr/X11/include -I/usr/X11/include'
XFT_LIBS='-L/usr/X11/lib -lXft -lX11 -L/usr/X11/lib -lfreetype -L/usr/X11/lib -lfontconfig -L/usr/X11/lib -lXrender -lX11'
XINCLUDES='-I/usr/X11R6/include'
XLIBSW='-L/usr/X11R6/lib -lX11 -Wl,-weak-lXss -lXext'
ac_ct_AR='ar'
ac_ct_CC='gcc-mp-4.7 -Wall -std=gnu11 -m64  -m64'
ac_ct_RANLIB='ranlib'
bindir='${exec_prefix}/bin'
build_alias=''
datadir='${prefix}/share'
exec_prefix='/Users/oide/SAD/oldsad//arch/i386-Darwin13'
host_alias=''
includedir='${prefix}/include'
infodir='${prefix}/info'
libdir='/Users/oide/SAD/oldsad//arch/i386-Darwin13/lib'
libexecdir='${exec_prefix}/libexec'
localstatedir='${prefix}/var'
mandir='${prefix}/man'
oldincludedir='/usr/include'
prefix='/Users/oide/SAD/oldsad//arch/i386-Darwin13'
program_transform_name='s,x,x,'
sbindir='${exec_prefix}/sbin'
sharedstatedir='${prefix}/com'
sysconfdir='${prefix}/etc'
target_alias=''

## ----------- ##
## confdefs.h. ##
## ----------- ##

#define HAVE_AVAILABILITYMACROS_H 1
#define HAVE_CAST_TO_UNION 1
#define HAVE_COREFOUNDATION 1
#define HAVE_INTPTR_T 1
#define HAVE_INTTYPES_H 1
#define HAVE_LIBXFT 1
#define HAVE_LIMITS_H 1
#define HAVE_MEMORY_H 1
#define HAVE_PW_GECOS 1
#define HAVE_STDINT_H 1
#define HAVE_STDLIB_H 1
#define HAVE_STRINGS_H 1
#define HAVE_STRING_H 1
#define HAVE_SYS_STAT_H 1
#define HAVE_SYS_TIME_H 1
#define HAVE_SYS_TYPES_H 1
#define HAVE_UINTPTR_T 1
#define HAVE_UNISTD_H 1
#define HAVE_WEAK_IMPORT 1
#define HAVE_XFT 1
#define HAVE_XKBKEYCODETOKEYSYM 1
#define HAVE_XSS 1
#define MAC_OSX_TCL 1
#define MODULE_SCOPE extern __attribute__((__visibility__("hidden")))
#define NDEBUG 1
#define PACKAGE_BUGREPORT ""
#define PACKAGE_NAME "tk"
#define PACKAGE_STRING "tk 8.5"
#define PACKAGE_TARNAME "tk"
#define PACKAGE_VERSION "8.5"
#define STDC_HEADERS 1
#define TCL_CFG_DO64BIT 1
#define TCL_CFG_OPTIMIZED 1
#define TCL_SHLIB_EXT ".dylib"
#define TCL_WIDE_INT_IS_LONG 1
#define TIME_WITH_SYS_TIME 1
#define _DARWIN_C_SOURCE 1

configure: exit 0
