This file contains any messages produced by compilers while
running configure, to aid debugging if configure makes a mistake.

It was created by tk configure 8.5, which was
generated by GNU Autoconf 2.59.  Invocation command line was

  $ ./configure --prefix=/Users/oide/SAD/oldsad//arch/AMD64-Linux3 --enable-64bit --enable-xft --x-includes=/usr/X11R6/include --x-libraries=/usr/X11R6/lib --enable-shared

## --------- ##
## Platform. ##
## --------- ##

hostname = ubuntu
uname -m = x86_64
uname -r = 3.11.0-14-generic
uname -s = Linux
uname -v = #21-Ubuntu SMP Tue Nov 12 17:04:55 UTC 2013

/usr/bin/uname -p = unknown
/bin/uname -X     = unknown

/bin/arch              = unknown
/usr/bin/arch -k       = unknown
/usr/convex/getsysinfo = unknown
hostinfo               = unknown
/bin/machine           = unknown
/usr/bin/oslevel       = unknown
/bin/universe          = unknown

PATH: /opt/local/bin
PATH: /opt/local/sbin
PATH: /opt/local/bin
PATH: /opt/local/sbin
PATH: /Users/oide/SAD/oldsad/bin
PATH: /Users/oide/bin
PATH: /usr/local/bin
PATH: /usr/bin
PATH: /bin
PATH: /usr/local/sbin
PATH: /usr/sbin
PATH: /sbin
PATH: /usr/X11R6/bin
PATH: /usr/texbin


## ----------- ##
## Core tests. ##
## ----------- ##

configure:1365: checking for Tcl configuration
configure:1469: result: found /home/oide/SAD/oldsad/obj/AMD64-Linux3/tcl8.5.15/unix/tclConfig.sh
configure:1475: checking for existence of /home/oide/SAD/oldsad/obj/AMD64-Linux3/tcl8.5.15/unix/tclConfig.sh
configure:1479: result: loading
configure:1555: checking for tclsh
configure:1584: result: No tclsh found on PATH
configure:1590: checking for tclsh in Tcl build directory
configure:1593: result: /home/oide/SAD/oldsad/obj/AMD64-Linux3/tcl8.5.15/unix/tclsh
configure:1617: checking whether to use symlinks for manpages
configure:1626: result: no
configure:1629: checking whether to compress the manpages
configure:1644: result: no
configure:1658: checking whether to add a package name suffix for the manpages
configure:1671: result: no
configure:1733: checking for gcc
configure:1759: result: gcc-mp-4.7 -Wall -std=gnu11 -m64 
configure:2003: checking for C compiler version
configure:2006: gcc-mp-4.7 -Wall -std=gnu11 -m64  --version </dev/null >&5
gcc-mp-4.7 (Ubuntu/Linaro 4.8.1-10ubuntu9) 4.8.1
Copyright (C) 2013 Free Software Foundation, Inc.
This is free software; see the source for copying conditions.  There is NO
warranty; not even for MERCHANTABILITY or FITNESS FOR A PARTICULAR PURPOSE.

configure:2009: $? = 0
configure:2011: gcc-mp-4.7 -Wall -std=gnu11 -m64  -v </dev/null >&5
Using built-in specs.
COLLECT_GCC=gcc-mp-4.7
COLLECT_LTO_WRAPPER=/usr/lib/gcc/x86_64-linux-gnu/4.8/lto-wrapper
Target: x86_64-linux-gnu
Configured with: ../src/configure -v --with-pkgversion='Ubuntu/Linaro 4.8.1-10ubuntu9' --with-bugurl=file:///usr/share/doc/gcc-4.8/README.Bugs --enable-languages=c,c++,java,go,d,fortran,objc,obj-c++ --prefix=/usr --program-suffix=-4.8 --enable-shared --enable-linker-build-id --libexecdir=/usr/lib --without-included-gettext --enable-threads=posix --with-gxx-include-dir=/usr/include/c++/4.8 --libdir=/usr/lib --enable-nls --with-sysroot=/ --enable-clocale=gnu --enable-libstdcxx-debug --enable-libstdcxx-time=yes --enable-gnu-unique-object --enable-plugin --with-system-zlib --disable-browser-plugin --enable-java-awt=gtk --enable-gtk-cairo --with-java-home=/usr/lib/jvm/java-1.5.0-gcj-4.8-amd64/jre --enable-java-home --with-jvm-root-dir=/usr/lib/jvm/java-1.5.0-gcj-4.8-amd64 --with-jvm-jar-dir=/usr/lib/jvm-exports/java-1.5.0-gcj-4.8-amd64 --with-arch-directory=amd64 --with-ecj-jar=/usr/share/java/eclipse-ecj.jar --enable-objc-gc --enable-multiarch --disable-werror --with-arch-32=i686 --with-abi=m64 --with-multilib-list=m32,m64,mx32 --with-tune=generic --enable-checking=release --build=x86_64-linux-gnu --host=x86_64-linux-gnu --target=x86_64-linux-gnu
Thread model: posix
gcc version 4.8.1 (Ubuntu/Linaro 4.8.1-10ubuntu9) 
configure:2014: $? = 0
configure:2016: gcc-mp-4.7 -Wall -std=gnu11 -m64  -V </dev/null >&5
gcc-mp-4.7: error: unrecognized command line option '-V'
gcc-mp-4.7: fatal error: no input files
compilation terminated.
configure:2019: $? = 4
configure:2042: checking for C compiler default output file name
configure:2045: gcc-mp-4.7 -Wall -std=gnu11 -m64   -DTCL_NO_STACK_CHECK -DTCL_NO_STACK_CHECK   conftest.c  >&5
configure:2048: $? = 0
configure:2094: result: a.out
configure:2099: checking whether the C compiler works
configure:2105: ./a.out
configure:2108: $? = 0
configure:2125: result: yes
configure:2132: checking whether we are cross compiling
configure:2134: result: no
configure:2137: checking for suffix of executables
configure:2139: gcc-mp-4.7 -Wall -std=gnu11 -m64  -o conftest  -DTCL_NO_STACK_CHECK -DTCL_NO_STACK_CHECK   conftest.c  >&5
configure:2142: $? = 0
configure:2167: result: 
configure:2173: checking for suffix of object files
configure:2194: gcc-mp-4.7 -Wall -std=gnu11 -m64  -c  -DTCL_NO_STACK_CHECK -DTCL_NO_STACK_CHECK  conftest.c >&5
configure:2197: $? = 0
configure:2219: result: o
configure:2223: checking whether we are using the GNU C compiler
configure:2247: gcc-mp-4.7 -Wall -std=gnu11 -m64  -c  -DTCL_NO_STACK_CHECK -DTCL_NO_STACK_CHECK  conftest.c >&5
configure:2253: $? = 0
configure:2257: test -z 
			 || test ! -s conftest.err
configure:2260: $? = 0
configure:2263: test -s conftest.o
configure:2266: $? = 0
configure:2279: result: yes
configure:2285: checking whether gcc-mp-4.7 -Wall -std=gnu11 -m64  accepts -g
configure:2306: gcc-mp-4.7 -Wall -std=gnu11 -m64  -c -g  conftest.c >&5
configure:2312: $? = 0
configure:2316: test -z 
			 || test ! -s conftest.err
configure:2319: $? = 0
configure:2322: test -s conftest.o
configure:2325: $? = 0
configure:2336: result: yes
configure:2353: checking for gcc-mp-4.7 -Wall -std=gnu11 -m64  option to accept ANSI C
configure:2423: gcc-mp-4.7 -Wall -std=gnu11 -m64   -c  -DTCL_NO_STACK_CHECK -DTCL_NO_STACK_CHECK  conftest.c >&5
configure:2429: $? = 0
configure:2433: test -z 
			 || test ! -s conftest.err
configure:2436: $? = 0
configure:2439: test -s conftest.o
configure:2442: $? = 0
configure:2460: result: none needed
configure:2478: gcc-mp-4.7 -Wall -std=gnu11 -m64  -c  -DTCL_NO_STACK_CHECK -DTCL_NO_STACK_CHECK  conftest.c >&5
conftest.c:2:3: error: unknown type name 'choke'
   choke me
   ^
conftest.c:2:3: error: expected '=', ',', ';', 'asm' or '__attribute__' at end of input
configure:2484: $? = 1
configure: failed program was:
| #ifndef __cplusplus
|   choke me
| #endif
configure:2626: checking how to run the C preprocessor
configure:2661: gcc-mp-4.7 -Wall -std=gnu11 -m64  -E  conftest.c
configure:2667: $? = 0
configure:2699: gcc-mp-4.7 -Wall -std=gnu11 -m64  -E  conftest.c
conftest.c:9:28: fatal error: ac_nonexistent.h: No such file or directory
 #include <ac_nonexistent.h>
                            ^
compilation terminated.
configure:2705: $? = 1
configure: failed program was:
| /* confdefs.h.  */
| 
| #define PACKAGE_NAME "tk"
| #define PACKAGE_TARNAME "tk"
| #define PACKAGE_VERSION "8.5"
| #define PACKAGE_STRING "tk 8.5"
| #define PACKAGE_BUGREPORT ""
| /* end confdefs.h.  */
| #include <ac_nonexistent.h>
configure:2744: result: gcc-mp-4.7 -Wall -std=gnu11 -m64  -E
configure:2768: gcc-mp-4.7 -Wall -std=gnu11 -m64  -E  conftest.c
configure:2774: $? = 0
configure:2806: gcc-mp-4.7 -Wall -std=gnu11 -m64  -E  conftest.c
conftest.c:9:28: fatal error: ac_nonexistent.h: No such file or directory
 #include <ac_nonexistent.h>
                            ^
compilation terminated.
configure:2812: $? = 1
configure: failed program was:
| /* confdefs.h.  */
| 
| #define PACKAGE_NAME "tk"
| #define PACKAGE_TARNAME "tk"
| #define PACKAGE_VERSION "8.5"
| #define PACKAGE_STRING "tk 8.5"
| #define PACKAGE_BUGREPORT ""
| /* end confdefs.h.  */
| #include <ac_nonexistent.h>
configure:2856: checking for egrep
configure:2866: result: grep -E
configure:2871: checking for ANSI C header files
configure:2896: gcc-mp-4.7 -Wall -std=gnu11 -m64  -c  -DTCL_NO_STACK_CHECK -DTCL_NO_STACK_CHECK  conftest.c >&5
configure:2902: $? = 0
configure:2906: test -z 
			 || test ! -s conftest.err
configure:2909: $? = 0
configure:2912: test -s conftest.o
configure:2915: $? = 0
configure:3004: gcc-mp-4.7 -Wall -std=gnu11 -m64  -o conftest  -DTCL_NO_STACK_CHECK -DTCL_NO_STACK_CHECK   conftest.c  >&5
conftest.c: In function 'main':
conftest.c:26:7: warning: implicit declaration of function 'exit' [-Wimplicit-function-declaration]
       exit(2);
       ^
conftest.c:26:7: warning: incompatible implicit declaration of built-in function 'exit' [enabled by default]
conftest.c:27:3: warning: incompatible implicit declaration of built-in function 'exit' [enabled by default]
   exit (0);
   ^
configure:3007: $? = 0
configure:3009: ./conftest
configure:3012: $? = 0
configure:3027: result: yes
configure:3051: checking for sys/types.h
configure:3067: gcc-mp-4.7 -Wall -std=gnu11 -m64  -c  -DTCL_NO_STACK_CHECK -DTCL_NO_STACK_CHECK  conftest.c >&5
configure:3073: $? = 0
configure:3077: test -z 
			 || test ! -s conftest.err
configure:3080: $? = 0
configure:3083: test -s conftest.o
configure:3086: $? = 0
configure:3097: result: yes
configure:3051: checking for sys/stat.h
configure:3067: gcc-mp-4.7 -Wall -std=gnu11 -m64  -c  -DTCL_NO_STACK_CHECK -DTCL_NO_STACK_CHECK  conftest.c >&5
configure:3073: $? = 0
configure:3077: test -z 
			 || test ! -s conftest.err
configure:3080: $? = 0
configure:3083: test -s conftest.o
configure:3086: $? = 0
configure:3097: result: yes
configure:3051: checking for stdlib.h
configure:3067: gcc-mp-4.7 -Wall -std=gnu11 -m64  -c  -DTCL_NO_STACK_CHECK -DTCL_NO_STACK_CHECK  conftest.c >&5
configure:3073: $? = 0
configure:3077: test -z 
			 || test ! -s conftest.err
configure:3080: $? = 0
configure:3083: test -s conftest.o
configure:3086: $? = 0
configure:3097: result: yes
configure:3051: checking for string.h
configure:3067: gcc-mp-4.7 -Wall -std=gnu11 -m64  -c  -DTCL_NO_STACK_CHECK -DTCL_NO_STACK_CHECK  conftest.c >&5
configure:3073: $? = 0
configure:3077: test -z 
			 || test ! -s conftest.err
configure:3080: $? = 0
configure:3083: test -s conftest.o
configure:3086: $? = 0
configure:3097: result: yes
configure:3051: checking for memory.h
configure:3067: gcc-mp-4.7 -Wall -std=gnu11 -m64  -c  -DTCL_NO_STACK_CHECK -DTCL_NO_STACK_CHECK  conftest.c >&5
configure:3073: $? = 0
configure:3077: test -z 
			 || test ! -s conftest.err
configure:3080: $? = 0
configure:3083: test -s conftest.o
configure:3086: $? = 0
configure:3097: result: yes
configure:3051: checking for strings.h
configure:3067: gcc-mp-4.7 -Wall -std=gnu11 -m64  -c  -DTCL_NO_STACK_CHECK -DTCL_NO_STACK_CHECK  conftest.c >&5
configure:3073: $? = 0
configure:3077: test -z 
			 || test ! -s conftest.err
configure:3080: $? = 0
configure:3083: test -s conftest.o
configure:3086: $? = 0
configure:3097: result: yes
configure:3051: checking for inttypes.h
configure:3067: gcc-mp-4.7 -Wall -std=gnu11 -m64  -c  -DTCL_NO_STACK_CHECK -DTCL_NO_STACK_CHECK  conftest.c >&5
configure:3073: $? = 0
configure:3077: test -z 
			 || test ! -s conftest.err
configure:3080: $? = 0
configure:3083: test -s conftest.o
configure:3086: $? = 0
configure:3097: result: yes
configure:3051: checking for stdint.h
configure:3067: gcc-mp-4.7 -Wall -std=gnu11 -m64  -c  -DTCL_NO_STACK_CHECK -DTCL_NO_STACK_CHECK  conftest.c >&5
configure:3073: $? = 0
configure:3077: test -z 
			 || test ! -s conftest.err
configure:3080: $? = 0
configure:3083: test -s conftest.o
configure:3086: $? = 0
configure:3097: result: yes
configure:3051: checking for unistd.h
configure:3067: gcc-mp-4.7 -Wall -std=gnu11 -m64  -c  -DTCL_NO_STACK_CHECK -DTCL_NO_STACK_CHECK  conftest.c >&5
configure:3073: $? = 0
configure:3077: test -z 
			 || test ! -s conftest.err
configure:3080: $? = 0
configure:3083: test -s conftest.o
configure:3086: $? = 0
configure:3097: result: yes
configure:3119: checking limits.h usability
configure:3131: gcc-mp-4.7 -Wall -std=gnu11 -m64  -c  -DTCL_NO_STACK_CHECK -DTCL_NO_STACK_CHECK  conftest.c >&5
configure:3137: $? = 0
configure:3141: test -z 
			 || test ! -s conftest.err
configure:3144: $? = 0
configure:3147: test -s conftest.o
configure:3150: $? = 0
configure:3160: result: yes
configure:3164: checking limits.h presence
configure:3174: gcc-mp-4.7 -Wall -std=gnu11 -m64  -E  conftest.c
configure:3180: $? = 0
configure:3200: result: yes
configure:3235: checking for limits.h
configure:3242: result: yes
configure:3268: checking for stdlib.h
configure:3273: result: yes
configure:3476: checking if the compiler understands -pipe
configure:3499: gcc-mp-4.7 -Wall -std=gnu11 -m64  -c  -DTCL_NO_STACK_CHECK -DTCL_NO_STACK_CHECK -pipe  conftest.c >&5
configure:3505: $? = 0
configure:3509: test -z 
			 || test ! -s conftest.err
configure:3512: $? = 0
configure:3515: test -s conftest.o
configure:3518: $? = 0
configure:3530: result: yes
configure:4450: checking for building with threads
configure:4466: result: no (default)
configure:4477: checking how to build libraries
configure:4495: result: shared
configure:4557: checking for ranlib
configure:4573: found /usr/bin/ranlib
configure:4584: result: ranlib
configure:4600: checking if 64bit support is requested
configure:4609: result: yes
configure:4614: checking if 64bit Sparc VIS support is requested
configure:4623: result: no
configure:4634: checking if compiler supports visibility "hidden"
configure:4659: gcc-mp-4.7 -Wall -std=gnu11 -m64  -o conftest  -DTCL_NO_STACK_CHECK -DTCL_NO_STACK_CHECK -pipe -Werror   conftest.c  >&5
configure:4665: $? = 0
configure:4669: test -z 
			 || test ! -s conftest.err
configure:4672: $? = 0
configure:4675: test -s conftest
configure:4678: $? = 0
configure:4691: result: yes
configure:4706: checking if rpath support is requested
configure:4715: result: yes
configure:4722: checking system version
configure:4750: result: Linux-3.11.0-14-generic
configure:4758: checking for dlopen in -ldl
configure:4788: gcc-mp-4.7 -Wall -std=gnu11 -m64  -o conftest  -DTCL_NO_STACK_CHECK -DTCL_NO_STACK_CHECK -pipe   conftest.c -ldl   >&5
configure:4794: $? = 0
configure:4798: test -z 
			 || test ! -s conftest.err
configure:4801: $? = 0
configure:4804: test -s conftest
configure:4807: $? = 0
configure:4820: result: yes
configure:4902: checking for ar
configure:4918: found /usr/bin/ar
configure:4928: result: ar
configure:5653: checking if compiler accepts -m64 flag
configure:5677: gcc-mp-4.7 -Wall -std=gnu11 -m64  -o conftest  -DTCL_NO_STACK_CHECK -DTCL_NO_STACK_CHECK -pipe -m64   -Wl,--export-dynamic conftest.c  >&5
configure:5683: $? = 0
configure:5687: test -z 
			 || test ! -s conftest.err
configure:5690: $? = 0
configure:5693: test -s conftest
configure:5696: $? = 0
configure:5709: result: yes
configure:7139: checking for cast to union support
configure:7163: gcc-mp-4.7 -Wall -std=gnu11 -m64  -c  -DTCL_NO_STACK_CHECK -DTCL_NO_STACK_CHECK -pipe -m64  conftest.c >&5
conftest.c: In function 'main':
conftest.c:28:15: warning: unused variable 'f' [-Wunused-variable]
     union foo f = (union foo) (int) 0;
               ^
configure:7169: $? = 0
configure:7173: test -z 
			 || test ! -s conftest.err
configure:7176: $? = 0
configure:7179: test -s conftest.o
configure:7182: $? = 0
configure:7194: result: yes
configure:7246: checking for build with symbols
configure:7265: result: no
configure:7309: checking for required early compiler flags
configure:7332: gcc-mp-4.7 -Wall -std=gnu11 -m64  -c  -DTCL_NO_STACK_CHECK -DTCL_NO_STACK_CHECK -pipe -m64  conftest.c >&5
conftest.c: In function 'main':
conftest.c:30:34: warning: unused variable 'q' [-Wunused-variable]
 char *p = (char *)strtoll; char *q = (char *)strtoull;
                                  ^
conftest.c:30:7: warning: unused variable 'p' [-Wunused-variable]
 char *p = (char *)strtoll; char *q = (char *)strtoull;
       ^
configure:7338: $? = 0
configure:7342: test -z 
			 || test ! -s conftest.err
configure:7345: $? = 0
configure:7348: test -s conftest.o
configure:7351: $? = 0
configure:7437: gcc-mp-4.7 -Wall -std=gnu11 -m64  -c  -DTCL_NO_STACK_CHECK -DTCL_NO_STACK_CHECK -pipe -m64  conftest.c >&5
conftest.c: In function 'main':
conftest.c:30:15: error: storage size of 'buf' isn't known
 struct stat64 buf; int i = stat64("/", &buf);
               ^
conftest.c:30:8: warning: implicit declaration of function 'stat64' [-Wimplicit-function-declaration]
 struct stat64 buf; int i = stat64("/", &buf);
        ^
conftest.c:30:24: warning: unused variable 'i' [-Wunused-variable]
 struct stat64 buf; int i = stat64("/", &buf);
                        ^
conftest.c:30:15: warning: unused variable 'buf' [-Wunused-variable]
 struct stat64 buf; int i = stat64("/", &buf);
               ^
configure:7443: $? = 1
configure: failed program was:
| /* confdefs.h.  */
| 
| #define PACKAGE_NAME "tk"
| #define PACKAGE_TARNAME "tk"
| #define PACKAGE_VERSION "8.5"
| #define PACKAGE_STRING "tk 8.5"
| #define PACKAGE_BUGREPORT ""
| #define STDC_HEADERS 1
| #define HAVE_SYS_TYPES_H 1
| #define HAVE_SYS_STAT_H 1
| #define HAVE_STDLIB_H 1
| #define HAVE_STRING_H 1
| #define HAVE_MEMORY_H 1
| #define HAVE_STRINGS_H 1
| #define HAVE_INTTYPES_H 1
| #define HAVE_STDINT_H 1
| #define HAVE_UNISTD_H 1
| #define HAVE_LIMITS_H 1
| #define MODULE_SCOPE extern __attribute__((__visibility__("hidden")))
| #define TCL_CFG_DO64BIT 1
| #define HAVE_CAST_TO_UNION 1
| #define TCL_SHLIB_EXT ".so"
| #define NDEBUG 1
| #define TCL_CFG_OPTIMIZED 1
| /* end confdefs.h.  */
| #include <sys/stat.h>
| int
| main ()
| {
| struct stat64 buf; int i = stat64("/", &buf);
|   ;
|   return 0;
| }
configure:7480: gcc-mp-4.7 -Wall -std=gnu11 -m64  -c  -DTCL_NO_STACK_CHECK -DTCL_NO_STACK_CHECK -pipe -m64  conftest.c >&5
conftest.c: In function 'main':
conftest.c:31:24: warning: unused variable 'i' [-Wunused-variable]
 struct stat64 buf; int i = stat64("/", &buf);
                        ^
configure:7486: $? = 0
configure:7490: test -z 
			 || test ! -s conftest.err
configure:7493: $? = 0
configure:7496: test -s conftest.o
configure:7499: $? = 0
configure:7542: gcc-mp-4.7 -Wall -std=gnu11 -m64  -c  -DTCL_NO_STACK_CHECK -DTCL_NO_STACK_CHECK -pipe -m64  conftest.c >&5
conftest.c: In function 'main':
conftest.c:31:19: error: 'open64' undeclared (first use in this function)
 char *p = (char *)open64;
                   ^
conftest.c:31:19: note: each undeclared identifier is reported only once for each function it appears in
conftest.c:31:7: warning: unused variable 'p' [-Wunused-variable]
 char *p = (char *)open64;
       ^
configure:7548: $? = 1
configure: failed program was:
| /* confdefs.h.  */
| 
| #define PACKAGE_NAME "tk"
| #define PACKAGE_TARNAME "tk"
| #define PACKAGE_VERSION "8.5"
| #define PACKAGE_STRING "tk 8.5"
| #define PACKAGE_BUGREPORT ""
| #define STDC_HEADERS 1
| #define HAVE_SYS_TYPES_H 1
| #define HAVE_SYS_STAT_H 1
| #define HAVE_STDLIB_H 1
| #define HAVE_STRING_H 1
| #define HAVE_MEMORY_H 1
| #define HAVE_STRINGS_H 1
| #define HAVE_INTTYPES_H 1
| #define HAVE_STDINT_H 1
| #define HAVE_UNISTD_H 1
| #define HAVE_LIMITS_H 1
| #define MODULE_SCOPE extern __attribute__((__visibility__("hidden")))
| #define TCL_CFG_DO64BIT 1
| #define HAVE_CAST_TO_UNION 1
| #define TCL_SHLIB_EXT ".so"
| #define NDEBUG 1
| #define TCL_CFG_OPTIMIZED 1
| #define _LARGEFILE64_SOURCE 1
| /* end confdefs.h.  */
| #include <sys/stat.h>
| int
| main ()
| {
| char *p = (char *)open64;
|   ;
|   return 0;
| }
configure:7585: gcc-mp-4.7 -Wall -std=gnu11 -m64  -c  -DTCL_NO_STACK_CHECK -DTCL_NO_STACK_CHECK -pipe -m64  conftest.c >&5
conftest.c: In function 'main':
conftest.c:32:19: error: 'open64' undeclared (first use in this function)
 char *p = (char *)open64;
                   ^
conftest.c:32:19: note: each undeclared identifier is reported only once for each function it appears in
conftest.c:32:7: warning: unused variable 'p' [-Wunused-variable]
 char *p = (char *)open64;
       ^
configure:7591: $? = 1
configure: failed program was:
| /* confdefs.h.  */
| 
| #define PACKAGE_NAME "tk"
| #define PACKAGE_TARNAME "tk"
| #define PACKAGE_VERSION "8.5"
| #define PACKAGE_STRING "tk 8.5"
| #define PACKAGE_BUGREPORT ""
| #define STDC_HEADERS 1
| #define HAVE_SYS_TYPES_H 1
| #define HAVE_SYS_STAT_H 1
| #define HAVE_STDLIB_H 1
| #define HAVE_STRING_H 1
| #define HAVE_MEMORY_H 1
| #define HAVE_STRINGS_H 1
| #define HAVE_INTTYPES_H 1
| #define HAVE_STDINT_H 1
| #define HAVE_UNISTD_H 1
| #define HAVE_LIMITS_H 1
| #define MODULE_SCOPE extern __attribute__((__visibility__("hidden")))
| #define TCL_CFG_DO64BIT 1
| #define HAVE_CAST_TO_UNION 1
| #define TCL_SHLIB_EXT ".so"
| #define NDEBUG 1
| #define TCL_CFG_OPTIMIZED 1
| #define _LARGEFILE64_SOURCE 1
| /* end confdefs.h.  */
| #define _LARGEFILE_SOURCE64 1
| #include <sys/stat.h>
| int
| main ()
| {
| char *p = (char *)open64;
|   ;
|   return 0;
| }
configure:7631: result:  _LARGEFILE64_SOURCE
configure:7637: checking for 64-bit integer type
configure:7661: gcc-mp-4.7 -Wall -std=gnu11 -m64  -c  -DTCL_NO_STACK_CHECK -DTCL_NO_STACK_CHECK -pipe -m64  conftest.c >&5
conftest.c: In function 'main':
conftest.c:31:1: error: unknown type name '__int64'
 __int64 value = (__int64) 0;
 ^
conftest.c:31:18: error: '__int64' undeclared (first use in this function)
 __int64 value = (__int64) 0;
                  ^
conftest.c:31:18: note: each undeclared identifier is reported only once for each function it appears in
conftest.c:31:27: error: expected ',' or ';' before numeric constant
 __int64 value = (__int64) 0;
                           ^
conftest.c:31:9: warning: unused variable 'value' [-Wunused-variable]
 __int64 value = (__int64) 0;
         ^
configure:7667: $? = 1
configure: failed program was:
| /* confdefs.h.  */
| 
| #define PACKAGE_NAME "tk"
| #define PACKAGE_TARNAME "tk"
| #define PACKAGE_VERSION "8.5"
| #define PACKAGE_STRING "tk 8.5"
| #define PACKAGE_BUGREPORT ""
| #define STDC_HEADERS 1
| #define HAVE_SYS_TYPES_H 1
| #define HAVE_SYS_STAT_H 1
| #define HAVE_STDLIB_H 1
| #define HAVE_STRING_H 1
| #define HAVE_MEMORY_H 1
| #define HAVE_STRINGS_H 1
| #define HAVE_INTTYPES_H 1
| #define HAVE_STDINT_H 1
| #define HAVE_UNISTD_H 1
| #define HAVE_LIMITS_H 1
| #define MODULE_SCOPE extern __attribute__((__visibility__("hidden")))
| #define TCL_CFG_DO64BIT 1
| #define HAVE_CAST_TO_UNION 1
| #define TCL_SHLIB_EXT ".so"
| #define NDEBUG 1
| #define TCL_CFG_OPTIMIZED 1
| #define _LARGEFILE64_SOURCE 1
| /* end confdefs.h.  */
| 
| int
| main ()
| {
| __int64 value = (__int64) 0;
|   ;
|   return 0;
| }
configure:7711: gcc-mp-4.7 -Wall -std=gnu11 -m64  -c  -DTCL_NO_STACK_CHECK -DTCL_NO_STACK_CHECK -pipe -m64  conftest.c >&5
conftest.c: In function 'main':
conftest.c:32:21: error: duplicate case value
             case 1: case (sizeof(long long)==sizeof(long)): ;
                     ^
conftest.c:32:13: error: previously used here
             case 1: case (sizeof(long long)==sizeof(long)): ;
             ^
configure:7717: $? = 1
configure: failed program was:
| /* confdefs.h.  */
| 
| #define PACKAGE_NAME "tk"
| #define PACKAGE_TARNAME "tk"
| #define PACKAGE_VERSION "8.5"
| #define PACKAGE_STRING "tk 8.5"
| #define PACKAGE_BUGREPORT ""
| #define STDC_HEADERS 1
| #define HAVE_SYS_TYPES_H 1
| #define HAVE_SYS_STAT_H 1
| #define HAVE_STDLIB_H 1
| #define HAVE_STRING_H 1
| #define HAVE_MEMORY_H 1
| #define HAVE_STRINGS_H 1
| #define HAVE_INTTYPES_H 1
| #define HAVE_STDINT_H 1
| #define HAVE_UNISTD_H 1
| #define HAVE_LIMITS_H 1
| #define MODULE_SCOPE extern __attribute__((__visibility__("hidden")))
| #define TCL_CFG_DO64BIT 1
| #define HAVE_CAST_TO_UNION 1
| #define TCL_SHLIB_EXT ".so"
| #define NDEBUG 1
| #define TCL_CFG_OPTIMIZED 1
| #define _LARGEFILE64_SOURCE 1
| /* end confdefs.h.  */
| 
| int
| main ()
| {
| switch (0) {
|             case 1: case (sizeof(long long)==sizeof(long)): ;
|         }
|   ;
|   return 0;
| }
configure:7747: result: using long
configure:8063: checking whether byte ordering is bigendian
configure:8090: gcc-mp-4.7 -Wall -std=gnu11 -m64  -c  -DTCL_NO_STACK_CHECK -DTCL_NO_STACK_CHECK -pipe -m64  conftest.c >&5
configure:8096: $? = 0
configure:8100: test -z 
			 || test ! -s conftest.err
configure:8103: $? = 0
configure:8106: test -s conftest.o
configure:8109: $? = 0
configure:8133: gcc-mp-4.7 -Wall -std=gnu11 -m64  -c  -DTCL_NO_STACK_CHECK -DTCL_NO_STACK_CHECK -pipe -m64  conftest.c >&5
conftest.c: In function 'main':
conftest.c:35:2: error: unknown type name 'not'
  not big endian
  ^
conftest.c:35:10: error: expected '=', ',', ';', 'asm' or '__attribute__' before 'endian'
  not big endian
          ^
configure:8139: $? = 1
configure: failed program was:
| /* confdefs.h.  */
| 
| #define PACKAGE_NAME "tk"
| #define PACKAGE_TARNAME "tk"
| #define PACKAGE_VERSION "8.5"
| #define PACKAGE_STRING "tk 8.5"
| #define PACKAGE_BUGREPORT ""
| #define STDC_HEADERS 1
| #define HAVE_SYS_TYPES_H 1
| #define HAVE_SYS_STAT_H 1
| #define HAVE_STDLIB_H 1
| #define HAVE_STRING_H 1
| #define HAVE_MEMORY_H 1
| #define HAVE_STRINGS_H 1
| #define HAVE_INTTYPES_H 1
| #define HAVE_STDINT_H 1
| #define HAVE_UNISTD_H 1
| #define HAVE_LIMITS_H 1
| #define MODULE_SCOPE extern __attribute__((__visibility__("hidden")))
| #define TCL_CFG_DO64BIT 1
| #define HAVE_CAST_TO_UNION 1
| #define TCL_SHLIB_EXT ".so"
| #define NDEBUG 1
| #define TCL_CFG_OPTIMIZED 1
| #define _LARGEFILE64_SOURCE 1
| #define TCL_WIDE_INT_IS_LONG 1
| /* end confdefs.h.  */
| #include <sys/types.h>
| #include <sys/param.h>
| 
| int
| main ()
| {
| #if BYTE_ORDER != BIG_ENDIAN
|  not big endian
| #endif
| 
|   ;
|   return 0;
| }
configure:8274: result: no
configure:8324: checking for fd_set in sys/types
configure:8346: gcc-mp-4.7 -Wall -std=gnu11 -m64  -c  -DTCL_NO_STACK_CHECK -DTCL_NO_STACK_CHECK -pipe -m64  conftest.c >&5
conftest.c: In function 'main':
conftest.c:32:18: warning: unused variable 'writeMask' [-Wunused-variable]
 fd_set readMask, writeMask;
                  ^
conftest.c:32:8: warning: unused variable 'readMask' [-Wunused-variable]
 fd_set readMask, writeMask;
        ^
configure:8352: $? = 0
configure:8356: test -z 
			 || test ! -s conftest.err
configure:8359: $? = 0
configure:8362: test -s conftest.o
configure:8365: $? = 0
configure:8376: result: yes
configure:8441: checking sys/time.h usability
configure:8453: gcc-mp-4.7 -Wall -std=gnu11 -m64  -c  -DTCL_NO_STACK_CHECK -DTCL_NO_STACK_CHECK -pipe -m64  conftest.c >&5
configure:8459: $? = 0
configure:8463: test -z 
			 || test ! -s conftest.err
configure:8466: $? = 0
configure:8469: test -s conftest.o
configure:8472: $? = 0
configure:8482: result: yes
configure:8486: checking sys/time.h presence
configure:8496: gcc-mp-4.7 -Wall -std=gnu11 -m64  -E  conftest.c
configure:8502: $? = 0
configure:8522: result: yes
configure:8557: checking for sys/time.h
configure:8564: result: yes
configure:8577: checking whether time.h and sys/time.h may both be included
configure:8602: gcc-mp-4.7 -Wall -std=gnu11 -m64  -c  -DTCL_NO_STACK_CHECK -DTCL_NO_STACK_CHECK -pipe -m64  conftest.c >&5
configure:8608: $? = 0
configure:8612: test -z 
			 || test ! -s conftest.err
configure:8615: $? = 0
configure:8618: test -s conftest.o
configure:8621: $? = 0
configure:8632: result: yes
configure:8651: checking for strtod
configure:8708: gcc-mp-4.7 -Wall -std=gnu11 -m64  -o conftest  -DTCL_NO_STACK_CHECK -DTCL_NO_STACK_CHECK -pipe -m64   -Wl,--export-dynamic  conftest.c  >&5
configure:8714: $? = 0
configure:8718: test -z 
			 || test ! -s conftest.err
configure:8721: $? = 0
configure:8724: test -s conftest
configure:8727: $? = 0
configure:8739: result: yes
configure:8748: checking for Solaris2.4/Tru64 strtod bugs
configure:8785: gcc-mp-4.7 -Wall -std=gnu11 -m64  -o conftest  -DTCL_NO_STACK_CHECK -DTCL_NO_STACK_CHECK -pipe -m64   -Wl,--export-dynamic  conftest.c  >&5
conftest.c: In function 'main':
conftest.c:38:4: warning: implicit declaration of function 'exit' [-Wimplicit-function-declaration]
    exit(1);
    ^
conftest.c:38:4: warning: incompatible implicit declaration of built-in function 'exit' [enabled by default]
conftest.c:42:4: warning: incompatible implicit declaration of built-in function 'exit' [enabled by default]
    exit(1);
    ^
conftest.c:46:4: warning: incompatible implicit declaration of built-in function 'exit' [enabled by default]
    exit(1);
    ^
conftest.c:48:7: warning: incompatible implicit declaration of built-in function 'exit' [enabled by default]
       exit(0);
       ^
conftest.c:35:14: warning: variable 'value' set but not used [-Wunused-but-set-variable]
       double value;
              ^
configure:8788: $? = 0
configure:8790: ./conftest
configure:8793: $? = 0
configure:8807: result: ok
configure:8833: checking for mode_t
configure:8857: gcc-mp-4.7 -Wall -std=gnu11 -m64  -c  -DTCL_NO_STACK_CHECK -DTCL_NO_STACK_CHECK -pipe -m64  conftest.c >&5
configure:8863: $? = 0
configure:8867: test -z 
			 || test ! -s conftest.err
configure:8870: $? = 0
configure:8873: test -s conftest.o
configure:8876: $? = 0
configure:8887: result: yes
configure:8899: checking for pid_t
configure:8923: gcc-mp-4.7 -Wall -std=gnu11 -m64  -c  -DTCL_NO_STACK_CHECK -DTCL_NO_STACK_CHECK -pipe -m64  conftest.c >&5
configure:8929: $? = 0
configure:8933: test -z 
			 || test ! -s conftest.err
configure:8936: $? = 0
configure:8939: test -s conftest.o
configure:8942: $? = 0
configure:8953: result: yes
configure:8965: checking for size_t
configure:8989: gcc-mp-4.7 -Wall -std=gnu11 -m64  -c  -DTCL_NO_STACK_CHECK -DTCL_NO_STACK_CHECK -pipe -m64  conftest.c >&5
configure:8995: $? = 0
configure:8999: test -z 
			 || test ! -s conftest.err
configure:9002: $? = 0
configure:9005: test -s conftest.o
configure:9008: $? = 0
configure:9019: result: yes
configure:9031: checking for uid_t in sys/types.h
configure:9054: result: yes
configure:9070: checking for intptr_t
configure:9094: gcc-mp-4.7 -Wall -std=gnu11 -m64  -c  -DTCL_NO_STACK_CHECK -DTCL_NO_STACK_CHECK -pipe -m64  conftest.c >&5
configure:9100: $? = 0
configure:9104: test -z 
			 || test ! -s conftest.err
configure:9107: $? = 0
configure:9110: test -s conftest.o
configure:9113: $? = 0
configure:9124: result: yes
configure:9205: checking for uintptr_t
configure:9229: gcc-mp-4.7 -Wall -std=gnu11 -m64  -c  -DTCL_NO_STACK_CHECK -DTCL_NO_STACK_CHECK -pipe -m64  conftest.c >&5
configure:9235: $? = 0
configure:9239: test -z 
			 || test ! -s conftest.err
configure:9242: $? = 0
configure:9245: test -s conftest.o
configure:9248: $? = 0
configure:9259: result: yes
configure:9346: checking pw_gecos in struct pwd
configure:9368: gcc-mp-4.7 -Wall -std=gnu11 -m64  -c  -DTCL_NO_STACK_CHECK -DTCL_NO_STACK_CHECK -pipe -m64  conftest.c >&5
conftest.c: In function 'main':
conftest.c:36:20: warning: statement with no effect [-Wunused-value]
 struct passwd pwd; pwd.pw_gecos;
                    ^
configure:9374: $? = 0
configure:9378: test -z 
			 || test ! -s conftest.err
configure:9381: $? = 0
configure:9384: test -s conftest.o
configure:9387: $? = 0
configure:9398: result: yes
configure:9908: checking for X
configure:10138: result: libraries /usr/X11R6/lib, headers /usr/X11R6/include
configure:10186: checking for X11 header files
configure:10197: gcc-mp-4.7 -Wall -std=gnu11 -m64  -E  conftest.c
configure:10203: $? = 0
configure:10388: checking for main in -lXbsd
configure:10412: gcc-mp-4.7 -Wall -std=gnu11 -m64  -o conftest  -DTCL_NO_STACK_CHECK -DTCL_NO_STACK_CHECK -pipe -m64   -Wl,--export-dynamic  conftest.c -lXbsd   >&5
/usr/bin/ld: cannot find -lXbsd
collect2: error: ld returned 1 exit status
configure:10418: $? = 1
configure: failed program was:
| /* confdefs.h.  */
| 
| #define PACKAGE_NAME "tk"
| #define PACKAGE_TARNAME "tk"
| #define PACKAGE_VERSION "8.5"
| #define PACKAGE_STRING "tk 8.5"
| #define PACKAGE_BUGREPORT ""
| #define STDC_HEADERS 1
| #define HAVE_SYS_TYPES_H 1
| #define HAVE_SYS_STAT_H 1
| #define HAVE_STDLIB_H 1
| #define HAVE_STRING_H 1
| #define HAVE_MEMORY_H 1
| #define HAVE_STRINGS_H 1
| #define HAVE_INTTYPES_H 1
| #define HAVE_STDINT_H 1
| #define HAVE_UNISTD_H 1
| #define HAVE_LIMITS_H 1
| #define MODULE_SCOPE extern __attribute__((__visibility__("hidden")))
| #define TCL_CFG_DO64BIT 1
| #define HAVE_CAST_TO_UNION 1
| #define TCL_SHLIB_EXT ".so"
| #define NDEBUG 1
| #define TCL_CFG_OPTIMIZED 1
| #define _LARGEFILE64_SOURCE 1
| #define TCL_WIDE_INT_IS_LONG 1
| #define HAVE_SYS_TIME_H 1
| #define TIME_WITH_SYS_TIME 1
| #define HAVE_INTPTR_T 1
| #define HAVE_UINTPTR_T 1
| #define HAVE_PW_GECOS 1
| /* end confdefs.h.  */
| 
| 
| int
| main ()
| {
| main ();
|   ;
|   return 0;
| }
configure:10444: result: no
configure:10535: checking whether to use xft
configure:10558: result: yes
configure:10565: checking for X11/Xft/Xft.h
configure:10581: gcc-mp-4.7 -Wall -std=gnu11 -m64  -c  -DTCL_NO_STACK_CHECK -DTCL_NO_STACK_CHECK -pipe -m64  -I/usr/include/freetype2    conftest.c >&5
configure:10587: $? = 0
configure:10591: test -z 
			 || test ! -s conftest.err
configure:10594: $? = 0
configure:10597: test -s conftest.o
configure:10600: $? = 0
configure:10611: result: yes
configure:10631: checking for XftFontOpen in -lXft
configure:10661: gcc-mp-4.7 -Wall -std=gnu11 -m64  -o conftest  -DTCL_NO_STACK_CHECK -DTCL_NO_STACK_CHECK -pipe -m64  -I/usr/include/freetype2     -Wl,--export-dynamic  conftest.c -lXft   -lXft   -L/usr/X11R6/lib -lX11 >&5
configure:10667: $? = 0
configure:10671: test -z 
			 || test ! -s conftest.err
configure:10674: $? = 0
configure:10677: test -s conftest
configure:10680: $? = 0
configure:10693: result: yes
configure:10747: checking for X11/XKBlib.h
configure:10763: gcc-mp-4.7 -Wall -std=gnu11 -m64  -c  -DTCL_NO_STACK_CHECK -DTCL_NO_STACK_CHECK -pipe -m64   conftest.c >&5
configure:10769: $? = 0
configure:10773: test -z 
			 || test ! -s conftest.err
configure:10776: $? = 0
configure:10779: test -s conftest.o
configure:10782: $? = 0
configure:10793: result: yes
configure:10807: checking for XkbKeycodeToKeysym in -lX11
configure:10837: gcc-mp-4.7 -Wall -std=gnu11 -m64  -o conftest  -DTCL_NO_STACK_CHECK -DTCL_NO_STACK_CHECK -pipe -m64    -Wl,--export-dynamic  conftest.c -lX11   -L/usr/X11R6/lib -lX11 >&5
configure:10843: $? = 0
configure:10847: test -z 
			 || test ! -s conftest.err
configure:10850: $? = 0
configure:10853: test -s conftest
configure:10856: $? = 0
configure:10869: result: yes
configure:10911: checking whether to try to use XScreenSaver
configure:10924: result: yes
configure:10926: checking for X11/extensions/scrnsaver.h
configure:10942: gcc-mp-4.7 -Wall -std=gnu11 -m64  -c  -DTCL_NO_STACK_CHECK -DTCL_NO_STACK_CHECK -pipe -m64   conftest.c >&5
conftest.c:38:38: fatal error: X11/extensions/scrnsaver.h: No such file or directory
 #include <X11/extensions/scrnsaver.h>
                                      ^
compilation terminated.
configure:10948: $? = 1
configure: failed program was:
| /* confdefs.h.  */
| 
| #define PACKAGE_NAME "tk"
| #define PACKAGE_TARNAME "tk"
| #define PACKAGE_VERSION "8.5"
| #define PACKAGE_STRING "tk 8.5"
| #define PACKAGE_BUGREPORT ""
| #define STDC_HEADERS 1
| #define HAVE_SYS_TYPES_H 1
| #define HAVE_SYS_STAT_H 1
| #define HAVE_STDLIB_H 1
| #define HAVE_STRING_H 1
| #define HAVE_MEMORY_H 1
| #define HAVE_STRINGS_H 1
| #define HAVE_INTTYPES_H 1
| #define HAVE_STDINT_H 1
| #define HAVE_UNISTD_H 1
| #define HAVE_LIMITS_H 1
| #define MODULE_SCOPE extern __attribute__((__visibility__("hidden")))
| #define TCL_CFG_DO64BIT 1
| #define HAVE_CAST_TO_UNION 1
| #define TCL_SHLIB_EXT ".so"
| #define NDEBUG 1
| #define TCL_CFG_OPTIMIZED 1
| #define _LARGEFILE64_SOURCE 1
| #define TCL_WIDE_INT_IS_LONG 1
| #define HAVE_SYS_TIME_H 1
| #define TIME_WITH_SYS_TIME 1
| #define HAVE_INTPTR_T 1
| #define HAVE_UINTPTR_T 1
| #define HAVE_PW_GECOS 1
| #define HAVE_LIBXFT 1
| #define HAVE_XFT 1
| #define HAVE_XKBKEYCODETOKEYSYM 1
| /* end confdefs.h.  */
| #include <X11/Xlib.h>
| 
| #include <X11/extensions/scrnsaver.h>
configure:10972: result: no
configure:10981: checking for XScreenSaverQueryInfo
configure:11038: gcc-mp-4.7 -Wall -std=gnu11 -m64  -o conftest  -DTCL_NO_STACK_CHECK -DTCL_NO_STACK_CHECK -pipe -m64    -Wl,--export-dynamic  conftest.c  -L/usr/X11R6/lib -lX11 >&5
/tmp/ccgA4SLU.o: In function `main':
conftest.c:(.text+0xd): undefined reference to `XScreenSaverQueryInfo'
/tmp/ccgA4SLU.o:(.data+0x0): undefined reference to `XScreenSaverQueryInfo'
collect2: error: ld returned 1 exit status
configure:11044: $? = 1
configure: failed program was:
| /* confdefs.h.  */
| 
| #define PACKAGE_NAME "tk"
| #define PACKAGE_TARNAME "tk"
| #define PACKAGE_VERSION "8.5"
| #define PACKAGE_STRING "tk 8.5"
| #define PACKAGE_BUGREPORT ""
| #define STDC_HEADERS 1
| #define HAVE_SYS_TYPES_H 1
| #define HAVE_SYS_STAT_H 1
| #define HAVE_STDLIB_H 1
| #define HAVE_STRING_H 1
| #define HAVE_MEMORY_H 1
| #define HAVE_STRINGS_H 1
| #define HAVE_INTTYPES_H 1
| #define HAVE_STDINT_H 1
| #define HAVE_UNISTD_H 1
| #define HAVE_LIMITS_H 1
| #define MODULE_SCOPE extern __attribute__((__visibility__("hidden")))
| #define TCL_CFG_DO64BIT 1
| #define HAVE_CAST_TO_UNION 1
| #define TCL_SHLIB_EXT ".so"
| #define NDEBUG 1
| #define TCL_CFG_OPTIMIZED 1
| #define _LARGEFILE64_SOURCE 1
| #define TCL_WIDE_INT_IS_LONG 1
| #define HAVE_SYS_TIME_H 1
| #define TIME_WITH_SYS_TIME 1
| #define HAVE_INTPTR_T 1
| #define HAVE_UINTPTR_T 1
| #define HAVE_PW_GECOS 1
| #define HAVE_LIBXFT 1
| #define HAVE_XFT 1
| #define HAVE_XKBKEYCODETOKEYSYM 1
| /* end confdefs.h.  */
| /* Define XScreenSaverQueryInfo to an innocuous variant, in case <limits.h> declares XScreenSaverQueryInfo.
|    For example, HP-UX 11i <limits.h> declares gettimeofday.  */
| #define XScreenSaverQueryInfo innocuous_XScreenSaverQueryInfo
| 
| /* System header to define __stub macros and hopefully few prototypes,
|     which can conflict with char XScreenSaverQueryInfo (); below.
|     Prefer <limits.h> to <assert.h> if __STDC__ is defined, since
|     <limits.h> exists even on freestanding compilers.  */
| 
| #ifdef __STDC__
| # include <limits.h>
| #else
| # include <assert.h>
| #endif
| 
| #undef XScreenSaverQueryInfo
| 
| /* Override any gcc2 internal prototype to avoid an error.  */
| #ifdef __cplusplus
| extern "C"
| {
| #endif
| /* We use char because int might match the return type of a gcc2
|    builtin and then its argument prototype would still apply.  */
| char XScreenSaverQueryInfo ();
| /* The GNU C library defines this for functions which it implements
|     to always fail with ENOSYS.  Some functions are actually named
|     something starting with __ and the normal name is an alias.  */
| #if defined (__stub_XScreenSaverQueryInfo) || defined (__stub___XScreenSaverQueryInfo)
| choke me
| #else
| char (*f) () = XScreenSaverQueryInfo;
| #endif
| #ifdef __cplusplus
| }
| #endif
| 
| int
| main ()
| {
| return f != XScreenSaverQueryInfo;
|   ;
|   return 0;
| }
configure:11069: result: no
configure:11075: checking for XScreenSaverQueryInfo in -lXext
configure:11105: gcc-mp-4.7 -Wall -std=gnu11 -m64  -o conftest  -DTCL_NO_STACK_CHECK -DTCL_NO_STACK_CHECK -pipe -m64    -Wl,--export-dynamic  conftest.c -lXext   -L/usr/X11R6/lib -lX11 >&5
/usr/bin/ld: cannot find -lXext
collect2: error: ld returned 1 exit status
configure:11111: $? = 1
configure: failed program was:
| /* confdefs.h.  */
| 
| #define PACKAGE_NAME "tk"
| #define PACKAGE_TARNAME "tk"
| #define PACKAGE_VERSION "8.5"
| #define PACKAGE_STRING "tk 8.5"
| #define PACKAGE_BUGREPORT ""
| #define STDC_HEADERS 1
| #define HAVE_SYS_TYPES_H 1
| #define HAVE_SYS_STAT_H 1
| #define HAVE_STDLIB_H 1
| #define HAVE_STRING_H 1
| #define HAVE_MEMORY_H 1
| #define HAVE_STRINGS_H 1
| #define HAVE_INTTYPES_H 1
| #define HAVE_STDINT_H 1
| #define HAVE_UNISTD_H 1
| #define HAVE_LIMITS_H 1
| #define MODULE_SCOPE extern __attribute__((__visibility__("hidden")))
| #define TCL_CFG_DO64BIT 1
| #define HAVE_CAST_TO_UNION 1
| #define TCL_SHLIB_EXT ".so"
| #define NDEBUG 1
| #define TCL_CFG_OPTIMIZED 1
| #define _LARGEFILE64_SOURCE 1
| #define TCL_WIDE_INT_IS_LONG 1
| #define HAVE_SYS_TIME_H 1
| #define TIME_WITH_SYS_TIME 1
| #define HAVE_INTPTR_T 1
| #define HAVE_UINTPTR_T 1
| #define HAVE_PW_GECOS 1
| #define HAVE_LIBXFT 1
| #define HAVE_XFT 1
| #define HAVE_XKBKEYCODETOKEYSYM 1
| /* end confdefs.h.  */
| 
| /* Override any gcc2 internal prototype to avoid an error.  */
| #ifdef __cplusplus
| extern "C"
| #endif
| /* We use char because int might match the return type of a gcc2
|    builtin and then its argument prototype would still apply.  */
| char XScreenSaverQueryInfo ();
| int
| main ()
| {
| XScreenSaverQueryInfo ();
|   ;
|   return 0;
| }
configure:11137: result: no
configure:11146: checking for XScreenSaverQueryInfo in -lXss
configure:11176: gcc-mp-4.7 -Wall -std=gnu11 -m64  -o conftest  -DTCL_NO_STACK_CHECK -DTCL_NO_STACK_CHECK -pipe -m64    -Wl,--export-dynamic  conftest.c -lXss -lXext  -L/usr/X11R6/lib -lX11 >&5
/usr/bin/ld: cannot find -lXss
/usr/bin/ld: cannot find -lXext
collect2: error: ld returned 1 exit status
configure:11182: $? = 1
configure: failed program was:
| /* confdefs.h.  */
| 
| #define PACKAGE_NAME "tk"
| #define PACKAGE_TARNAME "tk"
| #define PACKAGE_VERSION "8.5"
| #define PACKAGE_STRING "tk 8.5"
| #define PACKAGE_BUGREPORT ""
| #define STDC_HEADERS 1
| #define HAVE_SYS_TYPES_H 1
| #define HAVE_SYS_STAT_H 1
| #define HAVE_STDLIB_H 1
| #define HAVE_STRING_H 1
| #define HAVE_MEMORY_H 1
| #define HAVE_STRINGS_H 1
| #define HAVE_INTTYPES_H 1
| #define HAVE_STDINT_H 1
| #define HAVE_UNISTD_H 1
| #define HAVE_LIMITS_H 1
| #define MODULE_SCOPE extern __attribute__((__visibility__("hidden")))
| #define TCL_CFG_DO64BIT 1
| #define HAVE_CAST_TO_UNION 1
| #define TCL_SHLIB_EXT ".so"
| #define NDEBUG 1
| #define TCL_CFG_OPTIMIZED 1
| #define _LARGEFILE64_SOURCE 1
| #define TCL_WIDE_INT_IS_LONG 1
| #define HAVE_SYS_TIME_H 1
| #define TIME_WITH_SYS_TIME 1
| #define HAVE_INTPTR_T 1
| #define HAVE_UINTPTR_T 1
| #define HAVE_PW_GECOS 1
| #define HAVE_LIBXFT 1
| #define HAVE_XFT 1
| #define HAVE_XKBKEYCODETOKEYSYM 1
| /* end confdefs.h.  */
| 
| /* Override any gcc2 internal prototype to avoid an error.  */
| #ifdef __cplusplus
| extern "C"
| #endif
| /* We use char because int might match the return type of a gcc2
|    builtin and then its argument prototype would still apply.  */
| char XScreenSaverQueryInfo ();
| int
| main ()
| {
| XScreenSaverQueryInfo ();
|   ;
|   return 0;
| }
configure:11208: result: no
configure:11247: checking whether char is unsigned
configure:11270: gcc-mp-4.7 -Wall -std=gnu11 -m64  -c  -DTCL_NO_STACK_CHECK -DTCL_NO_STACK_CHECK -pipe -m64  conftest.c >&5
conftest.c: In function 'main':
conftest.c:73:12: warning: variable 'test_array' set but not used [-Wunused-but-set-variable]
 static int test_array [1 - 2 * !(((char) -1) < 0)];
            ^
configure:11276: $? = 0
configure:11280: test -z 
			 || test ! -s conftest.err
configure:11283: $? = 0
configure:11286: test -s conftest.o
configure:11289: $? = 0
configure:11300: result: no
configure:11667: creating ./config.status

## ---------------------- ##
## Running config.status. ##
## ---------------------- ##

This file was extended by tk config.status 8.5, which was
generated by GNU Autoconf 2.59.  Invocation command line was

  CONFIG_FILES    = 
  CONFIG_HEADERS  = 
  CONFIG_LINKS    = 
  CONFIG_COMMANDS = 
  $ ./config.status 

on ubuntu

config.status:738: creating Makefile
config.status:738: creating tkConfig.sh
config.status:738: creating tk.pc

## ---------------- ##
## Cache variables. ##
## ---------------- ##

ac_cv_c_bigendian=no
ac_cv_c_char_unsigned=no
ac_cv_c_compiler_gnu=yes
ac_cv_c_tclconfig=/home/oide/SAD/oldsad/obj/AMD64-Linux3/tcl8.5.15/unix
ac_cv_env_CC_set=set
ac_cv_env_CC_value='gcc-mp-4.7 -Wall -std=gnu11 -m64 '
ac_cv_env_CFLAGS_set=set
ac_cv_env_CFLAGS_value=' -DTCL_NO_STACK_CHECK -DTCL_NO_STACK_CHECK'
ac_cv_env_CPPFLAGS_set=
ac_cv_env_CPPFLAGS_value=
ac_cv_env_CPP_set=
ac_cv_env_CPP_value=
ac_cv_env_LDFLAGS_set=set
ac_cv_env_LDFLAGS_value=
ac_cv_env_build_alias_set=
ac_cv_env_build_alias_value=
ac_cv_env_host_alias_set=
ac_cv_env_host_alias_value=
ac_cv_env_target_alias_set=
ac_cv_env_target_alias_value=
ac_cv_exeext=
ac_cv_func_XScreenSaverQueryInfo=no
ac_cv_func_strtod=yes
ac_cv_have_x='have_x=yes 		ac_x_includes=/usr/X11R6/include ac_x_libraries=/usr/X11R6/lib'
ac_cv_header_X11_XKBlib_h=yes
ac_cv_header_X11_Xft_Xft_h=yes
ac_cv_header_X11_extensions_scrnsaver_h=no
ac_cv_header_inttypes_h=yes
ac_cv_header_limits_h=yes
ac_cv_header_memory_h=yes
ac_cv_header_stdc=yes
ac_cv_header_stdint_h=yes
ac_cv_header_stdlib_h=yes
ac_cv_header_string_h=yes
ac_cv_header_strings_h=yes
ac_cv_header_sys_stat_h=yes
ac_cv_header_sys_time_h=yes
ac_cv_header_sys_types_h=yes
ac_cv_header_time=yes
ac_cv_header_unistd_h=yes
ac_cv_lib_X11_XkbKeycodeToKeysym=yes
ac_cv_lib_Xbsd_main=no
ac_cv_lib_Xext_XScreenSaverQueryInfo=no
ac_cv_lib_Xft_XftFontOpen=yes
ac_cv_lib_Xss_XScreenSaverQueryInfo=no
ac_cv_lib_dl_dlopen=yes
ac_cv_objext=o
ac_cv_prog_CPP='gcc-mp-4.7 -Wall -std=gnu11 -m64  -E'
ac_cv_prog_ac_ct_AR=ar
ac_cv_prog_ac_ct_CC='gcc-mp-4.7 -Wall -std=gnu11 -m64 '
ac_cv_prog_ac_ct_RANLIB=ranlib
ac_cv_prog_cc_g=yes
ac_cv_prog_cc_stdc=
ac_cv_prog_egrep='grep -E'
ac_cv_type_intptr_t=yes
ac_cv_type_mode_t=yes
ac_cv_type_pid_t=yes
ac_cv_type_size_t=yes
ac_cv_type_uid_t=yes
ac_cv_type_uintptr_t=yes
tcl_cv_cast_to_union=yes
tcl_cv_cc_m64=yes
tcl_cv_cc_pipe=yes
tcl_cv_cc_visibility_hidden=yes
tcl_cv_flag__isoc99_source=no
tcl_cv_flag__largefile64_source=yes
tcl_cv_flag__largefile_source64=no
tcl_cv_pwd_pw_gecos=yes
tcl_cv_strtod_buggy=ok
tcl_cv_sys_version=Linux-3.11.0-14-generic
tcl_cv_type_64bit=none
tcl_cv_type_fd_set=yes

## ----------------- ##
## Output variables. ##
## ----------------- ##

APP_RSRC_FILE=''
AR='ar'
BUILD_TCLSH='/home/oide/SAD/oldsad/obj/AMD64-Linux3/tcl8.5.15/unix/tclsh'
CC='gcc-mp-4.7 -Wall -std=gnu11 -m64 '
CC_SEARCH_FLAGS='-Wl,-rpath,${LIB_RUNTIME_DIR}'
CFBUNDLELOCALIZATIONS=''
CFLAGS=' -DTCL_NO_STACK_CHECK -DTCL_NO_STACK_CHECK -pipe -m64 '
CFLAGS_DEBUG='-g'
CFLAGS_DEFAULT='$(CFLAGS_OPTIMIZE)'
CFLAGS_OPTIMIZE='-O2'
CFLAGS_WARNING='-Wall'
CPP='gcc-mp-4.7 -Wall -std=gnu11 -m64  -E'
CPPFLAGS=''
DEFS='-DPACKAGE_NAME=\"tk\" -DPACKAGE_TARNAME=\"tk\" -DPACKAGE_VERSION=\"8.5\" -DPACKAGE_STRING=\"tk\ 8.5\" -DPACKAGE_BUGREPORT=\"\" -DSTDC_HEADERS=1 -DHAVE_SYS_TYPES_H=1 -DHAVE_SYS_STAT_H=1 -DHAVE_STDLIB_H=1 -DHAVE_STRING_H=1 -DHAVE_MEMORY_H=1 -DHAVE_STRINGS_H=1 -DHAVE_INTTYPES_H=1 -DHAVE_STDINT_H=1 -DHAVE_UNISTD_H=1 -DHAVE_LIMITS_H=1 -DMODULE_SCOPE=extern\ __attribute__\(\(__visibility__\(\"hidden\"\)\)\) -DTCL_CFG_DO64BIT=1 -DHAVE_CAST_TO_UNION=1 -DTCL_SHLIB_EXT=\".so\" -DNDEBUG=1 -DTCL_CFG_OPTIMIZED=1 -D_LARGEFILE64_SOURCE=1 -DTCL_WIDE_INT_IS_LONG=1 -DHAVE_SYS_TIME_H=1 -DTIME_WITH_SYS_TIME=1 -DHAVE_INTPTR_T=1 -DHAVE_UINTPTR_T=1 -DHAVE_PW_GECOS=1 -DHAVE_LIBXFT=1 -DHAVE_XFT=1 -DHAVE_XKBKEYCODETOKEYSYM=1 '
DLL_INSTALL_DIR='$(LIB_INSTALL_DIR)'
DL_LIBS='-ldl'
DL_OBJS='tclLoadDl.o'
ECHO_C=''
ECHO_N='-n'
ECHO_T=''
EGREP='grep -E'
EXEEXT=''
EXTRA_APP_CC_SWITCHES=''
EXTRA_BUILD_HTML=''
EXTRA_CC_SWITCHES=''
EXTRA_INSTALL=''
EXTRA_INSTALL_BINARIES=''
EXTRA_WISH_LIBS=''
HTML_DIR='$(DISTDIR)/html'
INSTALL_LIB='$(INSTALL_LIBRARY) $(LIB_FILE) "$(LIB_INSTALL_DIR)/$(LIB_FILE)"'
INSTALL_STUB_LIB='$(INSTALL_LIBRARY) $(STUB_LIB_FILE) "$(LIB_INSTALL_DIR)/$(STUB_LIB_FILE)" ; (cd "$(LIB_INSTALL_DIR)" ; $(RANLIB) $(STUB_LIB_FILE))'
LDAIX_SRC=''
LDFLAGS=' -Wl,--export-dynamic '
LDFLAGS_DEBUG=''
LDFLAGS_DEFAULT='$(LDFLAGS_OPTIMIZE)'
LDFLAGS_OPTIMIZE=''
LD_LIBRARY_PATH_VAR='LD_LIBRARY_PATH'
LD_SEARCH_FLAGS='-Wl,-rpath,${LIB_RUNTIME_DIR}'
LIBOBJS=''
LIBS=''
LIB_RSRC_FILE=''
LIB_RUNTIME_DIR='${LIB_RUNTIME_DIR}:/usr/X11R6/lib'
LOCALES='cs da de el en en_gb eo es fr hu it nl pl pt ru sv'
LTLIBOBJS=''
MAKE_LIB='${SHLIB_LD} -o $@ ${OBJS} ${SHLIB_LD_LIBS} ${TCL_SHLIB_LD_EXTRAS} ${TK_SHLIB_LD_EXTRAS} ${LD_SEARCH_FLAGS}'
MAKE_STUB_LIB='${STLIB_LD} $@ ${STUB_LIB_OBJS} ; ${RANLIB} $@'
MAN_FLAGS=''
OBJEXT='o'
PACKAGE_BUGREPORT=''
PACKAGE_NAME='tk'
PACKAGE_STRING='tk 8.5'
PACKAGE_TARNAME='tk'
PACKAGE_VERSION='8.5'
PATH_SEPARATOR=':'
PLAT_OBJS=''
PLAT_SRCS=''
PRIVATE_INCLUDE_DIR='$(includedir)'
RANLIB='ranlib'
REZ=''
REZ_FLAGS=''
SHELL='/bin/bash'
SHLIB_CFLAGS='-fPIC'
SHLIB_LD='${CC} -shared ${CFLAGS} ${LDFLAGS}'
SHLIB_LD_LIBS='${LIBS} ${TCL_STUB_LIB_SPEC}'
SHLIB_SUFFIX='.so'
STLIB_LD='${AR} cr'
TCLSH_PROG=''
TCL_BIN_DIR='/home/oide/SAD/oldsad/obj/AMD64-Linux3/tcl8.5.15/unix'
TCL_LIBS='-ldl  -lieee -lm'
TCL_LIB_FILE='libtcl8.5.so'
TCL_LIB_FLAG='-ltcl8.5'
TCL_LIB_SPEC='-L/home/oide/SAD/oldsad/obj/AMD64-Linux3/tcl8.5.15/unix -ltcl8.5'
TCL_PATCH_LEVEL='.15'
TCL_SHLIB_LD_EXTRAS=''
TCL_SRC_DIR='/home/oide/SAD/oldsad/obj/AMD64-Linux3/tcl8.5.15'
TCL_STUB_FLAGS='-DUSE_TCL_STUBS'
TCL_STUB_LIB_FILE='libtclstub8.5.a'
TCL_STUB_LIB_FLAG='-ltclstub8.5'
TCL_STUB_LIB_SPEC='-L/home/oide/SAD/oldsad/obj/AMD64-Linux3/tcl8.5.15/unix -ltclstub8.5'
TCL_THREADS='0'
TCL_VERSION='8.5'
TK_BUILD_LIB_SPEC='-L/home/oide/SAD/oldsad/obj/AMD64-Linux3/tk8.5.15/unix -ltk8.5'
TK_BUILD_STUB_LIB_PATH='/home/oide/SAD/oldsad/obj/AMD64-Linux3/tk8.5.15/unix/libtkstub8.5.a'
TK_BUILD_STUB_LIB_SPEC='-L/home/oide/SAD/oldsad/obj/AMD64-Linux3/tk8.5.15/unix -ltkstub8.5'
TK_INCLUDE_SPEC='-I/Users/oide/SAD/oldsad//arch/AMD64-Linux3/include'
TK_LIBRARY='$(prefix)/lib/tk$(VERSION)'
TK_LIB_FILE='libtk8.5.so'
TK_LIB_FLAG='-ltk8.5'
TK_LIB_SPEC='-L/Users/oide/SAD/oldsad//arch/AMD64-Linux3/lib -ltk8.5'
TK_MAJOR_VERSION='8'
TK_MINOR_VERSION='5'
TK_PATCH_LEVEL='.15'
TK_PKG_DIR='tk$(VERSION)'
TK_RSRC_FILE='tk$(VERSION).rsrc'
TK_SHARED_BUILD='1'
TK_SHLIB_LD_EXTRAS=''
TK_SRC_DIR='/home/oide/SAD/oldsad/obj/AMD64-Linux3/tk8.5.15'
TK_STUB_LIB_FILE='libtkstub8.5.a'
TK_STUB_LIB_FLAG='-ltkstub8.5'
TK_STUB_LIB_PATH='/Users/oide/SAD/oldsad//arch/AMD64-Linux3/lib/libtkstub8.5.a'
TK_STUB_LIB_SPEC='-L/Users/oide/SAD/oldsad//arch/AMD64-Linux3/lib -ltkstub8.5'
TK_VERSION='8.5'
TK_WINDOWINGSYSTEM='X11'
TK_YEAR=''
UNIX_FONT_OBJS='tkUnixRFont.o'
WISH_RSRC_FILE='wish$(VERSION).rsrc'
XFT_CFLAGS='-I/usr/include/freetype2  '
XFT_LIBS='-lXft  '
XINCLUDES=''
XLIBSW='-L/usr/X11R6/lib -lX11'
ac_ct_AR='ar'
ac_ct_CC='gcc-mp-4.7 -Wall -std=gnu11 -m64 '
ac_ct_RANLIB='ranlib'
bindir='${exec_prefix}/bin'
build_alias=''
datadir='${prefix}/share'
exec_prefix='/Users/oide/SAD/oldsad//arch/AMD64-Linux3'
host_alias=''
includedir='${prefix}/include'
infodir='${prefix}/info'
libdir='/Users/oide/SAD/oldsad//arch/AMD64-Linux3/lib'
libexecdir='${exec_prefix}/libexec'
localstatedir='${prefix}/var'
mandir='${prefix}/man'
oldincludedir='/usr/include'
prefix='/Users/oide/SAD/oldsad//arch/AMD64-Linux3'
program_transform_name='s,x,x,'
sbindir='${exec_prefix}/sbin'
sharedstatedir='${prefix}/com'
sysconfdir='${prefix}/etc'
target_alias=''

## ----------- ##
## confdefs.h. ##
## ----------- ##

#define HAVE_CAST_TO_UNION 1
#define HAVE_INTPTR_T 1
#define HAVE_INTTYPES_H 1
#define HAVE_LIBXFT 1
#define HAVE_LIMITS_H 1
#define HAVE_MEMORY_H 1
#define HAVE_PW_GECOS 1
#define HAVE_STDINT_H 1
#define HAVE_STDLIB_H 1
#define HAVE_STRINGS_H 1
#define HAVE_STRING_H 1
#define HAVE_SYS_STAT_H 1
#define HAVE_SYS_TIME_H 1
#define HAVE_SYS_TYPES_H 1
#define HAVE_UINTPTR_T 1
#define HAVE_UNISTD_H 1
#define HAVE_XFT 1
#define HAVE_XKBKEYCODETOKEYSYM 1
#define MODULE_SCOPE extern __attribute__((__visibility__("hidden")))
#define NDEBUG 1
#define PACKAGE_BUGREPORT ""
#define PACKAGE_NAME "tk"
#define PACKAGE_STRING "tk 8.5"
#define PACKAGE_TARNAME "tk"
#define PACKAGE_VERSION "8.5"
#define STDC_HEADERS 1
#define TCL_CFG_DO64BIT 1
#define TCL_CFG_OPTIMIZED 1
#define TCL_SHLIB_EXT ".so"
#define TCL_WIDE_INT_IS_LONG 1
#define TIME_WITH_SYS_TIME 1
#define _LARGEFILE64_SOURCE 1

configure: exit 0
