This file contains any messages produced by compilers while
running configure, to aid debugging if configure makes a mistake.

It was created by tcl configure 8.5, which was
generated by GNU Autoconf 2.59.  Invocation command line was

  $ ./configure --prefix=/Users/oide/SAD/oldsad//arch/i386-Darwin12 --enable-64bit --enable-xft --x-includes=/usr/X11R6/include --x-libraries=/usr/X11R6/lib --enable-shared

## --------- ##
## Platform. ##
## --------- ##

hostname = B-2011.local
uname -m = x86_64
uname -r = 12.2.0
uname -s = Darwin
uname -v = Darwin Kernel Version 12.2.0: Sat Aug 25 00:48:52 PDT 2012; root:xnu-2050.18.24~1/RELEASE_X86_64

/usr/bin/uname -p = i386
/bin/uname -X     = unknown

/bin/arch              = unknown
/usr/bin/arch -k       = unknown
/usr/convex/getsysinfo = unknown
hostinfo               = Mach kernel version:
	 Darwin Kernel Version 12.2.0: Sat Aug 25 00:48:52 PDT 2012; root:xnu-2050.18.24~1/RELEASE_X86_64
Kernel configured for up to 4 processors.
2 processors are physically available.
4 processors are logically available.
Processor type: i486 (Intel 80486)
Processors active: 0 1 2 3
Primary memory available: 8.00 gigabytes
Default processor set: 196 tasks, 854 threads, 4 processors
Load average: 4.21, Mach factor: 1.46
/bin/machine           = unknown
/usr/bin/oslevel       = unknown
/bin/universe          = unknown

PATH: /opt/X11/bin
PATH: /opt/local/bin
PATH: /opt/local/sbin
PATH: /Users/oide/bin
PATH: /usr/local/bin
PATH: /usr/bin
PATH: /bin
PATH: /usr/local/sbin
PATH: /usr/sbin
PATH: /sbin
PATH: /usr/X11R6/bin
PATH: /usr/texbin
PATH: /Users/oide/SAD/oldsad/bin


## ----------- ##
## Core tests. ##
## ----------- ##

configure:1360: checking whether to use symlinks for manpages
configure:1369: result: no
configure:1372: checking whether to compress the manpages
configure:1387: result: no
configure:1401: checking whether to add a package name suffix for the manpages
configure:1414: result: no
configure:1476: checking for gcc
configure:1502: result: gcc-mp-4.7 -Wall -std=gnu11 -m64  -m64
configure:1746: checking for C compiler version
configure:1749: gcc-mp-4.7 -Wall -std=gnu11 -m64  -m64 --version </dev/null >&5
gcc-mp-4.7 (MacPorts gcc47 4.7.2_2) 4.7.2
Copyright (C) 2012 Free Software Foundation, Inc.
This is free software; see the source for copying conditions.  There is NO
warranty; not even for MERCHANTABILITY or FITNESS FOR A PARTICULAR PURPOSE.

configure:1752: $? = 0
configure:1754: gcc-mp-4.7 -Wall -std=gnu11 -m64  -m64 -v </dev/null >&5
Using built-in specs.
COLLECT_GCC=gcc-mp-4.7
COLLECT_LTO_WRAPPER=/private/opt/local/bin/../libexec/gcc/x86_64-apple-darwin12/4.7.2/lto-wrapper
Target: x86_64-apple-darwin12
Configured with: ../gcc-4.7.2/configure --prefix=/opt/local --build=x86_64-apple-darwin12 --enable-languages=c,c++,objc,obj-c++,lto,fortran,java --libdir=/opt/local/lib/gcc47 --includedir=/opt/local/include/gcc47 --infodir=/opt/local/share/info --mandir=/opt/local/share/man --datarootdir=/opt/local/share/gcc-4.7 --with-libiconv-prefix=/opt/local --with-local-prefix=/opt/local --with-system-zlib --disable-nls --program-suffix=-mp-4.7 --with-gxx-include-dir=/opt/local/include/gcc47/c++/ --with-gmp=/opt/local --with-mpfr=/opt/local --with-mpc=/opt/local --with-ppl=/opt/local --with-cloog=/opt/local --enable-cloog-backend=isl --disable-cloog-version-check --enable-stage1-checking --disable-multilib --enable-lto --enable-libstdcxx-time --with-as=/opt/local/bin/as --with-ld=/opt/local/bin/ld --with-ar=/opt/local/bin/ar --with-bugurl=https://trac.macports.org/newticket --disable-ppl-version-check --with-pkgversion='MacPorts gcc47 4.7.2_2'
Thread model: posix
gcc version 4.7.2 (MacPorts gcc47 4.7.2_2) 
configure:1757: $? = 0
configure:1759: gcc-mp-4.7 -Wall -std=gnu11 -m64  -m64 -V </dev/null >&5
gcc-mp-4.7: error: unrecognized command line option '-V'
gcc-mp-4.7: fatal error: no input files
compilation terminated.
configure:1762: $? = 1
configure:1785: checking for C compiler default output file name
configure:1788: gcc-mp-4.7 -Wall -std=gnu11 -m64  -m64  -DTCL_NO_STACK_CHECK -m64 -DTCL_NO_STACK_CHECK -m64   conftest.c  >&5
configure:1791: $? = 0
configure:1837: result: a.out
configure:1842: checking whether the C compiler works
configure:1848: ./a.out
configure:1851: $? = 0
configure:1868: result: yes
configure:1875: checking whether we are cross compiling
configure:1877: result: no
configure:1880: checking for suffix of executables
configure:1882: gcc-mp-4.7 -Wall -std=gnu11 -m64  -m64 -o conftest  -DTCL_NO_STACK_CHECK -m64 -DTCL_NO_STACK_CHECK -m64   conftest.c  >&5
configure:1885: $? = 0
configure:1910: result: 
configure:1916: checking for suffix of object files
configure:1937: gcc-mp-4.7 -Wall -std=gnu11 -m64  -m64 -c  -DTCL_NO_STACK_CHECK -m64 -DTCL_NO_STACK_CHECK -m64  conftest.c >&5
configure:1940: $? = 0
configure:1962: result: o
configure:1966: checking whether we are using the GNU C compiler
configure:1990: gcc-mp-4.7 -Wall -std=gnu11 -m64  -m64 -c  -DTCL_NO_STACK_CHECK -m64 -DTCL_NO_STACK_CHECK -m64  conftest.c >&5
configure:1996: $? = 0
configure:2000: test -z 
			 || test ! -s conftest.err
configure:2003: $? = 0
configure:2006: test -s conftest.o
configure:2009: $? = 0
configure:2022: result: yes
configure:2028: checking whether gcc-mp-4.7 -Wall -std=gnu11 -m64  -m64 accepts -g
configure:2049: gcc-mp-4.7 -Wall -std=gnu11 -m64  -m64 -c -g  conftest.c >&5
configure:2055: $? = 0
configure:2059: test -z 
			 || test ! -s conftest.err
configure:2062: $? = 0
configure:2065: test -s conftest.o
configure:2068: $? = 0
configure:2079: result: yes
configure:2096: checking for gcc-mp-4.7 -Wall -std=gnu11 -m64  -m64 option to accept ANSI C
configure:2166: gcc-mp-4.7 -Wall -std=gnu11 -m64  -m64  -c  -DTCL_NO_STACK_CHECK -m64 -DTCL_NO_STACK_CHECK -m64  conftest.c >&5
configure:2172: $? = 0
configure:2176: test -z 
			 || test ! -s conftest.err
configure:2179: $? = 0
configure:2182: test -s conftest.o
configure:2185: $? = 0
configure:2203: result: none needed
configure:2221: gcc-mp-4.7 -Wall -std=gnu11 -m64  -m64 -c  -DTCL_NO_STACK_CHECK -m64 -DTCL_NO_STACK_CHECK -m64  conftest.c >&5
conftest.c:2:3: error: unknown type name 'choke'
conftest.c:2:3: error: expected '=', ',', ';', 'asm' or '__attribute__' at end of input
configure:2227: $? = 1
configure: failed program was:
| #ifndef __cplusplus
|   choke me
| #endif
configure:2361: checking for inline
configure:2382: gcc-mp-4.7 -Wall -std=gnu11 -m64  -m64 -c  -DTCL_NO_STACK_CHECK -m64 -DTCL_NO_STACK_CHECK -m64  conftest.c >&5
configure:2388: $? = 0
configure:2392: test -z 
			 || test ! -s conftest.err
configure:2395: $? = 0
configure:2398: test -s conftest.o
configure:2401: $? = 0
configure:2413: result: inline
configure:2447: checking how to run the C preprocessor
configure:2482: gcc-mp-4.7 -Wall -std=gnu11 -m64  -m64 -E  conftest.c
configure:2488: $? = 0
configure:2520: gcc-mp-4.7 -Wall -std=gnu11 -m64  -m64 -E  conftest.c
conftest.c:9:28: fatal error: ac_nonexistent.h: No such file or directory
compilation terminated.
configure:2526: $? = 1
configure: failed program was:
| /* confdefs.h.  */
| 
| #define PACKAGE_NAME "tcl"
| #define PACKAGE_TARNAME "tcl"
| #define PACKAGE_VERSION "8.5"
| #define PACKAGE_STRING "tcl 8.5"
| #define PACKAGE_BUGREPORT ""
| /* end confdefs.h.  */
| #include <ac_nonexistent.h>
configure:2565: result: gcc-mp-4.7 -Wall -std=gnu11 -m64  -m64 -E
configure:2589: gcc-mp-4.7 -Wall -std=gnu11 -m64  -m64 -E  conftest.c
configure:2595: $? = 0
configure:2627: gcc-mp-4.7 -Wall -std=gnu11 -m64  -m64 -E  conftest.c
conftest.c:9:28: fatal error: ac_nonexistent.h: No such file or directory
compilation terminated.
configure:2633: $? = 1
configure: failed program was:
| /* confdefs.h.  */
| 
| #define PACKAGE_NAME "tcl"
| #define PACKAGE_TARNAME "tcl"
| #define PACKAGE_VERSION "8.5"
| #define PACKAGE_STRING "tcl 8.5"
| #define PACKAGE_BUGREPORT ""
| /* end confdefs.h.  */
| #include <ac_nonexistent.h>
configure:2677: checking for egrep
configure:2687: result: grep -E
configure:2692: checking for ANSI C header files
configure:2717: gcc-mp-4.7 -Wall -std=gnu11 -m64  -m64 -c  -DTCL_NO_STACK_CHECK -m64 -DTCL_NO_STACK_CHECK -m64  conftest.c >&5
configure:2723: $? = 0
configure:2727: test -z 
			 || test ! -s conftest.err
configure:2730: $? = 0
configure:2733: test -s conftest.o
configure:2736: $? = 0
configure:2825: gcc-mp-4.7 -Wall -std=gnu11 -m64  -m64 -o conftest  -DTCL_NO_STACK_CHECK -m64 -DTCL_NO_STACK_CHECK -m64   conftest.c  >&5
conftest.c: In function 'main':
conftest.c:26:7: warning: implicit declaration of function 'exit' [-Wimplicit-function-declaration]
conftest.c:26:7: warning: incompatible implicit declaration of built-in function 'exit' [enabled by default]
conftest.c:27:3: warning: incompatible implicit declaration of built-in function 'exit' [enabled by default]
configure:2828: $? = 0
configure:2830: ./conftest
configure:2833: $? = 0
configure:2848: result: yes
configure:2872: checking for sys/types.h
configure:2888: gcc-mp-4.7 -Wall -std=gnu11 -m64  -m64 -c  -DTCL_NO_STACK_CHECK -m64 -DTCL_NO_STACK_CHECK -m64  conftest.c >&5
configure:2894: $? = 0
configure:2898: test -z 
			 || test ! -s conftest.err
configure:2901: $? = 0
configure:2904: test -s conftest.o
configure:2907: $? = 0
configure:2918: result: yes
configure:2872: checking for sys/stat.h
configure:2888: gcc-mp-4.7 -Wall -std=gnu11 -m64  -m64 -c  -DTCL_NO_STACK_CHECK -m64 -DTCL_NO_STACK_CHECK -m64  conftest.c >&5
configure:2894: $? = 0
configure:2898: test -z 
			 || test ! -s conftest.err
configure:2901: $? = 0
configure:2904: test -s conftest.o
configure:2907: $? = 0
configure:2918: result: yes
configure:2872: checking for stdlib.h
configure:2888: gcc-mp-4.7 -Wall -std=gnu11 -m64  -m64 -c  -DTCL_NO_STACK_CHECK -m64 -DTCL_NO_STACK_CHECK -m64  conftest.c >&5
configure:2894: $? = 0
configure:2898: test -z 
			 || test ! -s conftest.err
configure:2901: $? = 0
configure:2904: test -s conftest.o
configure:2907: $? = 0
configure:2918: result: yes
configure:2872: checking for string.h
configure:2888: gcc-mp-4.7 -Wall -std=gnu11 -m64  -m64 -c  -DTCL_NO_STACK_CHECK -m64 -DTCL_NO_STACK_CHECK -m64  conftest.c >&5
configure:2894: $? = 0
configure:2898: test -z 
			 || test ! -s conftest.err
configure:2901: $? = 0
configure:2904: test -s conftest.o
configure:2907: $? = 0
configure:2918: result: yes
configure:2872: checking for memory.h
configure:2888: gcc-mp-4.7 -Wall -std=gnu11 -m64  -m64 -c  -DTCL_NO_STACK_CHECK -m64 -DTCL_NO_STACK_CHECK -m64  conftest.c >&5
configure:2894: $? = 0
configure:2898: test -z 
			 || test ! -s conftest.err
configure:2901: $? = 0
configure:2904: test -s conftest.o
configure:2907: $? = 0
configure:2918: result: yes
configure:2872: checking for strings.h
configure:2888: gcc-mp-4.7 -Wall -std=gnu11 -m64  -m64 -c  -DTCL_NO_STACK_CHECK -m64 -DTCL_NO_STACK_CHECK -m64  conftest.c >&5
configure:2894: $? = 0
configure:2898: test -z 
			 || test ! -s conftest.err
configure:2901: $? = 0
configure:2904: test -s conftest.o
configure:2907: $? = 0
configure:2918: result: yes
configure:2872: checking for inttypes.h
configure:2888: gcc-mp-4.7 -Wall -std=gnu11 -m64  -m64 -c  -DTCL_NO_STACK_CHECK -m64 -DTCL_NO_STACK_CHECK -m64  conftest.c >&5
configure:2894: $? = 0
configure:2898: test -z 
			 || test ! -s conftest.err
configure:2901: $? = 0
configure:2904: test -s conftest.o
configure:2907: $? = 0
configure:2918: result: yes
configure:2872: checking for stdint.h
configure:2888: gcc-mp-4.7 -Wall -std=gnu11 -m64  -m64 -c  -DTCL_NO_STACK_CHECK -m64 -DTCL_NO_STACK_CHECK -m64  conftest.c >&5
configure:2894: $? = 0
configure:2898: test -z 
			 || test ! -s conftest.err
configure:2901: $? = 0
configure:2904: test -s conftest.o
configure:2907: $? = 0
configure:2918: result: yes
configure:2872: checking for unistd.h
configure:2888: gcc-mp-4.7 -Wall -std=gnu11 -m64  -m64 -c  -DTCL_NO_STACK_CHECK -m64 -DTCL_NO_STACK_CHECK -m64  conftest.c >&5
configure:2894: $? = 0
configure:2898: test -z 
			 || test ! -s conftest.err
configure:2901: $? = 0
configure:2904: test -s conftest.o
configure:2907: $? = 0
configure:2918: result: yes
configure:2931: checking dirent.h
configure:2972: gcc-mp-4.7 -Wall -std=gnu11 -m64  -m64 -o conftest  -DTCL_NO_STACK_CHECK -m64 -DTCL_NO_STACK_CHECK -m64   conftest.c  >&5
conftest.c: In function 'main':
conftest.c:37:7: warning: variable 'p' set but not used [-Wunused-but-set-variable]
configure:2978: $? = 0
configure:2982: test -z 
			 || test ! -s conftest.err
configure:2985: $? = 0
configure:2988: test -s conftest
configure:2991: $? = 0
configure:3003: result: yes
configure:3024: checking float.h usability
configure:3036: gcc-mp-4.7 -Wall -std=gnu11 -m64  -m64 -c  -DTCL_NO_STACK_CHECK -m64 -DTCL_NO_STACK_CHECK -m64  conftest.c >&5
configure:3042: $? = 0
configure:3046: test -z 
			 || test ! -s conftest.err
configure:3049: $? = 0
configure:3052: test -s conftest.o
configure:3055: $? = 0
configure:3065: result: yes
configure:3069: checking float.h presence
configure:3079: gcc-mp-4.7 -Wall -std=gnu11 -m64  -m64 -E  conftest.c
configure:3085: $? = 0
configure:3105: result: yes
configure:3140: checking for float.h
configure:3147: result: yes
configure:3172: checking values.h usability
configure:3184: gcc-mp-4.7 -Wall -std=gnu11 -m64  -m64 -c  -DTCL_NO_STACK_CHECK -m64 -DTCL_NO_STACK_CHECK -m64  conftest.c >&5
conftest.c:53:20: fatal error: values.h: No such file or directory
compilation terminated.
configure:3190: $? = 1
configure: failed program was:
| /* confdefs.h.  */
| 
| #define PACKAGE_NAME "tcl"
| #define PACKAGE_TARNAME "tcl"
| #define PACKAGE_VERSION "8.5"
| #define PACKAGE_STRING "tcl 8.5"
| #define PACKAGE_BUGREPORT ""
| #define STDC_HEADERS 1
| #define HAVE_SYS_TYPES_H 1
| #define HAVE_SYS_STAT_H 1
| #define HAVE_STDLIB_H 1
| #define HAVE_STRING_H 1
| #define HAVE_MEMORY_H 1
| #define HAVE_STRINGS_H 1
| #define HAVE_INTTYPES_H 1
| #define HAVE_STDINT_H 1
| #define HAVE_UNISTD_H 1
| /* end confdefs.h.  */
| #include <stdio.h>
| #if HAVE_SYS_TYPES_H
| # include <sys/types.h>
| #endif
| #if HAVE_SYS_STAT_H
| # include <sys/stat.h>
| #endif
| #if STDC_HEADERS
| # include <stdlib.h>
| # include <stddef.h>
| #else
| # if HAVE_STDLIB_H
| #  include <stdlib.h>
| # endif
| #endif
| #if HAVE_STRING_H
| # if !STDC_HEADERS && HAVE_MEMORY_H
| #  include <memory.h>
| # endif
| # include <string.h>
| #endif
| #if HAVE_STRINGS_H
| # include <strings.h>
| #endif
| #if HAVE_INTTYPES_H
| # include <inttypes.h>
| #else
| # if HAVE_STDINT_H
| #  include <stdint.h>
| # endif
| #endif
| #if HAVE_UNISTD_H
| # include <unistd.h>
| #endif
| #include <values.h>
configure:3213: result: no
configure:3217: checking values.h presence
configure:3227: gcc-mp-4.7 -Wall -std=gnu11 -m64  -m64 -E  conftest.c
conftest.c:19:20: fatal error: values.h: No such file or directory
compilation terminated.
configure:3233: $? = 1
configure: failed program was:
| /* confdefs.h.  */
| 
| #define PACKAGE_NAME "tcl"
| #define PACKAGE_TARNAME "tcl"
| #define PACKAGE_VERSION "8.5"
| #define PACKAGE_STRING "tcl 8.5"
| #define PACKAGE_BUGREPORT ""
| #define STDC_HEADERS 1
| #define HAVE_SYS_TYPES_H 1
| #define HAVE_SYS_STAT_H 1
| #define HAVE_STDLIB_H 1
| #define HAVE_STRING_H 1
| #define HAVE_MEMORY_H 1
| #define HAVE_STRINGS_H 1
| #define HAVE_INTTYPES_H 1
| #define HAVE_STDINT_H 1
| #define HAVE_UNISTD_H 1
| /* end confdefs.h.  */
| #include <values.h>
configure:3253: result: no
configure:3288: checking for values.h
configure:3295: result: no
configure:3320: checking limits.h usability
configure:3332: gcc-mp-4.7 -Wall -std=gnu11 -m64  -m64 -c  -DTCL_NO_STACK_CHECK -m64 -DTCL_NO_STACK_CHECK -m64  conftest.c >&5
configure:3338: $? = 0
configure:3342: test -z 
			 || test ! -s conftest.err
configure:3345: $? = 0
configure:3348: test -s conftest.o
configure:3351: $? = 0
configure:3361: result: yes
configure:3365: checking limits.h presence
configure:3375: gcc-mp-4.7 -Wall -std=gnu11 -m64  -m64 -E  conftest.c
configure:3381: $? = 0
configure:3401: result: yes
configure:3436: checking for limits.h
configure:3443: result: yes
configure:3463: checking for stdlib.h
configure:3468: result: yes
configure:3665: checking for string.h
configure:3670: result: yes
configure:3864: checking sys/wait.h usability
configure:3876: gcc-mp-4.7 -Wall -std=gnu11 -m64  -m64 -c  -DTCL_NO_STACK_CHECK -m64 -DTCL_NO_STACK_CHECK -m64  conftest.c >&5
configure:3882: $? = 0
configure:3886: test -z 
			 || test ! -s conftest.err
configure:3889: $? = 0
configure:3892: test -s conftest.o
configure:3895: $? = 0
configure:3905: result: yes
configure:3909: checking sys/wait.h presence
configure:3919: gcc-mp-4.7 -Wall -std=gnu11 -m64  -m64 -E  conftest.c
configure:3925: $? = 0
configure:3945: result: yes
configure:3980: checking for sys/wait.h
configure:3987: result: yes
configure:4012: checking dlfcn.h usability
configure:4024: gcc-mp-4.7 -Wall -std=gnu11 -m64  -m64 -c  -DTCL_NO_STACK_CHECK -m64 -DTCL_NO_STACK_CHECK -m64  conftest.c >&5
configure:4030: $? = 0
configure:4034: test -z 
			 || test ! -s conftest.err
configure:4037: $? = 0
configure:4040: test -s conftest.o
configure:4043: $? = 0
configure:4053: result: yes
configure:4057: checking dlfcn.h presence
configure:4067: gcc-mp-4.7 -Wall -std=gnu11 -m64  -m64 -E  conftest.c
configure:4073: $? = 0
configure:4093: result: yes
configure:4128: checking for dlfcn.h
configure:4135: result: yes
configure:4166: checking sys/param.h usability
configure:4178: gcc-mp-4.7 -Wall -std=gnu11 -m64  -m64 -c  -DTCL_NO_STACK_CHECK -m64 -DTCL_NO_STACK_CHECK -m64  conftest.c >&5
configure:4184: $? = 0
configure:4188: test -z 
			 || test ! -s conftest.err
configure:4191: $? = 0
configure:4194: test -s conftest.o
configure:4197: $? = 0
configure:4207: result: yes
configure:4211: checking sys/param.h presence
configure:4221: gcc-mp-4.7 -Wall -std=gnu11 -m64  -m64 -E  conftest.c
configure:4227: $? = 0
configure:4247: result: yes
configure:4282: checking for sys/param.h
configure:4289: result: yes
configure:4310: checking if the compiler understands -pipe
configure:4333: gcc-mp-4.7 -Wall -std=gnu11 -m64  -m64 -c  -DTCL_NO_STACK_CHECK -m64 -DTCL_NO_STACK_CHECK -m64 -pipe  conftest.c >&5
configure:4339: $? = 0
configure:4343: test -z 
			 || test ! -s conftest.err
configure:4346: $? = 0
configure:4349: test -s conftest.o
configure:4352: $? = 0
configure:4364: result: yes
configure:5283: checking for building with threads
configure:5299: result: no (default)
configure:5345: checking for sin
configure:5402: gcc-mp-4.7 -Wall -std=gnu11 -m64  -m64 -o conftest  -DTCL_NO_STACK_CHECK -m64 -DTCL_NO_STACK_CHECK -m64 -pipe   conftest.c  >&5
conftest.c:47:6: warning: conflicting types for built-in function 'sin' [enabled by default]
configure:5408: $? = 0
configure:5412: test -z 
			 || test ! -s conftest.err
configure:5415: $? = 0
configure:5418: test -s conftest
configure:5421: $? = 0
configure:5433: result: yes
configure:5441: checking for main in -lieee
configure:5465: gcc-mp-4.7 -Wall -std=gnu11 -m64  -m64 -o conftest  -DTCL_NO_STACK_CHECK -m64 -DTCL_NO_STACK_CHECK -m64 -pipe   conftest.c -lieee   >&5
ld: library not found for -lieee
collect2: error: ld returned 1 exit status
configure:5471: $? = 1
configure: failed program was:
| /* confdefs.h.  */
| 
| #define PACKAGE_NAME "tcl"
| #define PACKAGE_TARNAME "tcl"
| #define PACKAGE_VERSION "8.5"
| #define PACKAGE_STRING "tcl 8.5"
| #define PACKAGE_BUGREPORT ""
| #define STDC_HEADERS 1
| #define HAVE_SYS_TYPES_H 1
| #define HAVE_SYS_STAT_H 1
| #define HAVE_STDLIB_H 1
| #define HAVE_STRING_H 1
| #define HAVE_MEMORY_H 1
| #define HAVE_STRINGS_H 1
| #define HAVE_INTTYPES_H 1
| #define HAVE_STDINT_H 1
| #define HAVE_UNISTD_H 1
| #define NO_VALUES_H 1
| #define HAVE_LIMITS_H 1
| #define HAVE_SYS_PARAM_H 1
| #define TCL_CFGVAL_ENCODING "iso8859-1"
| /* end confdefs.h.  */
| 
| 
| int
| main ()
| {
| main ();
|   ;
|   return 0;
| }
configure:5497: result: no
configure:5509: checking for main in -linet
configure:5533: gcc-mp-4.7 -Wall -std=gnu11 -m64  -m64 -o conftest  -DTCL_NO_STACK_CHECK -m64 -DTCL_NO_STACK_CHECK -m64 -pipe   conftest.c -linet   >&5
ld: library not found for -linet
collect2: error: ld returned 1 exit status
configure:5539: $? = 1
configure: failed program was:
| /* confdefs.h.  */
| 
| #define PACKAGE_NAME "tcl"
| #define PACKAGE_TARNAME "tcl"
| #define PACKAGE_VERSION "8.5"
| #define PACKAGE_STRING "tcl 8.5"
| #define PACKAGE_BUGREPORT ""
| #define STDC_HEADERS 1
| #define HAVE_SYS_TYPES_H 1
| #define HAVE_SYS_STAT_H 1
| #define HAVE_STDLIB_H 1
| #define HAVE_STRING_H 1
| #define HAVE_MEMORY_H 1
| #define HAVE_STRINGS_H 1
| #define HAVE_INTTYPES_H 1
| #define HAVE_STDINT_H 1
| #define HAVE_UNISTD_H 1
| #define NO_VALUES_H 1
| #define HAVE_LIMITS_H 1
| #define HAVE_SYS_PARAM_H 1
| #define TCL_CFGVAL_ENCODING "iso8859-1"
| /* end confdefs.h.  */
| 
| 
| int
| main ()
| {
| main ();
|   ;
|   return 0;
| }
configure:5565: result: no
configure:5581: checking net/errno.h usability
configure:5593: gcc-mp-4.7 -Wall -std=gnu11 -m64  -m64 -c  -DTCL_NO_STACK_CHECK -m64 -DTCL_NO_STACK_CHECK -m64 -pipe  conftest.c >&5
conftest.c:57:23: fatal error: net/errno.h: No such file or directory
compilation terminated.
configure:5599: $? = 1
configure: failed program was:
| /* confdefs.h.  */
| 
| #define PACKAGE_NAME "tcl"
| #define PACKAGE_TARNAME "tcl"
| #define PACKAGE_VERSION "8.5"
| #define PACKAGE_STRING "tcl 8.5"
| #define PACKAGE_BUGREPORT ""
| #define STDC_HEADERS 1
| #define HAVE_SYS_TYPES_H 1
| #define HAVE_SYS_STAT_H 1
| #define HAVE_STDLIB_H 1
| #define HAVE_STRING_H 1
| #define HAVE_MEMORY_H 1
| #define HAVE_STRINGS_H 1
| #define HAVE_INTTYPES_H 1
| #define HAVE_STDINT_H 1
| #define HAVE_UNISTD_H 1
| #define NO_VALUES_H 1
| #define HAVE_LIMITS_H 1
| #define HAVE_SYS_PARAM_H 1
| #define TCL_CFGVAL_ENCODING "iso8859-1"
| /* end confdefs.h.  */
| #include <stdio.h>
| #if HAVE_SYS_TYPES_H
| # include <sys/types.h>
| #endif
| #if HAVE_SYS_STAT_H
| # include <sys/stat.h>
| #endif
| #if STDC_HEADERS
| # include <stdlib.h>
| # include <stddef.h>
| #else
| # if HAVE_STDLIB_H
| #  include <stdlib.h>
| # endif
| #endif
| #if HAVE_STRING_H
| # if !STDC_HEADERS && HAVE_MEMORY_H
| #  include <memory.h>
| # endif
| # include <string.h>
| #endif
| #if HAVE_STRINGS_H
| # include <strings.h>
| #endif
| #if HAVE_INTTYPES_H
| # include <inttypes.h>
| #else
| # if HAVE_STDINT_H
| #  include <stdint.h>
| # endif
| #endif
| #if HAVE_UNISTD_H
| # include <unistd.h>
| #endif
| #include <net/errno.h>
configure:5622: result: no
configure:5626: checking net/errno.h presence
configure:5636: gcc-mp-4.7 -Wall -std=gnu11 -m64  -m64 -E  conftest.c
conftest.c:23:23: fatal error: net/errno.h: No such file or directory
compilation terminated.
configure:5642: $? = 1
configure: failed program was:
| /* confdefs.h.  */
| 
| #define PACKAGE_NAME "tcl"
| #define PACKAGE_TARNAME "tcl"
| #define PACKAGE_VERSION "8.5"
| #define PACKAGE_STRING "tcl 8.5"
| #define PACKAGE_BUGREPORT ""
| #define STDC_HEADERS 1
| #define HAVE_SYS_TYPES_H 1
| #define HAVE_SYS_STAT_H 1
| #define HAVE_STDLIB_H 1
| #define HAVE_STRING_H 1
| #define HAVE_MEMORY_H 1
| #define HAVE_STRINGS_H 1
| #define HAVE_INTTYPES_H 1
| #define HAVE_STDINT_H 1
| #define HAVE_UNISTD_H 1
| #define NO_VALUES_H 1
| #define HAVE_LIMITS_H 1
| #define HAVE_SYS_PARAM_H 1
| #define TCL_CFGVAL_ENCODING "iso8859-1"
| /* end confdefs.h.  */
| #include <net/errno.h>
configure:5662: result: no
configure:5697: checking for net/errno.h
configure:5704: result: no
configure:5738: checking for connect
configure:5795: gcc-mp-4.7 -Wall -std=gnu11 -m64  -m64 -o conftest  -DTCL_NO_STACK_CHECK -m64 -DTCL_NO_STACK_CHECK -m64 -pipe   conftest.c  >&5
configure:5801: $? = 0
configure:5805: test -z 
			 || test ! -s conftest.err
configure:5808: $? = 0
configure:5811: test -s conftest
configure:5814: $? = 0
configure:5826: result: yes
configure:6101: checking for gethostbyname
configure:6158: gcc-mp-4.7 -Wall -std=gnu11 -m64  -m64 -o conftest  -DTCL_NO_STACK_CHECK -m64 -DTCL_NO_STACK_CHECK -m64 -pipe   conftest.c  >&5
configure:6164: $? = 0
configure:6168: test -z 
			 || test ! -s conftest.err
configure:6171: $? = 0
configure:6174: test -s conftest
configure:6177: $? = 0
configure:6189: result: yes
configure:6270: checking how to build libraries
configure:6288: result: shared
configure:6350: checking for ranlib
configure:6366: found /opt/local/bin/ranlib
configure:6377: result: ranlib
configure:6393: checking if 64bit support is requested
configure:6402: result: yes
configure:6407: checking if 64bit Sparc VIS support is requested
configure:6416: result: no
configure:6427: checking if compiler supports visibility "hidden"
configure:6452: gcc-mp-4.7 -Wall -std=gnu11 -m64  -m64 -o conftest  -DTCL_NO_STACK_CHECK -m64 -DTCL_NO_STACK_CHECK -m64 -pipe -Werror   conftest.c  >&5
configure:6458: $? = 0
configure:6462: test -z 
			 || test ! -s conftest.err
configure:6465: $? = 0
configure:6468: test -s conftest
configure:6471: $? = 0
configure:6484: result: yes
configure:6499: checking if rpath support is requested
configure:6508: result: yes
configure:6515: checking system version
configure:6543: result: Darwin-12.2.0
configure:6551: checking for dlopen in -ldl
configure:6581: gcc-mp-4.7 -Wall -std=gnu11 -m64  -m64 -o conftest  -DTCL_NO_STACK_CHECK -m64 -DTCL_NO_STACK_CHECK -m64 -pipe   conftest.c -ldl   >&5
configure:6587: $? = 0
configure:6591: test -z 
			 || test ! -s conftest.err
configure:6594: $? = 0
configure:6597: test -s conftest
configure:6600: $? = 0
configure:6613: result: yes
configure:6695: checking for ar
configure:6711: found /opt/local/bin/ar
configure:6721: result: ar
configure:7863: checking if compiler accepts -arch x86_64 flag
configure:7887: gcc-mp-4.7 -Wall -std=gnu11 -m64  -m64 -o conftest -DTCL_NO_STACK_CHECK -m64 -DTCL_NO_STACK_CHECK -m64 -pipe  -arch x86_64    conftest.c  >&5
configure:7893: $? = 0
configure:7897: test -z 
			 || test ! -s conftest.err
configure:7900: $? = 0
configure:7903: test -s conftest
configure:7906: $? = 0
configure:7919: result: yes
configure:7946: checking if ld accepts -single_module flag
configure:7970: gcc-mp-4.7 -Wall -std=gnu11 -m64  -m64 -o conftest -DTCL_NO_STACK_CHECK -m64 -DTCL_NO_STACK_CHECK -m64 -pipe  -arch x86_64    -dynamiclib -Wl,-single_module conftest.c  >&5
conftest.c: In function 'main':
conftest.c:28:5: warning: unused variable 'i' [-Wunused-variable]
configure:7976: $? = 0
configure:7980: test -z 
			 || test ! -s conftest.err
configure:7983: $? = 0
configure:7986: test -s conftest
configure:7989: $? = 0
configure:8002: result: yes
configure:8021: checking if ld accepts -search_paths_first flag
configure:8045: gcc-mp-4.7 -Wall -std=gnu11 -m64  -m64 -o conftest -DTCL_NO_STACK_CHECK -m64 -DTCL_NO_STACK_CHECK -m64 -pipe  -arch x86_64    -prebind -headerpad_max_install_names -Wl,-search_paths_first conftest.c  >&5
conftest.c: In function 'main':
conftest.c:28:5: warning: unused variable 'i' [-Wunused-variable]
configure:8051: $? = 0
configure:8055: test -z 
			 || test ! -s conftest.err
configure:8058: $? = 0
configure:8061: test -s conftest
configure:8064: $? = 0
configure:8077: result: yes
configure:8105: checking whether to use CoreFoundation
configure:8114: result: yes
configure:8118: checking for CoreFoundation.framework
configure:8153: gcc-mp-4.7 -Wall -std=gnu11 -m64  -m64 -o conftest -DTCL_NO_STACK_CHECK -m64 -DTCL_NO_STACK_CHECK -m64 -pipe  -arch x86_64    -prebind -headerpad_max_install_names -Wl,-search_paths_first conftest.c  -framework CoreFoundation >&5
conftest.c: In function 'main':
conftest.c:29:13: warning: unused variable 'b' [-Wunused-variable]
configure:8159: $? = 0
configure:8163: test -z 
			 || test ! -s conftest.err
configure:8166: $? = 0
configure:8169: test -s conftest
configure:8172: $? = 0
configure:8192: result: yes
configure:9040: checking for cast to union support
configure:9064: gcc-mp-4.7 -Wall -std=gnu11 -m64  -m64 -c -DTCL_NO_STACK_CHECK -m64 -DTCL_NO_STACK_CHECK -m64 -pipe  -arch x86_64   conftest.c >&5
conftest.c: In function 'main':
conftest.c:33:15: warning: unused variable 'f' [-Wunused-variable]
configure:9070: $? = 0
configure:9074: test -z 
			 || test ! -s conftest.err
configure:9077: $? = 0
configure:9080: test -s conftest.o
configure:9083: $? = 0
configure:9095: result: yes
configure:9147: checking for build with symbols
configure:9166: result: no
configure:9232: checking for required early compiler flags
configure:9255: gcc-mp-4.7 -Wall -std=gnu11 -m64  -m64 -c -DTCL_NO_STACK_CHECK -m64 -DTCL_NO_STACK_CHECK -m64 -pipe  -arch x86_64   conftest.c >&5
conftest.c: In function 'main':
conftest.c:37:34: warning: unused variable 'q' [-Wunused-variable]
conftest.c:37:7: warning: unused variable 'p' [-Wunused-variable]
configure:9261: $? = 0
configure:9265: test -z 
			 || test ! -s conftest.err
configure:9268: $? = 0
configure:9271: test -s conftest.o
configure:9274: $? = 0
configure:9360: gcc-mp-4.7 -Wall -std=gnu11 -m64  -m64 -c -DTCL_NO_STACK_CHECK -m64 -DTCL_NO_STACK_CHECK -m64 -pipe  -arch x86_64   conftest.c >&5
conftest.c: In function 'main':
conftest.c:37:8: warning: 'stat64' is deprecated (declared at /usr/include/sys/stat.h:466) [-Wdeprecated-declarations]
conftest.c:37:24: warning: unused variable 'i' [-Wunused-variable]
configure:9366: $? = 0
configure:9370: test -z 
			 || test ! -s conftest.err
configure:9373: $? = 0
configure:9376: test -s conftest.o
configure:9379: $? = 0
configure:9465: gcc-mp-4.7 -Wall -std=gnu11 -m64  -m64 -c -DTCL_NO_STACK_CHECK -m64 -DTCL_NO_STACK_CHECK -m64 -pipe  -arch x86_64   conftest.c >&5
conftest.c: In function 'main':
conftest.c:37:19: error: 'open64' undeclared (first use in this function)
conftest.c:37:19: note: each undeclared identifier is reported only once for each function it appears in
conftest.c:37:7: warning: unused variable 'p' [-Wunused-variable]
configure:9471: $? = 1
configure: failed program was:
| /* confdefs.h.  */
| 
| #define PACKAGE_NAME "tcl"
| #define PACKAGE_TARNAME "tcl"
| #define PACKAGE_VERSION "8.5"
| #define PACKAGE_STRING "tcl 8.5"
| #define PACKAGE_BUGREPORT ""
| #define STDC_HEADERS 1
| #define HAVE_SYS_TYPES_H 1
| #define HAVE_SYS_STAT_H 1
| #define HAVE_STDLIB_H 1
| #define HAVE_STRING_H 1
| #define HAVE_MEMORY_H 1
| #define HAVE_STRINGS_H 1
| #define HAVE_INTTYPES_H 1
| #define HAVE_STDINT_H 1
| #define HAVE_UNISTD_H 1
| #define NO_VALUES_H 1
| #define HAVE_LIMITS_H 1
| #define HAVE_SYS_PARAM_H 1
| #define TCL_CFGVAL_ENCODING "iso8859-1"
| #define MODULE_SCOPE extern __attribute__((__visibility__("hidden")))
| #define MAC_OSX_TCL 1
| #define HAVE_COREFOUNDATION 1
| #define TCL_CFG_DO64BIT 1
| #define HAVE_CAST_TO_UNION 1
| #define TCL_SHLIB_EXT ".dylib"
| #define NDEBUG 1
| #define TCL_CFG_OPTIMIZED 1
| #define TCL_TOMMATH 1
| #define MP_PREC 4
| /* end confdefs.h.  */
| #include <sys/stat.h>
| int
| main ()
| {
| char *p = (char *)open64;
|   ;
|   return 0;
| }
configure:9508: gcc-mp-4.7 -Wall -std=gnu11 -m64  -m64 -c -DTCL_NO_STACK_CHECK -m64 -DTCL_NO_STACK_CHECK -m64 -pipe  -arch x86_64   conftest.c >&5
conftest.c: In function 'main':
conftest.c:38:19: error: 'open64' undeclared (first use in this function)
conftest.c:38:19: note: each undeclared identifier is reported only once for each function it appears in
conftest.c:38:7: warning: unused variable 'p' [-Wunused-variable]
configure:9514: $? = 1
configure: failed program was:
| /* confdefs.h.  */
| 
| #define PACKAGE_NAME "tcl"
| #define PACKAGE_TARNAME "tcl"
| #define PACKAGE_VERSION "8.5"
| #define PACKAGE_STRING "tcl 8.5"
| #define PACKAGE_BUGREPORT ""
| #define STDC_HEADERS 1
| #define HAVE_SYS_TYPES_H 1
| #define HAVE_SYS_STAT_H 1
| #define HAVE_STDLIB_H 1
| #define HAVE_STRING_H 1
| #define HAVE_MEMORY_H 1
| #define HAVE_STRINGS_H 1
| #define HAVE_INTTYPES_H 1
| #define HAVE_STDINT_H 1
| #define HAVE_UNISTD_H 1
| #define NO_VALUES_H 1
| #define HAVE_LIMITS_H 1
| #define HAVE_SYS_PARAM_H 1
| #define TCL_CFGVAL_ENCODING "iso8859-1"
| #define MODULE_SCOPE extern __attribute__((__visibility__("hidden")))
| #define MAC_OSX_TCL 1
| #define HAVE_COREFOUNDATION 1
| #define TCL_CFG_DO64BIT 1
| #define HAVE_CAST_TO_UNION 1
| #define TCL_SHLIB_EXT ".dylib"
| #define NDEBUG 1
| #define TCL_CFG_OPTIMIZED 1
| #define TCL_TOMMATH 1
| #define MP_PREC 4
| /* end confdefs.h.  */
| #define _LARGEFILE_SOURCE64 1
| #include <sys/stat.h>
| int
| main ()
| {
| char *p = (char *)open64;
|   ;
|   return 0;
| }
configure:9551: result: none
configure:9560: checking for 64-bit integer type
configure:9584: gcc-mp-4.7 -Wall -std=gnu11 -m64  -m64 -c -DTCL_NO_STACK_CHECK -m64 -DTCL_NO_STACK_CHECK -m64 -pipe  -arch x86_64   conftest.c >&5
conftest.c: In function 'main':
conftest.c:37:1: error: unknown type name '__int64'
conftest.c:37:18: error: '__int64' undeclared (first use in this function)
conftest.c:37:18: note: each undeclared identifier is reported only once for each function it appears in
conftest.c:37:27: error: expected ',' or ';' before numeric constant
conftest.c:37:9: warning: unused variable 'value' [-Wunused-variable]
configure:9590: $? = 1
configure: failed program was:
| /* confdefs.h.  */
| 
| #define PACKAGE_NAME "tcl"
| #define PACKAGE_TARNAME "tcl"
| #define PACKAGE_VERSION "8.5"
| #define PACKAGE_STRING "tcl 8.5"
| #define PACKAGE_BUGREPORT ""
| #define STDC_HEADERS 1
| #define HAVE_SYS_TYPES_H 1
| #define HAVE_SYS_STAT_H 1
| #define HAVE_STDLIB_H 1
| #define HAVE_STRING_H 1
| #define HAVE_MEMORY_H 1
| #define HAVE_STRINGS_H 1
| #define HAVE_INTTYPES_H 1
| #define HAVE_STDINT_H 1
| #define HAVE_UNISTD_H 1
| #define NO_VALUES_H 1
| #define HAVE_LIMITS_H 1
| #define HAVE_SYS_PARAM_H 1
| #define TCL_CFGVAL_ENCODING "iso8859-1"
| #define MODULE_SCOPE extern __attribute__((__visibility__("hidden")))
| #define MAC_OSX_TCL 1
| #define HAVE_COREFOUNDATION 1
| #define TCL_CFG_DO64BIT 1
| #define HAVE_CAST_TO_UNION 1
| #define TCL_SHLIB_EXT ".dylib"
| #define NDEBUG 1
| #define TCL_CFG_OPTIMIZED 1
| #define TCL_TOMMATH 1
| #define MP_PREC 4
| /* end confdefs.h.  */
| 
| int
| main ()
| {
| __int64 value = (__int64) 0;
|   ;
|   return 0;
| }
configure:9634: gcc-mp-4.7 -Wall -std=gnu11 -m64  -m64 -c -DTCL_NO_STACK_CHECK -m64 -DTCL_NO_STACK_CHECK -m64 -pipe  -arch x86_64   conftest.c >&5
conftest.c: In function 'main':
conftest.c:38:21: error: duplicate case value
conftest.c:38:13: error: previously used here
configure:9640: $? = 1
configure: failed program was:
| /* confdefs.h.  */
| 
| #define PACKAGE_NAME "tcl"
| #define PACKAGE_TARNAME "tcl"
| #define PACKAGE_VERSION "8.5"
| #define PACKAGE_STRING "tcl 8.5"
| #define PACKAGE_BUGREPORT ""
| #define STDC_HEADERS 1
| #define HAVE_SYS_TYPES_H 1
| #define HAVE_SYS_STAT_H 1
| #define HAVE_STDLIB_H 1
| #define HAVE_STRING_H 1
| #define HAVE_MEMORY_H 1
| #define HAVE_STRINGS_H 1
| #define HAVE_INTTYPES_H 1
| #define HAVE_STDINT_H 1
| #define HAVE_UNISTD_H 1
| #define NO_VALUES_H 1
| #define HAVE_LIMITS_H 1
| #define HAVE_SYS_PARAM_H 1
| #define TCL_CFGVAL_ENCODING "iso8859-1"
| #define MODULE_SCOPE extern __attribute__((__visibility__("hidden")))
| #define MAC_OSX_TCL 1
| #define HAVE_COREFOUNDATION 1
| #define TCL_CFG_DO64BIT 1
| #define HAVE_CAST_TO_UNION 1
| #define TCL_SHLIB_EXT ".dylib"
| #define NDEBUG 1
| #define TCL_CFG_OPTIMIZED 1
| #define TCL_TOMMATH 1
| #define MP_PREC 4
| /* end confdefs.h.  */
| 
| int
| main ()
| {
| switch (0) {
|             case 1: case (sizeof(long long)==sizeof(long)): ;
|         }
|   ;
|   return 0;
| }
configure:9670: result: using long
configure:9987: checking whether byte ordering is bigendian
configure:10014: gcc-mp-4.7 -Wall -std=gnu11 -m64  -m64 -c -DTCL_NO_STACK_CHECK -m64 -DTCL_NO_STACK_CHECK -m64 -pipe  -arch x86_64   conftest.c >&5
configure:10020: $? = 0
configure:10024: test -z 
			 || test ! -s conftest.err
configure:10027: $? = 0
configure:10030: test -s conftest.o
configure:10033: $? = 0
configure:10057: gcc-mp-4.7 -Wall -std=gnu11 -m64  -m64 -c -DTCL_NO_STACK_CHECK -m64 -DTCL_NO_STACK_CHECK -m64 -pipe  -arch x86_64   conftest.c >&5
conftest.c: In function 'main':
conftest.c:41:2: error: unknown type name 'not'
conftest.c:41:10: error: expected '=', ',', ';', 'asm' or '__attribute__' before 'endian'
configure:10063: $? = 1
configure: failed program was:
| /* confdefs.h.  */
| 
| #define PACKAGE_NAME "tcl"
| #define PACKAGE_TARNAME "tcl"
| #define PACKAGE_VERSION "8.5"
| #define PACKAGE_STRING "tcl 8.5"
| #define PACKAGE_BUGREPORT ""
| #define STDC_HEADERS 1
| #define HAVE_SYS_TYPES_H 1
| #define HAVE_SYS_STAT_H 1
| #define HAVE_STDLIB_H 1
| #define HAVE_STRING_H 1
| #define HAVE_MEMORY_H 1
| #define HAVE_STRINGS_H 1
| #define HAVE_INTTYPES_H 1
| #define HAVE_STDINT_H 1
| #define HAVE_UNISTD_H 1
| #define NO_VALUES_H 1
| #define HAVE_LIMITS_H 1
| #define HAVE_SYS_PARAM_H 1
| #define TCL_CFGVAL_ENCODING "iso8859-1"
| #define MODULE_SCOPE extern __attribute__((__visibility__("hidden")))
| #define MAC_OSX_TCL 1
| #define HAVE_COREFOUNDATION 1
| #define TCL_CFG_DO64BIT 1
| #define HAVE_CAST_TO_UNION 1
| #define TCL_SHLIB_EXT ".dylib"
| #define NDEBUG 1
| #define TCL_CFG_OPTIMIZED 1
| #define TCL_TOMMATH 1
| #define MP_PREC 4
| #define TCL_WIDE_INT_IS_LONG 1
| /* end confdefs.h.  */
| #include <sys/types.h>
| #include <sys/param.h>
| 
| int
| main ()
| {
| #if BYTE_ORDER != BIG_ENDIAN
|  not big endian
| #endif
| 
|   ;
|   return 0;
| }
configure:10198: result: no
configure:10228: checking for getcwd
configure:10285: gcc-mp-4.7 -Wall -std=gnu11 -m64  -m64 -o conftest -DTCL_NO_STACK_CHECK -m64 -DTCL_NO_STACK_CHECK -m64 -pipe  -arch x86_64    -prebind -headerpad_max_install_names -Wl,-search_paths_first  conftest.c  -framework CoreFoundation >&5
configure:10291: $? = 0
configure:10295: test -z 
			 || test ! -s conftest.err
configure:10298: $? = 0
configure:10301: test -s conftest
configure:10304: $? = 0
configure:10316: result: yes
configure:10341: checking for opendir
configure:10398: gcc-mp-4.7 -Wall -std=gnu11 -m64  -m64 -o conftest -DTCL_NO_STACK_CHECK -m64 -DTCL_NO_STACK_CHECK -m64 -pipe  -arch x86_64    -prebind -headerpad_max_install_names -Wl,-search_paths_first  conftest.c  -framework CoreFoundation >&5
configure:10404: $? = 0
configure:10408: test -z 
			 || test ! -s conftest.err
configure:10411: $? = 0
configure:10414: test -s conftest
configure:10417: $? = 0
configure:10429: result: yes
configure:10341: checking for strtol
configure:10398: gcc-mp-4.7 -Wall -std=gnu11 -m64  -m64 -o conftest -DTCL_NO_STACK_CHECK -m64 -DTCL_NO_STACK_CHECK -m64 -pipe  -arch x86_64    -prebind -headerpad_max_install_names -Wl,-search_paths_first  conftest.c  -framework CoreFoundation >&5
configure:10404: $? = 0
configure:10408: test -z 
			 || test ! -s conftest.err
configure:10411: $? = 0
configure:10414: test -s conftest
configure:10417: $? = 0
configure:10429: result: yes
configure:10341: checking for waitpid
configure:10398: gcc-mp-4.7 -Wall -std=gnu11 -m64  -m64 -o conftest -DTCL_NO_STACK_CHECK -m64 -DTCL_NO_STACK_CHECK -m64 -pipe  -arch x86_64    -prebind -headerpad_max_install_names -Wl,-search_paths_first  conftest.c  -framework CoreFoundation >&5
configure:10404: $? = 0
configure:10408: test -z 
			 || test ! -s conftest.err
configure:10411: $? = 0
configure:10414: test -s conftest
configure:10417: $? = 0
configure:10429: result: yes
configure:10449: checking for strerror
configure:10506: gcc-mp-4.7 -Wall -std=gnu11 -m64  -m64 -o conftest -DTCL_NO_STACK_CHECK -m64 -DTCL_NO_STACK_CHECK -m64 -pipe  -arch x86_64    -prebind -headerpad_max_install_names -Wl,-search_paths_first  conftest.c  -framework CoreFoundation >&5
configure:10512: $? = 0
configure:10516: test -z 
			 || test ! -s conftest.err
configure:10519: $? = 0
configure:10522: test -s conftest
configure:10525: $? = 0
configure:10537: result: yes
configure:10549: checking for getwd
configure:10606: gcc-mp-4.7 -Wall -std=gnu11 -m64  -m64 -o conftest -DTCL_NO_STACK_CHECK -m64 -DTCL_NO_STACK_CHECK -m64 -pipe  -arch x86_64    -prebind -headerpad_max_install_names -Wl,-search_paths_first  conftest.c  -framework CoreFoundation >&5
configure:10612: $? = 0
configure:10616: test -z 
			 || test ! -s conftest.err
configure:10619: $? = 0
configure:10622: test -s conftest
configure:10625: $? = 0
configure:10637: result: yes
configure:10649: checking for wait3
configure:10706: gcc-mp-4.7 -Wall -std=gnu11 -m64  -m64 -o conftest -DTCL_NO_STACK_CHECK -m64 -DTCL_NO_STACK_CHECK -m64 -pipe  -arch x86_64    -prebind -headerpad_max_install_names -Wl,-search_paths_first  conftest.c  -framework CoreFoundation >&5
configure:10712: $? = 0
configure:10716: test -z 
			 || test ! -s conftest.err
configure:10719: $? = 0
configure:10722: test -s conftest
configure:10725: $? = 0
configure:10737: result: yes
configure:10749: checking for uname
configure:10806: gcc-mp-4.7 -Wall -std=gnu11 -m64  -m64 -o conftest -DTCL_NO_STACK_CHECK -m64 -DTCL_NO_STACK_CHECK -m64 -pipe  -arch x86_64    -prebind -headerpad_max_install_names -Wl,-search_paths_first  conftest.c  -framework CoreFoundation >&5
configure:10812: $? = 0
configure:10816: test -z 
			 || test ! -s conftest.err
configure:10819: $? = 0
configure:10822: test -s conftest
configure:10825: $? = 0
configure:10837: result: yes
configure:10856: checking for realpath
configure:10913: gcc-mp-4.7 -Wall -std=gnu11 -m64  -m64 -o conftest -DTCL_NO_STACK_CHECK -m64 -DTCL_NO_STACK_CHECK -m64 -pipe  -arch x86_64    -prebind -headerpad_max_install_names -Wl,-search_paths_first  conftest.c  -framework CoreFoundation >&5
configure:10919: $? = 0
configure:10923: test -z 
			 || test ! -s conftest.err
configure:10926: $? = 0
configure:10929: test -s conftest
configure:10932: $? = 0
configure:10944: result: yes
configure:10957: checking for getaddrinfo
configure:11014: gcc-mp-4.7 -Wall -std=gnu11 -m64  -m64 -o conftest -DTCL_NO_STACK_CHECK -m64 -DTCL_NO_STACK_CHECK -m64 -pipe  -arch x86_64    -prebind -headerpad_max_install_names -Wl,-search_paths_first  conftest.c  -framework CoreFoundation >&5
configure:11020: $? = 0
configure:11024: test -z 
			 || test ! -s conftest.err
configure:11027: $? = 0
configure:11030: test -s conftest
configure:11033: $? = 0
configure:11045: result: yes
configure:11049: checking for working getaddrinfo
configure:11078: gcc-mp-4.7 -Wall -std=gnu11 -m64  -m64 -c -DTCL_NO_STACK_CHECK -m64 -DTCL_NO_STACK_CHECK -m64 -pipe  -arch x86_64   conftest.c >&5
conftest.c: In function 'main':
conftest.c:47:2: warning: 'name' is used uninitialized in this function [-Wuninitialized]
conftest.c:47:2: warning: 'port' is used uninitialized in this function [-Wuninitialized]
configure:11084: $? = 0
configure:11088: test -z 
			 || test ! -s conftest.err
configure:11091: $? = 0
configure:11094: test -s conftest.o
configure:11097: $? = 0
configure:11108: result: yes
configure:12743: checking sys/modem.h usability
configure:12755: gcc-mp-4.7 -Wall -std=gnu11 -m64  -m64 -c -DTCL_NO_STACK_CHECK -m64 -DTCL_NO_STACK_CHECK -m64 -pipe  -arch x86_64   conftest.c >&5
conftest.c:73:23: fatal error: sys/modem.h: No such file or directory
compilation terminated.
configure:12761: $? = 1
configure: failed program was:
| /* confdefs.h.  */
| 
| #define PACKAGE_NAME "tcl"
| #define PACKAGE_TARNAME "tcl"
| #define PACKAGE_VERSION "8.5"
| #define PACKAGE_STRING "tcl 8.5"
| #define PACKAGE_BUGREPORT ""
| #define STDC_HEADERS 1
| #define HAVE_SYS_TYPES_H 1
| #define HAVE_SYS_STAT_H 1
| #define HAVE_STDLIB_H 1
| #define HAVE_STRING_H 1
| #define HAVE_MEMORY_H 1
| #define HAVE_STRINGS_H 1
| #define HAVE_INTTYPES_H 1
| #define HAVE_STDINT_H 1
| #define HAVE_UNISTD_H 1
| #define NO_VALUES_H 1
| #define HAVE_LIMITS_H 1
| #define HAVE_SYS_PARAM_H 1
| #define TCL_CFGVAL_ENCODING "iso8859-1"
| #define MODULE_SCOPE extern __attribute__((__visibility__("hidden")))
| #define MAC_OSX_TCL 1
| #define HAVE_COREFOUNDATION 1
| #define TCL_CFG_DO64BIT 1
| #define HAVE_CAST_TO_UNION 1
| #define TCL_SHLIB_EXT ".dylib"
| #define NDEBUG 1
| #define TCL_CFG_OPTIMIZED 1
| #define TCL_TOMMATH 1
| #define MP_PREC 4
| #define TCL_WIDE_INT_IS_LONG 1
| #define HAVE_GETCWD 1
| #define HAVE_OPENDIR 1
| #define HAVE_STRTOL 1
| #define HAVE_WAITPID 1
| #define HAVE_GETADDRINFO 1
| /* end confdefs.h.  */
| #include <stdio.h>
| #if HAVE_SYS_TYPES_H
| # include <sys/types.h>
| #endif
| #if HAVE_SYS_STAT_H
| # include <sys/stat.h>
| #endif
| #if STDC_HEADERS
| # include <stdlib.h>
| # include <stddef.h>
| #else
| # if HAVE_STDLIB_H
| #  include <stdlib.h>
| # endif
| #endif
| #if HAVE_STRING_H
| # if !STDC_HEADERS && HAVE_MEMORY_H
| #  include <memory.h>
| # endif
| # include <string.h>
| #endif
| #if HAVE_STRINGS_H
| # include <strings.h>
| #endif
| #if HAVE_INTTYPES_H
| # include <inttypes.h>
| #else
| # if HAVE_STDINT_H
| #  include <stdint.h>
| # endif
| #endif
| #if HAVE_UNISTD_H
| # include <unistd.h>
| #endif
| #include <sys/modem.h>
configure:12784: result: no
configure:12788: checking sys/modem.h presence
configure:12798: gcc-mp-4.7 -Wall -std=gnu11 -m64  -m64 -E   conftest.c
conftest.c:39:23: fatal error: sys/modem.h: No such file or directory
compilation terminated.
configure:12804: $? = 1
configure: failed program was:
| /* confdefs.h.  */
| 
| #define PACKAGE_NAME "tcl"
| #define PACKAGE_TARNAME "tcl"
| #define PACKAGE_VERSION "8.5"
| #define PACKAGE_STRING "tcl 8.5"
| #define PACKAGE_BUGREPORT ""
| #define STDC_HEADERS 1
| #define HAVE_SYS_TYPES_H 1
| #define HAVE_SYS_STAT_H 1
| #define HAVE_STDLIB_H 1
| #define HAVE_STRING_H 1
| #define HAVE_MEMORY_H 1
| #define HAVE_STRINGS_H 1
| #define HAVE_INTTYPES_H 1
| #define HAVE_STDINT_H 1
| #define HAVE_UNISTD_H 1
| #define NO_VALUES_H 1
| #define HAVE_LIMITS_H 1
| #define HAVE_SYS_PARAM_H 1
| #define TCL_CFGVAL_ENCODING "iso8859-1"
| #define MODULE_SCOPE extern __attribute__((__visibility__("hidden")))
| #define MAC_OSX_TCL 1
| #define HAVE_COREFOUNDATION 1
| #define TCL_CFG_DO64BIT 1
| #define HAVE_CAST_TO_UNION 1
| #define TCL_SHLIB_EXT ".dylib"
| #define NDEBUG 1
| #define TCL_CFG_OPTIMIZED 1
| #define TCL_TOMMATH 1
| #define MP_PREC 4
| #define TCL_WIDE_INT_IS_LONG 1
| #define HAVE_GETCWD 1
| #define HAVE_OPENDIR 1
| #define HAVE_STRTOL 1
| #define HAVE_WAITPID 1
| #define HAVE_GETADDRINFO 1
| /* end confdefs.h.  */
| #include <sys/modem.h>
configure:12824: result: no
configure:12859: checking for sys/modem.h
configure:12866: result: no
configure:12879: checking termios vs. termio vs. sgtty
configure:12908: gcc-mp-4.7 -Wall -std=gnu11 -m64  -m64 -o conftest -DTCL_NO_STACK_CHECK -m64 -DTCL_NO_STACK_CHECK -m64 -pipe  -arch x86_64    -prebind -headerpad_max_install_names -Wl,-search_paths_first  conftest.c  -framework CoreFoundation >&5
configure:12911: $? = 0
configure:12913: ./conftest
configure:12916: $? = 0
configure:13164: result: termios
configure:13195: checking for fd_set in sys/types
configure:13217: gcc-mp-4.7 -Wall -std=gnu11 -m64  -m64 -c -DTCL_NO_STACK_CHECK -m64 -DTCL_NO_STACK_CHECK -m64 -pipe  -arch x86_64   conftest.c >&5
conftest.c: In function 'main':
conftest.c:44:18: warning: unused variable 'writeMask' [-Wunused-variable]
conftest.c:44:8: warning: unused variable 'readMask' [-Wunused-variable]
configure:13223: $? = 0
configure:13227: test -z 
			 || test ! -s conftest.err
configure:13230: $? = 0
configure:13233: test -s conftest.o
configure:13236: $? = 0
configure:13247: result: yes
configure:13313: checking sys/time.h usability
configure:13325: gcc-mp-4.7 -Wall -std=gnu11 -m64  -m64 -c -DTCL_NO_STACK_CHECK -m64 -DTCL_NO_STACK_CHECK -m64 -pipe  -arch x86_64   conftest.c >&5
configure:13331: $? = 0
configure:13335: test -z 
			 || test ! -s conftest.err
configure:13338: $? = 0
configure:13341: test -s conftest.o
configure:13344: $? = 0
configure:13354: result: yes
configure:13358: checking sys/time.h presence
configure:13368: gcc-mp-4.7 -Wall -std=gnu11 -m64  -m64 -E   conftest.c
configure:13374: $? = 0
configure:13394: result: yes
configure:13429: checking for sys/time.h
configure:13436: result: yes
configure:13449: checking whether time.h and sys/time.h may both be included
configure:13474: gcc-mp-4.7 -Wall -std=gnu11 -m64  -m64 -c -DTCL_NO_STACK_CHECK -m64 -DTCL_NO_STACK_CHECK -m64 -pipe  -arch x86_64   conftest.c >&5
configure:13480: $? = 0
configure:13484: test -z 
			 || test ! -s conftest.err
configure:13487: $? = 0
configure:13490: test -s conftest.o
configure:13493: $? = 0
configure:13504: result: yes
configure:13521: checking for gmtime_r
configure:13578: gcc-mp-4.7 -Wall -std=gnu11 -m64  -m64 -o conftest -DTCL_NO_STACK_CHECK -m64 -DTCL_NO_STACK_CHECK -m64 -pipe  -arch x86_64    -prebind -headerpad_max_install_names -Wl,-search_paths_first  conftest.c  -framework CoreFoundation >&5
configure:13584: $? = 0
configure:13588: test -z 
			 || test ! -s conftest.err
configure:13591: $? = 0
configure:13594: test -s conftest
configure:13597: $? = 0
configure:13609: result: yes
configure:13521: checking for localtime_r
configure:13578: gcc-mp-4.7 -Wall -std=gnu11 -m64  -m64 -o conftest -DTCL_NO_STACK_CHECK -m64 -DTCL_NO_STACK_CHECK -m64 -pipe  -arch x86_64    -prebind -headerpad_max_install_names -Wl,-search_paths_first  conftest.c  -framework CoreFoundation >&5
configure:13584: $? = 0
configure:13588: test -z 
			 || test ! -s conftest.err
configure:13591: $? = 0
configure:13594: test -s conftest
configure:13597: $? = 0
configure:13609: result: yes
configure:13521: checking for mktime
configure:13578: gcc-mp-4.7 -Wall -std=gnu11 -m64  -m64 -o conftest -DTCL_NO_STACK_CHECK -m64 -DTCL_NO_STACK_CHECK -m64 -pipe  -arch x86_64    -prebind -headerpad_max_install_names -Wl,-search_paths_first  conftest.c  -framework CoreFoundation >&5
configure:13584: $? = 0
configure:13588: test -z 
			 || test ! -s conftest.err
configure:13591: $? = 0
configure:13594: test -s conftest
configure:13597: $? = 0
configure:13609: result: yes
configure:13620: checking tm_tzadj in struct tm
configure:13642: gcc-mp-4.7 -Wall -std=gnu11 -m64  -m64 -c -DTCL_NO_STACK_CHECK -m64 -DTCL_NO_STACK_CHECK -m64 -pipe  -arch x86_64   conftest.c >&5
conftest.c: In function 'main':
conftest.c:49:17: error: 'struct tm' has no member named 'tm_tzadj'
conftest.c:49:11: warning: variable 'tm' set but not used [-Wunused-but-set-variable]
configure:13648: $? = 1
configure: failed program was:
| /* confdefs.h.  */
| 
| #define PACKAGE_NAME "tcl"
| #define PACKAGE_TARNAME "tcl"
| #define PACKAGE_VERSION "8.5"
| #define PACKAGE_STRING "tcl 8.5"
| #define PACKAGE_BUGREPORT ""
| #define STDC_HEADERS 1
| #define HAVE_SYS_TYPES_H 1
| #define HAVE_SYS_STAT_H 1
| #define HAVE_STDLIB_H 1
| #define HAVE_STRING_H 1
| #define HAVE_MEMORY_H 1
| #define HAVE_STRINGS_H 1
| #define HAVE_INTTYPES_H 1
| #define HAVE_STDINT_H 1
| #define HAVE_UNISTD_H 1
| #define NO_VALUES_H 1
| #define HAVE_LIMITS_H 1
| #define HAVE_SYS_PARAM_H 1
| #define TCL_CFGVAL_ENCODING "iso8859-1"
| #define MODULE_SCOPE extern __attribute__((__visibility__("hidden")))
| #define MAC_OSX_TCL 1
| #define HAVE_COREFOUNDATION 1
| #define TCL_CFG_DO64BIT 1
| #define HAVE_CAST_TO_UNION 1
| #define TCL_SHLIB_EXT ".dylib"
| #define NDEBUG 1
| #define TCL_CFG_OPTIMIZED 1
| #define TCL_TOMMATH 1
| #define MP_PREC 4
| #define TCL_WIDE_INT_IS_LONG 1
| #define HAVE_GETCWD 1
| #define HAVE_OPENDIR 1
| #define HAVE_STRTOL 1
| #define HAVE_WAITPID 1
| #define HAVE_GETADDRINFO 1
| #define USE_TERMIOS 1
| #define HAVE_SYS_TIME_H 1
| #define TIME_WITH_SYS_TIME 1
| #define HAVE_GMTIME_R 1
| #define HAVE_LOCALTIME_R 1
| #define HAVE_MKTIME 1
| /* end confdefs.h.  */
| #include <time.h>
| int
| main ()
| {
| struct tm tm; tm.tm_tzadj;
|   ;
|   return 0;
| }
configure:13672: result: no
configure:13682: checking tm_gmtoff in struct tm
configure:13704: gcc-mp-4.7 -Wall -std=gnu11 -m64  -m64 -c -DTCL_NO_STACK_CHECK -m64 -DTCL_NO_STACK_CHECK -m64 -pipe  -arch x86_64   conftest.c >&5
conftest.c: In function 'main':
conftest.c:49:15: warning: statement with no effect [-Wunused-value]
configure:13710: $? = 0
configure:13714: test -z 
			 || test ! -s conftest.err
configure:13717: $? = 0
configure:13720: test -s conftest.o
configure:13723: $? = 0
configure:13734: result: yes
configure:13748: checking long timezone variable
configure:13772: gcc-mp-4.7 -Wall -std=gnu11 -m64  -m64 -c -DTCL_NO_STACK_CHECK -m64 -DTCL_NO_STACK_CHECK -m64 -pipe  -arch x86_64   conftest.c >&5
conftest.c: In function 'main':
conftest.c:52:6: warning: implicit declaration of function 'exit' [-Wimplicit-function-declaration]
conftest.c:52:6: warning: incompatible implicit declaration of built-in function 'exit' [enabled by default]
configure:13778: $? = 0
configure:13782: test -z 
			 || test ! -s conftest.err
configure:13785: $? = 0
configure:13788: test -s conftest.o
configure:13791: $? = 0
configure:13802: result: yes
configure:13887: checking for struct stat.st_blocks
configure:13910: gcc-mp-4.7 -Wall -std=gnu11 -m64  -m64 -c -DTCL_NO_STACK_CHECK -m64 -DTCL_NO_STACK_CHECK -m64 -pipe  -arch x86_64   conftest.c >&5
configure:13916: $? = 0
configure:13920: test -z 
			 || test ! -s conftest.err
configure:13923: $? = 0
configure:13926: test -s conftest.o
configure:13929: $? = 0
configure:13986: result: yes
configure:13996: checking for struct stat.st_blksize
configure:14019: gcc-mp-4.7 -Wall -std=gnu11 -m64  -m64 -c -DTCL_NO_STACK_CHECK -m64 -DTCL_NO_STACK_CHECK -m64 -pipe  -arch x86_64   conftest.c >&5
configure:14025: $? = 0
configure:14029: test -z 
			 || test ! -s conftest.err
configure:14032: $? = 0
configure:14035: test -s conftest.o
configure:14038: $? = 0
configure:14095: result: yes
configure:14107: checking for blkcnt_t
configure:14131: gcc-mp-4.7 -Wall -std=gnu11 -m64  -m64 -c -DTCL_NO_STACK_CHECK -m64 -DTCL_NO_STACK_CHECK -m64 -pipe  -arch x86_64   conftest.c >&5
configure:14137: $? = 0
configure:14141: test -z 
			 || test ! -s conftest.err
configure:14144: $? = 0
configure:14147: test -s conftest.o
configure:14150: $? = 0
configure:14161: result: yes
configure:14172: checking for fstatfs
configure:14229: gcc-mp-4.7 -Wall -std=gnu11 -m64  -m64 -o conftest -DTCL_NO_STACK_CHECK -m64 -DTCL_NO_STACK_CHECK -m64 -pipe  -arch x86_64    -prebind -headerpad_max_install_names -Wl,-search_paths_first  conftest.c  -framework CoreFoundation >&5
configure:14235: $? = 0
configure:14239: test -z 
			 || test ! -s conftest.err
configure:14242: $? = 0
configure:14245: test -s conftest
configure:14248: $? = 0
configure:14260: result: yes
configure:14278: checking for working memcmp
configure:14326: gcc-mp-4.7 -Wall -std=gnu11 -m64  -m64 -o conftest -DTCL_NO_STACK_CHECK -m64 -DTCL_NO_STACK_CHECK -m64 -pipe  -arch x86_64    -prebind -headerpad_max_install_names -Wl,-search_paths_first  conftest.c  -framework CoreFoundation >&5
configure:14329: $? = 0
configure:14331: ./conftest
configure:14334: $? = 0
configure:14348: result: yes
configure:14366: checking for memmove
configure:14423: gcc-mp-4.7 -Wall -std=gnu11 -m64  -m64 -o conftest -DTCL_NO_STACK_CHECK -m64 -DTCL_NO_STACK_CHECK -m64 -pipe  -arch x86_64    -prebind -headerpad_max_install_names -Wl,-search_paths_first  conftest.c  -framework CoreFoundation >&5
conftest.c:74:6: warning: conflicting types for built-in function 'memmove' [enabled by default]
configure:14429: $? = 0
configure:14433: test -z 
			 || test ! -s conftest.err
configure:14436: $? = 0
configure:14439: test -s conftest
configure:14442: $? = 0
configure:14454: result: yes
configure:14479: checking for strstr
configure:14536: gcc-mp-4.7 -Wall -std=gnu11 -m64  -m64 -o conftest -DTCL_NO_STACK_CHECK -m64 -DTCL_NO_STACK_CHECK -m64 -pipe  -arch x86_64    -prebind -headerpad_max_install_names -Wl,-search_paths_first  conftest.c  -framework CoreFoundation >&5
conftest.c:74:6: warning: conflicting types for built-in function 'strstr' [enabled by default]
configure:14542: $? = 0
configure:14546: test -z 
			 || test ! -s conftest.err
configure:14549: $? = 0
configure:14552: test -s conftest
configure:14555: $? = 0
configure:14567: result: yes
configure:14576: checking proper strstr implementation
configure:14596: gcc-mp-4.7 -Wall -std=gnu11 -m64  -m64 -o conftest -DTCL_NO_STACK_CHECK -m64 -DTCL_NO_STACK_CHECK -m64 -pipe  -arch x86_64    -prebind -headerpad_max_install_names -Wl,-search_paths_first  conftest.c  -framework CoreFoundation >&5
conftest.c: In function 'main':
conftest.c:51:16: warning: conflicting types for built-in function 'strstr' [enabled by default]
conftest.c:52:5: warning: implicit declaration of function 'exit' [-Wimplicit-function-declaration]
conftest.c:52:5: warning: incompatible implicit declaration of built-in function 'exit' [enabled by default]
configure:14599: $? = 0
configure:14601: ./conftest
configure:14604: $? = 0
configure:14618: result: ok
configure:14646: checking for strtoul
configure:14703: gcc-mp-4.7 -Wall -std=gnu11 -m64  -m64 -o conftest -DTCL_NO_STACK_CHECK -m64 -DTCL_NO_STACK_CHECK -m64 -pipe  -arch x86_64    -prebind -headerpad_max_install_names -Wl,-search_paths_first  conftest.c  -framework CoreFoundation >&5
configure:14709: $? = 0
configure:14713: test -z 
			 || test ! -s conftest.err
configure:14716: $? = 0
configure:14719: test -s conftest
configure:14722: $? = 0
configure:14734: result: yes
configure:14743: checking proper strtoul implementation
configure:14764: gcc-mp-4.7 -Wall -std=gnu11 -m64  -m64 -o conftest -DTCL_NO_STACK_CHECK -m64 -DTCL_NO_STACK_CHECK -m64 -pipe  -arch x86_64    -prebind -headerpad_max_install_names -Wl,-search_paths_first  conftest.c  -framework CoreFoundation >&5
conftest.c: In function 'main':
conftest.c:53:5: warning: implicit declaration of function 'exit' [-Wimplicit-function-declaration]
conftest.c:53:5: warning: incompatible implicit declaration of built-in function 'exit' [enabled by default]
configure:14767: $? = 0
configure:14769: ./conftest
configure:14772: $? = 0
configure:14786: result: ok
configure:14813: checking for strtod
configure:14870: gcc-mp-4.7 -Wall -std=gnu11 -m64  -m64 -o conftest -DTCL_NO_STACK_CHECK -m64 -DTCL_NO_STACK_CHECK -m64 -pipe  -arch x86_64    -prebind -headerpad_max_install_names -Wl,-search_paths_first  conftest.c  -framework CoreFoundation >&5
configure:14876: $? = 0
configure:14880: test -z 
			 || test ! -s conftest.err
configure:14883: $? = 0
configure:14886: test -s conftest
configure:14889: $? = 0
configure:14901: result: yes
configure:14910: checking proper strtod implementation
configure:14931: gcc-mp-4.7 -Wall -std=gnu11 -m64  -m64 -o conftest -DTCL_NO_STACK_CHECK -m64 -DTCL_NO_STACK_CHECK -m64 -pipe  -arch x86_64    -prebind -headerpad_max_install_names -Wl,-search_paths_first  conftest.c  -framework CoreFoundation >&5
conftest.c: In function 'main':
conftest.c:53:5: warning: implicit declaration of function 'exit' [-Wimplicit-function-declaration]
conftest.c:53:5: warning: incompatible implicit declaration of built-in function 'exit' [enabled by default]
configure:14934: $? = 0
configure:14936: ./conftest
configure:14939: $? = 0
configure:14953: result: ok
configure:14982: checking for strtod
configure:15070: result: yes
configure:15079: checking for Solaris2.4/Tru64 strtod bugs
configure:15116: gcc-mp-4.7 -Wall -std=gnu11 -m64  -m64 -o conftest -DTCL_NO_STACK_CHECK -m64 -DTCL_NO_STACK_CHECK -m64 -pipe  -arch x86_64    -prebind -headerpad_max_install_names -Wl,-search_paths_first  conftest.c  -framework CoreFoundation >&5
conftest.c: In function 'main':
conftest.c:58:4: warning: implicit declaration of function 'exit' [-Wimplicit-function-declaration]
conftest.c:58:4: warning: incompatible implicit declaration of built-in function 'exit' [enabled by default]
conftest.c:62:4: warning: incompatible implicit declaration of built-in function 'exit' [enabled by default]
conftest.c:66:4: warning: incompatible implicit declaration of built-in function 'exit' [enabled by default]
conftest.c:68:7: warning: incompatible implicit declaration of built-in function 'exit' [enabled by default]
conftest.c:55:14: warning: variable 'value' set but not used [-Wunused-but-set-variable]
configure:15119: $? = 0
configure:15121: ./conftest
configure:15124: $? = 0
configure:15138: result: ok
configure:15164: checking for mode_t
configure:15188: gcc-mp-4.7 -Wall -std=gnu11 -m64  -m64 -c -DTCL_NO_STACK_CHECK -m64 -DTCL_NO_STACK_CHECK -m64 -pipe  -arch x86_64   conftest.c >&5
configure:15194: $? = 0
configure:15198: test -z 
			 || test ! -s conftest.err
configure:15201: $? = 0
configure:15204: test -s conftest.o
configure:15207: $? = 0
configure:15218: result: yes
configure:15230: checking for pid_t
configure:15254: gcc-mp-4.7 -Wall -std=gnu11 -m64  -m64 -c -DTCL_NO_STACK_CHECK -m64 -DTCL_NO_STACK_CHECK -m64 -pipe  -arch x86_64   conftest.c >&5
configure:15260: $? = 0
configure:15264: test -z 
			 || test ! -s conftest.err
configure:15267: $? = 0
configure:15270: test -s conftest.o
configure:15273: $? = 0
configure:15284: result: yes
configure:15296: checking for size_t
configure:15320: gcc-mp-4.7 -Wall -std=gnu11 -m64  -m64 -c -DTCL_NO_STACK_CHECK -m64 -DTCL_NO_STACK_CHECK -m64 -pipe  -arch x86_64   conftest.c >&5
configure:15326: $? = 0
configure:15330: test -z 
			 || test ! -s conftest.err
configure:15333: $? = 0
configure:15336: test -s conftest.o
configure:15339: $? = 0
configure:15350: result: yes
configure:15362: checking for uid_t in sys/types.h
configure:15385: result: yes
configure:15401: checking for socklen_t
configure:15428: gcc-mp-4.7 -Wall -std=gnu11 -m64  -m64 -c -DTCL_NO_STACK_CHECK -m64 -DTCL_NO_STACK_CHECK -m64 -pipe  -arch x86_64   conftest.c >&5
conftest.c: In function 'main':
conftest.c:58:16: warning: unused variable 'foo' [-Wunused-variable]
configure:15434: $? = 0
configure:15438: test -z 
			 || test ! -s conftest.err
configure:15441: $? = 0
configure:15444: test -s conftest.o
configure:15447: $? = 0
configure:15458: result: yes
configure:15468: checking for intptr_t
configure:15492: gcc-mp-4.7 -Wall -std=gnu11 -m64  -m64 -c -DTCL_NO_STACK_CHECK -m64 -DTCL_NO_STACK_CHECK -m64 -pipe  -arch x86_64   conftest.c >&5
configure:15498: $? = 0
configure:15502: test -z 
			 || test ! -s conftest.err
configure:15505: $? = 0
configure:15508: test -s conftest.o
configure:15511: $? = 0
configure:15522: result: yes
configure:15603: checking for uintptr_t
configure:15627: gcc-mp-4.7 -Wall -std=gnu11 -m64  -m64 -c -DTCL_NO_STACK_CHECK -m64 -DTCL_NO_STACK_CHECK -m64 -pipe  -arch x86_64   conftest.c >&5
configure:15633: $? = 0
configure:15637: test -z 
			 || test ! -s conftest.err
configure:15640: $? = 0
configure:15643: test -s conftest.o
configure:15646: $? = 0
configure:15657: result: yes
configure:15747: checking for opendir
configure:15835: result: yes
configure:15856: checking union wait
configure:15883: gcc-mp-4.7 -Wall -std=gnu11 -m64  -m64 -o conftest -DTCL_NO_STACK_CHECK -m64 -DTCL_NO_STACK_CHECK -m64 -pipe  -arch x86_64    -prebind -headerpad_max_install_names -Wl,-search_paths_first  conftest.c  -framework CoreFoundation >&5
conftest.c: In function 'main':
conftest.c:59:1: warning: statement with no effect [-Wunused-value]
configure:15889: $? = 0
configure:15893: test -z 
			 || test ! -s conftest.err
configure:15896: $? = 0
configure:15899: test -s conftest
configure:15902: $? = 0
configure:15914: result: yes
configure:15930: checking for strncasecmp
configure:15987: gcc-mp-4.7 -Wall -std=gnu11 -m64  -m64 -o conftest -DTCL_NO_STACK_CHECK -m64 -DTCL_NO_STACK_CHECK -m64 -pipe  -arch x86_64    -prebind -headerpad_max_install_names -Wl,-search_paths_first  conftest.c  -framework CoreFoundation >&5
conftest.c:76:6: warning: conflicting types for built-in function 'strncasecmp' [enabled by default]
configure:15993: $? = 0
configure:15997: test -z 
			 || test ! -s conftest.err
configure:16000: $? = 0
configure:16003: test -s conftest
configure:16006: $? = 0
configure:16018: result: yes
configure:16191: checking for gettimeofday
configure:16248: gcc-mp-4.7 -Wall -std=gnu11 -m64  -m64 -o conftest -DTCL_NO_STACK_CHECK -m64 -DTCL_NO_STACK_CHECK -m64 -pipe  -arch x86_64    -prebind -headerpad_max_install_names -Wl,-search_paths_first  conftest.c  -framework CoreFoundation >&5
configure:16254: $? = 0
configure:16258: test -z 
			 || test ! -s conftest.err
configure:16261: $? = 0
configure:16264: test -s conftest
configure:16267: $? = 0
configure:16279: result: yes
configure:16293: checking for gettimeofday declaration
configure:16317: result: present
configure:16334: checking whether char is unsigned
configure:16357: gcc-mp-4.7 -Wall -std=gnu11 -m64  -m64 -c -DTCL_NO_STACK_CHECK -m64 -DTCL_NO_STACK_CHECK -m64 -pipe  -arch x86_64   conftest.c >&5
conftest.c: In function 'main':
conftest.c:89:12: warning: variable 'test_array' set but not used [-Wunused-but-set-variable]
configure:16363: $? = 0
configure:16367: test -z 
			 || test ! -s conftest.err
configure:16370: $? = 0
configure:16373: test -s conftest.o
configure:16376: $? = 0
configure:16387: result: no
configure:16396: checking signed char declarations
configure:16421: gcc-mp-4.7 -Wall -std=gnu11 -m64  -m64 -c -DTCL_NO_STACK_CHECK -m64 -DTCL_NO_STACK_CHECK -m64 -pipe  -arch x86_64   conftest.c >&5
conftest.c: In function 'main':
conftest.c:57:15: warning: variable 'p' set but not used [-Wunused-but-set-variable]
configure:16427: $? = 0
configure:16431: test -z 
			 || test ! -s conftest.err
configure:16434: $? = 0
configure:16437: test -s conftest.o
configure:16440: $? = 0
configure:16451: result: yes
configure:16465: checking for a putenv() that copies the buffer
configure:16501: gcc-mp-4.7 -Wall -std=gnu11 -m64  -m64 -o conftest -DTCL_NO_STACK_CHECK -m64 -DTCL_NO_STACK_CHECK -m64 -pipe  -arch x86_64    -prebind -headerpad_max_install_names -Wl,-search_paths_first  conftest.c  -framework CoreFoundation >&5
conftest.c: In function 'main':
conftest.c:59:6: warning: implicit declaration of function 'strdup' [-Wimplicit-function-declaration]
conftest.c:59:20: warning: incompatible implicit declaration of built-in function 'strdup' [enabled by default]
conftest.c:61:6: warning: implicit declaration of function 'strcpy' [-Wimplicit-function-declaration]
conftest.c:61:6: warning: incompatible implicit declaration of built-in function 'strcpy' [enabled by default]
conftest.c:61:6: warning: implicit declaration of function 'strchr' [-Wimplicit-function-declaration]
conftest.c:61:22: warning: incompatible implicit declaration of built-in function 'strchr' [enabled by default]
conftest.c:63:6: warning: implicit declaration of function 'strcmp' [-Wimplicit-function-declaration]
configure:16504: $? = 0
configure:16506: ./conftest
configure:16509: $? = 0
configure:16523: result: no
configure:16558: checking langinfo.h usability
configure:16570: gcc-mp-4.7 -Wall -std=gnu11 -m64  -m64 -c -DTCL_NO_STACK_CHECK -m64 -DTCL_NO_STACK_CHECK -m64 -pipe  -arch x86_64   conftest.c >&5
configure:16576: $? = 0
configure:16580: test -z 
			 || test ! -s conftest.err
configure:16583: $? = 0
configure:16586: test -s conftest.o
configure:16589: $? = 0
configure:16599: result: yes
configure:16603: checking langinfo.h presence
configure:16613: gcc-mp-4.7 -Wall -std=gnu11 -m64  -m64 -E   conftest.c
configure:16619: $? = 0
configure:16639: result: yes
configure:16674: checking for langinfo.h
configure:16681: result: yes
configure:16693: checking whether to use nl_langinfo
configure:16716: gcc-mp-4.7 -Wall -std=gnu11 -m64  -m64 -c -DTCL_NO_STACK_CHECK -m64 -DTCL_NO_STACK_CHECK -m64 -pipe  -arch x86_64   conftest.c >&5
configure:16722: $? = 0
configure:16726: test -z 
			 || test ! -s conftest.err
configure:16729: $? = 0
configure:16732: test -s conftest.o
configure:16735: $? = 0
configure:16747: result: yes
configure:16770: checking for chflags
configure:16827: gcc-mp-4.7 -Wall -std=gnu11 -m64  -m64 -o conftest -DTCL_NO_STACK_CHECK -m64 -DTCL_NO_STACK_CHECK -m64 -pipe  -arch x86_64    -prebind -headerpad_max_install_names -Wl,-search_paths_first  conftest.c  -framework CoreFoundation >&5
configure:16833: $? = 0
configure:16837: test -z 
			 || test ! -s conftest.err
configure:16840: $? = 0
configure:16843: test -s conftest
configure:16846: $? = 0
configure:16858: result: yes
configure:16873: checking isnan
configure:16897: gcc-mp-4.7 -Wall -std=gnu11 -m64  -m64 -o conftest -DTCL_NO_STACK_CHECK -m64 -DTCL_NO_STACK_CHECK -m64 -pipe  -arch x86_64    -prebind -headerpad_max_install_names -Wl,-search_paths_first  conftest.c  -framework CoreFoundation >&5
configure:16903: $? = 0
configure:16907: test -z 
			 || test ! -s conftest.err
configure:16910: $? = 0
configure:16913: test -s conftest
configure:16916: $? = 0
configure:16928: result: yes
configure:16947: checking for getattrlist
configure:17004: gcc-mp-4.7 -Wall -std=gnu11 -m64  -m64 -o conftest -DTCL_NO_STACK_CHECK -m64 -DTCL_NO_STACK_CHECK -m64 -pipe  -arch x86_64    -prebind -headerpad_max_install_names -Wl,-search_paths_first  conftest.c  -framework CoreFoundation >&5
configure:17010: $? = 0
configure:17014: test -z 
			 || test ! -s conftest.err
configure:17017: $? = 0
configure:17020: test -s conftest
configure:17023: $? = 0
configure:17035: result: yes
configure:17059: checking copyfile.h usability
configure:17071: gcc-mp-4.7 -Wall -std=gnu11 -m64  -m64 -c -DTCL_NO_STACK_CHECK -m64 -DTCL_NO_STACK_CHECK -m64 -pipe  -arch x86_64   conftest.c >&5
configure:17077: $? = 0
configure:17081: test -z 
			 || test ! -s conftest.err
configure:17084: $? = 0
configure:17087: test -s conftest.o
configure:17090: $? = 0
configure:17100: result: yes
configure:17104: checking copyfile.h presence
configure:17114: gcc-mp-4.7 -Wall -std=gnu11 -m64  -m64 -E   conftest.c
configure:17120: $? = 0
configure:17140: result: yes
configure:17175: checking for copyfile.h
configure:17182: result: yes
configure:17199: checking for copyfile
configure:17256: gcc-mp-4.7 -Wall -std=gnu11 -m64  -m64 -o conftest -DTCL_NO_STACK_CHECK -m64 -DTCL_NO_STACK_CHECK -m64 -pipe  -arch x86_64    -prebind -headerpad_max_install_names -Wl,-search_paths_first  conftest.c  -framework CoreFoundation >&5
configure:17262: $? = 0
configure:17266: test -z 
			 || test ! -s conftest.err
configure:17269: $? = 0
configure:17272: test -s conftest
configure:17275: $? = 0
configure:17287: result: yes
configure:17312: checking libkern/OSAtomic.h usability
configure:17324: gcc-mp-4.7 -Wall -std=gnu11 -m64  -m64 -c -DTCL_NO_STACK_CHECK -m64 -DTCL_NO_STACK_CHECK -m64 -pipe  -arch x86_64   conftest.c >&5
configure:17330: $? = 0
configure:17334: test -z 
			 || test ! -s conftest.err
configure:17337: $? = 0
configure:17340: test -s conftest.o
configure:17343: $? = 0
configure:17353: result: yes
configure:17357: checking libkern/OSAtomic.h presence
configure:17367: gcc-mp-4.7 -Wall -std=gnu11 -m64  -m64 -E   conftest.c
configure:17373: $? = 0
configure:17393: result: yes
configure:17428: checking for libkern/OSAtomic.h
configure:17435: result: yes
configure:17452: checking for OSSpinLockLock
configure:17509: gcc-mp-4.7 -Wall -std=gnu11 -m64  -m64 -o conftest -DTCL_NO_STACK_CHECK -m64 -DTCL_NO_STACK_CHECK -m64 -pipe  -arch x86_64    -prebind -headerpad_max_install_names -Wl,-search_paths_first  conftest.c  -framework CoreFoundation >&5
configure:17515: $? = 0
configure:17519: test -z 
			 || test ! -s conftest.err
configure:17522: $? = 0
configure:17525: test -s conftest
configure:17528: $? = 0
configure:17540: result: yes
configure:17554: checking for pthread_atfork
configure:17611: gcc-mp-4.7 -Wall -std=gnu11 -m64  -m64 -o conftest -DTCL_NO_STACK_CHECK -m64 -DTCL_NO_STACK_CHECK -m64 -pipe  -arch x86_64    -prebind -headerpad_max_install_names -Wl,-search_paths_first  conftest.c  -framework CoreFoundation >&5
configure:17617: $? = 0
configure:17621: test -z 
			 || test ! -s conftest.err
configure:17624: $? = 0
configure:17627: test -s conftest
configure:17630: $? = 0
configure:17642: result: yes
configure:17687: checking AvailabilityMacros.h usability
configure:17699: gcc-mp-4.7 -Wall -std=gnu11 -m64  -m64 -c -DTCL_NO_STACK_CHECK -m64 -DTCL_NO_STACK_CHECK -m64 -pipe  -arch x86_64   conftest.c >&5
configure:17705: $? = 0
configure:17709: test -z 
			 || test ! -s conftest.err
configure:17712: $? = 0
configure:17715: test -s conftest.o
configure:17718: $? = 0
configure:17728: result: yes
configure:17732: checking AvailabilityMacros.h presence
configure:17742: gcc-mp-4.7 -Wall -std=gnu11 -m64  -m64 -E   conftest.c
configure:17748: $? = 0
configure:17768: result: yes
configure:17803: checking for AvailabilityMacros.h
configure:17810: result: yes
configure:17824: checking if weak import is available
configure:17856: gcc-mp-4.7 -Wall -std=gnu11 -m64  -m64 -o conftest -DTCL_NO_STACK_CHECK -m64 -DTCL_NO_STACK_CHECK -m64 -pipe  -arch x86_64 -Werror    -prebind -headerpad_max_install_names -Wl,-search_paths_first  conftest.c  -framework CoreFoundation >&5
configure:17862: $? = 0
configure:17866: test -z 
			 || test ! -s conftest.err
configure:17869: $? = 0
configure:17872: test -s conftest
configure:17875: $? = 0
configure:17888: result: yes
configure:17897: checking if Darwin SUSv3 extensions are available
configure:17930: gcc-mp-4.7 -Wall -std=gnu11 -m64  -m64 -c -DTCL_NO_STACK_CHECK -m64 -DTCL_NO_STACK_CHECK -m64 -pipe  -arch x86_64 -Werror   conftest.c >&5
configure:17936: $? = 0
configure:17940: test -z 
			 || test ! -s conftest.err
configure:17943: $? = 0
configure:17946: test -s conftest.o
configure:17949: $? = 0
configure:17961: result: yes
configure:17983: checking for fts
configure:18013: gcc-mp-4.7 -Wall -std=gnu11 -m64  -m64 -o conftest -DTCL_NO_STACK_CHECK -m64 -DTCL_NO_STACK_CHECK -m64 -pipe  -arch x86_64    -prebind -headerpad_max_install_names -Wl,-search_paths_first  conftest.c  -framework CoreFoundation >&5
conftest.c: In function 'main':
conftest.c:79:14: warning: unused variable 'e' [-Wunused-variable]
configure:18019: $? = 0
configure:18023: test -z 
			 || test ! -s conftest.err
configure:18026: $? = 0
configure:18029: test -s conftest
configure:18032: $? = 0
configure:18044: result: yes
configure:18076: checking sys/ioctl.h usability
configure:18088: gcc-mp-4.7 -Wall -std=gnu11 -m64  -m64 -c -DTCL_NO_STACK_CHECK -m64 -DTCL_NO_STACK_CHECK -m64 -pipe  -arch x86_64   conftest.c >&5
configure:18094: $? = 0
configure:18098: test -z 
			 || test ! -s conftest.err
configure:18101: $? = 0
configure:18104: test -s conftest.o
configure:18107: $? = 0
configure:18117: result: yes
configure:18121: checking sys/ioctl.h presence
configure:18131: gcc-mp-4.7 -Wall -std=gnu11 -m64  -m64 -E   conftest.c
configure:18137: $? = 0
configure:18157: result: yes
configure:18192: checking for sys/ioctl.h
configure:18199: result: yes
configure:18226: checking sys/filio.h usability
configure:18238: gcc-mp-4.7 -Wall -std=gnu11 -m64  -m64 -c -DTCL_NO_STACK_CHECK -m64 -DTCL_NO_STACK_CHECK -m64 -pipe  -arch x86_64   conftest.c >&5
configure:18244: $? = 0
configure:18248: test -z 
			 || test ! -s conftest.err
configure:18251: $? = 0
configure:18254: test -s conftest.o
configure:18257: $? = 0
configure:18267: result: yes
configure:18271: checking sys/filio.h presence
configure:18281: gcc-mp-4.7 -Wall -std=gnu11 -m64  -m64 -E   conftest.c
configure:18287: $? = 0
configure:18307: result: yes
configure:18342: checking for sys/filio.h
configure:18349: result: yes
configure:18363: checking system version
configure:18391: result: Darwin-12.2.0
configure:18395: checking FIONBIO vs. O_NONBLOCK for nonblocking I/O
configure:18422: result: O_NONBLOCK
configure:18430: checking whether to use dll unloading
configure:18446: result: yes
configure:18455: checking for timezone data
configure:18496: result: /usr/share/zoneinfo
configure:18715: checking whether to enable DTrace support
configure:18740: result: no
configure:18747: checking if the C stack grows upwards in memory
configure:18778: gcc-mp-4.7 -Wall -std=gnu11 -m64  -m64 -o conftest -DTCL_NO_STACK_CHECK -m64 -DTCL_NO_STACK_CHECK -m64 -pipe  -arch x86_64    -prebind -headerpad_max_install_names -Wl,-search_paths_first  conftest.c  -framework CoreFoundation >&5
configure:18781: $? = 0
configure:18783: ./conftest
configure:18786: $? = 1
configure: program exited with status 1
configure: failed program was:
| /* confdefs.h.  */
| 
| #define PACKAGE_NAME "tcl"
| #define PACKAGE_TARNAME "tcl"
| #define PACKAGE_VERSION "8.5"
| #define PACKAGE_STRING "tcl 8.5"
| #define PACKAGE_BUGREPORT ""
| #define STDC_HEADERS 1
| #define HAVE_SYS_TYPES_H 1
| #define HAVE_SYS_STAT_H 1
| #define HAVE_STDLIB_H 1
| #define HAVE_STRING_H 1
| #define HAVE_MEMORY_H 1
| #define HAVE_STRINGS_H 1
| #define HAVE_INTTYPES_H 1
| #define HAVE_STDINT_H 1
| #define HAVE_UNISTD_H 1
| #define NO_VALUES_H 1
| #define HAVE_LIMITS_H 1
| #define HAVE_SYS_PARAM_H 1
| #define TCL_CFGVAL_ENCODING "iso8859-1"
| #define MODULE_SCOPE extern __attribute__((__visibility__("hidden")))
| #define MAC_OSX_TCL 1
| #define HAVE_COREFOUNDATION 1
| #define TCL_CFG_DO64BIT 1
| #define HAVE_CAST_TO_UNION 1
| #define TCL_SHLIB_EXT ".dylib"
| #define NDEBUG 1
| #define TCL_CFG_OPTIMIZED 1
| #define TCL_TOMMATH 1
| #define MP_PREC 4
| #define TCL_WIDE_INT_IS_LONG 1
| #define HAVE_GETCWD 1
| #define HAVE_OPENDIR 1
| #define HAVE_STRTOL 1
| #define HAVE_WAITPID 1
| #define HAVE_GETADDRINFO 1
| #define USE_TERMIOS 1
| #define HAVE_SYS_TIME_H 1
| #define TIME_WITH_SYS_TIME 1
| #define HAVE_GMTIME_R 1
| #define HAVE_LOCALTIME_R 1
| #define HAVE_MKTIME 1
| #define HAVE_TM_GMTOFF 1
| #define HAVE_TIMEZONE_VAR 1
| #define HAVE_STRUCT_STAT_ST_BLOCKS 1
| #define HAVE_STRUCT_STAT_ST_BLKSIZE 1
| #define HAVE_BLKCNT_T 1
| #define HAVE_INTPTR_T 1
| #define HAVE_UINTPTR_T 1
| #define HAVE_SIGNED_CHAR 1
| #define HAVE_LANGINFO 1
| #define HAVE_CHFLAGS 1
| #define HAVE_GETATTRLIST 1
| #define HAVE_COPYFILE_H 1
| #define HAVE_COPYFILE 1
| #define HAVE_LIBKERN_OSATOMIC_H 1
| #define HAVE_OSSPINLOCKLOCK 1
| #define HAVE_PTHREAD_ATFORK 1
| #define USE_VFORK 1
| #define TCL_DEFAULT_ENCODING "utf-8"
| #define TCL_LOAD_FROM_MEMORY 1
| #define TCL_WIDE_CLICKS 1
| #define HAVE_AVAILABILITYMACROS_H 1
| #define HAVE_WEAK_IMPORT 1
| #define _DARWIN_C_SOURCE 1
| #define HAVE_FTS 1
| #define HAVE_SYS_IOCTL_H 1
| #define HAVE_SYS_FILIO_H 1
| #define TCL_UNLOAD_DLLS 1
| /* end confdefs.h.  */
| 
| 	int StackGrowsUp(int *parent) {
| 	    int here;
| 	    volatile int result;
| 	    if (parent)
| 		result = (&here < parent);
| 	    else
| 		result = StackGrowsUp(&here);
| 	    return result;
| 	}
| 	int main (int argc, char *argv[]) {
| 	    return StackGrowsUp(0);
| 	}
| 
configure:18800: result: no
configure:18820: checking whether the cpuid instruction is usable
configure:18850: gcc-mp-4.7 -Wall -std=gnu11 -m64  -m64 -o conftest -DTCL_NO_STACK_CHECK -m64 -DTCL_NO_STACK_CHECK -m64 -pipe  -arch x86_64    -prebind -headerpad_max_install_names -Wl,-search_paths_first  conftest.c  -framework CoreFoundation >&5
conftest.c: In function 'main':
conftest.c:78:5: warning: 'index' is used uninitialized in this function [-Wuninitialized]
configure:18856: $? = 0
configure:18860: test -z 
			 || test ! -s conftest.err
configure:18863: $? = 0
configure:18866: test -s conftest
configure:18869: $? = 0
configure:18881: result: yes
configure:18918: checking how to package libraries
configure:18945: result: shared library
configure:19238: creating ./config.status

## ---------------------- ##
## Running config.status. ##
## ---------------------- ##

This file was extended by tcl config.status 8.5, which was
generated by GNU Autoconf 2.59.  Invocation command line was

  CONFIG_FILES    = 
  CONFIG_HEADERS  = 
  CONFIG_LINKS    = 
  CONFIG_COMMANDS = 
  $ ./config.status 

on B-2011.local

config.status:725: creating Tcl-Info.plist
config.status:725: creating Tclsh-Info.plist
config.status:725: creating Makefile
config.status:725: creating dltest/Makefile
config.status:725: creating tclConfig.sh

## ---------------- ##
## Cache variables. ##
## ---------------- ##

ac_cv_c_bigendian=no
ac_cv_c_char_unsigned=no
ac_cv_c_compiler_gnu=yes
ac_cv_c_inline=inline
ac_cv_env_CC_set=set
ac_cv_env_CC_value='gcc-mp-4.7 -Wall -std=gnu11 -m64  -m64'
ac_cv_env_CFLAGS_set=set
ac_cv_env_CFLAGS_value=' -DTCL_NO_STACK_CHECK -m64 -DTCL_NO_STACK_CHECK -m64'
ac_cv_env_CPPFLAGS_set=
ac_cv_env_CPPFLAGS_value=
ac_cv_env_CPP_set=
ac_cv_env_CPP_value=
ac_cv_env_LDFLAGS_set=set
ac_cv_env_LDFLAGS_value=
ac_cv_env_build_alias_set=
ac_cv_env_build_alias_value=
ac_cv_env_host_alias_set=
ac_cv_env_host_alias_value=
ac_cv_env_target_alias_set=
ac_cv_env_target_alias_value=
ac_cv_exeext=
ac_cv_func_OSSpinLockLock=yes
ac_cv_func_chflags=yes
ac_cv_func_connect=yes
ac_cv_func_copyfile=yes
ac_cv_func_fstatfs=yes
ac_cv_func_getaddrinfo=yes
ac_cv_func_getattrlist=yes
ac_cv_func_getcwd=yes
ac_cv_func_gethostbyname=yes
ac_cv_func_gettimeofday=yes
ac_cv_func_getwd=yes
ac_cv_func_gmtime_r=yes
ac_cv_func_localtime_r=yes
ac_cv_func_memcmp_working=yes
ac_cv_func_memmove=yes
ac_cv_func_mktime=yes
ac_cv_func_opendir=yes
ac_cv_func_pthread_atfork=yes
ac_cv_func_realpath=yes
ac_cv_func_sin=yes
ac_cv_func_strerror=yes
ac_cv_func_strncasecmp=yes
ac_cv_func_strstr=yes
ac_cv_func_strtod=yes
ac_cv_func_strtol=yes
ac_cv_func_strtoul=yes
ac_cv_func_uname=yes
ac_cv_func_wait3=yes
ac_cv_func_waitpid=yes
ac_cv_header_AvailabilityMacros_h=yes
ac_cv_header_copyfile_h=yes
ac_cv_header_dlfcn_h=yes
ac_cv_header_float_h=yes
ac_cv_header_inttypes_h=yes
ac_cv_header_langinfo_h=yes
ac_cv_header_libkern_OSAtomic_h=yes
ac_cv_header_limits_h=yes
ac_cv_header_memory_h=yes
ac_cv_header_net_errno_h=no
ac_cv_header_stdc=yes
ac_cv_header_stdint_h=yes
ac_cv_header_stdlib_h=yes
ac_cv_header_string_h=yes
ac_cv_header_strings_h=yes
ac_cv_header_sys_filio_h=yes
ac_cv_header_sys_ioctl_h=yes
ac_cv_header_sys_modem_h=no
ac_cv_header_sys_param_h=yes
ac_cv_header_sys_stat_h=yes
ac_cv_header_sys_time_h=yes
ac_cv_header_sys_types_h=yes
ac_cv_header_sys_wait_h=yes
ac_cv_header_time=yes
ac_cv_header_unistd_h=yes
ac_cv_header_values_h=no
ac_cv_lib_dl_dlopen=yes
ac_cv_lib_ieee_main=no
ac_cv_lib_inet_main=no
ac_cv_member_struct_stat_st_blksize=yes
ac_cv_member_struct_stat_st_blocks=yes
ac_cv_objext=o
ac_cv_prog_CPP='gcc-mp-4.7 -Wall -std=gnu11 -m64  -m64 -E'
ac_cv_prog_ac_ct_AR=ar
ac_cv_prog_ac_ct_CC='gcc-mp-4.7 -Wall -std=gnu11 -m64  -m64'
ac_cv_prog_ac_ct_RANLIB=ranlib
ac_cv_prog_cc_g=yes
ac_cv_prog_cc_stdc=
ac_cv_prog_egrep='grep -E'
ac_cv_type_blkcnt_t=yes
ac_cv_type_intptr_t=yes
ac_cv_type_mode_t=yes
ac_cv_type_pid_t=yes
ac_cv_type_size_t=yes
ac_cv_type_uid_t=yes
ac_cv_type_uintptr_t=yes
tcl_cv_api_fts=yes
tcl_cv_api_getaddrinfo=yes
tcl_cv_api_serial=termios
tcl_cv_cast_to_union=yes
tcl_cv_cc_arch_x86_64=yes
tcl_cv_cc_darwin_c_source=yes
tcl_cv_cc_pipe=yes
tcl_cv_cc_visibility_hidden=yes
tcl_cv_cc_weak_import=yes
tcl_cv_char_signed=yes
tcl_cv_cpuid=yes
tcl_cv_dir_zoneinfo=/usr/share/zoneinfo
tcl_cv_dirent_h=yes
tcl_cv_flag__isoc99_source=no
tcl_cv_flag__largefile64_source=no
tcl_cv_flag__largefile_source64=no
tcl_cv_grep_gettimeofday=present
tcl_cv_isnan=yes
tcl_cv_langinfo_h=yes
tcl_cv_ld_search_paths_first=yes
tcl_cv_ld_single_module=yes
tcl_cv_lib_corefoundation=yes
tcl_cv_member_tm_gmtoff=yes
tcl_cv_member_tm_tzadj=no
tcl_cv_putenv_copy=no
tcl_cv_stack_grows_up=no
tcl_cv_strstr_unbroken=ok
tcl_cv_strtod_buggy=ok
tcl_cv_strtod_unbroken=ok
tcl_cv_strtoul_unbroken=ok
tcl_cv_sys_version=Darwin-12.2.0
tcl_cv_timezone_long=yes
tcl_cv_type_64bit=none
tcl_cv_type_fd_set=yes
tcl_cv_type_socklen_t=yes
tcl_cv_union_wait=yes

## ----------------- ##
## Output variables. ##
## ----------------- ##

AR='ar'
BUILD_DLTEST='$(DLTEST_TARGETS)'
CC='gcc-mp-4.7 -Wall -std=gnu11 -m64  -m64'
CC_SEARCH_FLAGS=''
CFG_TCL_SHARED_LIB_SUFFIX='${VERSION}.dylib'
CFG_TCL_UNSHARED_LIB_SUFFIX='${VERSION}.a'
CFLAGS='-DTCL_NO_STACK_CHECK -m64 -DTCL_NO_STACK_CHECK -m64 -pipe  -arch x86_64  '
CFLAGS_DEBUG='-g'
CFLAGS_DEFAULT='$(CFLAGS_OPTIMIZE)'
CFLAGS_OPTIMIZE='-Os'
CFLAGS_WARNING='-Wall'
CPP='gcc-mp-4.7 -Wall -std=gnu11 -m64  -m64 -E'
CPPFLAGS=''
DEFS='-DPACKAGE_NAME=\"tcl\" -DPACKAGE_TARNAME=\"tcl\" -DPACKAGE_VERSION=\"8.5\" -DPACKAGE_STRING=\"tcl\ 8.5\" -DPACKAGE_BUGREPORT=\"\" -DSTDC_HEADERS=1 -DHAVE_SYS_TYPES_H=1 -DHAVE_SYS_STAT_H=1 -DHAVE_STDLIB_H=1 -DHAVE_STRING_H=1 -DHAVE_MEMORY_H=1 -DHAVE_STRINGS_H=1 -DHAVE_INTTYPES_H=1 -DHAVE_STDINT_H=1 -DHAVE_UNISTD_H=1 -DNO_VALUES_H=1 -DHAVE_LIMITS_H=1 -DHAVE_SYS_PARAM_H=1 -DTCL_CFGVAL_ENCODING=\"iso8859-1\" -DMODULE_SCOPE=extern\ __attribute__\(\(__visibility__\(\"hidden\"\)\)\) -DMAC_OSX_TCL=1 -DHAVE_COREFOUNDATION=1 -DTCL_CFG_DO64BIT=1 -DHAVE_CAST_TO_UNION=1 -DTCL_SHLIB_EXT=\".dylib\" -DNDEBUG=1 -DTCL_CFG_OPTIMIZED=1 -DTCL_TOMMATH=1 -DMP_PREC=4 -DTCL_WIDE_INT_IS_LONG=1 -DHAVE_GETCWD=1 -DHAVE_OPENDIR=1 -DHAVE_STRTOL=1 -DHAVE_WAITPID=1 -DHAVE_GETADDRINFO=1 -DUSE_TERMIOS=1 -DHAVE_SYS_TIME_H=1 -DTIME_WITH_SYS_TIME=1 -DHAVE_GMTIME_R=1 -DHAVE_LOCALTIME_R=1 -DHAVE_MKTIME=1 -DHAVE_TM_GMTOFF=1 -DHAVE_TIMEZONE_VAR=1 -DHAVE_STRUCT_STAT_ST_BLOCKS=1 -DHAVE_STRUCT_STAT_ST_BLKSIZE=1 -DHAVE_BLKCNT_T=1 -DHAVE_INTPTR_T=1 -DHAVE_UINTPTR_T=1 -DHAVE_SIGNED_CHAR=1 -DHAVE_LANGINFO=1 -DHAVE_CHFLAGS=1 -DHAVE_GETATTRLIST=1 -DHAVE_COPYFILE_H=1 -DHAVE_COPYFILE=1 -DHAVE_LIBKERN_OSATOMIC_H=1 -DHAVE_OSSPINLOCKLOCK=1 -DHAVE_PTHREAD_ATFORK=1 -DUSE_VFORK=1 -DTCL_DEFAULT_ENCODING=\"utf-8\" -DTCL_LOAD_FROM_MEMORY=1 -DTCL_WIDE_CLICKS=1 -DHAVE_AVAILABILITYMACROS_H=1 -DHAVE_WEAK_IMPORT=1 -D_DARWIN_C_SOURCE=1 -DHAVE_FTS=1 -DHAVE_SYS_IOCTL_H=1 -DHAVE_SYS_FILIO_H=1 -DTCL_UNLOAD_DLLS=1 -DHAVE_CPUID=1 '
DLL_INSTALL_DIR='$(LIB_INSTALL_DIR)'
DLTEST_LD='${CC} -bundle -Wl,-w ${CFLAGS} ${LDFLAGS}'
DLTEST_SUFFIX='.bundle'
DL_LIBS=''
DL_OBJS='tclLoadDyld.o'
DTRACE=''
DTRACE_HDR=''
DTRACE_OBJ=''
DTRACE_SRC=''
ECHO_C='ECHO_N=''
ECHO_T=''
EGREP='grep -E'
EXEEXT=''
EXTRA_APP_CC_SWITCHES=''
EXTRA_BUILD_HTML=''
EXTRA_CC_SWITCHES=''
EXTRA_INSTALL=''
EXTRA_INSTALL_BINARIES=''
EXTRA_TCLSH_LIBS='-sectcreate __TEXT __info_plist Tclsh-Info.plist'
HTML_DIR='$(DISTDIR)/html'
INSTALL_LIB='$(INSTALL_LIBRARY) $(LIB_FILE) "$(LIB_INSTALL_DIR)/$(LIB_FILE)"'
INSTALL_STUB_LIB='$(INSTALL_LIBRARY) $(STUB_LIB_FILE) "$(LIB_INSTALL_DIR)/$(STUB_LIB_FILE)" ; (cd "$(LIB_INSTALL_DIR)" ; $(RANLIB) $(STUB_LIB_FILE))'
INSTALL_TZDATA=''
LDAIX_SRC=''
LDFLAGS=' -prebind -headerpad_max_install_names -Wl,-search_paths_first '
LDFLAGS_DEBUG=''
LDFLAGS_DEFAULT='$(LDFLAGS_OPTIMIZE)'
LDFLAGS_OPTIMIZE=''
LD_LIBRARY_PATH_VAR='DYLD_LIBRARY_PATH'
LD_SEARCH_FLAGS=''
LIBOBJS=''
LIBS=' -framework CoreFoundation'
MAKEFILE_SHELL='/bin/sh'
MAKE_LIB='${SHLIB_LD} -o $@ ${OBJS} ${SHLIB_LD_LIBS} ${TCL_SHLIB_LD_EXTRAS} ${TK_SHLIB_LD_EXTRAS} ${LD_SEARCH_FLAGS}'
MAKE_STUB_LIB='${STLIB_LD} $@ ${STUB_LIB_OBJS} ; ${RANLIB} $@'
MAN_FLAGS=''
OBJEXT='o'
PACKAGE_BUGREPORT=''
PACKAGE_NAME='tcl'
PACKAGE_STRING='tcl 8.5'
PACKAGE_TARNAME='tcl'
PACKAGE_VERSION='8.5'
PATH_SEPARATOR=':'
PLAT_OBJS='${MAC_OSX_OBJS}'
PLAT_SRCS='${MAC_OSX_SRCS}'
PRIVATE_INCLUDE_DIR='$(includedir)'
RANLIB='ranlib'
SHELL='/bin/sh'
SHLIB_CFLAGS='-fno-common'
SHLIB_LD='${CC} -dynamiclib ${CFLAGS} ${LDFLAGS} -Wl,-single_module'
SHLIB_LD_LIBS='${LIBS}'
SHLIB_SUFFIX='.dylib'
STLIB_LD='${AR} cr'
TCL_BUILD_LIB_SPEC='-L/Users/oide/SAD/oldsad/obj/i386-Darwin12/tcl8.5.13/unix -ltcl8.5'
TCL_BUILD_STUB_LIB_PATH='/Users/oide/SAD/oldsad/obj/i386-Darwin12/tcl8.5.13/unix/libtclstub8.5.a'
TCL_BUILD_STUB_LIB_SPEC='-L/Users/oide/SAD/oldsad/obj/i386-Darwin12/tcl8.5.13/unix -ltclstub8.5'
TCL_HAS_LONGLONG=''
TCL_INCLUDE_SPEC='-I/Users/oide/SAD/oldsad//arch/i386-Darwin12/include'
TCL_LIBRARY='$(prefix)/lib/tcl$(VERSION)'
TCL_LIBS='  -framework CoreFoundation '
TCL_LIB_FILE='libtcl8.5.dylib'
TCL_LIB_FLAG='-ltcl8.5'
TCL_LIB_SPEC='-L/Users/oide/SAD/oldsad//arch/i386-Darwin12/lib -ltcl8.5'
TCL_LIB_VERSIONS_OK='ok'
TCL_MAJOR_VERSION='8'
TCL_MINOR_VERSION='5'
TCL_MODULE_PATH=''
TCL_PACKAGE_PATH='/Users/oide/SAD/oldsad//arch/i386-Darwin12/lib '
TCL_PATCH_LEVEL='.13'
TCL_SHARED_BUILD='1'
TCL_SHARED_LIB_SUFFIX='${VERSION}${SHLIB_SUFFIX}'
TCL_SHLIB_LD_EXTRAS='-compatibility_version 8.5 -current_version 8.5.13 -install_name "${DYLIB_INSTALL_DIR}"/${TCL_LIB_FILE} -seg1addr 0xa000000 -sectcreate __TEXT __info_plist Tcl-Info.plist'
TCL_SRC_DIR='/Users/oide/SAD/oldsad/obj/i386-Darwin12/tcl8.5.13'
TCL_STUB_LIB_FILE='libtclstub8.5.a'
TCL_STUB_LIB_FLAG='-ltclstub8.5'
TCL_STUB_LIB_PATH='/Users/oide/SAD/oldsad//arch/i386-Darwin12/lib/libtclstub8.5.a'
TCL_STUB_LIB_SPEC='-L/Users/oide/SAD/oldsad//arch/i386-Darwin12/lib -ltclstub8.5'
TCL_THREADS='0'
TCL_UNSHARED_LIB_SUFFIX='${VERSION}.a'
TCL_VERSION='8.5'
TCL_YEAR='2012'
TK_SHLIB_LD_EXTRAS=''
ac_ct_AR='ar'
ac_ct_CC='gcc-mp-4.7 -Wall -std=gnu11 -m64  -m64'
ac_ct_RANLIB='ranlib'
bindir='${exec_prefix}/bin'
build_alias=''
datadir='${prefix}/share'
exec_prefix='/Users/oide/SAD/oldsad//arch/i386-Darwin12'
host_alias=''
includedir='${prefix}/include'
infodir='${prefix}/info'
libdir='/Users/oide/SAD/oldsad//arch/i386-Darwin12/lib'
libexecdir='${exec_prefix}/libexec'
localstatedir='${prefix}/var'
mandir='${prefix}/man'
oldincludedir='/usr/include'
prefix='/Users/oide/SAD/oldsad//arch/i386-Darwin12'
program_transform_name='s,x,x,'
sbindir='${exec_prefix}/sbin'
sharedstatedir='${prefix}/com'
sysconfdir='${prefix}/etc'
target_alias=''

## ----------- ##
## confdefs.h. ##
## ----------- ##

#define HAVE_AVAILABILITYMACROS_H 1
#define HAVE_BLKCNT_T 1
#define HAVE_CAST_TO_UNION 1
#define HAVE_CHFLAGS 1
#define HAVE_COPYFILE 1
#define HAVE_COPYFILE_H 1
#define HAVE_COREFOUNDATION 1
#define HAVE_CPUID 1
#define HAVE_FTS 1
#define HAVE_GETADDRINFO 1
#define HAVE_GETATTRLIST 1
#define HAVE_GETCWD 1
#define HAVE_GMTIME_R 1
#define HAVE_INTPTR_T 1
#define HAVE_INTTYPES_H 1
#define HAVE_LANGINFO 1
#define HAVE_LIBKERN_OSATOMIC_H 1
#define HAVE_LIMITS_H 1
#define HAVE_LOCALTIME_R 1
#define HAVE_MEMORY_H 1
#define HAVE_MKTIME 1
#define HAVE_OPENDIR 1
#define HAVE_OSSPINLOCKLOCK 1
#define HAVE_PTHREAD_ATFORK 1
#define HAVE_SIGNED_CHAR 1
#define HAVE_STDINT_H 1
#define HAVE_STDLIB_H 1
#define HAVE_STRINGS_H 1
#define HAVE_STRING_H 1
#define HAVE_STRTOL 1
#define HAVE_STRUCT_STAT_ST_BLKSIZE 1
#define HAVE_STRUCT_STAT_ST_BLOCKS 1
#define HAVE_SYS_FILIO_H 1
#define HAVE_SYS_IOCTL_H 1
#define HAVE_SYS_PARAM_H 1
#define HAVE_SYS_STAT_H 1
#define HAVE_SYS_TIME_H 1
#define HAVE_SYS_TYPES_H 1
#define HAVE_TIMEZONE_VAR 1
#define HAVE_TM_GMTOFF 1
#define HAVE_UINTPTR_T 1
#define HAVE_UNISTD_H 1
#define HAVE_WAITPID 1
#define HAVE_WEAK_IMPORT 1
#define MAC_OSX_TCL 1
#define MODULE_SCOPE extern __attribute__((__visibility__("hidden")))
#define MP_PREC 4
#define NDEBUG 1
#define NO_VALUES_H 1
#define PACKAGE_BUGREPORT ""
#define PACKAGE_NAME "tcl"
#define PACKAGE_STRING "tcl 8.5"
#define PACKAGE_TARNAME "tcl"
#define PACKAGE_VERSION "8.5"
#define STDC_HEADERS 1
#define TCL_CFGVAL_ENCODING "iso8859-1"
#define TCL_CFG_DO64BIT 1
#define TCL_CFG_OPTIMIZED 1
#define TCL_DEFAULT_ENCODING "utf-8"
#define TCL_LOAD_FROM_MEMORY 1
#define TCL_SHLIB_EXT ".dylib"
#define TCL_TOMMATH 1
#define TCL_UNLOAD_DLLS 1
#define TCL_WIDE_CLICKS 1
#define TCL_WIDE_INT_IS_LONG 1
#define TIME_WITH_SYS_TIME 1
#define USE_TERMIOS 1
#define USE_VFORK 1
#define _DARWIN_C_SOURCE 1

configure: exit 0
