This file contains any messages produced by compilers while
running configure, to aid debugging if configure makes a mistake.

It was created by tk configure 8.5, which was
generated by GNU Autoconf 2.69.  Invocation command line was

  $ ./configure --prefix=/Users/oide/SAD/oldsad//arch/i386-Darwin15 --enable-64bit --enable-xft --x-includes=/usr/X11R6/include --x-libraries=/usr/X11R6/lib --enable-shared

## --------- ##
## Platform. ##
## --------- ##

hostname = b-2021.home
uname -m = x86_64
uname -r = 15.0.0
uname -s = Darwin
uname -v = Darwin Kernel Version 15.0.0: Wed Aug 26 16:57:32 PDT 2015; root:xnu-3247.1.106~1/RELEASE_X86_64

/usr/bin/uname -p = i386
/bin/uname -X     = unknown

/bin/arch              = unknown
/usr/bin/arch -k       = unknown
/usr/convex/getsysinfo = unknown
/usr/bin/hostinfo      = Mach kernel version:
	 Darwin Kernel Version 15.0.0: Wed Aug 26 16:57:32 PDT 2015; root:xnu-3247.1.106~1/RELEASE_X86_64
Kernel configured for up to 8 processors.
4 processors are physically available.
8 processors are logically available.
Processor type: i486 (Intel 80486)
Processors active: 0 1 2 3 4 5 6 7
Primary memory available: 16.00 gigabytes
Default processor set: 343 tasks, 1772 threads, 8 processors
Load average: 3.87, Mach factor: 4.12
/bin/machine           = unknown
/usr/bin/oslevel       = unknown
/bin/universe          = unknown

PATH: /opt/local/bin
PATH: /opt/local/sbin
PATH: /Users/oide/bin
PATH: /usr/local/bin
PATH: /usr/bin
PATH: /bin
PATH: /usr/local/sbin
PATH: /usr/sbin
PATH: /sbin
PATH: /usr/X11R6/bin
PATH: /usr/texbin
PATH: /Users/oide/SAD/oldsad/bin
PATH: /Users/oide/MAD/bin
PATH: /Applications/Hugin/HginTools


## ----------- ##
## Core tests. ##
## ----------- ##

configure:2308: checking for Tcl configuration
configure:2408: result: found /Users/oide/SAD/oldsad/obj/i386-Darwin15/tcl8.5.18/unix/tclConfig.sh
configure:2414: checking for existence of /Users/oide/SAD/oldsad/obj/i386-Darwin15/tcl8.5.18/unix/tclConfig.sh
configure:2418: result: loading
configure:2490: checking for tclsh
configure:2514: result: /usr/bin/tclsh8.5
configure:2525: checking for tclsh in Tcl build directory
configure:2528: result: /Users/oide/SAD/oldsad/obj/i386-Darwin15/tcl8.5.18/unix/tclsh
configure:2552: checking whether to use symlinks for manpages
configure:2561: result: no
configure:2564: checking whether to compress the manpages
configure:2577: result: no
configure:2591: checking whether to add a package name suffix for the manpages
configure:2604: result: no
configure:2668: checking for gcc
configure:2695: result: gcc-mp-4.9 -Wall -std=gnu11 -m64  -m64
configure:2924: checking for C compiler version
configure:2933: gcc-mp-4.9 -Wall -std=gnu11 -m64  -m64 --version >&5
gcc-mp-4.9 (MacPorts gcc49 4.9.3_0) 4.9.3
Copyright (C) 2015 Free Software Foundation, Inc.
This is free software; see the source for copying conditions.  There is NO
warranty; not even for MERCHANTABILITY or FITNESS FOR A PARTICULAR PURPOSE.

configure:2944: $? = 0
configure:2933: gcc-mp-4.9 -Wall -std=gnu11 -m64  -m64 -v >&5
Using built-in specs.
COLLECT_GCC=gcc-mp-4.9
COLLECT_LTO_WRAPPER=/opt/local/libexec/gcc/x86_64-apple-darwin15/4.9.3/lto-wrapper
Target: x86_64-apple-darwin15
Configured with: /opt/local/var/macports/build/_opt_local_var_macports_sources_rsync.macports.org_release_tarballs_ports_lang_gcc49/gcc49/work/gcc-4.9.3/configure --prefix=/opt/local --build=x86_64-apple-darwin15 --enable-languages=c,c++,objc,obj-c++,lto,fortran,java --libdir=/opt/local/lib/gcc49 --includedir=/opt/local/include/gcc49 --infodir=/opt/local/share/info --mandir=/opt/local/share/man --datarootdir=/opt/local/share/gcc-4.9 --with-local-prefix=/opt/local --with-system-zlib --disable-nls --program-suffix=-mp-4.9 --with-gxx-include-dir=/opt/local/include/gcc49/c++/ --with-gmp=/opt/local --with-mpfr=/opt/local --with-mpc=/opt/local --with-isl=/opt/local --disable-isl-version-check --with-cloog=/opt/local --disable-cloog-version-check --enable-stage1-checking --disable-multilib --enable-lto --enable-libstdcxx-time --with-as=/opt/local/bin/as --with-ld=/opt/local/bin/ld --with-ar=/opt/local/bin/ar --with-bugurl=https://trac.macports.org/newticket --with-pkgversion='MacPorts gcc49 4.9.3_0' --with-build-config=bootstrap-debug
Thread model: posix
gcc version 4.9.3 (MacPorts gcc49 4.9.3_0) 
configure:2944: $? = 0
configure:2933: gcc-mp-4.9 -Wall -std=gnu11 -m64  -m64 -V >&5
gcc-mp-4.9: error: unrecognized command line option '-V'
gcc-mp-4.9: fatal error: no input files
compilation terminated.
configure:2944: $? = 1
configure:2933: gcc-mp-4.9 -Wall -std=gnu11 -m64  -m64 -qversion >&5
gcc-mp-4.9: error: unrecognized command line option '-qversion'
gcc-mp-4.9: fatal error: no input files
compilation terminated.
configure:2944: $? = 1
configure:2964: checking whether the C compiler works
configure:2986: gcc-mp-4.9 -Wall -std=gnu11 -m64  -m64  -DTCL_NO_STACK_CHECK -m64 -DTCL_NO_STACK_CHECK -m64   conftest.c  >&5
configure:2990: $? = 0
configure:3038: result: yes
configure:3041: checking for C compiler default output file name
configure:3043: result: a.out
configure:3049: checking for suffix of executables
configure:3056: gcc-mp-4.9 -Wall -std=gnu11 -m64  -m64 -o conftest  -DTCL_NO_STACK_CHECK -m64 -DTCL_NO_STACK_CHECK -m64   conftest.c  >&5
configure:3060: $? = 0
configure:3082: result: 
configure:3104: checking whether we are cross compiling
configure:3112: gcc-mp-4.9 -Wall -std=gnu11 -m64  -m64 -o conftest  -DTCL_NO_STACK_CHECK -m64 -DTCL_NO_STACK_CHECK -m64   conftest.c  >&5
configure:3116: $? = 0
configure:3123: ./conftest
configure:3127: $? = 0
configure:3142: result: no
configure:3147: checking for suffix of object files
configure:3169: gcc-mp-4.9 -Wall -std=gnu11 -m64  -m64 -c  -DTCL_NO_STACK_CHECK -m64 -DTCL_NO_STACK_CHECK -m64  conftest.c >&5
configure:3173: $? = 0
configure:3194: result: o
configure:3198: checking whether we are using the GNU C compiler
configure:3217: gcc-mp-4.9 -Wall -std=gnu11 -m64  -m64 -c  -DTCL_NO_STACK_CHECK -m64 -DTCL_NO_STACK_CHECK -m64  conftest.c >&5
configure:3217: $? = 0
configure:3226: result: yes
configure:3235: checking whether gcc-mp-4.9 -Wall -std=gnu11 -m64  -m64 accepts -g
configure:3255: gcc-mp-4.9 -Wall -std=gnu11 -m64  -m64 -c -g  conftest.c >&5
configure:3255: $? = 0
configure:3296: result: yes
configure:3313: checking for gcc-mp-4.9 -Wall -std=gnu11 -m64  -m64 option to accept ISO C89
configure:3376: gcc-mp-4.9 -Wall -std=gnu11 -m64  -m64  -c  -DTCL_NO_STACK_CHECK -m64 -DTCL_NO_STACK_CHECK -m64  conftest.c >&5
configure:3376: $? = 0
configure:3389: result: none needed
configure:3418: checking how to run the C preprocessor
configure:3449: gcc-mp-4.9 -Wall -std=gnu11 -m64  -m64 -E  conftest.c
configure:3449: $? = 0
configure:3463: gcc-mp-4.9 -Wall -std=gnu11 -m64  -m64 -E  conftest.c
conftest.c:9:28: fatal error: ac_nonexistent.h: No such file or directory
 #include <ac_nonexistent.h>
                            ^
compilation terminated.
configure:3463: $? = 1
configure: failed program was:
| /* confdefs.h */
| #define PACKAGE_NAME "tk"
| #define PACKAGE_TARNAME "tk"
| #define PACKAGE_VERSION "8.5"
| #define PACKAGE_STRING "tk 8.5"
| #define PACKAGE_BUGREPORT ""
| #define PACKAGE_URL ""
| /* end confdefs.h.  */
| #include <ac_nonexistent.h>
configure:3488: result: gcc-mp-4.9 -Wall -std=gnu11 -m64  -m64 -E
configure:3508: gcc-mp-4.9 -Wall -std=gnu11 -m64  -m64 -E  conftest.c
configure:3508: $? = 0
configure:3522: gcc-mp-4.9 -Wall -std=gnu11 -m64  -m64 -E  conftest.c
conftest.c:9:28: fatal error: ac_nonexistent.h: No such file or directory
 #include <ac_nonexistent.h>
                            ^
compilation terminated.
configure:3522: $? = 1
configure: failed program was:
| /* confdefs.h */
| #define PACKAGE_NAME "tk"
| #define PACKAGE_TARNAME "tk"
| #define PACKAGE_VERSION "8.5"
| #define PACKAGE_STRING "tk 8.5"
| #define PACKAGE_BUGREPORT ""
| #define PACKAGE_URL ""
| /* end confdefs.h.  */
| #include <ac_nonexistent.h>
configure:3551: checking for grep that handles long lines and -e
configure:3609: result: /usr/bin/grep
configure:3614: checking for egrep
configure:3676: result: /usr/bin/grep -E
configure:3681: checking for ANSI C header files
configure:3701: gcc-mp-4.9 -Wall -std=gnu11 -m64  -m64 -c  -DTCL_NO_STACK_CHECK -m64 -DTCL_NO_STACK_CHECK -m64  conftest.c >&5
configure:3701: $? = 0
configure:3774: gcc-mp-4.9 -Wall -std=gnu11 -m64  -m64 -o conftest  -DTCL_NO_STACK_CHECK -m64 -DTCL_NO_STACK_CHECK -m64   conftest.c  >&5
configure:3774: $? = 0
configure:3774: ./conftest
configure:3774: $? = 0
configure:3785: result: yes
configure:3798: checking for sys/types.h
configure:3798: gcc-mp-4.9 -Wall -std=gnu11 -m64  -m64 -c  -DTCL_NO_STACK_CHECK -m64 -DTCL_NO_STACK_CHECK -m64  conftest.c >&5
configure:3798: $? = 0
configure:3798: result: yes
configure:3798: checking for sys/stat.h
configure:3798: gcc-mp-4.9 -Wall -std=gnu11 -m64  -m64 -c  -DTCL_NO_STACK_CHECK -m64 -DTCL_NO_STACK_CHECK -m64  conftest.c >&5
configure:3798: $? = 0
configure:3798: result: yes
configure:3798: checking for stdlib.h
configure:3798: gcc-mp-4.9 -Wall -std=gnu11 -m64  -m64 -c  -DTCL_NO_STACK_CHECK -m64 -DTCL_NO_STACK_CHECK -m64  conftest.c >&5
configure:3798: $? = 0
configure:3798: result: yes
configure:3798: checking for string.h
configure:3798: gcc-mp-4.9 -Wall -std=gnu11 -m64  -m64 -c  -DTCL_NO_STACK_CHECK -m64 -DTCL_NO_STACK_CHECK -m64  conftest.c >&5
configure:3798: $? = 0
configure:3798: result: yes
configure:3798: checking for memory.h
configure:3798: gcc-mp-4.9 -Wall -std=gnu11 -m64  -m64 -c  -DTCL_NO_STACK_CHECK -m64 -DTCL_NO_STACK_CHECK -m64  conftest.c >&5
configure:3798: $? = 0
configure:3798: result: yes
configure:3798: checking for strings.h
configure:3798: gcc-mp-4.9 -Wall -std=gnu11 -m64  -m64 -c  -DTCL_NO_STACK_CHECK -m64 -DTCL_NO_STACK_CHECK -m64  conftest.c >&5
configure:3798: $? = 0
configure:3798: result: yes
configure:3798: checking for inttypes.h
configure:3798: gcc-mp-4.9 -Wall -std=gnu11 -m64  -m64 -c  -DTCL_NO_STACK_CHECK -m64 -DTCL_NO_STACK_CHECK -m64  conftest.c >&5
configure:3798: $? = 0
configure:3798: result: yes
configure:3798: checking for stdint.h
configure:3798: gcc-mp-4.9 -Wall -std=gnu11 -m64  -m64 -c  -DTCL_NO_STACK_CHECK -m64 -DTCL_NO_STACK_CHECK -m64  conftest.c >&5
configure:3798: $? = 0
configure:3798: result: yes
configure:3798: checking for unistd.h
configure:3798: gcc-mp-4.9 -Wall -std=gnu11 -m64  -m64 -c  -DTCL_NO_STACK_CHECK -m64 -DTCL_NO_STACK_CHECK -m64  conftest.c >&5
configure:3798: $? = 0
configure:3798: result: yes
configure:3810: checking limits.h usability
configure:3810: gcc-mp-4.9 -Wall -std=gnu11 -m64  -m64 -c  -DTCL_NO_STACK_CHECK -m64 -DTCL_NO_STACK_CHECK -m64  conftest.c >&5
configure:3810: $? = 0
configure:3810: result: yes
configure:3810: checking limits.h presence
configure:3810: gcc-mp-4.9 -Wall -std=gnu11 -m64  -m64 -E  conftest.c
configure:3810: $? = 0
configure:3810: result: yes
configure:3810: checking for limits.h
configure:3810: result: yes
configure:3828: checking for stdlib.h
configure:3828: result: yes
configure:3887: checking if the compiler understands -pipe
configure:3905: gcc-mp-4.9 -Wall -std=gnu11 -m64  -m64 -c  -DTCL_NO_STACK_CHECK -m64 -DTCL_NO_STACK_CHECK -m64 -pipe  conftest.c >&5
configure:3905: $? = 0
configure:3913: result: yes
configure:4309: checking for building with threads
configure:4323: result: no (default)
configure:4334: checking how to build libraries
configure:4352: result: shared
configure:4414: checking for ranlib
configure:4430: found /opt/local/bin/ranlib
configure:4441: result: ranlib
configure:4467: checking if 64bit support is requested
configure:4476: result: yes
configure:4481: checking if 64bit Sparc VIS support is requested
configure:4490: result: no
configure:4500: checking if compiler supports visibility "hidden"
configure:4520: gcc-mp-4.9 -Wall -std=gnu11 -m64  -m64 -o conftest  -DTCL_NO_STACK_CHECK -m64 -DTCL_NO_STACK_CHECK -m64 -pipe -Werror   conftest.c  >&5
configure:4520: $? = 0
configure:4529: result: yes
configure:4541: checking if rpath support is requested
configure:4550: result: yes
configure:4557: checking system version
configure:4585: result: Darwin-15.0.0
configure:4593: checking for dlopen in -ldl
configure:4618: gcc-mp-4.9 -Wall -std=gnu11 -m64  -m64 -o conftest  -DTCL_NO_STACK_CHECK -m64 -DTCL_NO_STACK_CHECK -m64 -pipe   conftest.c -ldl   >&5
configure:4618: $? = 0
configure:4627: result: yes
configure:4709: checking for ar
configure:4725: found /opt/local/bin/ar
configure:4736: result: ar
configure:5552: checking if compiler accepts -arch x86_64 flag
configure:5571: gcc-mp-4.9 -Wall -std=gnu11 -m64  -m64 -o conftest -DTCL_NO_STACK_CHECK -m64 -DTCL_NO_STACK_CHECK -m64 -pipe  -arch x86_64    conftest.c  >&5
configure:5571: $? = 0
configure:5580: result: yes
configure:5604: checking if ld accepts -single_module flag
configure:5623: gcc-mp-4.9 -Wall -std=gnu11 -m64  -m64 -o conftest -DTCL_NO_STACK_CHECK -m64 -DTCL_NO_STACK_CHECK -m64 -pipe  -arch x86_64    -dynamiclib -Wl,-single_module conftest.c  >&5
conftest.c: In function 'main':
conftest.c:25:5: warning: unused variable 'i' [-Wunused-variable]
 int i;
     ^
configure:5623: $? = 0
configure:5632: result: yes
configure:5649: checking if ld accepts -search_paths_first flag
configure:5668: gcc-mp-4.9 -Wall -std=gnu11 -m64  -m64 -o conftest -DTCL_NO_STACK_CHECK -m64 -DTCL_NO_STACK_CHECK -m64 -pipe  -arch x86_64    -prebind -headerpad_max_install_names -Wl,-search_paths_first conftest.c  >&5
conftest.c: In function 'main':
conftest.c:25:5: warning: unused variable 'i' [-Wunused-variable]
 int i;
     ^
configure:5668: $? = 0
configure:5677: result: yes
configure:5699: checking whether to use CoreFoundation
configure:5708: result: yes
configure:5712: checking for CoreFoundation.framework
configure:5741: gcc-mp-4.9 -Wall -std=gnu11 -m64  -m64 -o conftest -DTCL_NO_STACK_CHECK -m64 -DTCL_NO_STACK_CHECK -m64 -pipe  -arch x86_64    -prebind -headerpad_max_install_names -Wl,-search_paths_first conftest.c  -framework CoreFoundation >&5
conftest.c: In function 'main':
conftest.c:26:13: warning: unused variable 'b' [-Wunused-variable]
 CFBundleRef b = CFBundleGetMainBundle();
             ^
configure:5741: $? = 0
configure:5756: result: yes
configure:6360: checking for cast to union support
configure:6379: gcc-mp-4.9 -Wall -std=gnu11 -m64  -m64 -c -DTCL_NO_STACK_CHECK -m64 -DTCL_NO_STACK_CHECK -m64 -pipe  -arch x86_64   conftest.c >&5
conftest.c: In function 'main':
conftest.c:30:15: warning: unused variable 'f' [-Wunused-variable]
     union foo f = (union foo) (int) 0;
               ^
configure:6379: $? = 0
configure:6387: result: yes
configure:6437: checking for build with symbols
configure:6454: result: no
configure:6494: checking for required early compiler flags
configure:6512: gcc-mp-4.9 -Wall -std=gnu11 -m64  -m64 -c -DTCL_NO_STACK_CHECK -m64 -DTCL_NO_STACK_CHECK -m64 -pipe  -arch x86_64   conftest.c >&5
conftest.c: In function 'main':
conftest.c:32:34: warning: unused variable 'q' [-Wunused-variable]
 char *p = (char *)strtoll; char *q = (char *)strtoull;
                                  ^
conftest.c:32:7: warning: unused variable 'p' [-Wunused-variable]
 char *p = (char *)strtoll; char *q = (char *)strtoull;
       ^
configure:6512: $? = 0
configure:6559: gcc-mp-4.9 -Wall -std=gnu11 -m64  -m64 -c -DTCL_NO_STACK_CHECK -m64 -DTCL_NO_STACK_CHECK -m64 -pipe  -arch x86_64   conftest.c >&5
conftest.c: In function 'main':
conftest.c:32:8: warning: 'stat64' is deprecated (declared at /usr/include/sys/stat.h:392) [-Wdeprecated-declarations]
 struct stat64 buf; int i = stat64("/", &buf);
        ^
conftest.c:32:24: warning: unused variable 'i' [-Wunused-variable]
 struct stat64 buf; int i = stat64("/", &buf);
                        ^
configure:6559: $? = 0
configure:6606: gcc-mp-4.9 -Wall -std=gnu11 -m64  -m64 -c -DTCL_NO_STACK_CHECK -m64 -DTCL_NO_STACK_CHECK -m64 -pipe  -arch x86_64   conftest.c >&5
conftest.c: In function 'main':
conftest.c:32:19: error: 'open64' undeclared (first use in this function)
 char *p = (char *)open64;
                   ^
conftest.c:32:19: note: each undeclared identifier is reported only once for each function it appears in
conftest.c:32:7: warning: unused variable 'p' [-Wunused-variable]
 char *p = (char *)open64;
       ^
configure:6606: $? = 1
configure: failed program was:
| /* confdefs.h */
| #define PACKAGE_NAME "tk"
| #define PACKAGE_TARNAME "tk"
| #define PACKAGE_VERSION "8.5"
| #define PACKAGE_STRING "tk 8.5"
| #define PACKAGE_BUGREPORT ""
| #define PACKAGE_URL ""
| #define STDC_HEADERS 1
| #define HAVE_SYS_TYPES_H 1
| #define HAVE_SYS_STAT_H 1
| #define HAVE_STDLIB_H 1
| #define HAVE_STRING_H 1
| #define HAVE_MEMORY_H 1
| #define HAVE_STRINGS_H 1
| #define HAVE_INTTYPES_H 1
| #define HAVE_STDINT_H 1
| #define HAVE_UNISTD_H 1
| #define HAVE_LIMITS_H 1
| #define MODULE_SCOPE extern __attribute__((__visibility__("hidden")))
| #define MAC_OSX_TCL 1
| #define HAVE_COREFOUNDATION 1
| #define TCL_CFG_DO64BIT 1
| #define HAVE_CAST_TO_UNION 1
| #define TCL_SHLIB_EXT ".dylib"
| #define NDEBUG 1
| #define TCL_CFG_OPTIMIZED 1
| /* end confdefs.h.  */
| #include <sys/stat.h>
| int
| main ()
| {
| char *p = (char *)open64;
|   ;
|   return 0;
| }
configure:6621: gcc-mp-4.9 -Wall -std=gnu11 -m64  -m64 -c -DTCL_NO_STACK_CHECK -m64 -DTCL_NO_STACK_CHECK -m64 -pipe  -arch x86_64   conftest.c >&5
conftest.c: In function 'main':
conftest.c:33:19: error: 'open64' undeclared (first use in this function)
 char *p = (char *)open64;
                   ^
conftest.c:33:19: note: each undeclared identifier is reported only once for each function it appears in
conftest.c:33:7: warning: unused variable 'p' [-Wunused-variable]
 char *p = (char *)open64;
       ^
configure:6621: $? = 1
configure: failed program was:
| /* confdefs.h */
| #define PACKAGE_NAME "tk"
| #define PACKAGE_TARNAME "tk"
| #define PACKAGE_VERSION "8.5"
| #define PACKAGE_STRING "tk 8.5"
| #define PACKAGE_BUGREPORT ""
| #define PACKAGE_URL ""
| #define STDC_HEADERS 1
| #define HAVE_SYS_TYPES_H 1
| #define HAVE_SYS_STAT_H 1
| #define HAVE_STDLIB_H 1
| #define HAVE_STRING_H 1
| #define HAVE_MEMORY_H 1
| #define HAVE_STRINGS_H 1
| #define HAVE_INTTYPES_H 1
| #define HAVE_STDINT_H 1
| #define HAVE_UNISTD_H 1
| #define HAVE_LIMITS_H 1
| #define MODULE_SCOPE extern __attribute__((__visibility__("hidden")))
| #define MAC_OSX_TCL 1
| #define HAVE_COREFOUNDATION 1
| #define TCL_CFG_DO64BIT 1
| #define HAVE_CAST_TO_UNION 1
| #define TCL_SHLIB_EXT ".dylib"
| #define NDEBUG 1
| #define TCL_CFG_OPTIMIZED 1
| /* end confdefs.h.  */
| #define _LARGEFILE_SOURCE64 1
| #include <sys/stat.h>
| int
| main ()
| {
| char *p = (char *)open64;
|   ;
|   return 0;
| }
configure:6639: result: none
configure:6648: checking for 64-bit integer type
configure:6667: gcc-mp-4.9 -Wall -std=gnu11 -m64  -m64 -c -DTCL_NO_STACK_CHECK -m64 -DTCL_NO_STACK_CHECK -m64 -pipe  -arch x86_64   conftest.c >&5
conftest.c: In function 'main':
conftest.c:32:1: error: unknown type name '__int64'
 __int64 value = (__int64) 0;
 ^
conftest.c:32:18: error: '__int64' undeclared (first use in this function)
 __int64 value = (__int64) 0;
                  ^
conftest.c:32:18: note: each undeclared identifier is reported only once for each function it appears in
conftest.c:32:27: error: expected ',' or ';' before numeric constant
 __int64 value = (__int64) 0;
                           ^
conftest.c:32:9: warning: unused variable 'value' [-Wunused-variable]
 __int64 value = (__int64) 0;
         ^
configure:6667: $? = 1
configure: failed program was:
| /* confdefs.h */
| #define PACKAGE_NAME "tk"
| #define PACKAGE_TARNAME "tk"
| #define PACKAGE_VERSION "8.5"
| #define PACKAGE_STRING "tk 8.5"
| #define PACKAGE_BUGREPORT ""
| #define PACKAGE_URL ""
| #define STDC_HEADERS 1
| #define HAVE_SYS_TYPES_H 1
| #define HAVE_SYS_STAT_H 1
| #define HAVE_STDLIB_H 1
| #define HAVE_STRING_H 1
| #define HAVE_MEMORY_H 1
| #define HAVE_STRINGS_H 1
| #define HAVE_INTTYPES_H 1
| #define HAVE_STDINT_H 1
| #define HAVE_UNISTD_H 1
| #define HAVE_LIMITS_H 1
| #define MODULE_SCOPE extern __attribute__((__visibility__("hidden")))
| #define MAC_OSX_TCL 1
| #define HAVE_COREFOUNDATION 1
| #define TCL_CFG_DO64BIT 1
| #define HAVE_CAST_TO_UNION 1
| #define TCL_SHLIB_EXT ".dylib"
| #define NDEBUG 1
| #define TCL_CFG_OPTIMIZED 1
| /* end confdefs.h.  */
| 
| int
| main ()
| {
| __int64 value = (__int64) 0;
|   ;
|   return 0;
| }
configure:6689: gcc-mp-4.9 -Wall -std=gnu11 -m64  -m64 -c -DTCL_NO_STACK_CHECK -m64 -DTCL_NO_STACK_CHECK -m64 -pipe  -arch x86_64   conftest.c >&5
conftest.c: In function 'main':
conftest.c:33:21: error: duplicate case value
             case 1: case (sizeof(long long)==sizeof(long)): ;
                     ^
conftest.c:33:13: error: previously used here
             case 1: case (sizeof(long long)==sizeof(long)): ;
             ^
configure:6689: $? = 1
configure: failed program was:
| /* confdefs.h */
| #define PACKAGE_NAME "tk"
| #define PACKAGE_TARNAME "tk"
| #define PACKAGE_VERSION "8.5"
| #define PACKAGE_STRING "tk 8.5"
| #define PACKAGE_BUGREPORT ""
| #define PACKAGE_URL ""
| #define STDC_HEADERS 1
| #define HAVE_SYS_TYPES_H 1
| #define HAVE_SYS_STAT_H 1
| #define HAVE_STDLIB_H 1
| #define HAVE_STRING_H 1
| #define HAVE_MEMORY_H 1
| #define HAVE_STRINGS_H 1
| #define HAVE_INTTYPES_H 1
| #define HAVE_STDINT_H 1
| #define HAVE_UNISTD_H 1
| #define HAVE_LIMITS_H 1
| #define MODULE_SCOPE extern __attribute__((__visibility__("hidden")))
| #define MAC_OSX_TCL 1
| #define HAVE_COREFOUNDATION 1
| #define TCL_CFG_DO64BIT 1
| #define HAVE_CAST_TO_UNION 1
| #define TCL_SHLIB_EXT ".dylib"
| #define NDEBUG 1
| #define TCL_CFG_OPTIMIZED 1
| /* end confdefs.h.  */
| 
| int
| main ()
| {
| switch (0) {
|             case 1: case (sizeof(long long)==sizeof(long)): ;
|         }
|   ;
|   return 0;
| }
configure:6699: result: using long
configure:6834: checking whether byte ordering is bigendian
configure:6849: gcc-mp-4.9 -Wall -std=gnu11 -m64  -m64 -c -DTCL_NO_STACK_CHECK -m64 -DTCL_NO_STACK_CHECK -m64 -pipe  -arch x86_64   conftest.c >&5
configure:6849: $? = 0
configure:6894: gcc-mp-4.9 -Wall -std=gnu11 -m64  -m64 -c -DTCL_NO_STACK_CHECK -m64 -DTCL_NO_STACK_CHECK -m64 -pipe  -arch x86_64   conftest.c >&5
configure:6894: $? = 0
configure:6912: gcc-mp-4.9 -Wall -std=gnu11 -m64  -m64 -c -DTCL_NO_STACK_CHECK -m64 -DTCL_NO_STACK_CHECK -m64 -pipe  -arch x86_64   conftest.c >&5
conftest.c: In function 'main':
conftest.c:36:4: error: unknown type name 'not'
    not big endian
    ^
conftest.c:36:12: error: expected '=', ',', ';', 'asm' or '__attribute__' before 'endian'
    not big endian
            ^
configure:6912: $? = 1
configure: failed program was:
| /* confdefs.h */
| #define PACKAGE_NAME "tk"
| #define PACKAGE_TARNAME "tk"
| #define PACKAGE_VERSION "8.5"
| #define PACKAGE_STRING "tk 8.5"
| #define PACKAGE_BUGREPORT ""
| #define PACKAGE_URL ""
| #define STDC_HEADERS 1
| #define HAVE_SYS_TYPES_H 1
| #define HAVE_SYS_STAT_H 1
| #define HAVE_STDLIB_H 1
| #define HAVE_STRING_H 1
| #define HAVE_MEMORY_H 1
| #define HAVE_STRINGS_H 1
| #define HAVE_INTTYPES_H 1
| #define HAVE_STDINT_H 1
| #define HAVE_UNISTD_H 1
| #define HAVE_LIMITS_H 1
| #define MODULE_SCOPE extern __attribute__((__visibility__("hidden")))
| #define MAC_OSX_TCL 1
| #define HAVE_COREFOUNDATION 1
| #define TCL_CFG_DO64BIT 1
| #define HAVE_CAST_TO_UNION 1
| #define TCL_SHLIB_EXT ".dylib"
| #define NDEBUG 1
| #define TCL_CFG_OPTIMIZED 1
| #define TCL_WIDE_INT_IS_LONG 1
| /* end confdefs.h.  */
| #include <sys/types.h>
| 		#include <sys/param.h>
| 
| int
| main ()
| {
| #if BYTE_ORDER != BIG_ENDIAN
| 		 not big endian
| 		#endif
| 
|   ;
|   return 0;
| }
configure:7040: result: no
configure:7089: checking for fd_set in sys/types
configure:7106: gcc-mp-4.9 -Wall -std=gnu11 -m64  -m64 -c -DTCL_NO_STACK_CHECK -m64 -DTCL_NO_STACK_CHECK -m64 -pipe  -arch x86_64   conftest.c >&5
conftest.c: In function 'main':
conftest.c:33:18: warning: unused variable 'writeMask' [-Wunused-variable]
 fd_set readMask, writeMask;
                  ^
conftest.c:33:8: warning: unused variable 'readMask' [-Wunused-variable]
 fd_set readMask, writeMask;
        ^
configure:7106: $? = 0
configure:7113: result: yes
configure:7158: checking sys/time.h usability
configure:7158: gcc-mp-4.9 -Wall -std=gnu11 -m64  -m64 -c -DTCL_NO_STACK_CHECK -m64 -DTCL_NO_STACK_CHECK -m64 -pipe  -arch x86_64   conftest.c >&5
configure:7158: $? = 0
configure:7158: result: yes
configure:7158: checking sys/time.h presence
configure:7158: gcc-mp-4.9 -Wall -std=gnu11 -m64  -m64 -E   conftest.c
configure:7158: $? = 0
configure:7158: result: yes
configure:7158: checking for sys/time.h
configure:7158: result: yes
configure:7168: checking whether time.h and sys/time.h may both be included
configure:7188: gcc-mp-4.9 -Wall -std=gnu11 -m64  -m64 -c -DTCL_NO_STACK_CHECK -m64 -DTCL_NO_STACK_CHECK -m64 -pipe  -arch x86_64   conftest.c >&5
configure:7188: $? = 0
configure:7195: result: yes
configure:7212: checking for strtod
configure:7212: gcc-mp-4.9 -Wall -std=gnu11 -m64  -m64 -o conftest -DTCL_NO_STACK_CHECK -m64 -DTCL_NO_STACK_CHECK -m64 -pipe  -arch x86_64    -prebind -headerpad_max_install_names -Wl,-search_paths_first  conftest.c  -framework CoreFoundation >&5
configure:7212: $? = 0
configure:7212: result: yes
configure:7220: checking for Solaris2.4/Tru64 strtod bugs
configure:7252: gcc-mp-4.9 -Wall -std=gnu11 -m64  -m64 -o conftest -DTCL_NO_STACK_CHECK -m64 -DTCL_NO_STACK_CHECK -m64 -pipe  -arch x86_64    -prebind -headerpad_max_install_names -Wl,-search_paths_first  conftest.c  -framework CoreFoundation >&5
conftest.c: In function 'main':
conftest.c:39:4: warning: implicit declaration of function 'exit' [-Wimplicit-function-declaration]
    exit(1);
    ^
conftest.c:39:4: warning: incompatible implicit declaration of built-in function 'exit'
conftest.c:43:4: warning: incompatible implicit declaration of built-in function 'exit'
    exit(1);
    ^
conftest.c:47:4: warning: incompatible implicit declaration of built-in function 'exit'
    exit(1);
    ^
conftest.c:49:7: warning: incompatible implicit declaration of built-in function 'exit'
       exit(0);
       ^
conftest.c:36:14: warning: variable 'value' set but not used [-Wunused-but-set-variable]
       double value;
              ^
configure:7252: $? = 0
configure:7252: ./conftest
configure:7252: $? = 0
configure:7262: result: ok
configure:7284: checking for mode_t
configure:7284: gcc-mp-4.9 -Wall -std=gnu11 -m64  -m64 -c -DTCL_NO_STACK_CHECK -m64 -DTCL_NO_STACK_CHECK -m64 -pipe  -arch x86_64   conftest.c >&5
configure:7284: $? = 0
configure:7284: gcc-mp-4.9 -Wall -std=gnu11 -m64  -m64 -c -DTCL_NO_STACK_CHECK -m64 -DTCL_NO_STACK_CHECK -m64 -pipe  -arch x86_64   conftest.c >&5
conftest.c: In function 'main':
conftest.c:67:21: error: expected expression before ')' token
 if (sizeof ((mode_t)))
                     ^
configure:7284: $? = 1
configure: failed program was:
| /* confdefs.h */
| #define PACKAGE_NAME "tk"
| #define PACKAGE_TARNAME "tk"
| #define PACKAGE_VERSION "8.5"
| #define PACKAGE_STRING "tk 8.5"
| #define PACKAGE_BUGREPORT ""
| #define PACKAGE_URL ""
| #define STDC_HEADERS 1
| #define HAVE_SYS_TYPES_H 1
| #define HAVE_SYS_STAT_H 1
| #define HAVE_STDLIB_H 1
| #define HAVE_STRING_H 1
| #define HAVE_MEMORY_H 1
| #define HAVE_STRINGS_H 1
| #define HAVE_INTTYPES_H 1
| #define HAVE_STDINT_H 1
| #define HAVE_UNISTD_H 1
| #define HAVE_LIMITS_H 1
| #define MODULE_SCOPE extern __attribute__((__visibility__("hidden")))
| #define MAC_OSX_TCL 1
| #define HAVE_COREFOUNDATION 1
| #define TCL_CFG_DO64BIT 1
| #define HAVE_CAST_TO_UNION 1
| #define TCL_SHLIB_EXT ".dylib"
| #define NDEBUG 1
| #define TCL_CFG_OPTIMIZED 1
| #define TCL_WIDE_INT_IS_LONG 1
| #define HAVE_SYS_TIME_H 1
| #define TIME_WITH_SYS_TIME 1
| /* end confdefs.h.  */
| #include <stdio.h>
| #ifdef HAVE_SYS_TYPES_H
| # include <sys/types.h>
| #endif
| #ifdef HAVE_SYS_STAT_H
| # include <sys/stat.h>
| #endif
| #ifdef STDC_HEADERS
| # include <stdlib.h>
| # include <stddef.h>
| #else
| # ifdef HAVE_STDLIB_H
| #  include <stdlib.h>
| # endif
| #endif
| #ifdef HAVE_STRING_H
| # if !defined STDC_HEADERS && defined HAVE_MEMORY_H
| #  include <memory.h>
| # endif
| # include <string.h>
| #endif
| #ifdef HAVE_STRINGS_H
| # include <strings.h>
| #endif
| #ifdef HAVE_INTTYPES_H
| # include <inttypes.h>
| #endif
| #ifdef HAVE_STDINT_H
| # include <stdint.h>
| #endif
| #ifdef HAVE_UNISTD_H
| # include <unistd.h>
| #endif
| int
| main ()
| {
| if (sizeof ((mode_t)))
| 	    return 0;
|   ;
|   return 0;
| }
configure:7284: result: yes
configure:7295: checking for pid_t
configure:7295: gcc-mp-4.9 -Wall -std=gnu11 -m64  -m64 -c -DTCL_NO_STACK_CHECK -m64 -DTCL_NO_STACK_CHECK -m64 -pipe  -arch x86_64   conftest.c >&5
configure:7295: $? = 0
configure:7295: gcc-mp-4.9 -Wall -std=gnu11 -m64  -m64 -c -DTCL_NO_STACK_CHECK -m64 -DTCL_NO_STACK_CHECK -m64 -pipe  -arch x86_64   conftest.c >&5
conftest.c: In function 'main':
conftest.c:67:20: error: expected expression before ')' token
 if (sizeof ((pid_t)))
                    ^
configure:7295: $? = 1
configure: failed program was:
| /* confdefs.h */
| #define PACKAGE_NAME "tk"
| #define PACKAGE_TARNAME "tk"
| #define PACKAGE_VERSION "8.5"
| #define PACKAGE_STRING "tk 8.5"
| #define PACKAGE_BUGREPORT ""
| #define PACKAGE_URL ""
| #define STDC_HEADERS 1
| #define HAVE_SYS_TYPES_H 1
| #define HAVE_SYS_STAT_H 1
| #define HAVE_STDLIB_H 1
| #define HAVE_STRING_H 1
| #define HAVE_MEMORY_H 1
| #define HAVE_STRINGS_H 1
| #define HAVE_INTTYPES_H 1
| #define HAVE_STDINT_H 1
| #define HAVE_UNISTD_H 1
| #define HAVE_LIMITS_H 1
| #define MODULE_SCOPE extern __attribute__((__visibility__("hidden")))
| #define MAC_OSX_TCL 1
| #define HAVE_COREFOUNDATION 1
| #define TCL_CFG_DO64BIT 1
| #define HAVE_CAST_TO_UNION 1
| #define TCL_SHLIB_EXT ".dylib"
| #define NDEBUG 1
| #define TCL_CFG_OPTIMIZED 1
| #define TCL_WIDE_INT_IS_LONG 1
| #define HAVE_SYS_TIME_H 1
| #define TIME_WITH_SYS_TIME 1
| /* end confdefs.h.  */
| #include <stdio.h>
| #ifdef HAVE_SYS_TYPES_H
| # include <sys/types.h>
| #endif
| #ifdef HAVE_SYS_STAT_H
| # include <sys/stat.h>
| #endif
| #ifdef STDC_HEADERS
| # include <stdlib.h>
| # include <stddef.h>
| #else
| # ifdef HAVE_STDLIB_H
| #  include <stdlib.h>
| # endif
| #endif
| #ifdef HAVE_STRING_H
| # if !defined STDC_HEADERS && defined HAVE_MEMORY_H
| #  include <memory.h>
| # endif
| # include <string.h>
| #endif
| #ifdef HAVE_STRINGS_H
| # include <strings.h>
| #endif
| #ifdef HAVE_INTTYPES_H
| # include <inttypes.h>
| #endif
| #ifdef HAVE_STDINT_H
| # include <stdint.h>
| #endif
| #ifdef HAVE_UNISTD_H
| # include <unistd.h>
| #endif
| int
| main ()
| {
| if (sizeof ((pid_t)))
| 	    return 0;
|   ;
|   return 0;
| }
configure:7295: result: yes
configure:7306: checking for size_t
configure:7306: gcc-mp-4.9 -Wall -std=gnu11 -m64  -m64 -c -DTCL_NO_STACK_CHECK -m64 -DTCL_NO_STACK_CHECK -m64 -pipe  -arch x86_64   conftest.c >&5
configure:7306: $? = 0
configure:7306: gcc-mp-4.9 -Wall -std=gnu11 -m64  -m64 -c -DTCL_NO_STACK_CHECK -m64 -DTCL_NO_STACK_CHECK -m64 -pipe  -arch x86_64   conftest.c >&5
conftest.c: In function 'main':
conftest.c:67:21: error: expected expression before ')' token
 if (sizeof ((size_t)))
                     ^
configure:7306: $? = 1
configure: failed program was:
| /* confdefs.h */
| #define PACKAGE_NAME "tk"
| #define PACKAGE_TARNAME "tk"
| #define PACKAGE_VERSION "8.5"
| #define PACKAGE_STRING "tk 8.5"
| #define PACKAGE_BUGREPORT ""
| #define PACKAGE_URL ""
| #define STDC_HEADERS 1
| #define HAVE_SYS_TYPES_H 1
| #define HAVE_SYS_STAT_H 1
| #define HAVE_STDLIB_H 1
| #define HAVE_STRING_H 1
| #define HAVE_MEMORY_H 1
| #define HAVE_STRINGS_H 1
| #define HAVE_INTTYPES_H 1
| #define HAVE_STDINT_H 1
| #define HAVE_UNISTD_H 1
| #define HAVE_LIMITS_H 1
| #define MODULE_SCOPE extern __attribute__((__visibility__("hidden")))
| #define MAC_OSX_TCL 1
| #define HAVE_COREFOUNDATION 1
| #define TCL_CFG_DO64BIT 1
| #define HAVE_CAST_TO_UNION 1
| #define TCL_SHLIB_EXT ".dylib"
| #define NDEBUG 1
| #define TCL_CFG_OPTIMIZED 1
| #define TCL_WIDE_INT_IS_LONG 1
| #define HAVE_SYS_TIME_H 1
| #define TIME_WITH_SYS_TIME 1
| /* end confdefs.h.  */
| #include <stdio.h>
| #ifdef HAVE_SYS_TYPES_H
| # include <sys/types.h>
| #endif
| #ifdef HAVE_SYS_STAT_H
| # include <sys/stat.h>
| #endif
| #ifdef STDC_HEADERS
| # include <stdlib.h>
| # include <stddef.h>
| #else
| # ifdef HAVE_STDLIB_H
| #  include <stdlib.h>
| # endif
| #endif
| #ifdef HAVE_STRING_H
| # if !defined STDC_HEADERS && defined HAVE_MEMORY_H
| #  include <memory.h>
| # endif
| # include <string.h>
| #endif
| #ifdef HAVE_STRINGS_H
| # include <strings.h>
| #endif
| #ifdef HAVE_INTTYPES_H
| # include <inttypes.h>
| #endif
| #ifdef HAVE_STDINT_H
| # include <stdint.h>
| #endif
| #ifdef HAVE_UNISTD_H
| # include <unistd.h>
| #endif
| int
| main ()
| {
| if (sizeof ((size_t)))
| 	    return 0;
|   ;
|   return 0;
| }
configure:7306: result: yes
configure:7317: checking for uid_t in sys/types.h
configure:7336: result: yes
configure:7348: checking for intptr_t
configure:7348: gcc-mp-4.9 -Wall -std=gnu11 -m64  -m64 -c -DTCL_NO_STACK_CHECK -m64 -DTCL_NO_STACK_CHECK -m64 -pipe  -arch x86_64   conftest.c >&5
configure:7348: $? = 0
configure:7348: gcc-mp-4.9 -Wall -std=gnu11 -m64  -m64 -c -DTCL_NO_STACK_CHECK -m64 -DTCL_NO_STACK_CHECK -m64 -pipe  -arch x86_64   conftest.c >&5
conftest.c: In function 'main':
conftest.c:67:23: error: expected expression before ')' token
 if (sizeof ((intptr_t)))
                       ^
configure:7348: $? = 1
configure: failed program was:
| /* confdefs.h */
| #define PACKAGE_NAME "tk"
| #define PACKAGE_TARNAME "tk"
| #define PACKAGE_VERSION "8.5"
| #define PACKAGE_STRING "tk 8.5"
| #define PACKAGE_BUGREPORT ""
| #define PACKAGE_URL ""
| #define STDC_HEADERS 1
| #define HAVE_SYS_TYPES_H 1
| #define HAVE_SYS_STAT_H 1
| #define HAVE_STDLIB_H 1
| #define HAVE_STRING_H 1
| #define HAVE_MEMORY_H 1
| #define HAVE_STRINGS_H 1
| #define HAVE_INTTYPES_H 1
| #define HAVE_STDINT_H 1
| #define HAVE_UNISTD_H 1
| #define HAVE_LIMITS_H 1
| #define MODULE_SCOPE extern __attribute__((__visibility__("hidden")))
| #define MAC_OSX_TCL 1
| #define HAVE_COREFOUNDATION 1
| #define TCL_CFG_DO64BIT 1
| #define HAVE_CAST_TO_UNION 1
| #define TCL_SHLIB_EXT ".dylib"
| #define NDEBUG 1
| #define TCL_CFG_OPTIMIZED 1
| #define TCL_WIDE_INT_IS_LONG 1
| #define HAVE_SYS_TIME_H 1
| #define TIME_WITH_SYS_TIME 1
| /* end confdefs.h.  */
| #include <stdio.h>
| #ifdef HAVE_SYS_TYPES_H
| # include <sys/types.h>
| #endif
| #ifdef HAVE_SYS_STAT_H
| # include <sys/stat.h>
| #endif
| #ifdef STDC_HEADERS
| # include <stdlib.h>
| # include <stddef.h>
| #else
| # ifdef HAVE_STDLIB_H
| #  include <stdlib.h>
| # endif
| #endif
| #ifdef HAVE_STRING_H
| # if !defined STDC_HEADERS && defined HAVE_MEMORY_H
| #  include <memory.h>
| # endif
| # include <string.h>
| #endif
| #ifdef HAVE_STRINGS_H
| # include <strings.h>
| #endif
| #ifdef HAVE_INTTYPES_H
| # include <inttypes.h>
| #endif
| #ifdef HAVE_STDINT_H
| # include <stdint.h>
| #endif
| #ifdef HAVE_UNISTD_H
| # include <unistd.h>
| #endif
| int
| main ()
| {
| if (sizeof ((intptr_t)))
| 	    return 0;
|   ;
|   return 0;
| }
configure:7348: result: yes
configure:7399: checking for uintptr_t
configure:7399: gcc-mp-4.9 -Wall -std=gnu11 -m64  -m64 -c -DTCL_NO_STACK_CHECK -m64 -DTCL_NO_STACK_CHECK -m64 -pipe  -arch x86_64   conftest.c >&5
configure:7399: $? = 0
configure:7399: gcc-mp-4.9 -Wall -std=gnu11 -m64  -m64 -c -DTCL_NO_STACK_CHECK -m64 -DTCL_NO_STACK_CHECK -m64 -pipe  -arch x86_64   conftest.c >&5
conftest.c: In function 'main':
conftest.c:68:24: error: expected expression before ')' token
 if (sizeof ((uintptr_t)))
                        ^
configure:7399: $? = 1
configure: failed program was:
| /* confdefs.h */
| #define PACKAGE_NAME "tk"
| #define PACKAGE_TARNAME "tk"
| #define PACKAGE_VERSION "8.5"
| #define PACKAGE_STRING "tk 8.5"
| #define PACKAGE_BUGREPORT ""
| #define PACKAGE_URL ""
| #define STDC_HEADERS 1
| #define HAVE_SYS_TYPES_H 1
| #define HAVE_SYS_STAT_H 1
| #define HAVE_STDLIB_H 1
| #define HAVE_STRING_H 1
| #define HAVE_MEMORY_H 1
| #define HAVE_STRINGS_H 1
| #define HAVE_INTTYPES_H 1
| #define HAVE_STDINT_H 1
| #define HAVE_UNISTD_H 1
| #define HAVE_LIMITS_H 1
| #define MODULE_SCOPE extern __attribute__((__visibility__("hidden")))
| #define MAC_OSX_TCL 1
| #define HAVE_COREFOUNDATION 1
| #define TCL_CFG_DO64BIT 1
| #define HAVE_CAST_TO_UNION 1
| #define TCL_SHLIB_EXT ".dylib"
| #define NDEBUG 1
| #define TCL_CFG_OPTIMIZED 1
| #define TCL_WIDE_INT_IS_LONG 1
| #define HAVE_SYS_TIME_H 1
| #define TIME_WITH_SYS_TIME 1
| #define HAVE_INTPTR_T 1
| /* end confdefs.h.  */
| #include <stdio.h>
| #ifdef HAVE_SYS_TYPES_H
| # include <sys/types.h>
| #endif
| #ifdef HAVE_SYS_STAT_H
| # include <sys/stat.h>
| #endif
| #ifdef STDC_HEADERS
| # include <stdlib.h>
| # include <stddef.h>
| #else
| # ifdef HAVE_STDLIB_H
| #  include <stdlib.h>
| # endif
| #endif
| #ifdef HAVE_STRING_H
| # if !defined STDC_HEADERS && defined HAVE_MEMORY_H
| #  include <memory.h>
| # endif
| # include <string.h>
| #endif
| #ifdef HAVE_STRINGS_H
| # include <strings.h>
| #endif
| #ifdef HAVE_INTTYPES_H
| # include <inttypes.h>
| #endif
| #ifdef HAVE_STDINT_H
| # include <stdint.h>
| #endif
| #ifdef HAVE_UNISTD_H
| # include <unistd.h>
| #endif
| int
| main ()
| {
| if (sizeof ((uintptr_t)))
| 	    return 0;
|   ;
|   return 0;
| }
configure:7399: result: yes
configure:7456: checking pw_gecos in struct pwd
configure:7473: gcc-mp-4.9 -Wall -std=gnu11 -m64  -m64 -c -DTCL_NO_STACK_CHECK -m64 -DTCL_NO_STACK_CHECK -m64 -pipe  -arch x86_64   conftest.c >&5
conftest.c: In function 'main':
conftest.c:37:20: warning: statement with no effect [-Wunused-value]
 struct passwd pwd; pwd.pw_gecos;
                    ^
configure:7473: $? = 0
configure:7480: result: yes
configure:7493: checking whether to use Aqua
configure:7520: result: no
configure:7572: checking if ld accepts -weak-l flag
configure:7591: gcc-mp-4.9 -Wall -std=gnu11 -m64  -m64 -o conftest -DTCL_NO_STACK_CHECK -m64 -DTCL_NO_STACK_CHECK -m64 -pipe  -arch x86_64    -prebind -headerpad_max_install_names -Wl,-search_paths_first  -Wl,-weak-lm conftest.c  -framework CoreFoundation >&5
conftest.c: In function 'main':
conftest.c:38:8: warning: unused variable 'f' [-Wunused-variable]
 double f = sin(1.0);
        ^
configure:7591: $? = 0
configure:7600: result: yes
configure:7605: checking AvailabilityMacros.h usability
configure:7605: gcc-mp-4.9 -Wall -std=gnu11 -m64  -m64 -c -DTCL_NO_STACK_CHECK -m64 -DTCL_NO_STACK_CHECK -m64 -pipe  -arch x86_64   conftest.c >&5
configure:7605: $? = 0
configure:7605: result: yes
configure:7605: checking AvailabilityMacros.h presence
configure:7605: gcc-mp-4.9 -Wall -std=gnu11 -m64  -m64 -E   conftest.c
configure:7605: $? = 0
configure:7605: result: yes
configure:7605: checking for AvailabilityMacros.h
configure:7605: result: yes
configure:7616: checking if weak import is available
configure:7643: gcc-mp-4.9 -Wall -std=gnu11 -m64  -m64 -o conftest -DTCL_NO_STACK_CHECK -m64 -DTCL_NO_STACK_CHECK -m64 -pipe  -arch x86_64 -Werror    -prebind -headerpad_max_install_names -Wl,-search_paths_first  conftest.c  -framework CoreFoundation >&5
configure:7643: $? = 0
configure:7652: result: yes
configure:7659: checking if Darwin SUSv3 extensions are available
configure:7687: gcc-mp-4.9 -Wall -std=gnu11 -m64  -m64 -c -DTCL_NO_STACK_CHECK -m64 -DTCL_NO_STACK_CHECK -m64 -pipe  -arch x86_64 -Werror   conftest.c >&5
configure:7687: $? = 0
configure:7695: result: yes
configure:7730: checking for X
configure:7919: result: libraries /usr/X11R6/lib, headers /usr/X11R6/include
configure:7943: checking for X11 header files
configure:7950: gcc-mp-4.9 -Wall -std=gnu11 -m64  -m64 -E   conftest.c
configure:7950: $? = 0
configure:8093: checking for main in -lXbsd
configure:8112: gcc-mp-4.9 -Wall -std=gnu11 -m64  -m64 -o conftest -DTCL_NO_STACK_CHECK -m64 -DTCL_NO_STACK_CHECK -m64 -pipe  -arch x86_64    -prebind -headerpad_max_install_names -Wl,-search_paths_first  conftest.c -lXbsd   -framework CoreFoundation >&5
ld: library not found for -lXbsd
collect2: error: ld returned 1 exit status
configure:8112: $? = 1
configure: failed program was:
| /* confdefs.h */
| #define PACKAGE_NAME "tk"
| #define PACKAGE_TARNAME "tk"
| #define PACKAGE_VERSION "8.5"
| #define PACKAGE_STRING "tk 8.5"
| #define PACKAGE_BUGREPORT ""
| #define PACKAGE_URL ""
| #define STDC_HEADERS 1
| #define HAVE_SYS_TYPES_H 1
| #define HAVE_SYS_STAT_H 1
| #define HAVE_STDLIB_H 1
| #define HAVE_STRING_H 1
| #define HAVE_MEMORY_H 1
| #define HAVE_STRINGS_H 1
| #define HAVE_INTTYPES_H 1
| #define HAVE_STDINT_H 1
| #define HAVE_UNISTD_H 1
| #define HAVE_LIMITS_H 1
| #define MODULE_SCOPE extern __attribute__((__visibility__("hidden")))
| #define MAC_OSX_TCL 1
| #define HAVE_COREFOUNDATION 1
| #define TCL_CFG_DO64BIT 1
| #define HAVE_CAST_TO_UNION 1
| #define TCL_SHLIB_EXT ".dylib"
| #define NDEBUG 1
| #define TCL_CFG_OPTIMIZED 1
| #define TCL_WIDE_INT_IS_LONG 1
| #define HAVE_SYS_TIME_H 1
| #define TIME_WITH_SYS_TIME 1
| #define HAVE_INTPTR_T 1
| #define HAVE_UINTPTR_T 1
| #define HAVE_PW_GECOS 1
| #define HAVE_AVAILABILITYMACROS_H 1
| #define HAVE_WEAK_IMPORT 1
| #define _DARWIN_C_SOURCE 1
| /* end confdefs.h.  */
| 
| 
| int
| main ()
| {
| return main ();
|   ;
|   return 0;
| }
configure:8121: result: no
configure:8184: checking whether to use xft
configure:8207: result: yes
configure:8214: checking for X11/Xft/Xft.h
configure:8214: gcc-mp-4.9 -Wall -std=gnu11 -m64  -m64 -c -DTCL_NO_STACK_CHECK -m64 -DTCL_NO_STACK_CHECK -m64 -pipe  -arch x86_64  -I/usr/X11/include -I/usr/X11/include/freetype2 -I/usr/X11/include -I/usr/X11/include -I/usr/X11/include   conftest.c >&5
configure:8214: $? = 0
configure:8214: result: yes
configure:8233: checking for XftFontOpen in -lXft
configure:8258: gcc-mp-4.9 -Wall -std=gnu11 -m64  -m64 -o conftest -DTCL_NO_STACK_CHECK -m64 -DTCL_NO_STACK_CHECK -m64 -pipe  -arch x86_64  -I/usr/X11/include -I/usr/X11/include/freetype2 -I/usr/X11/include -I/usr/X11/include -I/usr/X11/include    -prebind -headerpad_max_install_names -Wl,-search_paths_first  conftest.c -lXft   -L/usr/X11/lib -lXft -lX11 -L/usr/X11/lib -lfreetype -L/usr/X11/lib -lfontconfig -L/usr/X11/lib -lXrender -lX11 -L/usr/X11R6/lib -lX11 >&5
ld: warning: directory not found for option '-L/usr/X11R6/lib'
configure:8258: $? = 0
configure:8267: result: yes
configure:8290: checking for FcFontSort in -lfontconfig
configure:8315: gcc-mp-4.9 -Wall -std=gnu11 -m64  -m64 -o conftest -DTCL_NO_STACK_CHECK -m64 -DTCL_NO_STACK_CHECK -m64 -pipe  -arch x86_64  -I/usr/X11/include -I/usr/X11/include/freetype2 -I/usr/X11/include -I/usr/X11/include -I/usr/X11/include    -prebind -headerpad_max_install_names -Wl,-search_paths_first  conftest.c -lfontconfig   -L/usr/X11/lib -lXft -lX11 -L/usr/X11/lib -lfreetype -L/usr/X11/lib -lfontconfig -L/usr/X11/lib -lXrender -lX11 -L/usr/X11R6/lib -lX11 -lfontconfig >&5
ld: warning: directory not found for option '-L/usr/X11R6/lib'
configure:8315: $? = 0
configure:8324: result: yes
configure:8369: checking for X11/XKBlib.h
configure:8369: gcc-mp-4.9 -Wall -std=gnu11 -m64  -m64 -c -DTCL_NO_STACK_CHECK -m64 -DTCL_NO_STACK_CHECK -m64 -pipe  -arch x86_64    conftest.c >&5
configure:8369: $? = 0
configure:8369: result: yes
configure:8383: checking for XkbKeycodeToKeysym in -lX11
configure:8408: gcc-mp-4.9 -Wall -std=gnu11 -m64  -m64 -o conftest -DTCL_NO_STACK_CHECK -m64 -DTCL_NO_STACK_CHECK -m64 -pipe  -arch x86_64     -prebind -headerpad_max_install_names -Wl,-search_paths_first  conftest.c -lX11   -framework CoreFoundation -L/usr/X11R6/lib -lX11 >&5
ld: warning: directory not found for option '-L/usr/X11R6/lib'
ld: library not found for -lX11
collect2: error: ld returned 1 exit status
configure:8408: $? = 1
configure: failed program was:
| /* confdefs.h */
| #define PACKAGE_NAME "tk"
| #define PACKAGE_TARNAME "tk"
| #define PACKAGE_VERSION "8.5"
| #define PACKAGE_STRING "tk 8.5"
| #define PACKAGE_BUGREPORT ""
| #define PACKAGE_URL ""
| #define STDC_HEADERS 1
| #define HAVE_SYS_TYPES_H 1
| #define HAVE_SYS_STAT_H 1
| #define HAVE_STDLIB_H 1
| #define HAVE_STRING_H 1
| #define HAVE_MEMORY_H 1
| #define HAVE_STRINGS_H 1
| #define HAVE_INTTYPES_H 1
| #define HAVE_STDINT_H 1
| #define HAVE_UNISTD_H 1
| #define HAVE_LIMITS_H 1
| #define MODULE_SCOPE extern __attribute__((__visibility__("hidden")))
| #define MAC_OSX_TCL 1
| #define HAVE_COREFOUNDATION 1
| #define TCL_CFG_DO64BIT 1
| #define HAVE_CAST_TO_UNION 1
| #define TCL_SHLIB_EXT ".dylib"
| #define NDEBUG 1
| #define TCL_CFG_OPTIMIZED 1
| #define TCL_WIDE_INT_IS_LONG 1
| #define HAVE_SYS_TIME_H 1
| #define TIME_WITH_SYS_TIME 1
| #define HAVE_INTPTR_T 1
| #define HAVE_UINTPTR_T 1
| #define HAVE_PW_GECOS 1
| #define HAVE_AVAILABILITYMACROS_H 1
| #define HAVE_WEAK_IMPORT 1
| #define _DARWIN_C_SOURCE 1
| #define HAVE_LIBXFT 1
| #define HAVE_XFT 1
| /* end confdefs.h.  */
| 
| /* Override any GCC internal prototype to avoid an error.
|    Use char because int might match the return type of a GCC
|    builtin and then its argument prototype would still apply.  */
| #ifdef __cplusplus
| extern "C"
| #endif
| char XkbKeycodeToKeysym ();
| int
| main ()
| {
| return XkbKeycodeToKeysym ();
|   ;
|   return 0;
| }
configure:8417: result: no
configure:8457: checking whether to try to use XScreenSaver
configure:8470: result: yes
configure:8472: checking for X11/extensions/scrnsaver.h
configure:8472: gcc-mp-4.9 -Wall -std=gnu11 -m64  -m64 -c -DTCL_NO_STACK_CHECK -m64 -DTCL_NO_STACK_CHECK -m64 -pipe  -arch x86_64    conftest.c >&5
conftest.c:41:38: fatal error: X11/extensions/scrnsaver.h: No such file or directory
 #include <X11/extensions/scrnsaver.h>
                                      ^
compilation terminated.
configure:8472: $? = 1
configure: failed program was:
| /* confdefs.h */
| #define PACKAGE_NAME "tk"
| #define PACKAGE_TARNAME "tk"
| #define PACKAGE_VERSION "8.5"
| #define PACKAGE_STRING "tk 8.5"
| #define PACKAGE_BUGREPORT ""
| #define PACKAGE_URL ""
| #define STDC_HEADERS 1
| #define HAVE_SYS_TYPES_H 1
| #define HAVE_SYS_STAT_H 1
| #define HAVE_STDLIB_H 1
| #define HAVE_STRING_H 1
| #define HAVE_MEMORY_H 1
| #define HAVE_STRINGS_H 1
| #define HAVE_INTTYPES_H 1
| #define HAVE_STDINT_H 1
| #define HAVE_UNISTD_H 1
| #define HAVE_LIMITS_H 1
| #define MODULE_SCOPE extern __attribute__((__visibility__("hidden")))
| #define MAC_OSX_TCL 1
| #define HAVE_COREFOUNDATION 1
| #define TCL_CFG_DO64BIT 1
| #define HAVE_CAST_TO_UNION 1
| #define TCL_SHLIB_EXT ".dylib"
| #define NDEBUG 1
| #define TCL_CFG_OPTIMIZED 1
| #define TCL_WIDE_INT_IS_LONG 1
| #define HAVE_SYS_TIME_H 1
| #define TIME_WITH_SYS_TIME 1
| #define HAVE_INTPTR_T 1
| #define HAVE_UINTPTR_T 1
| #define HAVE_PW_GECOS 1
| #define HAVE_AVAILABILITYMACROS_H 1
| #define HAVE_WEAK_IMPORT 1
| #define _DARWIN_C_SOURCE 1
| #define HAVE_LIBXFT 1
| #define HAVE_XFT 1
| /* end confdefs.h.  */
| #include <X11/Xlib.h>
| 
| #include <X11/extensions/scrnsaver.h>
configure:8472: result: no
configure:8481: checking for XScreenSaverQueryInfo
configure:8481: gcc-mp-4.9 -Wall -std=gnu11 -m64  -m64 -o conftest -DTCL_NO_STACK_CHECK -m64 -DTCL_NO_STACK_CHECK -m64 -pipe  -arch x86_64     -prebind -headerpad_max_install_names -Wl,-search_paths_first  conftest.c  -framework CoreFoundation -L/usr/X11R6/lib -lX11 >&5
ld: warning: directory not found for option '-L/usr/X11R6/lib'
ld: library not found for -lX11
collect2: error: ld returned 1 exit status
configure:8481: $? = 1
configure: failed program was:
| /* confdefs.h */
| #define PACKAGE_NAME "tk"
| #define PACKAGE_TARNAME "tk"
| #define PACKAGE_VERSION "8.5"
| #define PACKAGE_STRING "tk 8.5"
| #define PACKAGE_BUGREPORT ""
| #define PACKAGE_URL ""
| #define STDC_HEADERS 1
| #define HAVE_SYS_TYPES_H 1
| #define HAVE_SYS_STAT_H 1
| #define HAVE_STDLIB_H 1
| #define HAVE_STRING_H 1
| #define HAVE_MEMORY_H 1
| #define HAVE_STRINGS_H 1
| #define HAVE_INTTYPES_H 1
| #define HAVE_STDINT_H 1
| #define HAVE_UNISTD_H 1
| #define HAVE_LIMITS_H 1
| #define MODULE_SCOPE extern __attribute__((__visibility__("hidden")))
| #define MAC_OSX_TCL 1
| #define HAVE_COREFOUNDATION 1
| #define TCL_CFG_DO64BIT 1
| #define HAVE_CAST_TO_UNION 1
| #define TCL_SHLIB_EXT ".dylib"
| #define NDEBUG 1
| #define TCL_CFG_OPTIMIZED 1
| #define TCL_WIDE_INT_IS_LONG 1
| #define HAVE_SYS_TIME_H 1
| #define TIME_WITH_SYS_TIME 1
| #define HAVE_INTPTR_T 1
| #define HAVE_UINTPTR_T 1
| #define HAVE_PW_GECOS 1
| #define HAVE_AVAILABILITYMACROS_H 1
| #define HAVE_WEAK_IMPORT 1
| #define _DARWIN_C_SOURCE 1
| #define HAVE_LIBXFT 1
| #define HAVE_XFT 1
| /* end confdefs.h.  */
| /* Define XScreenSaverQueryInfo to an innocuous variant, in case <limits.h> declares XScreenSaverQueryInfo.
|    For example, HP-UX 11i <limits.h> declares gettimeofday.  */
| #define XScreenSaverQueryInfo innocuous_XScreenSaverQueryInfo
| 
| /* System header to define __stub macros and hopefully few prototypes,
|     which can conflict with char XScreenSaverQueryInfo (); below.
|     Prefer <limits.h> to <assert.h> if __STDC__ is defined, since
|     <limits.h> exists even on freestanding compilers.  */
| 
| #ifdef __STDC__
| # include <limits.h>
| #else
| # include <assert.h>
| #endif
| 
| #undef XScreenSaverQueryInfo
| 
| /* Override any GCC internal prototype to avoid an error.
|    Use char because int might match the return type of a GCC
|    builtin and then its argument prototype would still apply.  */
| #ifdef __cplusplus
| extern "C"
| #endif
| char XScreenSaverQueryInfo ();
| /* The GNU C library defines this for functions which it implements
|     to always fail with ENOSYS.  Some functions are actually named
|     something starting with __ and the normal name is an alias.  */
| #if defined __stub_XScreenSaverQueryInfo || defined __stub___XScreenSaverQueryInfo
| choke me
| #endif
| 
| int
| main ()
| {
| return XScreenSaverQueryInfo ();
|   ;
|   return 0;
| }
configure:8481: result: no
configure:8486: checking for XScreenSaverQueryInfo in -lXext
configure:8511: gcc-mp-4.9 -Wall -std=gnu11 -m64  -m64 -o conftest -DTCL_NO_STACK_CHECK -m64 -DTCL_NO_STACK_CHECK -m64 -pipe  -arch x86_64     -prebind -headerpad_max_install_names -Wl,-search_paths_first  conftest.c -lXext   -framework CoreFoundation -L/usr/X11R6/lib -lX11 >&5
ld: warning: directory not found for option '-L/usr/X11R6/lib'
ld: library not found for -lXext
collect2: error: ld returned 1 exit status
configure:8511: $? = 1
configure: failed program was:
| /* confdefs.h */
| #define PACKAGE_NAME "tk"
| #define PACKAGE_TARNAME "tk"
| #define PACKAGE_VERSION "8.5"
| #define PACKAGE_STRING "tk 8.5"
| #define PACKAGE_BUGREPORT ""
| #define PACKAGE_URL ""
| #define STDC_HEADERS 1
| #define HAVE_SYS_TYPES_H 1
| #define HAVE_SYS_STAT_H 1
| #define HAVE_STDLIB_H 1
| #define HAVE_STRING_H 1
| #define HAVE_MEMORY_H 1
| #define HAVE_STRINGS_H 1
| #define HAVE_INTTYPES_H 1
| #define HAVE_STDINT_H 1
| #define HAVE_UNISTD_H 1
| #define HAVE_LIMITS_H 1
| #define MODULE_SCOPE extern __attribute__((__visibility__("hidden")))
| #define MAC_OSX_TCL 1
| #define HAVE_COREFOUNDATION 1
| #define TCL_CFG_DO64BIT 1
| #define HAVE_CAST_TO_UNION 1
| #define TCL_SHLIB_EXT ".dylib"
| #define NDEBUG 1
| #define TCL_CFG_OPTIMIZED 1
| #define TCL_WIDE_INT_IS_LONG 1
| #define HAVE_SYS_TIME_H 1
| #define TIME_WITH_SYS_TIME 1
| #define HAVE_INTPTR_T 1
| #define HAVE_UINTPTR_T 1
| #define HAVE_PW_GECOS 1
| #define HAVE_AVAILABILITYMACROS_H 1
| #define HAVE_WEAK_IMPORT 1
| #define _DARWIN_C_SOURCE 1
| #define HAVE_LIBXFT 1
| #define HAVE_XFT 1
| /* end confdefs.h.  */
| 
| /* Override any GCC internal prototype to avoid an error.
|    Use char because int might match the return type of a GCC
|    builtin and then its argument prototype would still apply.  */
| #ifdef __cplusplus
| extern "C"
| #endif
| char XScreenSaverQueryInfo ();
| int
| main ()
| {
| return XScreenSaverQueryInfo ();
|   ;
|   return 0;
| }
configure:8520: result: no
configure:8529: checking for XScreenSaverQueryInfo in -lXss
configure:8554: gcc-mp-4.9 -Wall -std=gnu11 -m64  -m64 -o conftest -DTCL_NO_STACK_CHECK -m64 -DTCL_NO_STACK_CHECK -m64 -pipe  -arch x86_64     -prebind -headerpad_max_install_names -Wl,-search_paths_first  conftest.c -lXss -lXext  -framework CoreFoundation -L/usr/X11R6/lib -lX11 >&5
ld: warning: directory not found for option '-L/usr/X11R6/lib'
ld: library not found for -lXss
collect2: error: ld returned 1 exit status
configure:8554: $? = 1
configure: failed program was:
| /* confdefs.h */
| #define PACKAGE_NAME "tk"
| #define PACKAGE_TARNAME "tk"
| #define PACKAGE_VERSION "8.5"
| #define PACKAGE_STRING "tk 8.5"
| #define PACKAGE_BUGREPORT ""
| #define PACKAGE_URL ""
| #define STDC_HEADERS 1
| #define HAVE_SYS_TYPES_H 1
| #define HAVE_SYS_STAT_H 1
| #define HAVE_STDLIB_H 1
| #define HAVE_STRING_H 1
| #define HAVE_MEMORY_H 1
| #define HAVE_STRINGS_H 1
| #define HAVE_INTTYPES_H 1
| #define HAVE_STDINT_H 1
| #define HAVE_UNISTD_H 1
| #define HAVE_LIMITS_H 1
| #define MODULE_SCOPE extern __attribute__((__visibility__("hidden")))
| #define MAC_OSX_TCL 1
| #define HAVE_COREFOUNDATION 1
| #define TCL_CFG_DO64BIT 1
| #define HAVE_CAST_TO_UNION 1
| #define TCL_SHLIB_EXT ".dylib"
| #define NDEBUG 1
| #define TCL_CFG_OPTIMIZED 1
| #define TCL_WIDE_INT_IS_LONG 1
| #define HAVE_SYS_TIME_H 1
| #define TIME_WITH_SYS_TIME 1
| #define HAVE_INTPTR_T 1
| #define HAVE_UINTPTR_T 1
| #define HAVE_PW_GECOS 1
| #define HAVE_AVAILABILITYMACROS_H 1
| #define HAVE_WEAK_IMPORT 1
| #define _DARWIN_C_SOURCE 1
| #define HAVE_LIBXFT 1
| #define HAVE_XFT 1
| /* end confdefs.h.  */
| 
| /* Override any GCC internal prototype to avoid an error.
|    Use char because int might match the return type of a GCC
|    builtin and then its argument prototype would still apply.  */
| #ifdef __cplusplus
| extern "C"
| #endif
| char XScreenSaverQueryInfo ();
| int
| main ()
| {
| return XScreenSaverQueryInfo ();
|   ;
|   return 0;
| }
configure:8563: result: no
configure:8599: checking whether char is unsigned
configure:8618: gcc-mp-4.9 -Wall -std=gnu11 -m64  -m64 -c -DTCL_NO_STACK_CHECK -m64 -DTCL_NO_STACK_CHECK -m64 -pipe  -arch x86_64   conftest.c >&5
configure:8618: $? = 0
configure:8625: result: no
configure:8667: checking how to package libraries
configure:8694: result: shared library
configure:9013: creating ./config.status

## ---------------------- ##
## Running config.status. ##
## ---------------------- ##

This file was extended by tk config.status 8.5, which was
generated by GNU Autoconf 2.69.  Invocation command line was

  CONFIG_FILES    = 
  CONFIG_HEADERS  = 
  CONFIG_LINKS    = 
  CONFIG_COMMANDS = 
  $ ./config.status 

on b-2021.home

config.status:834: creating Tk-Info.plist
config.status:834: creating Wish-Info.plist
config.status:834: creating Makefile
config.status:834: creating tkConfig.sh
config.status:834: creating tk.pc

## ---------------- ##
## Cache variables. ##
## ---------------- ##

ac_cv_c_bigendian=no
ac_cv_c_char_unsigned=no
ac_cv_c_compiler_gnu=yes
ac_cv_c_tclconfig=/Users/oide/SAD/oldsad/obj/i386-Darwin15/tcl8.5.18/unix
ac_cv_env_CC_set=set
ac_cv_env_CC_value='gcc-mp-4.9 -Wall -std=gnu11 -m64  -m64'
ac_cv_env_CFLAGS_set=set
ac_cv_env_CFLAGS_value=' -DTCL_NO_STACK_CHECK -m64 -DTCL_NO_STACK_CHECK -m64'
ac_cv_env_CPPFLAGS_set=
ac_cv_env_CPPFLAGS_value=
ac_cv_env_CPP_set=
ac_cv_env_CPP_value=
ac_cv_env_LDFLAGS_set=set
ac_cv_env_LDFLAGS_value=
ac_cv_env_LIBS_set=
ac_cv_env_LIBS_value=
ac_cv_env_XMKMF_set=
ac_cv_env_XMKMF_value=
ac_cv_env_build_alias_set=
ac_cv_env_build_alias_value=
ac_cv_env_host_alias_set=
ac_cv_env_host_alias_value=
ac_cv_env_target_alias_set=
ac_cv_env_target_alias_value=
ac_cv_func_XScreenSaverQueryInfo=no
ac_cv_func_strtod=yes
ac_cv_have_x='have_x=yes	ac_x_includes='\''/usr/X11R6/include'\''	ac_x_libraries='\''/usr/X11R6/lib'\'''
ac_cv_header_AvailabilityMacros_h=yes
ac_cv_header_X11_XKBlib_h=yes
ac_cv_header_X11_Xft_Xft_h=yes
ac_cv_header_X11_extensions_scrnsaver_h=no
ac_cv_header_inttypes_h=yes
ac_cv_header_limits_h=yes
ac_cv_header_memory_h=yes
ac_cv_header_stdc=yes
ac_cv_header_stdint_h=yes
ac_cv_header_stdlib_h=yes
ac_cv_header_string_h=yes
ac_cv_header_strings_h=yes
ac_cv_header_sys_stat_h=yes
ac_cv_header_sys_time_h=yes
ac_cv_header_sys_types_h=yes
ac_cv_header_time=yes
ac_cv_header_unistd_h=yes
ac_cv_lib_X11_XkbKeycodeToKeysym=no
ac_cv_lib_Xbsd_main=no
ac_cv_lib_Xext_XScreenSaverQueryInfo=no
ac_cv_lib_Xft_XftFontOpen=yes
ac_cv_lib_Xss_XScreenSaverQueryInfo=no
ac_cv_lib_dl_dlopen=yes
ac_cv_lib_fontconfig_FcFontSort=yes
ac_cv_objext=o
ac_cv_path_EGREP='/usr/bin/grep -E'
ac_cv_path_GREP=/usr/bin/grep
ac_cv_path_tclsh=/usr/bin/tclsh8.5
ac_cv_prog_CPP='gcc-mp-4.9 -Wall -std=gnu11 -m64  -m64 -E'
ac_cv_prog_ac_ct_AR=ar
ac_cv_prog_ac_ct_CC='gcc-mp-4.9 -Wall -std=gnu11 -m64  -m64'
ac_cv_prog_ac_ct_RANLIB=ranlib
ac_cv_prog_cc_c89=
ac_cv_prog_cc_g=yes
ac_cv_type_intptr_t=yes
ac_cv_type_mode_t=yes
ac_cv_type_pid_t=yes
ac_cv_type_size_t=yes
ac_cv_type_uid_t=yes
ac_cv_type_uintptr_t=yes
tcl_cv_cast_to_union=yes
tcl_cv_cc_arch_x86_64=yes
tcl_cv_cc_darwin_c_source=yes
tcl_cv_cc_pipe=yes
tcl_cv_cc_visibility_hidden=yes
tcl_cv_cc_weak_import=yes
tcl_cv_flag__isoc99_source=no
tcl_cv_flag__largefile64_source=no
tcl_cv_flag__largefile_source64=no
tcl_cv_ld_search_paths_first=yes
tcl_cv_ld_single_module=yes
tcl_cv_ld_weak_l=yes
tcl_cv_lib_corefoundation=yes
tcl_cv_pwd_pw_gecos=yes
tcl_cv_strtod_buggy=ok
tcl_cv_sys_version=Darwin-15.0.0
tcl_cv_type_64bit=none
tcl_cv_type_fd_set=yes

## ----------------- ##
## Output variables. ##
## ----------------- ##

APP_RSRC_FILE=''
AR='ar'
BUILD_TCLSH='/Users/oide/SAD/oldsad/obj/i386-Darwin15/tcl8.5.18/unix/tclsh'
CC='gcc-mp-4.9 -Wall -std=gnu11 -m64  -m64'
CC_SEARCH_FLAGS=''
CFBUNDLELOCALIZATIONS='<string>cs</string><string>da</string><string>de</string><string>el</string><string>en</string><string>en_gb</string><string>eo</string><string>es</string><string>fr</string><string>hu</string><string>it</string><string>nl</string><string>pl</string><string>pt</string><string>ru</string><string>sv</string>'
CFLAGS='-DTCL_NO_STACK_CHECK -m64 -DTCL_NO_STACK_CHECK -m64 -pipe  -arch x86_64  '
CFLAGS_DEBUG='-g'
CFLAGS_DEFAULT='$(CFLAGS_OPTIMIZE)'
CFLAGS_OPTIMIZE='-Os'
CFLAGS_WARNING='-Wall'
CPP='gcc-mp-4.9 -Wall -std=gnu11 -m64  -m64 -E'
CPPFLAGS=''
DEFS='-DPACKAGE_NAME=\"tk\" -DPACKAGE_TARNAME=\"tk\" -DPACKAGE_VERSION=\"8.5\" -DPACKAGE_STRING=\"tk\ 8.5\" -DPACKAGE_BUGREPORT=\"\" -DPACKAGE_URL=\"\" -DSTDC_HEADERS=1 -DHAVE_SYS_TYPES_H=1 -DHAVE_SYS_STAT_H=1 -DHAVE_STDLIB_H=1 -DHAVE_STRING_H=1 -DHAVE_MEMORY_H=1 -DHAVE_STRINGS_H=1 -DHAVE_INTTYPES_H=1 -DHAVE_STDINT_H=1 -DHAVE_UNISTD_H=1 -DHAVE_LIMITS_H=1 -DMODULE_SCOPE=extern\ __attribute__\(\(__visibility__\(\"hidden\"\)\)\) -DMAC_OSX_TCL=1 -DHAVE_COREFOUNDATION=1 -DTCL_CFG_DO64BIT=1 -DHAVE_CAST_TO_UNION=1 -DTCL_SHLIB_EXT=\".dylib\" -DNDEBUG=1 -DTCL_CFG_OPTIMIZED=1 -DTCL_WIDE_INT_IS_LONG=1 -DHAVE_SYS_TIME_H=1 -DTIME_WITH_SYS_TIME=1 -DHAVE_INTPTR_T=1 -DHAVE_UINTPTR_T=1 -DHAVE_PW_GECOS=1 -DHAVE_AVAILABILITYMACROS_H=1 -DHAVE_WEAK_IMPORT=1 -D_DARWIN_C_SOURCE=1 -DHAVE_LIBXFT=1 -DHAVE_XFT=1'
DLL_INSTALL_DIR='$(LIB_INSTALL_DIR)'
DL_LIBS=''
DL_OBJS='tclLoadDyld.o'
ECHO_C='\c'
ECHO_N=''
ECHO_T=''
EGREP='/usr/bin/grep -E'
EXEEXT=''
EXTRA_APP_CC_SWITCHES=''
EXTRA_BUILD_HTML=''
EXTRA_CC_SWITCHES=''
EXTRA_INSTALL=''
EXTRA_INSTALL_BINARIES=''
EXTRA_WISH_LIBS='-sectcreate __TEXT __info_plist Wish-Info.plist'
GREP='/usr/bin/grep'
HTML_DIR='$(DISTDIR)/html'
INSTALL_LIB='$(INSTALL_LIBRARY) $(LIB_FILE) "$(LIB_INSTALL_DIR)/$(LIB_FILE)"'
INSTALL_STUB_LIB='$(INSTALL_LIBRARY) $(STUB_LIB_FILE) "$(LIB_INSTALL_DIR)/$(STUB_LIB_FILE)" ; (cd "$(LIB_INSTALL_DIR)" ; $(RANLIB) $(STUB_LIB_FILE))'
LDAIX_SRC=''
LDFLAGS=' -prebind -headerpad_max_install_names -Wl,-search_paths_first '
LDFLAGS_DEBUG=''
LDFLAGS_DEFAULT='$(LDFLAGS_OPTIMIZE)'
LDFLAGS_OPTIMIZE=''
LD_LIBRARY_PATH_VAR='DYLD_LIBRARY_PATH'
LD_SEARCH_FLAGS=''
LIBOBJS=''
LIBS=' -framework CoreFoundation'
LIB_RSRC_FILE=''
LIB_RUNTIME_DIR='${LIB_RUNTIME_DIR}:/usr/X11R6/lib'
LOCALES='cs da de el en en_gb eo es fr hu it nl pl pt ru sv'
LTLIBOBJS=''
MAKE_LIB='${SHLIB_LD} -o $@ ${OBJS} ${SHLIB_LD_LIBS} ${TCL_SHLIB_LD_EXTRAS} ${TK_SHLIB_LD_EXTRAS} ${LD_SEARCH_FLAGS}'
MAKE_STUB_LIB='${STLIB_LD} $@ ${STUB_LIB_OBJS} ; ${RANLIB} $@'
MAN_FLAGS=''
OBJEXT='o'
PACKAGE_BUGREPORT=''
PACKAGE_NAME='tk'
PACKAGE_STRING='tk 8.5'
PACKAGE_TARNAME='tk'
PACKAGE_URL=''
PACKAGE_VERSION='8.5'
PATH_SEPARATOR=':'
PLAT_OBJS='${MAC_OSX_OBJS}'
PLAT_SRCS='${MAC_OSX_SRCS}'
PRIVATE_INCLUDE_DIR='$(includedir)'
RANLIB='ranlib'
REZ=''
REZ_FLAGS=''
SHELL='/bin/sh'
SHLIB_CFLAGS='-fno-common'
SHLIB_LD='${CC} -dynamiclib ${CFLAGS} ${LDFLAGS} -Wl,-single_module'
SHLIB_LD_LIBS='${LIBS} ${TCL_STUB_LIB_SPEC}'
SHLIB_SUFFIX='.dylib'
STLIB_LD='${AR} cr'
TCLSH_PROG='/usr/bin/tclsh8.5'
TCL_BIN_DIR='/Users/oide/SAD/oldsad/obj/i386-Darwin15/tcl8.5.18/unix'
TCL_LIBS='  -framework CoreFoundation '
TCL_LIB_FILE='libtcl8.5.dylib'
TCL_LIB_FLAG='-ltcl8.5'
TCL_LIB_SPEC='-L/Users/oide/SAD/oldsad/obj/i386-Darwin15/tcl8.5.18/unix -ltcl8.5'
TCL_PATCH_LEVEL='.18'
TCL_SHLIB_LD_EXTRAS=''
TCL_SRC_DIR='/Users/oide/SAD/oldsad/obj/i386-Darwin15/tcl8.5.18'
TCL_STUB_FLAGS='-DUSE_TCL_STUBS'
TCL_STUB_LIB_FILE='libtclstub8.5.a'
TCL_STUB_LIB_FLAG='-ltclstub8.5'
TCL_STUB_LIB_SPEC='-L/Users/oide/SAD/oldsad/obj/i386-Darwin15/tcl8.5.18/unix -ltclstub8.5'
TCL_THREADS='0'
TCL_VERSION='8.5'
TK_BUILD_LIB_SPEC='-L/Users/oide/SAD/oldsad/obj/i386-Darwin15/tk8.5.18/unix -ltk8.5'
TK_BUILD_STUB_LIB_PATH='/Users/oide/SAD/oldsad/obj/i386-Darwin15/tk8.5.18/unix/libtkstub8.5.a'
TK_BUILD_STUB_LIB_SPEC='-L/Users/oide/SAD/oldsad/obj/i386-Darwin15/tk8.5.18/unix -ltkstub8.5'
TK_INCLUDE_SPEC='-I/Users/oide/SAD/oldsad//arch/i386-Darwin15/include'
TK_LIBRARY='$(prefix)/lib/tk$(VERSION)'
TK_LIB_FILE='libtk8.5.dylib'
TK_LIB_FLAG='-ltk8.5'
TK_LIB_SPEC='-L/Users/oide/SAD/oldsad//arch/i386-Darwin15/lib -ltk8.5'
TK_MAJOR_VERSION='8'
TK_MINOR_VERSION='5'
TK_PATCH_LEVEL='.18'
TK_PKG_DIR='tk$(VERSION)'
TK_RSRC_FILE='tk$(VERSION).rsrc'
TK_SHARED_BUILD='1'
TK_SHLIB_LD_EXTRAS='-compatibility_version 8.5 -current_version 8.5.18 -install_name "${DYLIB_INSTALL_DIR}/${TK_LIB_FILE}" -unexported_symbols_list $$(f=$(TK_LIB_FILE).E && nm -gp tkMacOSX*.o 2>/dev/null | awk "/^[0-9a-f]+ . \.objc/ {print \$$3}" > $$f && nm -gjp "$(TCL_BIN_DIR)"/$(TCL_STUB_LIB_FILE) | grep ^_[^_] >> $$f && echo $$f) -seg1addr 0xb000000 -sectcreate __TEXT __info_plist Tk-Info.plist'
TK_SRC_DIR='/Users/oide/SAD/oldsad/obj/i386-Darwin15/tk8.5.18'
TK_STUB_LIB_FILE='libtkstub8.5.a'
TK_STUB_LIB_FLAG='-ltkstub8.5'
TK_STUB_LIB_PATH='/Users/oide/SAD/oldsad//arch/i386-Darwin15/lib/libtkstub8.5.a'
TK_STUB_LIB_SPEC='-L/Users/oide/SAD/oldsad//arch/i386-Darwin15/lib -ltkstub8.5'
TK_VERSION='8.5'
TK_WINDOWINGSYSTEM='X11'
TK_YEAR='2015'
UNIX_FONT_OBJS='tkUnixRFont.o'
WISH_RSRC_FILE='wish$(VERSION).rsrc'
XFT_CFLAGS='-I/usr/X11/include -I/usr/X11/include/freetype2 -I/usr/X11/include -I/usr/X11/include -I/usr/X11/include'
XFT_LIBS='-L/usr/X11/lib -lXft -lX11 -L/usr/X11/lib -lfreetype -L/usr/X11/lib -lfontconfig -L/usr/X11/lib -lXrender -lX11 -lfontconfig'
XINCLUDES=''
XLIBSW='-L/usr/X11R6/lib -lX11'
XMKMF=''
ac_ct_CC='gcc-mp-4.9 -Wall -std=gnu11 -m64  -m64'
bindir='${exec_prefix}/bin'
build_alias=''
datadir='${datarootdir}'
datarootdir='${prefix}/share'
docdir='${datarootdir}/doc/${PACKAGE_TARNAME}'
dvidir='${docdir}'
exec_prefix='/Users/oide/SAD/oldsad//arch/i386-Darwin15'
host_alias=''
htmldir='${docdir}'
includedir='${prefix}/include'
infodir='${datarootdir}/info'
libdir='/Users/oide/SAD/oldsad//arch/i386-Darwin15/lib'
libexecdir='${exec_prefix}/libexec'
localedir='${datarootdir}/locale'
localstatedir='${prefix}/var'
mandir='${datarootdir}/man'
oldincludedir='/usr/include'
pdfdir='${docdir}'
prefix='/Users/oide/SAD/oldsad//arch/i386-Darwin15'
program_transform_name='s,x,x,'
psdir='${docdir}'
sbindir='${exec_prefix}/sbin'
sharedstatedir='${prefix}/com'
sysconfdir='${prefix}/etc'
target_alias=''

## ----------- ##
## confdefs.h. ##
## ----------- ##

/* confdefs.h */
#define PACKAGE_NAME "tk"
#define PACKAGE_TARNAME "tk"
#define PACKAGE_VERSION "8.5"
#define PACKAGE_STRING "tk 8.5"
#define PACKAGE_BUGREPORT ""
#define PACKAGE_URL ""
#define STDC_HEADERS 1
#define HAVE_SYS_TYPES_H 1
#define HAVE_SYS_STAT_H 1
#define HAVE_STDLIB_H 1
#define HAVE_STRING_H 1
#define HAVE_MEMORY_H 1
#define HAVE_STRINGS_H 1
#define HAVE_INTTYPES_H 1
#define HAVE_STDINT_H 1
#define HAVE_UNISTD_H 1
#define HAVE_LIMITS_H 1
#define MODULE_SCOPE extern __attribute__((__visibility__("hidden")))
#define MAC_OSX_TCL 1
#define HAVE_COREFOUNDATION 1
#define TCL_CFG_DO64BIT 1
#define HAVE_CAST_TO_UNION 1
#define TCL_SHLIB_EXT ".dylib"
#define NDEBUG 1
#define TCL_CFG_OPTIMIZED 1
#define TCL_WIDE_INT_IS_LONG 1
#define HAVE_SYS_TIME_H 1
#define TIME_WITH_SYS_TIME 1
#define HAVE_INTPTR_T 1
#define HAVE_UINTPTR_T 1
#define HAVE_PW_GECOS 1
#define HAVE_AVAILABILITYMACROS_H 1
#define HAVE_WEAK_IMPORT 1
#define _DARWIN_C_SOURCE 1
#define HAVE_LIBXFT 1
#define HAVE_XFT 1

configure: exit 0
