This file contains any messages produced by compilers while
running configure, to aid debugging if configure makes a mistake.

It was created by tk configure 8.5, which was
generated by GNU Autoconf 2.59.  Invocation command line was

  $ ./configure --prefix=/Users/oide/SAD/oldsad//arch/AMD64-Linux3 --enable-64bit --enable-xft --x-includes=/usr/X11R6/include --x-libraries=/usr/X11R6/lib --enable-shared

## --------- ##
## Platform. ##
## --------- ##

hostname = ubuntu
uname -m = x86_64
uname -r = 3.5.0-21-generic
uname -s = Linux
uname -v = #32-Ubuntu SMP Tue Dec 11 18:51:59 UTC 2012

/usr/bin/uname -p = unknown
/bin/uname -X     = unknown

/bin/arch              = unknown
/usr/bin/arch -k       = unknown
/usr/convex/getsysinfo = unknown
hostinfo               = unknown
/bin/machine           = unknown
/usr/bin/oslevel       = unknown
/bin/universe          = unknown

PATH: /opt/local/bin
PATH: /opt/local/sbin
PATH: /opt/local/bin
PATH: /opt/local/sbin
PATH: /Users/oide/SAD/oldsad/bin
PATH: /Users/oide/bin
PATH: /usr/local/bin
PATH: /usr/bin
PATH: /bin
PATH: /usr/local/sbin
PATH: /usr/sbin
PATH: /sbin
PATH: /usr/X11R6/bin
PATH: /usr/texbin


## ----------- ##
## Core tests. ##
## ----------- ##

configure:1365: checking for Tcl configuration
configure:1469: result: found /home/oide/SAD/oldsad/obj/AMD64-Linux3/tcl8.5.13/unix/tclConfig.sh
configure:1475: checking for existence of /home/oide/SAD/oldsad/obj/AMD64-Linux3/tcl8.5.13/unix/tclConfig.sh
configure:1479: result: loading
configure:1545: checking for tclsh
configure:1574: result: No tclsh found on PATH
configure:1580: checking for tclsh in Tcl build directory
configure:1583: result: /home/oide/SAD/oldsad/obj/AMD64-Linux3/tcl8.5.13/unix/tclsh
configure:1617: checking whether to use symlinks for manpages
configure:1626: result: no
configure:1629: checking whether to compress the manpages
configure:1644: result: no
configure:1658: checking whether to add a package name suffix for the manpages
configure:1671: result: no
configure:1733: checking for gcc
configure:1759: result: gcc-mp-4.7 -Wall -std=gnu11 -m64 
configure:2003: checking for C compiler version
configure:2006: gcc-mp-4.7 -Wall -std=gnu11 -m64  --version </dev/null >&5
gcc-mp-4.7 (Ubuntu/Linaro 4.7.2-2ubuntu1) 4.7.2
Copyright (C) 2012 Free Software Foundation, Inc.
This is free software; see the source for copying conditions.  There is NO
warranty; not even for MERCHANTABILITY or FITNESS FOR A PARTICULAR PURPOSE.

configure:2009: $? = 0
configure:2011: gcc-mp-4.7 -Wall -std=gnu11 -m64  -v </dev/null >&5
Using built-in specs.
COLLECT_GCC=gcc-mp-4.7
COLLECT_LTO_WRAPPER=/usr/lib/gcc/x86_64-linux-gnu/4.7/lto-wrapper
Target: x86_64-linux-gnu
Configured with: ../src/configure -v --with-pkgversion='Ubuntu/Linaro 4.7.2-2ubuntu1' --with-bugurl=file:///usr/share/doc/gcc-4.7/README.Bugs --enable-languages=c,c++,go,fortran,objc,obj-c++ --prefix=/usr --program-suffix=-4.7 --enable-shared --enable-linker-build-id --with-system-zlib --libexecdir=/usr/lib --without-included-gettext --enable-threads=posix --with-gxx-include-dir=/usr/include/c++/4.7 --libdir=/usr/lib --enable-nls --with-sysroot=/ --enable-clocale=gnu --enable-libstdcxx-debug --enable-libstdcxx-time=yes --enable-gnu-unique-object --enable-plugin --enable-objc-gc --disable-werror --with-arch-32=i686 --with-tune=generic --enable-checking=release --build=x86_64-linux-gnu --host=x86_64-linux-gnu --target=x86_64-linux-gnu
Thread model: posix
gcc version 4.7.2 (Ubuntu/Linaro 4.7.2-2ubuntu1) 
configure:2014: $? = 0
configure:2016: gcc-mp-4.7 -Wall -std=gnu11 -m64  -V </dev/null >&5
gcc-mp-4.7: error: unrecognized command line option '-V'
gcc-mp-4.7: fatal error: no input files
compilation terminated.
configure:2019: $? = 4
configure:2042: checking for C compiler default output file name
configure:2045: gcc-mp-4.7 -Wall -std=gnu11 -m64   -DTCL_NO_STACK_CHECK -DTCL_NO_STACK_CHECK   conftest.c  >&5
configure:2048: $? = 0
configure:2094: result: a.out
configure:2099: checking whether the C compiler works
configure:2105: ./a.out
configure:2108: $? = 0
configure:2125: result: yes
configure:2132: checking whether we are cross compiling
configure:2134: result: no
configure:2137: checking for suffix of executables
configure:2139: gcc-mp-4.7 -Wall -std=gnu11 -m64  -o conftest  -DTCL_NO_STACK_CHECK -DTCL_NO_STACK_CHECK   conftest.c  >&5
configure:2142: $? = 0
configure:2167: result: 
configure:2173: checking for suffix of object files
configure:2194: gcc-mp-4.7 -Wall -std=gnu11 -m64  -c  -DTCL_NO_STACK_CHECK -DTCL_NO_STACK_CHECK  conftest.c >&5
configure:2197: $? = 0
configure:2219: result: o
configure:2223: checking whether we are using the GNU C compiler
configure:2247: gcc-mp-4.7 -Wall -std=gnu11 -m64  -c  -DTCL_NO_STACK_CHECK -DTCL_NO_STACK_CHECK  conftest.c >&5
configure:2253: $? = 0
configure:2257: test -z 
			 || test ! -s conftest.err
configure:2260: $? = 0
configure:2263: test -s conftest.o
configure:2266: $? = 0
configure:2279: result: yes
configure:2285: checking whether gcc-mp-4.7 -Wall -std=gnu11 -m64  accepts -g
configure:2306: gcc-mp-4.7 -Wall -std=gnu11 -m64  -c -g  conftest.c >&5
configure:2312: $? = 0
configure:2316: test -z 
			 || test ! -s conftest.err
configure:2319: $? = 0
configure:2322: test -s conftest.o
configure:2325: $? = 0
configure:2336: result: yes
configure:2353: checking for gcc-mp-4.7 -Wall -std=gnu11 -m64  option to accept ANSI C
configure:2423: gcc-mp-4.7 -Wall -std=gnu11 -m64   -c  -DTCL_NO_STACK_CHECK -DTCL_NO_STACK_CHECK  conftest.c >&5
configure:2429: $? = 0
configure:2433: test -z 
			 || test ! -s conftest.err
configure:2436: $? = 0
configure:2439: test -s conftest.o
configure:2442: $? = 0
configure:2460: result: none needed
configure:2478: gcc-mp-4.7 -Wall -std=gnu11 -m64  -c  -DTCL_NO_STACK_CHECK -DTCL_NO_STACK_CHECK  conftest.c >&5
conftest.c:2:3: error: unknown type name 'choke'
conftest.c:2:3: error: expected '=', ',', ';', 'asm' or '__attribute__' at end of input
configure:2484: $? = 1
configure: failed program was:
| #ifndef __cplusplus
|   choke me
| #endif
configure:2626: checking how to run the C preprocessor
configure:2661: gcc-mp-4.7 -Wall -std=gnu11 -m64  -E  conftest.c
configure:2667: $? = 0
configure:2699: gcc-mp-4.7 -Wall -std=gnu11 -m64  -E  conftest.c
conftest.c:9:28: fatal error: ac_nonexistent.h: No such file or directory
compilation terminated.
configure:2705: $? = 1
configure: failed program was:
| /* confdefs.h.  */
| 
| #define PACKAGE_NAME "tk"
| #define PACKAGE_TARNAME "tk"
| #define PACKAGE_VERSION "8.5"
| #define PACKAGE_STRING "tk 8.5"
| #define PACKAGE_BUGREPORT ""
| /* end confdefs.h.  */
| #include <ac_nonexistent.h>
configure:2744: result: gcc-mp-4.7 -Wall -std=gnu11 -m64  -E
configure:2768: gcc-mp-4.7 -Wall -std=gnu11 -m64  -E  conftest.c
configure:2774: $? = 0
configure:2806: gcc-mp-4.7 -Wall -std=gnu11 -m64  -E  conftest.c
conftest.c:9:28: fatal error: ac_nonexistent.h: No such file or directory
compilation terminated.
configure:2812: $? = 1
configure: failed program was:
| /* confdefs.h.  */
| 
| #define PACKAGE_NAME "tk"
| #define PACKAGE_TARNAME "tk"
| #define PACKAGE_VERSION "8.5"
| #define PACKAGE_STRING "tk 8.5"
| #define PACKAGE_BUGREPORT ""
| /* end confdefs.h.  */
| #include <ac_nonexistent.h>
configure:2856: checking for egrep
configure:2866: result: grep -E
configure:2871: checking for ANSI C header files
configure:2896: gcc-mp-4.7 -Wall -std=gnu11 -m64  -c  -DTCL_NO_STACK_CHECK -DTCL_NO_STACK_CHECK  conftest.c >&5
configure:2902: $? = 0
configure:2906: test -z 
			 || test ! -s conftest.err
configure:2909: $? = 0
configure:2912: test -s conftest.o
configure:2915: $? = 0
configure:3004: gcc-mp-4.7 -Wall -std=gnu11 -m64  -o conftest  -DTCL_NO_STACK_CHECK -DTCL_NO_STACK_CHECK   conftest.c  >&5
conftest.c: In function 'main':
conftest.c:26:7: warning: implicit declaration of function 'exit' [-Wimplicit-function-declaration]
conftest.c:26:7: warning: incompatible implicit declaration of built-in function 'exit' [enabled by default]
conftest.c:27:3: warning: incompatible implicit declaration of built-in function 'exit' [enabled by default]
configure:3007: $? = 0
configure:3009: ./conftest
configure:3012: $? = 0
configure:3027: result: yes
configure:3051: checking for sys/types.h
configure:3067: gcc-mp-4.7 -Wall -std=gnu11 -m64  -c  -DTCL_NO_STACK_CHECK -DTCL_NO_STACK_CHECK  conftest.c >&5
configure:3073: $? = 0
configure:3077: test -z 
			 || test ! -s conftest.err
configure:3080: $? = 0
configure:3083: test -s conftest.o
configure:3086: $? = 0
configure:3097: result: yes
configure:3051: checking for sys/stat.h
configure:3067: gcc-mp-4.7 -Wall -std=gnu11 -m64  -c  -DTCL_NO_STACK_CHECK -DTCL_NO_STACK_CHECK  conftest.c >&5
configure:3073: $? = 0
configure:3077: test -z 
			 || test ! -s conftest.err
configure:3080: $? = 0
configure:3083: test -s conftest.o
configure:3086: $? = 0
configure:3097: result: yes
configure:3051: checking for stdlib.h
configure:3067: gcc-mp-4.7 -Wall -std=gnu11 -m64  -c  -DTCL_NO_STACK_CHECK -DTCL_NO_STACK_CHECK  conftest.c >&5
configure:3073: $? = 0
configure:3077: test -z 
			 || test ! -s conftest.err
configure:3080: $? = 0
configure:3083: test -s conftest.o
configure:3086: $? = 0
configure:3097: result: yes
configure:3051: checking for string.h
configure:3067: gcc-mp-4.7 -Wall -std=gnu11 -m64  -c  -DTCL_NO_STACK_CHECK -DTCL_NO_STACK_CHECK  conftest.c >&5
configure:3073: $? = 0
configure:3077: test -z 
			 || test ! -s conftest.err
configure:3080: $? = 0
configure:3083: test -s conftest.o
configure:3086: $? = 0
configure:3097: result: yes
configure:3051: checking for memory.h
configure:3067: gcc-mp-4.7 -Wall -std=gnu11 -m64  -c  -DTCL_NO_STACK_CHECK -DTCL_NO_STACK_CHECK  conftest.c >&5
configure:3073: $? = 0
configure:3077: test -z 
			 || test ! -s conftest.err
configure:3080: $? = 0
configure:3083: test -s conftest.o
configure:3086: $? = 0
configure:3097: result: yes
configure:3051: checking for strings.h
configure:3067: gcc-mp-4.7 -Wall -std=gnu11 -m64  -c  -DTCL_NO_STACK_CHECK -DTCL_NO_STACK_CHECK  conftest.c >&5
configure:3073: $? = 0
configure:3077: test -z 
			 || test ! -s conftest.err
configure:3080: $? = 0
configure:3083: test -s conftest.o
configure:3086: $? = 0
configure:3097: result: yes
configure:3051: checking for inttypes.h
configure:3067: gcc-mp-4.7 -Wall -std=gnu11 -m64  -c  -DTCL_NO_STACK_CHECK -DTCL_NO_STACK_CHECK  conftest.c >&5
configure:3073: $? = 0
configure:3077: test -z 
			 || test ! -s conftest.err
configure:3080: $? = 0
configure:3083: test -s conftest.o
configure:3086: $? = 0
configure:3097: result: yes
configure:3051: checking for stdint.h
configure:3067: gcc-mp-4.7 -Wall -std=gnu11 -m64  -c  -DTCL_NO_STACK_CHECK -DTCL_NO_STACK_CHECK  conftest.c >&5
configure:3073: $? = 0
configure:3077: test -z 
			 || test ! -s conftest.err
configure:3080: $? = 0
configure:3083: test -s conftest.o
configure:3086: $? = 0
configure:3097: result: yes
configure:3051: checking for unistd.h
configure:3067: gcc-mp-4.7 -Wall -std=gnu11 -m64  -c  -DTCL_NO_STACK_CHECK -DTCL_NO_STACK_CHECK  conftest.c >&5
configure:3073: $? = 0
configure:3077: test -z 
			 || test ! -s conftest.err
configure:3080: $? = 0
configure:3083: test -s conftest.o
configure:3086: $? = 0
configure:3097: result: yes
configure:3119: checking limits.h usability
configure:3131: gcc-mp-4.7 -Wall -std=gnu11 -m64  -c  -DTCL_NO_STACK_CHECK -DTCL_NO_STACK_CHECK  conftest.c >&5
configure:3137: $? = 0
configure:3141: test -z 
			 || test ! -s conftest.err
configure:3144: $? = 0
configure:3147: test -s conftest.o
configure:3150: $? = 0
configure:3160: result: yes
configure:3164: checking limits.h presence
configure:3174: gcc-mp-4.7 -Wall -std=gnu11 -m64  -E  conftest.c
configure:3180: $? = 0
configure:3200: result: yes
configure:3235: checking for limits.h
configure:3242: result: yes
configure:3268: checking for stdlib.h
configure:3273: result: yes
configure:3476: checking if the compiler understands -pipe
configure:3499: gcc-mp-4.7 -Wall -std=gnu11 -m64  -c  -DTCL_NO_STACK_CHECK -DTCL_NO_STACK_CHECK -pipe  conftest.c >&5
configure:3505: $? = 0
configure:3509: test -z 
			 || test ! -s conftest.err
configure:3512: $? = 0
configure:3515: test -s conftest.o
configure:3518: $? = 0
configure:3530: result: yes
configure:4449: checking for building with threads
configure:4465: result: no (default)
configure:4476: checking how to build libraries
configure:4494: result: shared
configure:4556: checking for ranlib
configure:4572: found /usr/bin/ranlib
configure:4583: result: ranlib
configure:4599: checking if 64bit support is requested
configure:4608: result: yes
configure:4613: checking if 64bit Sparc VIS support is requested
configure:4622: result: no
configure:4633: checking if compiler supports visibility "hidden"
configure:4658: gcc-mp-4.7 -Wall -std=gnu11 -m64  -o conftest  -DTCL_NO_STACK_CHECK -DTCL_NO_STACK_CHECK -pipe -Werror   conftest.c  >&5
configure:4664: $? = 0
configure:4668: test -z 
			 || test ! -s conftest.err
configure:4671: $? = 0
configure:4674: test -s conftest
configure:4677: $? = 0
configure:4690: result: yes
configure:4705: checking if rpath support is requested
configure:4714: result: yes
configure:4721: checking system version
configure:4749: result: Linux-3.5.0-21-generic
configure:4757: checking for dlopen in -ldl
configure:4787: gcc-mp-4.7 -Wall -std=gnu11 -m64  -o conftest  -DTCL_NO_STACK_CHECK -DTCL_NO_STACK_CHECK -pipe   conftest.c -ldl   >&5
configure:4793: $? = 0
configure:4797: test -z 
			 || test ! -s conftest.err
configure:4800: $? = 0
configure:4803: test -s conftest
configure:4806: $? = 0
configure:4819: result: yes
configure:4901: checking for ar
configure:4917: found /usr/bin/ar
configure:4927: result: ar
configure:5652: checking if compiler accepts -m64 flag
configure:5676: gcc-mp-4.7 -Wall -std=gnu11 -m64  -o conftest  -DTCL_NO_STACK_CHECK -DTCL_NO_STACK_CHECK -pipe -m64   -Wl,--export-dynamic conftest.c  >&5
configure:5682: $? = 0
configure:5686: test -z 
			 || test ! -s conftest.err
configure:5689: $? = 0
configure:5692: test -s conftest
configure:5695: $? = 0
configure:5708: result: yes
configure:7246: checking for cast to union support
configure:7270: gcc-mp-4.7 -Wall -std=gnu11 -m64  -c  -DTCL_NO_STACK_CHECK -DTCL_NO_STACK_CHECK -pipe -m64  conftest.c >&5
conftest.c: In function 'main':
conftest.c:28:15: warning: unused variable 'f' [-Wunused-variable]
configure:7276: $? = 0
configure:7280: test -z 
			 || test ! -s conftest.err
configure:7283: $? = 0
configure:7286: test -s conftest.o
configure:7289: $? = 0
configure:7301: result: yes
configure:7353: checking for build with symbols
configure:7372: result: no
configure:7416: checking for required early compiler flags
configure:7439: gcc-mp-4.7 -Wall -std=gnu11 -m64  -c  -DTCL_NO_STACK_CHECK -DTCL_NO_STACK_CHECK -pipe -m64  conftest.c >&5
conftest.c: In function 'main':
conftest.c:30:34: warning: unused variable 'q' [-Wunused-variable]
conftest.c:30:7: warning: unused variable 'p' [-Wunused-variable]
configure:7445: $? = 0
configure:7449: test -z 
			 || test ! -s conftest.err
configure:7452: $? = 0
configure:7455: test -s conftest.o
configure:7458: $? = 0
configure:7544: gcc-mp-4.7 -Wall -std=gnu11 -m64  -c  -DTCL_NO_STACK_CHECK -DTCL_NO_STACK_CHECK -pipe -m64  conftest.c >&5
conftest.c: In function 'main':
conftest.c:30:15: error: storage size of 'buf' isn't known
conftest.c:30:8: warning: implicit declaration of function 'stat64' [-Wimplicit-function-declaration]
conftest.c:30:24: warning: unused variable 'i' [-Wunused-variable]
conftest.c:30:15: warning: unused variable 'buf' [-Wunused-variable]
configure:7550: $? = 1
configure: failed program was:
| /* confdefs.h.  */
| 
| #define PACKAGE_NAME "tk"
| #define PACKAGE_TARNAME "tk"
| #define PACKAGE_VERSION "8.5"
| #define PACKAGE_STRING "tk 8.5"
| #define PACKAGE_BUGREPORT ""
| #define STDC_HEADERS 1
| #define HAVE_SYS_TYPES_H 1
| #define HAVE_SYS_STAT_H 1
| #define HAVE_STDLIB_H 1
| #define HAVE_STRING_H 1
| #define HAVE_MEMORY_H 1
| #define HAVE_STRINGS_H 1
| #define HAVE_INTTYPES_H 1
| #define HAVE_STDINT_H 1
| #define HAVE_UNISTD_H 1
| #define HAVE_LIMITS_H 1
| #define MODULE_SCOPE extern __attribute__((__visibility__("hidden")))
| #define TCL_CFG_DO64BIT 1
| #define HAVE_CAST_TO_UNION 1
| #define TCL_SHLIB_EXT ".so"
| #define NDEBUG 1
| #define TCL_CFG_OPTIMIZED 1
| /* end confdefs.h.  */
| #include <sys/stat.h>
| int
| main ()
| {
| struct stat64 buf; int i = stat64("/", &buf);
|   ;
|   return 0;
| }
configure:7587: gcc-mp-4.7 -Wall -std=gnu11 -m64  -c  -DTCL_NO_STACK_CHECK -DTCL_NO_STACK_CHECK -pipe -m64  conftest.c >&5
conftest.c: In function 'main':
conftest.c:31:24: warning: unused variable 'i' [-Wunused-variable]
configure:7593: $? = 0
configure:7597: test -z 
			 || test ! -s conftest.err
configure:7600: $? = 0
configure:7603: test -s conftest.o
configure:7606: $? = 0
configure:7649: gcc-mp-4.7 -Wall -std=gnu11 -m64  -c  -DTCL_NO_STACK_CHECK -DTCL_NO_STACK_CHECK -pipe -m64  conftest.c >&5
conftest.c: In function 'main':
conftest.c:31:19: error: 'open64' undeclared (first use in this function)
conftest.c:31:19: note: each undeclared identifier is reported only once for each function it appears in
conftest.c:31:7: warning: unused variable 'p' [-Wunused-variable]
configure:7655: $? = 1
configure: failed program was:
| /* confdefs.h.  */
| 
| #define PACKAGE_NAME "tk"
| #define PACKAGE_TARNAME "tk"
| #define PACKAGE_VERSION "8.5"
| #define PACKAGE_STRING "tk 8.5"
| #define PACKAGE_BUGREPORT ""
| #define STDC_HEADERS 1
| #define HAVE_SYS_TYPES_H 1
| #define HAVE_SYS_STAT_H 1
| #define HAVE_STDLIB_H 1
| #define HAVE_STRING_H 1
| #define HAVE_MEMORY_H 1
| #define HAVE_STRINGS_H 1
| #define HAVE_INTTYPES_H 1
| #define HAVE_STDINT_H 1
| #define HAVE_UNISTD_H 1
| #define HAVE_LIMITS_H 1
| #define MODULE_SCOPE extern __attribute__((__visibility__("hidden")))
| #define TCL_CFG_DO64BIT 1
| #define HAVE_CAST_TO_UNION 1
| #define TCL_SHLIB_EXT ".so"
| #define NDEBUG 1
| #define TCL_CFG_OPTIMIZED 1
| #define _LARGEFILE64_SOURCE 1
| /* end confdefs.h.  */
| #include <sys/stat.h>
| int
| main ()
| {
| char *p = (char *)open64;
|   ;
|   return 0;
| }
configure:7692: gcc-mp-4.7 -Wall -std=gnu11 -m64  -c  -DTCL_NO_STACK_CHECK -DTCL_NO_STACK_CHECK -pipe -m64  conftest.c >&5
conftest.c: In function 'main':
conftest.c:32:19: error: 'open64' undeclared (first use in this function)
conftest.c:32:19: note: each undeclared identifier is reported only once for each function it appears in
conftest.c:32:7: warning: unused variable 'p' [-Wunused-variable]
configure:7698: $? = 1
configure: failed program was:
| /* confdefs.h.  */
| 
| #define PACKAGE_NAME "tk"
| #define PACKAGE_TARNAME "tk"
| #define PACKAGE_VERSION "8.5"
| #define PACKAGE_STRING "tk 8.5"
| #define PACKAGE_BUGREPORT ""
| #define STDC_HEADERS 1
| #define HAVE_SYS_TYPES_H 1
| #define HAVE_SYS_STAT_H 1
| #define HAVE_STDLIB_H 1
| #define HAVE_STRING_H 1
| #define HAVE_MEMORY_H 1
| #define HAVE_STRINGS_H 1
| #define HAVE_INTTYPES_H 1
| #define HAVE_STDINT_H 1
| #define HAVE_UNISTD_H 1
| #define HAVE_LIMITS_H 1
| #define MODULE_SCOPE extern __attribute__((__visibility__("hidden")))
| #define TCL_CFG_DO64BIT 1
| #define HAVE_CAST_TO_UNION 1
| #define TCL_SHLIB_EXT ".so"
| #define NDEBUG 1
| #define TCL_CFG_OPTIMIZED 1
| #define _LARGEFILE64_SOURCE 1
| /* end confdefs.h.  */
| #define _LARGEFILE_SOURCE64 1
| #include <sys/stat.h>
| int
| main ()
| {
| char *p = (char *)open64;
|   ;
|   return 0;
| }
configure:7738: result:  _LARGEFILE64_SOURCE
configure:7744: checking for 64-bit integer type
configure:7768: gcc-mp-4.7 -Wall -std=gnu11 -m64  -c  -DTCL_NO_STACK_CHECK -DTCL_NO_STACK_CHECK -pipe -m64  conftest.c >&5
conftest.c: In function 'main':
conftest.c:31:1: error: unknown type name '__int64'
conftest.c:31:18: error: '__int64' undeclared (first use in this function)
conftest.c:31:18: note: each undeclared identifier is reported only once for each function it appears in
conftest.c:31:27: error: expected ',' or ';' before numeric constant
conftest.c:31:9: warning: unused variable 'value' [-Wunused-variable]
configure:7774: $? = 1
configure: failed program was:
| /* confdefs.h.  */
| 
| #define PACKAGE_NAME "tk"
| #define PACKAGE_TARNAME "tk"
| #define PACKAGE_VERSION "8.5"
| #define PACKAGE_STRING "tk 8.5"
| #define PACKAGE_BUGREPORT ""
| #define STDC_HEADERS 1
| #define HAVE_SYS_TYPES_H 1
| #define HAVE_SYS_STAT_H 1
| #define HAVE_STDLIB_H 1
| #define HAVE_STRING_H 1
| #define HAVE_MEMORY_H 1
| #define HAVE_STRINGS_H 1
| #define HAVE_INTTYPES_H 1
| #define HAVE_STDINT_H 1
| #define HAVE_UNISTD_H 1
| #define HAVE_LIMITS_H 1
| #define MODULE_SCOPE extern __attribute__((__visibility__("hidden")))
| #define TCL_CFG_DO64BIT 1
| #define HAVE_CAST_TO_UNION 1
| #define TCL_SHLIB_EXT ".so"
| #define NDEBUG 1
| #define TCL_CFG_OPTIMIZED 1
| #define _LARGEFILE64_SOURCE 1
| /* end confdefs.h.  */
| 
| int
| main ()
| {
| __int64 value = (__int64) 0;
|   ;
|   return 0;
| }
configure:7818: gcc-mp-4.7 -Wall -std=gnu11 -m64  -c  -DTCL_NO_STACK_CHECK -DTCL_NO_STACK_CHECK -pipe -m64  conftest.c >&5
conftest.c: In function 'main':
conftest.c:32:21: error: duplicate case value
conftest.c:32:13: error: previously used here
configure:7824: $? = 1
configure: failed program was:
| /* confdefs.h.  */
| 
| #define PACKAGE_NAME "tk"
| #define PACKAGE_TARNAME "tk"
| #define PACKAGE_VERSION "8.5"
| #define PACKAGE_STRING "tk 8.5"
| #define PACKAGE_BUGREPORT ""
| #define STDC_HEADERS 1
| #define HAVE_SYS_TYPES_H 1
| #define HAVE_SYS_STAT_H 1
| #define HAVE_STDLIB_H 1
| #define HAVE_STRING_H 1
| #define HAVE_MEMORY_H 1
| #define HAVE_STRINGS_H 1
| #define HAVE_INTTYPES_H 1
| #define HAVE_STDINT_H 1
| #define HAVE_UNISTD_H 1
| #define HAVE_LIMITS_H 1
| #define MODULE_SCOPE extern __attribute__((__visibility__("hidden")))
| #define TCL_CFG_DO64BIT 1
| #define HAVE_CAST_TO_UNION 1
| #define TCL_SHLIB_EXT ".so"
| #define NDEBUG 1
| #define TCL_CFG_OPTIMIZED 1
| #define _LARGEFILE64_SOURCE 1
| /* end confdefs.h.  */
| 
| int
| main ()
| {
| switch (0) {
|             case 1: case (sizeof(long long)==sizeof(long)): ;
|         }
|   ;
|   return 0;
| }
configure:7854: result: using long
configure:8170: checking whether byte ordering is bigendian
configure:8197: gcc-mp-4.7 -Wall -std=gnu11 -m64  -c  -DTCL_NO_STACK_CHECK -DTCL_NO_STACK_CHECK -pipe -m64  conftest.c >&5
configure:8203: $? = 0
configure:8207: test -z 
			 || test ! -s conftest.err
configure:8210: $? = 0
configure:8213: test -s conftest.o
configure:8216: $? = 0
configure:8240: gcc-mp-4.7 -Wall -std=gnu11 -m64  -c  -DTCL_NO_STACK_CHECK -DTCL_NO_STACK_CHECK -pipe -m64  conftest.c >&5
conftest.c: In function 'main':
conftest.c:35:2: error: unknown type name 'not'
conftest.c:35:10: error: expected '=', ',', ';', 'asm' or '__attribute__' before 'endian'
configure:8246: $? = 1
configure: failed program was:
| /* confdefs.h.  */
| 
| #define PACKAGE_NAME "tk"
| #define PACKAGE_TARNAME "tk"
| #define PACKAGE_VERSION "8.5"
| #define PACKAGE_STRING "tk 8.5"
| #define PACKAGE_BUGREPORT ""
| #define STDC_HEADERS 1
| #define HAVE_SYS_TYPES_H 1
| #define HAVE_SYS_STAT_H 1
| #define HAVE_STDLIB_H 1
| #define HAVE_STRING_H 1
| #define HAVE_MEMORY_H 1
| #define HAVE_STRINGS_H 1
| #define HAVE_INTTYPES_H 1
| #define HAVE_STDINT_H 1
| #define HAVE_UNISTD_H 1
| #define HAVE_LIMITS_H 1
| #define MODULE_SCOPE extern __attribute__((__visibility__("hidden")))
| #define TCL_CFG_DO64BIT 1
| #define HAVE_CAST_TO_UNION 1
| #define TCL_SHLIB_EXT ".so"
| #define NDEBUG 1
| #define TCL_CFG_OPTIMIZED 1
| #define _LARGEFILE64_SOURCE 1
| #define TCL_WIDE_INT_IS_LONG 1
| /* end confdefs.h.  */
| #include <sys/types.h>
| #include <sys/param.h>
| 
| int
| main ()
| {
| #if BYTE_ORDER != BIG_ENDIAN
|  not big endian
| #endif
| 
|   ;
|   return 0;
| }
configure:8381: result: no
configure:8431: checking for fd_set in sys/types
configure:8453: gcc-mp-4.7 -Wall -std=gnu11 -m64  -c  -DTCL_NO_STACK_CHECK -DTCL_NO_STACK_CHECK -pipe -m64  conftest.c >&5
conftest.c: In function 'main':
conftest.c:32:18: warning: unused variable 'writeMask' [-Wunused-variable]
conftest.c:32:8: warning: unused variable 'readMask' [-Wunused-variable]
configure:8459: $? = 0
configure:8463: test -z 
			 || test ! -s conftest.err
configure:8466: $? = 0
configure:8469: test -s conftest.o
configure:8472: $? = 0
configure:8483: result: yes
configure:8548: checking sys/time.h usability
configure:8560: gcc-mp-4.7 -Wall -std=gnu11 -m64  -c  -DTCL_NO_STACK_CHECK -DTCL_NO_STACK_CHECK -pipe -m64  conftest.c >&5
configure:8566: $? = 0
configure:8570: test -z 
			 || test ! -s conftest.err
configure:8573: $? = 0
configure:8576: test -s conftest.o
configure:8579: $? = 0
configure:8589: result: yes
configure:8593: checking sys/time.h presence
configure:8603: gcc-mp-4.7 -Wall -std=gnu11 -m64  -E  conftest.c
configure:8609: $? = 0
configure:8629: result: yes
configure:8664: checking for sys/time.h
configure:8671: result: yes
configure:8684: checking whether time.h and sys/time.h may both be included
configure:8709: gcc-mp-4.7 -Wall -std=gnu11 -m64  -c  -DTCL_NO_STACK_CHECK -DTCL_NO_STACK_CHECK -pipe -m64  conftest.c >&5
configure:8715: $? = 0
configure:8719: test -z 
			 || test ! -s conftest.err
configure:8722: $? = 0
configure:8725: test -s conftest.o
configure:8728: $? = 0
configure:8739: result: yes
configure:8758: checking for strtod
configure:8815: gcc-mp-4.7 -Wall -std=gnu11 -m64  -o conftest  -DTCL_NO_STACK_CHECK -DTCL_NO_STACK_CHECK -pipe -m64   -Wl,--export-dynamic  conftest.c  >&5
configure:8821: $? = 0
configure:8825: test -z 
			 || test ! -s conftest.err
configure:8828: $? = 0
configure:8831: test -s conftest
configure:8834: $? = 0
configure:8846: result: yes
configure:8855: checking for Solaris2.4/Tru64 strtod bugs
configure:8892: gcc-mp-4.7 -Wall -std=gnu11 -m64  -o conftest  -DTCL_NO_STACK_CHECK -DTCL_NO_STACK_CHECK -pipe -m64   -Wl,--export-dynamic  conftest.c  >&5
conftest.c: In function 'main':
conftest.c:38:4: warning: implicit declaration of function 'exit' [-Wimplicit-function-declaration]
conftest.c:38:4: warning: incompatible implicit declaration of built-in function 'exit' [enabled by default]
conftest.c:42:4: warning: incompatible implicit declaration of built-in function 'exit' [enabled by default]
conftest.c:46:4: warning: incompatible implicit declaration of built-in function 'exit' [enabled by default]
conftest.c:48:7: warning: incompatible implicit declaration of built-in function 'exit' [enabled by default]
conftest.c:35:14: warning: variable 'value' set but not used [-Wunused-but-set-variable]
configure:8895: $? = 0
configure:8897: ./conftest
configure:8900: $? = 0
configure:8914: result: ok
configure:8940: checking for mode_t
configure:8964: gcc-mp-4.7 -Wall -std=gnu11 -m64  -c  -DTCL_NO_STACK_CHECK -DTCL_NO_STACK_CHECK -pipe -m64  conftest.c >&5
configure:8970: $? = 0
configure:8974: test -z 
			 || test ! -s conftest.err
configure:8977: $? = 0
configure:8980: test -s conftest.o
configure:8983: $? = 0
configure:8994: result: yes
configure:9006: checking for pid_t
configure:9030: gcc-mp-4.7 -Wall -std=gnu11 -m64  -c  -DTCL_NO_STACK_CHECK -DTCL_NO_STACK_CHECK -pipe -m64  conftest.c >&5
configure:9036: $? = 0
configure:9040: test -z 
			 || test ! -s conftest.err
configure:9043: $? = 0
configure:9046: test -s conftest.o
configure:9049: $? = 0
configure:9060: result: yes
configure:9072: checking for size_t
configure:9096: gcc-mp-4.7 -Wall -std=gnu11 -m64  -c  -DTCL_NO_STACK_CHECK -DTCL_NO_STACK_CHECK -pipe -m64  conftest.c >&5
configure:9102: $? = 0
configure:9106: test -z 
			 || test ! -s conftest.err
configure:9109: $? = 0
configure:9112: test -s conftest.o
configure:9115: $? = 0
configure:9126: result: yes
configure:9138: checking for uid_t in sys/types.h
configure:9161: result: yes
configure:9177: checking for intptr_t
configure:9201: gcc-mp-4.7 -Wall -std=gnu11 -m64  -c  -DTCL_NO_STACK_CHECK -DTCL_NO_STACK_CHECK -pipe -m64  conftest.c >&5
configure:9207: $? = 0
configure:9211: test -z 
			 || test ! -s conftest.err
configure:9214: $? = 0
configure:9217: test -s conftest.o
configure:9220: $? = 0
configure:9231: result: yes
configure:9312: checking for uintptr_t
configure:9336: gcc-mp-4.7 -Wall -std=gnu11 -m64  -c  -DTCL_NO_STACK_CHECK -DTCL_NO_STACK_CHECK -pipe -m64  conftest.c >&5
configure:9342: $? = 0
configure:9346: test -z 
			 || test ! -s conftest.err
configure:9349: $? = 0
configure:9352: test -s conftest.o
configure:9355: $? = 0
configure:9366: result: yes
configure:9453: checking pw_gecos in struct pwd
configure:9475: gcc-mp-4.7 -Wall -std=gnu11 -m64  -c  -DTCL_NO_STACK_CHECK -DTCL_NO_STACK_CHECK -pipe -m64  conftest.c >&5
conftest.c: In function 'main':
conftest.c:36:20: warning: statement with no effect [-Wunused-value]
configure:9481: $? = 0
configure:9485: test -z 
			 || test ! -s conftest.err
configure:9488: $? = 0
configure:9491: test -s conftest.o
configure:9494: $? = 0
configure:9505: result: yes
configure:10014: checking for X
configure:10244: result: libraries /usr/X11R6/lib, headers /usr/X11R6/include
configure:10292: checking for X11 header files
configure:10303: gcc-mp-4.7 -Wall -std=gnu11 -m64  -E  conftest.c
conftest.c:33:27: fatal error: X11/Intrinsic.h: No such file or directory
compilation terminated.
configure:10309: $? = 1
configure: failed program was:
| /* confdefs.h.  */
| 
| #define PACKAGE_NAME "tk"
| #define PACKAGE_TARNAME "tk"
| #define PACKAGE_VERSION "8.5"
| #define PACKAGE_STRING "tk 8.5"
| #define PACKAGE_BUGREPORT ""
| #define STDC_HEADERS 1
| #define HAVE_SYS_TYPES_H 1
| #define HAVE_SYS_STAT_H 1
| #define HAVE_STDLIB_H 1
| #define HAVE_STRING_H 1
| #define HAVE_MEMORY_H 1
| #define HAVE_STRINGS_H 1
| #define HAVE_INTTYPES_H 1
| #define HAVE_STDINT_H 1
| #define HAVE_UNISTD_H 1
| #define HAVE_LIMITS_H 1
| #define MODULE_SCOPE extern __attribute__((__visibility__("hidden")))
| #define TCL_CFG_DO64BIT 1
| #define HAVE_CAST_TO_UNION 1
| #define TCL_SHLIB_EXT ".so"
| #define NDEBUG 1
| #define TCL_CFG_OPTIMIZED 1
| #define _LARGEFILE64_SOURCE 1
| #define TCL_WIDE_INT_IS_LONG 1
| #define HAVE_SYS_TIME_H 1
| #define TIME_WITH_SYS_TIME 1
| #define HAVE_INTPTR_T 1
| #define HAVE_UINTPTR_T 1
| #define HAVE_PW_GECOS 1
| /* end confdefs.h.  */
| #include <X11/Intrinsic.h>
configure:10348: result: couldn't find any!
configure:10492: checking for main in -lXbsd
configure:10516: gcc-mp-4.7 -Wall -std=gnu11 -m64  -o conftest  -DTCL_NO_STACK_CHECK -DTCL_NO_STACK_CHECK -pipe -m64   -Wl,--export-dynamic  conftest.c -lXbsd   >&5
/usr/bin/ld: cannot find -lXbsd
collect2: error: ld returned 1 exit status
configure:10522: $? = 1
configure: failed program was:
| /* confdefs.h.  */
| 
| #define PACKAGE_NAME "tk"
| #define PACKAGE_TARNAME "tk"
| #define PACKAGE_VERSION "8.5"
| #define PACKAGE_STRING "tk 8.5"
| #define PACKAGE_BUGREPORT ""
| #define STDC_HEADERS 1
| #define HAVE_SYS_TYPES_H 1
| #define HAVE_SYS_STAT_H 1
| #define HAVE_STDLIB_H 1
| #define HAVE_STRING_H 1
| #define HAVE_MEMORY_H 1
| #define HAVE_STRINGS_H 1
| #define HAVE_INTTYPES_H 1
| #define HAVE_STDINT_H 1
| #define HAVE_UNISTD_H 1
| #define HAVE_LIMITS_H 1
| #define MODULE_SCOPE extern __attribute__((__visibility__("hidden")))
| #define TCL_CFG_DO64BIT 1
| #define HAVE_CAST_TO_UNION 1
| #define TCL_SHLIB_EXT ".so"
| #define NDEBUG 1
| #define TCL_CFG_OPTIMIZED 1
| #define _LARGEFILE64_SOURCE 1
| #define TCL_WIDE_INT_IS_LONG 1
| #define HAVE_SYS_TIME_H 1
| #define TIME_WITH_SYS_TIME 1
| #define HAVE_INTPTR_T 1
| #define HAVE_UINTPTR_T 1
| #define HAVE_PW_GECOS 1
| /* end confdefs.h.  */
| 
| 
| int
| main ()
| {
| main ();
|   ;
|   return 0;
| }
configure:10548: result: no
configure:10647: checking whether to try to use XScreenSaver
configure:10660: result: yes
configure:10662: checking for X11/extensions/scrnsaver.h
configure:10678: gcc-mp-4.7 -Wall -std=gnu11 -m64  -c  -DTCL_NO_STACK_CHECK -DTCL_NO_STACK_CHECK -pipe -m64   conftest.c >&5
conftest.c:35:38: fatal error: X11/extensions/scrnsaver.h: No such file or directory
compilation terminated.
configure:10684: $? = 1
configure: failed program was:
| /* confdefs.h.  */
| 
| #define PACKAGE_NAME "tk"
| #define PACKAGE_TARNAME "tk"
| #define PACKAGE_VERSION "8.5"
| #define PACKAGE_STRING "tk 8.5"
| #define PACKAGE_BUGREPORT ""
| #define STDC_HEADERS 1
| #define HAVE_SYS_TYPES_H 1
| #define HAVE_SYS_STAT_H 1
| #define HAVE_STDLIB_H 1
| #define HAVE_STRING_H 1
| #define HAVE_MEMORY_H 1
| #define HAVE_STRINGS_H 1
| #define HAVE_INTTYPES_H 1
| #define HAVE_STDINT_H 1
| #define HAVE_UNISTD_H 1
| #define HAVE_LIMITS_H 1
| #define MODULE_SCOPE extern __attribute__((__visibility__("hidden")))
| #define TCL_CFG_DO64BIT 1
| #define HAVE_CAST_TO_UNION 1
| #define TCL_SHLIB_EXT ".so"
| #define NDEBUG 1
| #define TCL_CFG_OPTIMIZED 1
| #define _LARGEFILE64_SOURCE 1
| #define TCL_WIDE_INT_IS_LONG 1
| #define HAVE_SYS_TIME_H 1
| #define TIME_WITH_SYS_TIME 1
| #define HAVE_INTPTR_T 1
| #define HAVE_UINTPTR_T 1
| #define HAVE_PW_GECOS 1
| /* end confdefs.h.  */
| #include <X11/Xlib.h>
| 
| #include <X11/extensions/scrnsaver.h>
configure:10708: result: no
configure:10717: checking for XScreenSaverQueryInfo
configure:10774: gcc-mp-4.7 -Wall -std=gnu11 -m64  -o conftest  -DTCL_NO_STACK_CHECK -DTCL_NO_STACK_CHECK -pipe -m64    -Wl,--export-dynamic  conftest.c  -L/usr/X11R6/lib -lX11 >&5
/tmp/ccZkjzSn.o: In function `main':
conftest.c:(.text+0xd): undefined reference to `XScreenSaverQueryInfo'
/tmp/ccZkjzSn.o:(.data+0x0): undefined reference to `XScreenSaverQueryInfo'
collect2: error: ld returned 1 exit status
configure:10780: $? = 1
configure: failed program was:
| /* confdefs.h.  */
| 
| #define PACKAGE_NAME "tk"
| #define PACKAGE_TARNAME "tk"
| #define PACKAGE_VERSION "8.5"
| #define PACKAGE_STRING "tk 8.5"
| #define PACKAGE_BUGREPORT ""
| #define STDC_HEADERS 1
| #define HAVE_SYS_TYPES_H 1
| #define HAVE_SYS_STAT_H 1
| #define HAVE_STDLIB_H 1
| #define HAVE_STRING_H 1
| #define HAVE_MEMORY_H 1
| #define HAVE_STRINGS_H 1
| #define HAVE_INTTYPES_H 1
| #define HAVE_STDINT_H 1
| #define HAVE_UNISTD_H 1
| #define HAVE_LIMITS_H 1
| #define MODULE_SCOPE extern __attribute__((__visibility__("hidden")))
| #define TCL_CFG_DO64BIT 1
| #define HAVE_CAST_TO_UNION 1
| #define TCL_SHLIB_EXT ".so"
| #define NDEBUG 1
| #define TCL_CFG_OPTIMIZED 1
| #define _LARGEFILE64_SOURCE 1
| #define TCL_WIDE_INT_IS_LONG 1
| #define HAVE_SYS_TIME_H 1
| #define TIME_WITH_SYS_TIME 1
| #define HAVE_INTPTR_T 1
| #define HAVE_UINTPTR_T 1
| #define HAVE_PW_GECOS 1
| /* end confdefs.h.  */
| /* Define XScreenSaverQueryInfo to an innocuous variant, in case <limits.h> declares XScreenSaverQueryInfo.
|    For example, HP-UX 11i <limits.h> declares gettimeofday.  */
| #define XScreenSaverQueryInfo innocuous_XScreenSaverQueryInfo
| 
| /* System header to define __stub macros and hopefully few prototypes,
|     which can conflict with char XScreenSaverQueryInfo (); below.
|     Prefer <limits.h> to <assert.h> if __STDC__ is defined, since
|     <limits.h> exists even on freestanding compilers.  */
| 
| #ifdef __STDC__
| # include <limits.h>
| #else
| # include <assert.h>
| #endif
| 
| #undef XScreenSaverQueryInfo
| 
| /* Override any gcc2 internal prototype to avoid an error.  */
| #ifdef __cplusplus
| extern "C"
| {
| #endif
| /* We use char because int might match the return type of a gcc2
|    builtin and then its argument prototype would still apply.  */
| char XScreenSaverQueryInfo ();
| /* The GNU C library defines this for functions which it implements
|     to always fail with ENOSYS.  Some functions are actually named
|     something starting with __ and the normal name is an alias.  */
| #if defined (__stub_XScreenSaverQueryInfo) || defined (__stub___XScreenSaverQueryInfo)
| choke me
| #else
| char (*f) () = XScreenSaverQueryInfo;
| #endif
| #ifdef __cplusplus
| }
| #endif
| 
| int
| main ()
| {
| return f != XScreenSaverQueryInfo;
|   ;
|   return 0;
| }
configure:10805: result: no
configure:10811: checking for XScreenSaverQueryInfo in -lXext
configure:10841: gcc-mp-4.7 -Wall -std=gnu11 -m64  -o conftest  -DTCL_NO_STACK_CHECK -DTCL_NO_STACK_CHECK -pipe -m64    -Wl,--export-dynamic  conftest.c -lXext   -L/usr/X11R6/lib -lX11 >&5
/usr/bin/ld: cannot find -lXext
collect2: error: ld returned 1 exit status
configure:10847: $? = 1
configure: failed program was:
| /* confdefs.h.  */
| 
| #define PACKAGE_NAME "tk"
| #define PACKAGE_TARNAME "tk"
| #define PACKAGE_VERSION "8.5"
| #define PACKAGE_STRING "tk 8.5"
| #define PACKAGE_BUGREPORT ""
| #define STDC_HEADERS 1
| #define HAVE_SYS_TYPES_H 1
| #define HAVE_SYS_STAT_H 1
| #define HAVE_STDLIB_H 1
| #define HAVE_STRING_H 1
| #define HAVE_MEMORY_H 1
| #define HAVE_STRINGS_H 1
| #define HAVE_INTTYPES_H 1
| #define HAVE_STDINT_H 1
| #define HAVE_UNISTD_H 1
| #define HAVE_LIMITS_H 1
| #define MODULE_SCOPE extern __attribute__((__visibility__("hidden")))
| #define TCL_CFG_DO64BIT 1
| #define HAVE_CAST_TO_UNION 1
| #define TCL_SHLIB_EXT ".so"
| #define NDEBUG 1
| #define TCL_CFG_OPTIMIZED 1
| #define _LARGEFILE64_SOURCE 1
| #define TCL_WIDE_INT_IS_LONG 1
| #define HAVE_SYS_TIME_H 1
| #define TIME_WITH_SYS_TIME 1
| #define HAVE_INTPTR_T 1
| #define HAVE_UINTPTR_T 1
| #define HAVE_PW_GECOS 1
| /* end confdefs.h.  */
| 
| /* Override any gcc2 internal prototype to avoid an error.  */
| #ifdef __cplusplus
| extern "C"
| #endif
| /* We use char because int might match the return type of a gcc2
|    builtin and then its argument prototype would still apply.  */
| char XScreenSaverQueryInfo ();
| int
| main ()
| {
| XScreenSaverQueryInfo ();
|   ;
|   return 0;
| }
configure:10873: result: no
configure:10882: checking for XScreenSaverQueryInfo in -lXss
configure:10912: gcc-mp-4.7 -Wall -std=gnu11 -m64  -o conftest  -DTCL_NO_STACK_CHECK -DTCL_NO_STACK_CHECK -pipe -m64    -Wl,--export-dynamic  conftest.c -lXss -lXext  -L/usr/X11R6/lib -lX11 >&5
/usr/bin/ld: cannot find -lXss
/usr/bin/ld: cannot find -lXext
collect2: error: ld returned 1 exit status
configure:10918: $? = 1
configure: failed program was:
| /* confdefs.h.  */
| 
| #define PACKAGE_NAME "tk"
| #define PACKAGE_TARNAME "tk"
| #define PACKAGE_VERSION "8.5"
| #define PACKAGE_STRING "tk 8.5"
| #define PACKAGE_BUGREPORT ""
| #define STDC_HEADERS 1
| #define HAVE_SYS_TYPES_H 1
| #define HAVE_SYS_STAT_H 1
| #define HAVE_STDLIB_H 1
| #define HAVE_STRING_H 1
| #define HAVE_MEMORY_H 1
| #define HAVE_STRINGS_H 1
| #define HAVE_INTTYPES_H 1
| #define HAVE_STDINT_H 1
| #define HAVE_UNISTD_H 1
| #define HAVE_LIMITS_H 1
| #define MODULE_SCOPE extern __attribute__((__visibility__("hidden")))
| #define TCL_CFG_DO64BIT 1
| #define HAVE_CAST_TO_UNION 1
| #define TCL_SHLIB_EXT ".so"
| #define NDEBUG 1
| #define TCL_CFG_OPTIMIZED 1
| #define _LARGEFILE64_SOURCE 1
| #define TCL_WIDE_INT_IS_LONG 1
| #define HAVE_SYS_TIME_H 1
| #define TIME_WITH_SYS_TIME 1
| #define HAVE_INTPTR_T 1
| #define HAVE_UINTPTR_T 1
| #define HAVE_PW_GECOS 1
| /* end confdefs.h.  */
| 
| /* Override any gcc2 internal prototype to avoid an error.  */
| #ifdef __cplusplus
| extern "C"
| #endif
| /* We use char because int might match the return type of a gcc2
|    builtin and then its argument prototype would still apply.  */
| char XScreenSaverQueryInfo ();
| int
| main ()
| {
| XScreenSaverQueryInfo ();
|   ;
|   return 0;
| }
configure:10944: result: no
configure:10982: checking whether to use xft
configure:11005: result: yes
configure:11012: checking for X11/Xft/Xft.h
configure:11028: gcc-mp-4.7 -Wall -std=gnu11 -m64  -c  -DTCL_NO_STACK_CHECK -DTCL_NO_STACK_CHECK -pipe -m64  -I/usr/include/freetype2    conftest.c >&5
configure:11034: $? = 0
configure:11038: test -z 
			 || test ! -s conftest.err
configure:11041: $? = 0
configure:11044: test -s conftest.o
configure:11047: $? = 0
configure:11058: result: yes
configure:11078: checking for XftFontOpen in -lXft
configure:11108: gcc-mp-4.7 -Wall -std=gnu11 -m64  -o conftest  -DTCL_NO_STACK_CHECK -DTCL_NO_STACK_CHECK -pipe -m64  -I/usr/include/freetype2     -Wl,--export-dynamic  conftest.c -lXft   -lXft   -L/usr/X11R6/lib -lX11 >&5
configure:11114: $? = 0
configure:11118: test -z 
			 || test ! -s conftest.err
configure:11121: $? = 0
configure:11124: test -s conftest
configure:11127: $? = 0
configure:11140: result: yes
configure:11191: checking whether char is unsigned
configure:11214: gcc-mp-4.7 -Wall -std=gnu11 -m64  -c  -DTCL_NO_STACK_CHECK -DTCL_NO_STACK_CHECK -pipe -m64  conftest.c >&5
conftest.c: In function 'main':
conftest.c:72:12: warning: variable 'test_array' set but not used [-Wunused-but-set-variable]
configure:11220: $? = 0
configure:11224: test -z 
			 || test ! -s conftest.err
configure:11227: $? = 0
configure:11230: test -s conftest.o
configure:11233: $? = 0
configure:11244: result: no
configure:11611: creating ./config.status

## ---------------------- ##
## Running config.status. ##
## ---------------------- ##

This file was extended by tk config.status 8.5, which was
generated by GNU Autoconf 2.59.  Invocation command line was

  CONFIG_FILES    = 
  CONFIG_HEADERS  = 
  CONFIG_LINKS    = 
  CONFIG_COMMANDS = 
  $ ./config.status 

on ubuntu

config.status:737: creating Makefile
config.status:737: creating tkConfig.sh

## ---------------- ##
## Cache variables. ##
## ---------------- ##

ac_cv_c_bigendian=no
ac_cv_c_char_unsigned=no
ac_cv_c_compiler_gnu=yes
ac_cv_c_tclconfig=/home/oide/SAD/oldsad/obj/AMD64-Linux3/tcl8.5.13/unix
ac_cv_env_CC_set=set
ac_cv_env_CC_value='gcc-mp-4.7 -Wall -std=gnu11 -m64 '
ac_cv_env_CFLAGS_set=set
ac_cv_env_CFLAGS_value=' -DTCL_NO_STACK_CHECK -DTCL_NO_STACK_CHECK'
ac_cv_env_CPPFLAGS_set=
ac_cv_env_CPPFLAGS_value=
ac_cv_env_CPP_set=
ac_cv_env_CPP_value=
ac_cv_env_LDFLAGS_set=set
ac_cv_env_LDFLAGS_value=
ac_cv_env_build_alias_set=
ac_cv_env_build_alias_value=
ac_cv_env_host_alias_set=
ac_cv_env_host_alias_value=
ac_cv_env_target_alias_set=
ac_cv_env_target_alias_value=
ac_cv_exeext=
ac_cv_func_XScreenSaverQueryInfo=no
ac_cv_func_strtod=yes
ac_cv_have_x='have_x=yes 		ac_x_includes=/usr/X11R6/include ac_x_libraries=/usr/X11R6/lib'
ac_cv_header_X11_Xft_Xft_h=yes
ac_cv_header_X11_extensions_scrnsaver_h=no
ac_cv_header_inttypes_h=yes
ac_cv_header_limits_h=yes
ac_cv_header_memory_h=yes
ac_cv_header_stdc=yes
ac_cv_header_stdint_h=yes
ac_cv_header_stdlib_h=yes
ac_cv_header_string_h=yes
ac_cv_header_strings_h=yes
ac_cv_header_sys_stat_h=yes
ac_cv_header_sys_time_h=yes
ac_cv_header_sys_types_h=yes
ac_cv_header_time=yes
ac_cv_header_unistd_h=yes
ac_cv_lib_Xbsd_main=no
ac_cv_lib_Xext_XScreenSaverQueryInfo=no
ac_cv_lib_Xft_XftFontOpen=yes
ac_cv_lib_Xss_XScreenSaverQueryInfo=no
ac_cv_lib_dl_dlopen=yes
ac_cv_objext=o
ac_cv_prog_CPP='gcc-mp-4.7 -Wall -std=gnu11 -m64  -E'
ac_cv_prog_ac_ct_AR=ar
ac_cv_prog_ac_ct_CC='gcc-mp-4.7 -Wall -std=gnu11 -m64 '
ac_cv_prog_ac_ct_RANLIB=ranlib
ac_cv_prog_cc_g=yes
ac_cv_prog_cc_stdc=
ac_cv_prog_egrep='grep -E'
ac_cv_type_intptr_t=yes
ac_cv_type_mode_t=yes
ac_cv_type_pid_t=yes
ac_cv_type_size_t=yes
ac_cv_type_uid_t=yes
ac_cv_type_uintptr_t=yes
tcl_cv_cast_to_union=yes
tcl_cv_cc_m64=yes
tcl_cv_cc_pipe=yes
tcl_cv_cc_visibility_hidden=yes
tcl_cv_flag__isoc99_source=no
tcl_cv_flag__largefile64_source=yes
tcl_cv_flag__largefile_source64=no
tcl_cv_pwd_pw_gecos=yes
tcl_cv_strtod_buggy=ok
tcl_cv_sys_version=Linux-3.5.0-21-generic
tcl_cv_type_64bit=none
tcl_cv_type_fd_set=yes

## ----------------- ##
## Output variables. ##
## ----------------- ##

APP_RSRC_FILE=''
AR='ar'
BUILD_TCLSH='/home/oide/SAD/oldsad/obj/AMD64-Linux3/tcl8.5.13/unix/tclsh'
CC='gcc-mp-4.7 -Wall -std=gnu11 -m64 '
CC_SEARCH_FLAGS='-Wl,-rpath,${LIB_RUNTIME_DIR}'
CFBUNDLELOCALIZATIONS=''
CFLAGS=' -DTCL_NO_STACK_CHECK -DTCL_NO_STACK_CHECK -pipe -m64 '
CFLAGS_DEBUG='-g'
CFLAGS_DEFAULT='$(CFLAGS_OPTIMIZE)'
CFLAGS_OPTIMIZE='-O2'
CFLAGS_WARNING='-Wall'
CPP='gcc-mp-4.7 -Wall -std=gnu11 -m64  -E'
CPPFLAGS=''
DEFS='-DPACKAGE_NAME=\"tk\" -DPACKAGE_TARNAME=\"tk\" -DPACKAGE_VERSION=\"8.5\" -DPACKAGE_STRING=\"tk\ 8.5\" -DPACKAGE_BUGREPORT=\"\" -DSTDC_HEADERS=1 -DHAVE_SYS_TYPES_H=1 -DHAVE_SYS_STAT_H=1 -DHAVE_STDLIB_H=1 -DHAVE_STRING_H=1 -DHAVE_MEMORY_H=1 -DHAVE_STRINGS_H=1 -DHAVE_INTTYPES_H=1 -DHAVE_STDINT_H=1 -DHAVE_UNISTD_H=1 -DHAVE_LIMITS_H=1 -DMODULE_SCOPE=extern\ __attribute__\(\(__visibility__\(\"hidden\"\)\)\) -DTCL_CFG_DO64BIT=1 -DHAVE_CAST_TO_UNION=1 -DTCL_SHLIB_EXT=\".so\" -DNDEBUG=1 -DTCL_CFG_OPTIMIZED=1 -D_LARGEFILE64_SOURCE=1 -DTCL_WIDE_INT_IS_LONG=1 -DHAVE_SYS_TIME_H=1 -DTIME_WITH_SYS_TIME=1 -DHAVE_INTPTR_T=1 -DHAVE_UINTPTR_T=1 -DHAVE_PW_GECOS=1 -DHAVE_LIBXFT=1 -DHAVE_XFT=1 '
DLL_INSTALL_DIR='$(LIB_INSTALL_DIR)'
DL_LIBS='-ldl'
DL_OBJS='tclLoadDl.o'
ECHO_C=''
ECHO_N='-n'
ECHO_T=''
EGREP='grep -E'
EXEEXT=''
EXTRA_APP_CC_SWITCHES=''
EXTRA_BUILD_HTML=''
EXTRA_CC_SWITCHES=''
EXTRA_INSTALL=''
EXTRA_INSTALL_BINARIES=''
EXTRA_WISH_LIBS=''
HTML_DIR='$(DISTDIR)/html'
INSTALL_LIB='$(INSTALL_LIBRARY) $(LIB_FILE) "$(LIB_INSTALL_DIR)/$(LIB_FILE)"'
INSTALL_STUB_LIB='$(INSTALL_LIBRARY) $(STUB_LIB_FILE) "$(LIB_INSTALL_DIR)/$(STUB_LIB_FILE)" ; (cd "$(LIB_INSTALL_DIR)" ; $(RANLIB) $(STUB_LIB_FILE))'
LDAIX_SRC=''
LDFLAGS=' -Wl,--export-dynamic '
LDFLAGS_DEBUG=''
LDFLAGS_DEFAULT='$(LDFLAGS_OPTIMIZE)'
LDFLAGS_OPTIMIZE=''
LD_LIBRARY_PATH_VAR='LD_LIBRARY_PATH'
LD_SEARCH_FLAGS='-Wl,-rpath,${LIB_RUNTIME_DIR}'
LIBOBJS=''
LIBS=''
LIB_RSRC_FILE=''
LOCALES='cs da de el en en_gb eo es fr hu it nl pl pt ru sv'
LTLIBOBJS=''
MAKE_LIB='${SHLIB_LD} -o $@ ${OBJS} ${SHLIB_LD_LIBS} ${TCL_SHLIB_LD_EXTRAS} ${TK_SHLIB_LD_EXTRAS} ${LD_SEARCH_FLAGS}'
MAKE_STUB_LIB='${STLIB_LD} $@ ${STUB_LIB_OBJS} ; ${RANLIB} $@'
MAN_FLAGS=''
OBJEXT='o'
PACKAGE_BUGREPORT=''
PACKAGE_NAME='tk'
PACKAGE_STRING='tk 8.5'
PACKAGE_TARNAME='tk'
PACKAGE_VERSION='8.5'
PATH_SEPARATOR=':'
PLAT_OBJS=''
PLAT_SRCS=''
PRIVATE_INCLUDE_DIR='$(includedir)'
RANLIB='ranlib'
REZ=''
REZ_FLAGS=''
SHELL='/bin/bash'
SHLIB_CFLAGS='-fPIC'
SHLIB_LD='${CC} -shared ${CFLAGS} ${LDFLAGS}'
SHLIB_LD_LIBS='${LIBS} ${TCL_STUB_LIB_SPEC}'
SHLIB_SUFFIX='.so'
STLIB_LD='${AR} cr'
TCLSH_PROG=''
TCL_BIN_DIR='/home/oide/SAD/oldsad/obj/AMD64-Linux3/tcl8.5.13/unix'
TCL_LIBS='-ldl  -lieee -lm'
TCL_LIB_FILE='libtcl8.5.so'
TCL_LIB_FLAG='-ltcl8.5'
TCL_LIB_SPEC='-L/home/oide/SAD/oldsad/obj/AMD64-Linux3/tcl8.5.13/unix -ltcl8.5'
TCL_PATCH_LEVEL='.13'
TCL_SHLIB_LD_EXTRAS=''
TCL_SRC_DIR='/home/oide/SAD/oldsad/obj/AMD64-Linux3/tcl8.5.13'
TCL_STUB_FLAGS='-DUSE_TCL_STUBS'
TCL_STUB_LIB_FILE='libtclstub8.5.a'
TCL_STUB_LIB_FLAG='-ltclstub8.5'
TCL_STUB_LIB_SPEC='-L/home/oide/SAD/oldsad/obj/AMD64-Linux3/tcl8.5.13/unix -ltclstub8.5'
TCL_THREADS='0'
TCL_VERSION='8.5'
TK_BUILD_LIB_SPEC='-L/home/oide/SAD/oldsad/obj/AMD64-Linux3/tk8.5.13/unix -ltk8.5'
TK_BUILD_STUB_LIB_PATH='/home/oide/SAD/oldsad/obj/AMD64-Linux3/tk8.5.13/unix/libtkstub8.5.a'
TK_BUILD_STUB_LIB_SPEC='-L/home/oide/SAD/oldsad/obj/AMD64-Linux3/tk8.5.13/unix -ltkstub8.5'
TK_INCLUDE_SPEC='-I/Users/oide/SAD/oldsad//arch/AMD64-Linux3/include'
TK_LIBRARY='$(prefix)/lib/tk$(VERSION)'
TK_LIB_FILE='libtk8.5.so'
TK_LIB_FLAG='-ltk8.5'
TK_LIB_SPEC='-L/Users/oide/SAD/oldsad//arch/AMD64-Linux3/lib -ltk8.5'
TK_MAJOR_VERSION='8'
TK_MINOR_VERSION='5'
TK_PATCH_LEVEL='.13'
TK_PKG_DIR='tk$(VERSION)'
TK_RSRC_FILE='tk$(VERSION).rsrc'
TK_SHARED_BUILD='1'
TK_SHLIB_LD_EXTRAS=''
TK_SRC_DIR='/home/oide/SAD/oldsad/obj/AMD64-Linux3/tk8.5.13'
TK_STUB_LIB_FILE='libtkstub8.5.a'
TK_STUB_LIB_FLAG='-ltkstub8.5'
TK_STUB_LIB_PATH='/Users/oide/SAD/oldsad//arch/AMD64-Linux3/lib/libtkstub8.5.a'
TK_STUB_LIB_SPEC='-L/Users/oide/SAD/oldsad//arch/AMD64-Linux3/lib -ltkstub8.5'
TK_VERSION='8.5'
TK_WINDOWINGSYSTEM='X11'
TK_YEAR=''
UNIX_FONT_OBJS='tkUnixRFont.o'
WISH_BUILD_LIB_SPEC='-L/home/oide/SAD/oldsad/obj/AMD64-Linux3/tk8.5.13/unix -ltk8.5 ${WISH_LIBS}'
WISH_RSRC_FILE='wish$(VERSION).rsrc'
XFT_CFLAGS='-I/usr/include/freetype2  '
XFT_LIBS='-lXft  '
XINCLUDES=''
XLIBSW='-L/usr/X11R6/lib -lX11'
ac_ct_AR='ar'
ac_ct_CC='gcc-mp-4.7 -Wall -std=gnu11 -m64 '
ac_ct_RANLIB='ranlib'
bindir='${exec_prefix}/bin'
build_alias=''
datadir='${prefix}/share'
exec_prefix='/Users/oide/SAD/oldsad//arch/AMD64-Linux3'
host_alias=''
includedir='${prefix}/include'
infodir='${prefix}/info'
libdir='/Users/oide/SAD/oldsad//arch/AMD64-Linux3/lib'
libexecdir='${exec_prefix}/libexec'
localstatedir='${prefix}/var'
mandir='${prefix}/man'
oldincludedir='/usr/include'
prefix='/Users/oide/SAD/oldsad//arch/AMD64-Linux3'
program_transform_name='s,x,x,'
sbindir='${exec_prefix}/sbin'
sharedstatedir='${prefix}/com'
sysconfdir='${prefix}/etc'
target_alias=''

## ----------- ##
## confdefs.h. ##
## ----------- ##

#define HAVE_CAST_TO_UNION 1
#define HAVE_INTPTR_T 1
#define HAVE_INTTYPES_H 1
#define HAVE_LIBXFT 1
#define HAVE_LIMITS_H 1
#define HAVE_MEMORY_H 1
#define HAVE_PW_GECOS 1
#define HAVE_STDINT_H 1
#define HAVE_STDLIB_H 1
#define HAVE_STRINGS_H 1
#define HAVE_STRING_H 1
#define HAVE_SYS_STAT_H 1
#define HAVE_SYS_TIME_H 1
#define HAVE_SYS_TYPES_H 1
#define HAVE_UINTPTR_T 1
#define HAVE_UNISTD_H 1
#define HAVE_XFT 1
#define MODULE_SCOPE extern __attribute__((__visibility__("hidden")))
#define NDEBUG 1
#define PACKAGE_BUGREPORT ""
#define PACKAGE_NAME "tk"
#define PACKAGE_STRING "tk 8.5"
#define PACKAGE_TARNAME "tk"
#define PACKAGE_VERSION "8.5"
#define STDC_HEADERS 1
#define TCL_CFG_DO64BIT 1
#define TCL_CFG_OPTIMIZED 1
#define TCL_SHLIB_EXT ".so"
#define TCL_WIDE_INT_IS_LONG 1
#define TIME_WITH_SYS_TIME 1
#define _LARGEFILE64_SOURCE 1

configure: exit 0
